#
# There is insufficient memory for the Java Runtime Environment to continue.
# Native memory allocation (malloc) failed to allocate 2231376 bytes. Error detail: Chunk::new
# Possible reasons:
#   The system is out of physical RAM or swap space
#   This process is running with CompressedOops enabled, and the Java Heap may be blocking the growth of the native heap
# Possible solutions:
#   Reduce memory load on the system
#   Increase physical memory or swap space
#   Check if swap backing store is full
#   Decrease Java heap size (-Xmx/-Xms)
#   Decrease number of Java threads
#   Decrease Java thread stack sizes (-Xss)
#   Set larger code cache with -XX:ReservedCodeCacheSize=
#   JVM is running with Unscaled Compressed Oops mode in which the Java heap is
#     placed in the first 4GB address space. The Java Heap base address is the
#     maximum limit for the native heap growth. Please use -XX:HeapBaseMinAddress
#     to set the Java Heap base and to place the Java Heap above 4GB virtual address.
# This output file may be truncated or incomplete.
#
#  Out of Memory Error (arena.cpp:168), pid=15008, tid=23548
#
# JRE version: OpenJDK Runtime Environment Temurin-21.0.6+7 (21.0.6+7) (build 21.0.6+7-LTS)
# Java VM: OpenJDK 64-Bit Server VM Temurin-21.0.6+7 (21.0.6+7-LTS, mixed mode, sharing, tiered, compressed oops, compressed class ptrs, parallel gc, windows-amd64)
# No core dump will be written. Minidumps are not enabled by default on client versions of Windows
#

---------------  S U M M A R Y ------------

Command Line: --add-modules=ALL-SYSTEM --add-opens=java.base/java.util=ALL-UNNAMED --add-opens=java.base/java.lang=ALL-UNNAMED --add-opens=java.base/sun.nio.fs=ALL-UNNAMED -Declipse.application=org.eclipse.jdt.ls.core.id1 -Dosgi.bundles.defaultStartLevel=4 -Declipse.product=org.eclipse.jdt.ls.core.product -Djava.import.generatesMetadataFilesAtProjectRoot=false -DDetectVMInstallationsJob.disabled=true -Dfile.encoding=utf8 -XX:+UseParallelGC -XX:GCTimeRatio=4 -XX:AdaptiveSizePolicyWeight=90 -Dsun.zip.disableMemoryMapping=true -Xmx1G -Xms100m -Xlog:disable -javaagent:c:\Users\MSI\.vscode\extensions\redhat.java-1.41.1-win32-x64\lombok\lombok-1.18.36.jar -XX:+HeapDumpOnOutOfMemoryError -XX:HeapDumpPath=c:\Users\MSI\AppData\Roaming\Code\User\workspaceStorage\8482fc1a365055af0af7aefc8016a7e7\redhat.java -Daether.dependencyCollector.impl=bf c:\Users\MSI\.vscode\extensions\redhat.java-1.41.1-win32-x64\server\plugins\org.eclipse.equinox.launcher_1.7.0.v20250331-1702.jar -configuration c:\Users\MSI\AppData\Roaming\Code\User\globalStorage\redhat.java\1.41.1\config_win -data c:\Users\MSI\AppData\Roaming\Code\User\workspaceStorage\8482fc1a365055af0af7aefc8016a7e7\redhat.java\jdt_ws --pipe=\\.\pipe\lsp-a6395987424adb645aa0079789cf403d-sock

Host: AMD Ryzen 7 5800H with Radeon Graphics         , 16 cores, 15G,  Windows 11 , 64 bit Build 26100 (10.0.26100.3912)
Time: Thu May  1 17:23:05 2025 SE Asia Standard Time elapsed time: 25.746967 seconds (0d 0h 0m 25s)

---------------  T H R E A D  ---------------

Current thread (0x000002687dddc760):  JavaThread "C2 CompilerThread0" daemon [_thread_in_native, id=23548, stack(0x000000c74a800000,0x000000c74a900000) (1024K)]


Current CompileTask:
C2:25747 13954 % !   4       org.eclipse.jdt.internal.compiler.classfmt.ClassFileReader::<init> @ 81 (2135 bytes)

Stack: [0x000000c74a800000,0x000000c74a900000]
Native frames: (J=compiled Java code, j=interpreted, Vv=VM code, C=native code)
V  [jvm.dll+0x6cdee9]
V  [jvm.dll+0x8a83d1]
V  [jvm.dll+0x8aa8fe]
V  [jvm.dll+0x8aafe3]
V  [jvm.dll+0x27f706]
V  [jvm.dll+0xc500d]
V  [jvm.dll+0xc5543]
V  [jvm.dll+0x3b6752]
V  [jvm.dll+0x382935]
V  [jvm.dll+0x381d9a]
V  [jvm.dll+0x2479f0]
V  [jvm.dll+0x246fcf]
V  [jvm.dll+0x1c75ee]
V  [jvm.dll+0x25685a]
V  [jvm.dll+0x254dfa]
V  [jvm.dll+0x3f0256]
V  [jvm.dll+0x851f8b]
V  [jvm.dll+0x6cc5ed]
C  [ucrtbase.dll+0x37b0]
C  [KERNEL32.DLL+0x2e8d7]
C  [ntdll.dll+0x9c5dc]


---------------  P R O C E S S  ---------------

Threads class SMR info:
_java_thread_list=0x0000026845d555c0, length=76, elements={
0x00000268682fb000, 0x000002687c6e4df0, 0x000002687c6ec030, 0x000002687ddb4b20,
0x000002687ddb5770, 0x000002687ddbfcb0, 0x000002687ddca240, 0x000002687dddc760,
0x000002687dddd3d0, 0x000002687ddc7450, 0x000002687ddca8d0, 0x000002687ddc7ae0,
0x000002687ddc8170, 0x000002687ddc9520, 0x000002687ddc8e90, 0x000002687ddc8800,
0x000002687ddc9bb0, 0x0000026845b0ece0, 0x0000026845b0fa00, 0x0000026845b0f370,
0x0000026845b10720, 0x0000026845b12e80, 0x0000026845b10090, 0x0000026845b127f0,
0x0000026845b14230, 0x0000026845b148c0, 0x0000026845b13510, 0x0000026845b13ba0,
0x0000026845b12160, 0x0000026845b11440, 0x0000026845b14f50, 0x0000026845b11ad0,
0x0000026845b155e0, 0x0000026845b15c70, 0x0000026847366060, 0x0000026847364620,
0x00000268473659d0, 0x0000026847365340, 0x00000268473666f0, 0x0000026847364cb0,
0x0000026847366d80, 0x0000026847367410, 0x0000026847363f90, 0x0000026847368130,
0x00000268473687c0, 0x0000026847368e50, 0x000002684682df70, 0x000002684682d8e0,
0x000002684682bea0, 0x000002684682c530, 0x000002684682b810, 0x000002684682cbc0,
0x000002684682b180, 0x00000268468306d0, 0x000002684682d250, 0x0000026846830040,
0x0000026846831a80, 0x00000268468313f0, 0x000002684682e600, 0x000002684682f320,
0x0000026846830d60, 0x000002684682f9b0, 0x000002684682ec90, 0x0000026847369b70,
0x000002684736a200, 0x000002684736a890, 0x0000026847367aa0, 0x000002684736b5b0,
0x0000026845b0e650, 0x000002687f82e2c0, 0x000002687f82bb60, 0x000002687f82b4d0,
0x000002687f82e950, 0x000002687f82cf10, 0x000002687f82efe0, 0x00000268454ebf50
}

Java Threads: ( => current thread )
  0x00000268682fb000 JavaThread "main"                              [_thread_blocked, id=12160, stack(0x000000c749e00000,0x000000c749f00000) (1024K)]
  0x000002687c6e4df0 JavaThread "Reference Handler"          daemon [_thread_blocked, id=12392, stack(0x000000c74a200000,0x000000c74a300000) (1024K)]
  0x000002687c6ec030 JavaThread "Finalizer"                  daemon [_thread_blocked, id=21992, stack(0x000000c74a300000,0x000000c74a400000) (1024K)]
  0x000002687ddb4b20 JavaThread "Signal Dispatcher"          daemon [_thread_blocked, id=23588, stack(0x000000c74a400000,0x000000c74a500000) (1024K)]
  0x000002687ddb5770 JavaThread "Attach Listener"            daemon [_thread_blocked, id=22812, stack(0x000000c74a500000,0x000000c74a600000) (1024K)]
  0x000002687ddbfcb0 JavaThread "Service Thread"             daemon [_thread_blocked, id=12868, stack(0x000000c74a600000,0x000000c74a700000) (1024K)]
  0x000002687ddca240 JavaThread "Monitor Deflation Thread"   daemon [_thread_blocked, id=16300, stack(0x000000c74a700000,0x000000c74a800000) (1024K)]
=>0x000002687dddc760 JavaThread "C2 CompilerThread0"         daemon [_thread_in_native, id=23548, stack(0x000000c74a800000,0x000000c74a900000) (1024K)]
  0x000002687dddd3d0 JavaThread "C1 CompilerThread0"         daemon [_thread_blocked, id=15736, stack(0x000000c74a900000,0x000000c74aa00000) (1024K)]
  0x000002687ddc7450 JavaThread "Common-Cleaner"             daemon [_thread_blocked, id=17380, stack(0x000000c74aa00000,0x000000c74ab00000) (1024K)]
  0x000002687ddca8d0 JavaThread "Notification Thread"        daemon [_thread_blocked, id=11780, stack(0x000000c74af00000,0x000000c74b000000) (1024K)]
  0x000002687ddc7ae0 JavaThread "Active Thread: Equinox Container: 7f9870fb-d1f8-4d76-818a-4077270a5421"        [_thread_blocked, id=20492, stack(0x000000c74b700000,0x000000c74b800000) (1024K)]
  0x000002687ddc8170 JavaThread "Refresh Thread: Equinox Container: 7f9870fb-d1f8-4d76-818a-4077270a5421" daemon [_thread_blocked, id=2448, stack(0x000000c74ba00000,0x000000c74bb00000) (1024K)]
  0x000002687ddc9520 JavaThread "Framework Event Dispatcher: Equinox Container: 7f9870fb-d1f8-4d76-818a-4077270a5421" daemon [_thread_blocked, id=12356, stack(0x000000c74bb00000,0x000000c74bc00000) (1024K)]
  0x000002687ddc8e90 JavaThread "Start Level: Equinox Container: 7f9870fb-d1f8-4d76-818a-4077270a5421" daemon [_thread_blocked, id=21288, stack(0x000000c74bc00000,0x000000c74bd00000) (1024K)]
  0x000002687ddc8800 JavaThread "Bundle File Closer"         daemon [_thread_blocked, id=22540, stack(0x000000c74bd00000,0x000000c74be00000) (1024K)]
  0x000002687ddc9bb0 JavaThread "SCR Component Actor"        daemon [_thread_blocked, id=7080, stack(0x000000c74c000000,0x000000c74c100000) (1024K)]
  0x0000026845b0ece0 JavaThread "Worker-JM"                         [_thread_blocked, id=15696, stack(0x000000c74c300000,0x000000c74c400000) (1024K)]
  0x0000026845b0fa00 JavaThread "Worker-0"                          [_thread_blocked, id=11132, stack(0x000000c74c400000,0x000000c74c500000) (1024K)]
  0x0000026845b0f370 JavaThread "Worker-1: Initialize Workspace"        [_thread_blocked, id=11256, stack(0x000000c74c600000,0x000000c74c700000) (1024K)]
  0x0000026845b10720 JavaThread "Java indexing"              daemon [_thread_in_Java, id=16364, stack(0x000000c74c800000,0x000000c74c900000) (1024K)]
  0x0000026845b12e80 JavaThread "JNA Cleaner"                daemon [_thread_blocked, id=20584, stack(0x000000c74c900000,0x000000c74ca00000) (1024K)]
  0x0000026845b10090 JavaThread "Worker-2: Check JDK Index"         [_thread_blocked, id=4408, stack(0x000000c74c700000,0x000000c74c800000) (1024K)]
  0x0000026845b127f0 JavaThread "Worker-3"                          [_thread_blocked, id=24356, stack(0x000000c74cc00000,0x000000c74cd00000) (1024K)]
  0x0000026845b14230 JavaThread "Thread-2"                   daemon [_thread_in_native, id=4488, stack(0x000000c74cd00000,0x000000c74ce00000) (1024K)]
  0x0000026845b148c0 JavaThread "Thread-3"                   daemon [_thread_in_native, id=19180, stack(0x000000c74ce00000,0x000000c74cf00000) (1024K)]
  0x0000026845b13510 JavaThread "Thread-4"                   daemon [_thread_in_native, id=19708, stack(0x000000c74cf00000,0x000000c74d000000) (1024K)]
  0x0000026845b13ba0 JavaThread "Thread-5"                   daemon [_thread_in_native, id=20016, stack(0x000000c74d000000,0x000000c74d100000) (1024K)]
  0x0000026845b12160 JavaThread "Thread-6"                   daemon [_thread_in_native, id=15548, stack(0x000000c74d100000,0x000000c74d200000) (1024K)]
  0x0000026845b11440 JavaThread "Thread-7"                   daemon [_thread_in_native, id=5132, stack(0x000000c74d200000,0x000000c74d300000) (1024K)]
  0x0000026845b14f50 JavaThread "Thread-8"                   daemon [_thread_in_native, id=22692, stack(0x000000c74d300000,0x000000c74d400000) (1024K)]
  0x0000026845b11ad0 JavaThread "Thread-9"                   daemon [_thread_in_native, id=23948, stack(0x000000c74d400000,0x000000c74d500000) (1024K)]
  0x0000026845b155e0 JavaThread "Thread-10"                  daemon [_thread_in_native, id=5492, stack(0x000000c74d500000,0x000000c74d600000) (1024K)]
  0x0000026845b15c70 JavaThread "Thread-11"                  daemon [_thread_in_native, id=3064, stack(0x000000c74d600000,0x000000c74d700000) (1024K)]
  0x0000026847366060 JavaThread "Thread-12"                  daemon [_thread_in_native, id=15884, stack(0x000000c74d700000,0x000000c74d800000) (1024K)]
  0x0000026847364620 JavaThread "Thread-13"                  daemon [_thread_in_native, id=8816, stack(0x000000c74d800000,0x000000c74d900000) (1024K)]
  0x00000268473659d0 JavaThread "Thread-14"                  daemon [_thread_in_native, id=20616, stack(0x000000c74d900000,0x000000c74da00000) (1024K)]
  0x0000026847365340 JavaThread "Thread-15"                  daemon [_thread_in_native, id=12784, stack(0x000000c74da00000,0x000000c74db00000) (1024K)]
  0x00000268473666f0 JavaThread "Thread-16"                  daemon [_thread_in_native, id=24480, stack(0x000000c74db00000,0x000000c74dc00000) (1024K)]
  0x0000026847364cb0 JavaThread "Thread-17"                  daemon [_thread_in_native, id=21936, stack(0x000000c74dc00000,0x000000c74dd00000) (1024K)]
  0x0000026847366d80 JavaThread "Thread-18"                  daemon [_thread_in_native, id=21664, stack(0x000000c74dd00000,0x000000c74de00000) (1024K)]
  0x0000026847367410 JavaThread "pool-2-thread-1"                   [_thread_blocked, id=11188, stack(0x000000c74de00000,0x000000c74df00000) (1024K)]
  0x0000026847363f90 JavaThread "Worker-4: Java indexing... "        [_thread_blocked, id=14880, stack(0x000000c74e200000,0x000000c74e300000) (1024K)]
  0x0000026847368130 JavaThread "WorkspaceEventsHandler"            [_thread_blocked, id=18676, stack(0x000000c74e400000,0x000000c74e500000) (1024K)]
  0x00000268473687c0 JavaThread "pool-1-thread-1"                   [_thread_blocked, id=24448, stack(0x000000c74e500000,0x000000c74e600000) (1024K)]
  0x0000026847368e50 JavaThread "Worker-5"                          [_thread_blocked, id=13940, stack(0x000000c74e600000,0x000000c74e700000) (1024K)]
  0x000002684682df70 JavaThread "Compiler Source File Reader" daemon [_thread_blocked, id=21372, stack(0x000000c74ae00000,0x000000c74af00000) (1024K)]
  0x000002684682d8e0 JavaThread "Compiler Source File Reader" daemon [_thread_blocked, id=276, stack(0x000000c74b000000,0x000000c74b100000) (1024K)]
  0x000002684682bea0 JavaThread "Compiler Source File Reader" daemon [_thread_blocked, id=14032, stack(0x000000c74b100000,0x000000c74b200000) (1024K)]
  0x000002684682c530 JavaThread "Compiler Source File Reader" daemon [_thread_blocked, id=11696, stack(0x000000c74df00000,0x000000c74e000000) (1024K)]
  0x000002684682b810 JavaThread "Compiler Source File Reader" daemon [_thread_blocked, id=19528, stack(0x000000c74e000000,0x000000c74e100000) (1024K)]
  0x000002684682cbc0 JavaThread "Compiler Source File Reader" daemon [_thread_blocked, id=22544, stack(0x000000c74e100000,0x000000c74e200000) (1024K)]
  0x000002684682b180 JavaThread "Compiler Source File Reader" daemon [_thread_blocked, id=2864, stack(0x000000c74e700000,0x000000c74e800000) (1024K)]
  0x00000268468306d0 JavaThread "Compiler Source File Reader" daemon [_thread_blocked, id=14620, stack(0x000000c74e800000,0x000000c74e900000) (1024K)]
  0x000002684682d250 JavaThread "Compiler Source File Reader" daemon [_thread_blocked, id=19620, stack(0x000000c74e900000,0x000000c74ea00000) (1024K)]
  0x0000026846830040 JavaThread "Compiler Source File Reader" daemon [_thread_blocked, id=1652, stack(0x000000c74ea00000,0x000000c74eb00000) (1024K)]
  0x0000026846831a80 JavaThread "Compiler Source File Reader" daemon [_thread_blocked, id=13568, stack(0x000000c74eb00000,0x000000c74ec00000) (1024K)]
  0x00000268468313f0 JavaThread "ForkJoinPool.commonPool-worker-1" daemon [_thread_blocked, id=14140, stack(0x000000c74ed00000,0x000000c74ee00000) (1024K)]
  0x000002684682e600 JavaThread "ForkJoinPool.commonPool-worker-2" daemon [_thread_blocked, id=21236, stack(0x000000c74ee00000,0x000000c74ef00000) (1024K)]
  0x000002684682f320 JavaThread "ForkJoinPool.commonPool-worker-3" daemon [_thread_blocked, id=3616, stack(0x000000c74ef00000,0x000000c74f000000) (1024K)]
  0x0000026846830d60 JavaThread "ForkJoinPool.commonPool-worker-4" daemon [_thread_blocked, id=24172, stack(0x000000c74f000000,0x000000c74f100000) (1024K)]
  0x000002684682f9b0 JavaThread "Compiler Processing Task"   daemon [_thread_blocked, id=19272, stack(0x000000c74f200000,0x000000c74f300000) (1024K)]
  0x000002684682ec90 JavaThread "Compiler Class File Writer" daemon [_thread_blocked, id=9724, stack(0x000000c74f300000,0x000000c74f400000) (1024K)]
  0x0000026847369b70 JavaThread "Compiler Class File Writer" daemon [_thread_blocked, id=9840, stack(0x000000c74f400000,0x000000c74f500000) (1024K)]
  0x000002684736a200 JavaThread "Compiler Class File Writer" daemon [_thread_blocked, id=3116, stack(0x000000c74f500000,0x000000c74f600000) (1024K)]
  0x000002684736a890 JavaThread "Compiler Class File Writer" daemon [_thread_blocked, id=23896, stack(0x000000c74f600000,0x000000c74f700000) (1024K)]
  0x0000026847367aa0 JavaThread "Compiler Class File Writer" daemon [_thread_blocked, id=20944, stack(0x000000c74f700000,0x000000c74f800000) (1024K)]
  0x000002684736b5b0 JavaThread "Compiler Class File Writer" daemon [_thread_blocked, id=7888, stack(0x000000c74f800000,0x000000c74f900000) (1024K)]
  0x0000026845b0e650 JavaThread "Compiler Class File Writer" daemon [_thread_blocked, id=8760, stack(0x000000c74f900000,0x000000c74fa00000) (1024K)]
  0x000002687f82e2c0 JavaThread "Compiler Class File Writer" daemon [_thread_blocked, id=8968, stack(0x000000c74fa00000,0x000000c74fb00000) (1024K)]
  0x000002687f82bb60 JavaThread "Compiler Class File Writer" daemon [_thread_blocked, id=21688, stack(0x000000c74fb00000,0x000000c74fc00000) (1024K)]
  0x000002687f82b4d0 JavaThread "Compiler Class File Writer" daemon [_thread_blocked, id=2168, stack(0x000000c74fc00000,0x000000c74fd00000) (1024K)]
  0x000002687f82e950 JavaThread "Compiler Class File Writer" daemon [_thread_blocked, id=16752, stack(0x000000c74fe00000,0x000000c74ff00000) (1024K)]
  0x000002687f82cf10 JavaThread "Compiler Source File Reader" daemon [_thread_blocked, id=24376, stack(0x000000c74ff00000,0x000000c750000000) (1024K)]
  0x000002687f82efe0 JavaThread "Compiler Class File Writer" daemon [_thread_blocked, id=19344, stack(0x000000c74fd00000,0x000000c74fe00000) (1024K)]
  0x00000268454ebf50 JavaThread "C2 CompilerThread1"         daemon [_thread_blocked, id=13212, stack(0x000000c74ab00000,0x000000c74ac00000) (1024K)]
Total: 76

Other Threads:
  0x00000268683bebd0 VMThread "VM Thread"                           [id=21912, stack(0x000000c74a100000,0x000000c74a200000) (1024K)]
  0x000002687c5cca00 WatcherThread "VM Periodic Task Thread"        [id=15260, stack(0x000000c74a000000,0x000000c74a100000) (1024K)]
  0x000002686831a370 WorkerThread "GC Thread#0"                     [id=22612, stack(0x000000c749f00000,0x000000c74a000000) (1024K)]
  0x00000268452613d0 WorkerThread "GC Thread#1"                     [id=18780, stack(0x000000c74b200000,0x000000c74b300000) (1024K)]
  0x000002684503c4f0 WorkerThread "GC Thread#2"                     [id=11944, stack(0x000000c74b300000,0x000000c74b400000) (1024K)]
  0x000002684503c890 WorkerThread "GC Thread#3"                     [id=17160, stack(0x000000c74b400000,0x000000c74b500000) (1024K)]
  0x000002684503d710 WorkerThread "GC Thread#4"                     [id=23300, stack(0x000000c74b500000,0x000000c74b600000) (1024K)]
  0x000002684503cc30 WorkerThread "GC Thread#5"                     [id=12696, stack(0x000000c74b600000,0x000000c74b700000) (1024K)]
  0x000002684503c150 WorkerThread "GC Thread#6"                     [id=23816, stack(0x000000c74b800000,0x000000c74b900000) (1024K)]
  0x000002684503d370 WorkerThread "GC Thread#7"                     [id=8344, stack(0x000000c74b900000,0x000000c74ba00000) (1024K)]
  0x0000026845145490 WorkerThread "GC Thread#8"                     [id=22168, stack(0x000000c74be00000,0x000000c74bf00000) (1024K)]
  0x0000026845143b30 WorkerThread "GC Thread#9"                     [id=22172, stack(0x000000c74bf00000,0x000000c74c000000) (1024K)]
  0x0000026845145830 WorkerThread "GC Thread#10"                    [id=5920, stack(0x000000c74c100000,0x000000c74c200000) (1024K)]
  0x00000268451449b0 WorkerThread "GC Thread#11"                    [id=22672, stack(0x000000c74c200000,0x000000c74c300000) (1024K)]
  0x0000026845143790 WorkerThread "GC Thread#12"                    [id=1428, stack(0x000000c74c500000,0x000000c74c600000) (1024K)]
Total: 15

Threads with active compile tasks:
C2 CompilerThread0  25761 13954 % !   4       org.eclipse.jdt.internal.compiler.classfmt.ClassFileReader::<init> @ 81 (2135 bytes)
Total: 1

VM state: not at safepoint (normal execution)

VM Mutex/Monitor currently owned by a thread: None

Heap address: 0x00000000c0000000, size: 1024 MB, Compressed Oops mode: 32-bit

CDS archive(s) mapped at: [0x0000026800000000-0x0000026800ba0000-0x0000026800ba0000), size 12189696, SharedBaseAddress: 0x0000026800000000, ArchiveRelocationMode: 1.
Compressed class space mapped at: 0x0000026801000000-0x0000026841000000, reserved size: 1073741824
Narrow klass base: 0x0000026800000000, Narrow klass shift: 0, Narrow klass range: 0x100000000

GC Precious Log:
 CardTable entry size: 512
 CPUs: 16 total, 16 available
 Memory: 15752M
 Large Page Support: Disabled
 NUMA Support: Disabled
 Compressed Oops: Enabled (32-bit)
 Alignments: Space 512K, Generation 512K, Heap 2M
 Heap Min Capacity: 100M
 Heap Initial Capacity: 100M
 Heap Max Capacity: 1G
 Pre-touch: Disabled
 Parallel Workers: 13

Heap:
 PSYoungGen      total 3072K, used 3007K [0x00000000eab00000, 0x00000000eaf80000, 0x0000000100000000)
  eden space 2560K, 97% used [0x00000000eab00000,0x00000000ead6fd30,0x00000000ead80000)
  from space 512K, 100% used [0x00000000eae80000,0x00000000eaf00000,0x00000000eaf00000)
  to   space 1024K, 0% used [0x00000000ead80000,0x00000000ead80000,0x00000000eae80000)
 ParOldGen       total 484352K, used 483860K [0x00000000c0000000, 0x00000000dd900000, 0x00000000eab00000)
  object space 484352K, 99% used [0x00000000c0000000,0x00000000dd885168,0x00000000dd900000)
 Metaspace       used 71510K, committed 72960K, reserved 1114112K
  class space    used 7421K, committed 8064K, reserved 1048576K

Card table byte_map: [0x0000026867ca0000,0x0000026867eb0000] _byte_map_base: 0x00000268676a0000

Marking Bits: (ParMarkBitMap*) 0x00007ff803ac3260
 Begin Bits: [0x000002687a4f0000, 0x000002687b4f0000)
 End Bits:   [0x000002687b4f0000, 0x000002687c4f0000)

Polling page: 0x0000026865f60000

Metaspace:

Usage:
  Non-class:     62.59 MB used.
      Class:      7.25 MB used.
       Both:     69.83 MB used.

Virtual space:
  Non-class space:       64.00 MB reserved,      63.38 MB (>99%) committed,  1 nodes.
      Class space:        1.00 GB reserved,       7.88 MB ( <1%) committed,  1 nodes.
             Both:        1.06 GB reserved,      71.25 MB (  7%) committed. 

Chunk freelists:
   Non-Class:  640.00 KB
       Class:  8.03 MB
        Both:  8.66 MB

MaxMetaspaceSize: unlimited
CompressedClassSpaceSize: 1.00 GB
Initial GC threshold: 21.00 MB
Current GC threshold: 97.31 MB
CDS: on
 - commit_granule_bytes: 65536.
 - commit_granule_words: 8192.
 - virtual_space_node_default_size: 8388608.
 - enlarge_chunks_in_place: 1.
 - use_allocation_guard: 0.


Internal statistics:

num_allocs_failed_limit: 11.
num_arena_births: 1214.
num_arena_deaths: 22.
num_vsnodes_births: 2.
num_vsnodes_deaths: 0.
num_space_committed: 1139.
num_space_uncommitted: 0.
num_chunks_returned_to_freelist: 37.
num_chunks_taken_from_freelist: 4370.
num_chunk_merges: 20.
num_chunk_splits: 2711.
num_chunks_enlarged: 1557.
num_inconsistent_stats: 0.

CodeHeap 'non-profiled nmethods': size=119168Kb used=11123Kb max_used=11123Kb free=108044Kb
 bounds [0x0000026873090000, 0x0000026873b70000, 0x000002687a4f0000]
CodeHeap 'profiled nmethods': size=119104Kb used=30214Kb max_used=30214Kb free=88890Kb
 bounds [0x000002686b4f0000, 0x000002686d280000, 0x0000026872940000]
CodeHeap 'non-nmethods': size=7488Kb used=1482Kb max_used=3270Kb free=6006Kb
 bounds [0x0000026872940000, 0x0000026872c80000, 0x0000026873090000]
 total_blobs=13932 nmethods=13133 adapters=704
 compilation: enabled
              stopped_count=0, restarted_count=0
 full_count=0

Compilation events (20 events):
Event: 24.411 Thread 0x000002687dddc760 nmethod 13950 0x0000026873b60910 code [0x0000026873b60b20, 0x0000026873b61270]
Event: 24.412 Thread 0x000002687dddc760 13951       4       org.eclipse.jdt.internal.core.index.DiskIndex::computeDocumentNames (607 bytes)
Event: 24.449 Thread 0x000002687dddc760 nmethod 13951 0x0000026873b61790 code [0x0000026873b61b80, 0x0000026873b63c98]
Event: 24.473 Thread 0x000002687dddd3d0 13952       3       java.nio.DirectByteBuffer$Deallocator::<init> (41 bytes)
Event: 24.474 Thread 0x000002687dddd3d0 nmethod 13952 0x000002686d26d110 code [0x000002686d26d2c0, 0x000002686d26d4a0]
Event: 24.474 Thread 0x000002687dddd3d0 13953       3       java.nio.Bits::unreserveMemory (64 bytes)
Event: 24.474 Thread 0x000002687dddd3d0 nmethod 13953 0x000002686d26d590 code [0x000002686d26d760, 0x000002686d26d930]
Event: 24.484 Thread 0x000002687dddc760 13954 % !   4       org.eclipse.jdt.internal.compiler.classfmt.ClassFileReader::<init> @ 81 (2135 bytes)
Event: 24.486 Thread 0x000002687dddd3d0 13955       3       org.eclipse.jdt.internal.compiler.ast.Annotation::getRetentionPolicy (92 bytes)
Event: 24.486 Thread 0x000002687dddd3d0 nmethod 13955 0x000002686d26da90 code [0x000002686d26dca0, 0x000002686d26e1a0]
Event: 24.582 Thread 0x000002687dddd3d0 13957       3       org.eclipse.jdt.internal.compiler.impl.IntConstant::fromValue (213 bytes)
Event: 24.582 Thread 0x000002687dddd3d0 nmethod 13957 0x000002686d26e310 code [0x000002686d26e560, 0x000002686d26ecb8]
Event: 24.631 Thread 0x000002687dddd3d0 13959       3       org.eclipse.jdt.internal.compiler.classfmt.AnnotationInfo::readRetentionPolicy (302 bytes)
Event: 24.632 Thread 0x000002687dddd3d0 nmethod 13959 0x000002686d26ee10 code [0x000002686d26f0a0, 0x000002686d270080]
Event: 24.678 Thread 0x000002687dddd3d0 13962       3       org.eclipse.jdt.internal.core.search.indexing.AbstractIndexer::addAnnotationTypeDeclaration (51 bytes)
Event: 24.679 Thread 0x000002687dddd3d0 nmethod 13962 0x000002686d270690 code [0x000002686d2708c0, 0x000002686d271060]
Event: 24.679 Thread 0x00000268454ebf50 13960       4       org.eclipse.jdt.internal.core.search.indexing.BinaryIndexer::addBinaryAnnotation (87 bytes)
Event: 24.706 Thread 0x00000268454ebf50 nmethod 13960 0x0000026873b65010 code [0x0000026873b65400, 0x0000026873b66e38]
Event: 24.706 Thread 0x00000268454ebf50 13961       4       java.io.InputStream::readNBytes (292 bytes)
Event: 24.793 Thread 0x000002687dddd3d0 13963       3       org.eclipse.jdt.ls.core.internal.CancellableProgressMonitor::<init> (10 bytes)

GC Heap History (20 events):
Event: 24.655 GC heap before
{Heap before GC invocations=647 (full 3):
 PSYoungGen      total 3584K, used 3059K [0x00000000eab00000, 0x00000000eaf80000, 0x0000000100000000)
  eden space 2560K, 99% used [0x00000000eab00000,0x00000000ead7cff0,0x00000000ead80000)
  from space 1024K, 50% used [0x00000000ead80000,0x00000000eae00000,0x00000000eae80000)
  to   space 1024K, 0% used [0x00000000eae80000,0x00000000eae80000,0x00000000eaf80000)
 ParOldGen       total 479744K, used 479603K [0x00000000c0000000, 0x00000000dd480000, 0x00000000eab00000)
  object space 479744K, 99% used [0x00000000c0000000,0x00000000dd45cd88,0x00000000dd480000)
 Metaspace       used 71510K, committed 72960K, reserved 1114112K
  class space    used 7421K, committed 8064K, reserved 1048576K
}
Event: 24.656 GC heap after
{Heap after GC invocations=647 (full 3):
 PSYoungGen      total 3584K, used 512K [0x00000000eab00000, 0x00000000eaf80000, 0x0000000100000000)
  eden space 2560K, 0% used [0x00000000eab00000,0x00000000eab00000,0x00000000ead80000)
  from space 1024K, 50% used [0x00000000eae80000,0x00000000eaf00000,0x00000000eaf80000)
  to   space 1024K, 0% used [0x00000000ead80000,0x00000000ead80000,0x00000000eae80000)
 ParOldGen       total 480256K, used 479939K [0x00000000c0000000, 0x00000000dd500000, 0x00000000eab00000)
  object space 480256K, 99% used [0x00000000c0000000,0x00000000dd4b0d88,0x00000000dd500000)
 Metaspace       used 71510K, committed 72960K, reserved 1114112K
  class space    used 7421K, committed 8064K, reserved 1048576K
}
Event: 24.660 GC heap before
{Heap before GC invocations=648 (full 3):
 PSYoungGen      total 3584K, used 3064K [0x00000000eab00000, 0x00000000eaf80000, 0x0000000100000000)
  eden space 2560K, 99% used [0x00000000eab00000,0x00000000ead7e198,0x00000000ead80000)
  from space 1024K, 50% used [0x00000000eae80000,0x00000000eaf00000,0x00000000eaf80000)
  to   space 1024K, 0% used [0x00000000ead80000,0x00000000ead80000,0x00000000eae80000)
 ParOldGen       total 480256K, used 479939K [0x00000000c0000000, 0x00000000dd500000, 0x00000000eab00000)
  object space 480256K, 99% used [0x00000000c0000000,0x00000000dd4b0d88,0x00000000dd500000)
 Metaspace       used 71510K, committed 72960K, reserved 1114112K
  class space    used 7421K, committed 8064K, reserved 1048576K
}
Event: 24.661 GC heap after
{Heap after GC invocations=648 (full 3):
 PSYoungGen      total 3584K, used 416K [0x00000000eab00000, 0x00000000eaf00000, 0x0000000100000000)
  eden space 2560K, 0% used [0x00000000eab00000,0x00000000eab00000,0x00000000ead80000)
  from space 1024K, 40% used [0x00000000ead80000,0x00000000eade8000,0x00000000eae80000)
  to   space 512K, 0% used [0x00000000eae80000,0x00000000eae80000,0x00000000eaf00000)
 ParOldGen       total 480768K, used 480307K [0x00000000c0000000, 0x00000000dd580000, 0x00000000eab00000)
  object space 480768K, 99% used [0x00000000c0000000,0x00000000dd50cd88,0x00000000dd580000)
 Metaspace       used 71510K, committed 72960K, reserved 1114112K
  class space    used 7421K, committed 8064K, reserved 1048576K
}
Event: 24.665 GC heap before
{Heap before GC invocations=649 (full 3):
 PSYoungGen      total 3584K, used 2976K [0x00000000eab00000, 0x00000000eaf00000, 0x0000000100000000)
  eden space 2560K, 100% used [0x00000000eab00000,0x00000000ead80000,0x00000000ead80000)
  from space 1024K, 40% used [0x00000000ead80000,0x00000000eade8000,0x00000000eae80000)
  to   space 512K, 0% used [0x00000000eae80000,0x00000000eae80000,0x00000000eaf00000)
 ParOldGen       total 480768K, used 480307K [0x00000000c0000000, 0x00000000dd580000, 0x00000000eab00000)
  object space 480768K, 99% used [0x00000000c0000000,0x00000000dd50cd88,0x00000000dd580000)
 Metaspace       used 71510K, committed 72960K, reserved 1114112K
  class space    used 7421K, committed 8064K, reserved 1048576K
}
Event: 24.666 GC heap after
{Heap after GC invocations=649 (full 3):
 PSYoungGen      total 3072K, used 492K [0x00000000eab00000, 0x00000000eaf80000, 0x0000000100000000)
  eden space 2560K, 0% used [0x00000000eab00000,0x00000000eab00000,0x00000000ead80000)
  from space 512K, 96% used [0x00000000eae80000,0x00000000eaefb008,0x00000000eaf00000)
  to   space 1024K, 0% used [0x00000000ead80000,0x00000000ead80000,0x00000000eae80000)
 ParOldGen       total 480768K, used 480675K [0x00000000c0000000, 0x00000000dd580000, 0x00000000eab00000)
  object space 480768K, 99% used [0x00000000c0000000,0x00000000dd568d88,0x00000000dd580000)
 Metaspace       used 71510K, committed 72960K, reserved 1114112K
  class space    used 7421K, committed 8064K, reserved 1048576K
}
Event: 24.670 GC heap before
{Heap before GC invocations=650 (full 3):
 PSYoungGen      total 3072K, used 3052K [0x00000000eab00000, 0x00000000eaf80000, 0x0000000100000000)
  eden space 2560K, 100% used [0x00000000eab00000,0x00000000ead80000,0x00000000ead80000)
  from space 512K, 96% used [0x00000000eae80000,0x00000000eaefb008,0x00000000eaf00000)
  to   space 1024K, 0% used [0x00000000ead80000,0x00000000ead80000,0x00000000eae80000)
 ParOldGen       total 480768K, used 480675K [0x00000000c0000000, 0x00000000dd580000, 0x00000000eab00000)
  object space 480768K, 99% used [0x00000000c0000000,0x00000000dd568d88,0x00000000dd580000)
 Metaspace       used 71510K, committed 72960K, reserved 1114112K
  class space    used 7421K, committed 8064K, reserved 1048576K
}
Event: 24.671 GC heap after
{Heap after GC invocations=650 (full 3):
 PSYoungGen      total 3584K, used 504K [0x00000000eab00000, 0x00000000eaf80000, 0x0000000100000000)
  eden space 2560K, 0% used [0x00000000eab00000,0x00000000eab00000,0x00000000ead80000)
  from space 1024K, 49% used [0x00000000ead80000,0x00000000eadfe100,0x00000000eae80000)
  to   space 1024K, 0% used [0x00000000eae80000,0x00000000eae80000,0x00000000eaf80000)
 ParOldGen       total 481280K, used 481079K [0x00000000c0000000, 0x00000000dd600000, 0x00000000eab00000)
  object space 481280K, 99% used [0x00000000c0000000,0x00000000dd5cdd90,0x00000000dd600000)
 Metaspace       used 71510K, committed 72960K, reserved 1114112K
  class space    used 7421K, committed 8064K, reserved 1048576K
}
Event: 24.675 GC heap before
{Heap before GC invocations=651 (full 3):
 PSYoungGen      total 3584K, used 3064K [0x00000000eab00000, 0x00000000eaf80000, 0x0000000100000000)
  eden space 2560K, 100% used [0x00000000eab00000,0x00000000ead80000,0x00000000ead80000)
  from space 1024K, 49% used [0x00000000ead80000,0x00000000eadfe100,0x00000000eae80000)
  to   space 1024K, 0% used [0x00000000eae80000,0x00000000eae80000,0x00000000eaf80000)
 ParOldGen       total 481280K, used 481079K [0x00000000c0000000, 0x00000000dd600000, 0x00000000eab00000)
  object space 481280K, 99% used [0x00000000c0000000,0x00000000dd5cdd90,0x00000000dd600000)
 Metaspace       used 71510K, committed 72960K, reserved 1114112K
  class space    used 7421K, committed 8064K, reserved 1048576K
}
Event: 24.676 GC heap after
{Heap after GC invocations=651 (full 3):
 PSYoungGen      total 3584K, used 512K [0x00000000eab00000, 0x00000000eaf80000, 0x0000000100000000)
  eden space 2560K, 0% used [0x00000000eab00000,0x00000000eab00000,0x00000000ead80000)
  from space 1024K, 50% used [0x00000000eae80000,0x00000000eaf00000,0x00000000eaf80000)
  to   space 1024K, 0% used [0x00000000ead80000,0x00000000ead80000,0x00000000eae80000)
 ParOldGen       total 481792K, used 481423K [0x00000000c0000000, 0x00000000dd680000, 0x00000000eab00000)
  object space 481792K, 99% used [0x00000000c0000000,0x00000000dd623d90,0x00000000dd680000)
 Metaspace       used 71510K, committed 72960K, reserved 1114112K
  class space    used 7421K, committed 8064K, reserved 1048576K
}
Event: 24.679 GC heap before
{Heap before GC invocations=652 (full 3):
 PSYoungGen      total 3584K, used 3072K [0x00000000eab00000, 0x00000000eaf80000, 0x0000000100000000)
  eden space 2560K, 100% used [0x00000000eab00000,0x00000000ead80000,0x00000000ead80000)
  from space 1024K, 50% used [0x00000000eae80000,0x00000000eaf00000,0x00000000eaf80000)
  to   space 1024K, 0% used [0x00000000ead80000,0x00000000ead80000,0x00000000eae80000)
 ParOldGen       total 481792K, used 481423K [0x00000000c0000000, 0x00000000dd680000, 0x00000000eab00000)
  object space 481792K, 99% used [0x00000000c0000000,0x00000000dd623d90,0x00000000dd680000)
 Metaspace       used 71510K, committed 72960K, reserved 1114112K
  class space    used 7421K, committed 8064K, reserved 1048576K
}
Event: 24.680 GC heap after
{Heap after GC invocations=652 (full 3):
 PSYoungGen      total 3584K, used 512K [0x00000000eab00000, 0x00000000eaf80000, 0x0000000100000000)
  eden space 2560K, 0% used [0x00000000eab00000,0x00000000eab00000,0x00000000ead80000)
  from space 1024K, 50% used [0x00000000ead80000,0x00000000eae00000,0x00000000eae80000)
  to   space 1024K, 0% used [0x00000000eae80000,0x00000000eae80000,0x00000000eaf80000)
 ParOldGen       total 482304K, used 481799K [0x00000000c0000000, 0x00000000dd700000, 0x00000000eab00000)
  object space 482304K, 99% used [0x00000000c0000000,0x00000000dd681d90,0x00000000dd700000)
 Metaspace       used 71510K, committed 72960K, reserved 1114112K
  class space    used 7421K, committed 8064K, reserved 1048576K
}
Event: 24.684 GC heap before
{Heap before GC invocations=653 (full 3):
 PSYoungGen      total 3584K, used 3072K [0x00000000eab00000, 0x00000000eaf80000, 0x0000000100000000)
  eden space 2560K, 100% used [0x00000000eab00000,0x00000000ead80000,0x00000000ead80000)
  from space 1024K, 50% used [0x00000000ead80000,0x00000000eae00000,0x00000000eae80000)
  to   space 1024K, 0% used [0x00000000eae80000,0x00000000eae80000,0x00000000eaf80000)
 ParOldGen       total 482304K, used 481799K [0x00000000c0000000, 0x00000000dd700000, 0x00000000eab00000)
  object space 482304K, 99% used [0x00000000c0000000,0x00000000dd681d90,0x00000000dd700000)
 Metaspace       used 71510K, committed 72960K, reserved 1114112K
  class space    used 7421K, committed 8064K, reserved 1048576K
}
Event: 24.684 GC heap after
{Heap after GC invocations=653 (full 3):
 PSYoungGen      total 3584K, used 512K [0x00000000eab00000, 0x00000000eaf80000, 0x0000000100000000)
  eden space 2560K, 0% used [0x00000000eab00000,0x00000000eab00000,0x00000000ead80000)
  from space 1024K, 50% used [0x00000000eae80000,0x00000000eaf00000,0x00000000eaf80000)
  to   space 1024K, 0% used [0x00000000ead80000,0x00000000ead80000,0x00000000eae80000)
 ParOldGen       total 482304K, used 482158K [0x00000000c0000000, 0x00000000dd700000, 0x00000000eab00000)
  object space 482304K, 99% used [0x00000000c0000000,0x00000000dd6db898,0x00000000dd700000)
 Metaspace       used 71510K, committed 72960K, reserved 1114112K
  class space    used 7421K, committed 8064K, reserved 1048576K
}
Event: 24.688 GC heap before
{Heap before GC invocations=654 (full 3):
 PSYoungGen      total 3584K, used 3072K [0x00000000eab00000, 0x00000000eaf80000, 0x0000000100000000)
  eden space 2560K, 100% used [0x00000000eab00000,0x00000000ead80000,0x00000000ead80000)
  from space 1024K, 50% used [0x00000000eae80000,0x00000000eaf00000,0x00000000eaf80000)
  to   space 1024K, 0% used [0x00000000ead80000,0x00000000ead80000,0x00000000eae80000)
 ParOldGen       total 482304K, used 482158K [0x00000000c0000000, 0x00000000dd700000, 0x00000000eab00000)
  object space 482304K, 99% used [0x00000000c0000000,0x00000000dd6db898,0x00000000dd700000)
 Metaspace       used 71510K, committed 72960K, reserved 1114112K
  class space    used 7421K, committed 8064K, reserved 1048576K
}
Event: 24.688 GC heap after
{Heap after GC invocations=654 (full 3):
 PSYoungGen      total 3584K, used 512K [0x00000000eab00000, 0x00000000eaf80000, 0x0000000100000000)
  eden space 2560K, 0% used [0x00000000eab00000,0x00000000eab00000,0x00000000ead80000)
  from space 1024K, 50% used [0x00000000ead80000,0x00000000eae00000,0x00000000eae80000)
  to   space 1024K, 0% used [0x00000000eae80000,0x00000000eae80000,0x00000000eaf80000)
 ParOldGen       total 482816K, used 482502K [0x00000000c0000000, 0x00000000dd780000, 0x00000000eab00000)
  object space 482816K, 99% used [0x00000000c0000000,0x00000000dd731898,0x00000000dd780000)
 Metaspace       used 71510K, committed 72960K, reserved 1114112K
  class space    used 7421K, committed 8064K, reserved 1048576K
}
Event: 24.692 GC heap before
{Heap before GC invocations=655 (full 3):
 PSYoungGen      total 3584K, used 3072K [0x00000000eab00000, 0x00000000eaf80000, 0x0000000100000000)
  eden space 2560K, 100% used [0x00000000eab00000,0x00000000ead80000,0x00000000ead80000)
  from space 1024K, 50% used [0x00000000ead80000,0x00000000eae00000,0x00000000eae80000)
  to   space 1024K, 0% used [0x00000000eae80000,0x00000000eae80000,0x00000000eaf80000)
 ParOldGen       total 482816K, used 482502K [0x00000000c0000000, 0x00000000dd780000, 0x00000000eab00000)
  object space 482816K, 99% used [0x00000000c0000000,0x00000000dd731898,0x00000000dd780000)
 Metaspace       used 71510K, committed 72960K, reserved 1114112K
  class space    used 7421K, committed 8064K, reserved 1048576K
}
Event: 24.693 GC heap after
{Heap after GC invocations=655 (full 3):
 PSYoungGen      total 3584K, used 598K [0x00000000eab00000, 0x00000000eaf80000, 0x0000000100000000)
  eden space 2560K, 0% used [0x00000000eab00000,0x00000000eab00000,0x00000000ead80000)
  from space 1024K, 58% used [0x00000000eae80000,0x00000000eaf159f0,0x00000000eaf80000)
  to   space 1024K, 0% used [0x00000000ead80000,0x00000000ead80000,0x00000000eae80000)
 ParOldGen       total 482816K, used 482814K [0x00000000c0000000, 0x00000000dd780000, 0x00000000eab00000)
  object space 482816K, 99% used [0x00000000c0000000,0x00000000dd77f898,0x00000000dd780000)
 Metaspace       used 71510K, committed 72960K, reserved 1114112K
  class space    used 7421K, committed 8064K, reserved 1048576K
}
Event: 24.697 GC heap before
{Heap before GC invocations=656 (full 3):
 PSYoungGen      total 3584K, used 3158K [0x00000000eab00000, 0x00000000eaf80000, 0x0000000100000000)
  eden space 2560K, 100% used [0x00000000eab00000,0x00000000ead80000,0x00000000ead80000)
  from space 1024K, 58% used [0x00000000eae80000,0x00000000eaf159f0,0x00000000eaf80000)
  to   space 1024K, 0% used [0x00000000ead80000,0x00000000ead80000,0x00000000eae80000)
 ParOldGen       total 482816K, used 482814K [0x00000000c0000000, 0x00000000dd780000, 0x00000000eab00000)
  object space 482816K, 99% used [0x00000000c0000000,0x00000000dd77f898,0x00000000dd780000)
 Metaspace       used 71510K, committed 72960K, reserved 1114112K
  class space    used 7421K, committed 8064K, reserved 1048576K
}
Event: 24.698 GC heap after
{Heap after GC invocations=656 (full 3):
 PSYoungGen      total 3584K, used 640K [0x00000000eab00000, 0x00000000eaf80000, 0x0000000100000000)
  eden space 2560K, 0% used [0x00000000eab00000,0x00000000eab00000,0x00000000ead80000)
  from space 1024K, 62% used [0x00000000ead80000,0x00000000eae20000,0x00000000eae80000)
  to   space 1024K, 0% used [0x00000000eae80000,0x00000000eae80000,0x00000000eaf80000)
 ParOldGen       total 483328K, used 483158K [0x00000000c0000000, 0x00000000dd800000, 0x00000000eab00000)
  object space 483328K, 99% used [0x00000000c0000000,0x00000000dd7d5898,0x00000000dd800000)
 Metaspace       used 71510K, committed 72960K, reserved 1114112K
  class space    used 7421K, committed 8064K, reserved 1048576K
}

Dll operation events (14 events):
Event: 0.008 Loaded shared library c:\Users\MSI\.vscode\extensions\redhat.java-1.41.1-win32-x64\jre\21.0.6-win32-x86_64\bin\java.dll
Event: 0.029 Loaded shared library c:\Users\MSI\.vscode\extensions\redhat.java-1.41.1-win32-x64\jre\21.0.6-win32-x86_64\bin\zip.dll
Event: 0.084 Loaded shared library C:\Users\MSI\.vscode\extensions\redhat.java-1.41.1-win32-x64\jre\21.0.6-win32-x86_64\bin\instrument.dll
Event: 0.089 Loaded shared library C:\Users\MSI\.vscode\extensions\redhat.java-1.41.1-win32-x64\jre\21.0.6-win32-x86_64\bin\net.dll
Event: 0.092 Loaded shared library C:\Users\MSI\.vscode\extensions\redhat.java-1.41.1-win32-x64\jre\21.0.6-win32-x86_64\bin\nio.dll
Event: 0.095 Loaded shared library C:\Users\MSI\.vscode\extensions\redhat.java-1.41.1-win32-x64\jre\21.0.6-win32-x86_64\bin\zip.dll
Event: 0.116 Loaded shared library C:\Users\MSI\.vscode\extensions\redhat.java-1.41.1-win32-x64\jre\21.0.6-win32-x86_64\bin\jimage.dll
Event: 0.189 Loaded shared library c:\Users\MSI\.vscode\extensions\redhat.java-1.41.1-win32-x64\jre\21.0.6-win32-x86_64\bin\verify.dll
Event: 1.025 Loaded shared library C:\Users\MSI\AppData\Roaming\Code\User\globalStorage\redhat.java\1.41.1\config_win\org.eclipse.equinox.launcher\org.eclipse.equinox.launcher.win32.win32.x86_64_1.2.1300.v20250331-1702\eclipse_11911.dll
Event: 1.919 Loaded shared library C:\Users\MSI\.vscode\extensions\redhat.java-1.41.1-win32-x64\jre\21.0.6-win32-x86_64\bin\management.dll
Event: 1.921 Loaded shared library C:\Users\MSI\.vscode\extensions\redhat.java-1.41.1-win32-x64\jre\21.0.6-win32-x86_64\bin\management_ext.dll
Event: 2.831 Loaded shared library C:\Users\MSI\AppData\Local\Temp\jna-76643\jna3795463420837848394.dll
Event: 3.231 Loaded shared library C:\Users\MSI\.vscode\extensions\redhat.java-1.41.1-win32-x64\jre\21.0.6-win32-x86_64\bin\sunmscapi.dll
Event: 3.311 Loaded shared library C:\Users\MSI\.vscode\extensions\redhat.java-1.41.1-win32-x64\jre\21.0.6-win32-x86_64\bin\extnet.dll

Deoptimization events (20 events):
Event: 24.099 Thread 0x0000026845b10720 Uncommon trap: trap_request=0xffffff45 fr.pc=0x00000268737e2abc relative=0x000000000000027c
Event: 24.099 Thread 0x0000026845b10720 Uncommon trap: reason=unstable_if action=reinterpret pc=0x00000268737e2abc method=org.eclipse.jdt.internal.compiler.classfmt.ClassFileStruct.utf8At(II)[C @ 46 c2
Event: 24.099 Thread 0x0000026845b10720 DEOPT PACKING pc=0x00000268737e2abc sp=0x000000c74c8fe530
Event: 24.099 Thread 0x0000026845b10720 DEOPT UNPACKING pc=0x0000026872993aa2 sp=0x000000c74c8fe4b0 mode 2
Event: 24.141 Thread 0x0000026845b10720 DEOPT PACKING pc=0x000002686cc0fe5d sp=0x000000c74c8fe8e0
Event: 24.141 Thread 0x0000026845b10720 DEOPT UNPACKING pc=0x0000026872994242 sp=0x000000c74c8fddd0 mode 0
Event: 24.272 Thread 0x0000026845b10720 Uncommon trap: trap_request=0xffffff45 fr.pc=0x0000026873b50260 relative=0x00000000000013e0
Event: 24.272 Thread 0x0000026845b10720 Uncommon trap: reason=unstable_if action=reinterpret pc=0x0000026873b50260 method=org.eclipse.jdt.internal.compiler.classfmt.AnnotationInfo.decodeDefaultValue()Ljava/lang/Object; @ 24 c2
Event: 24.272 Thread 0x0000026845b10720 DEOPT PACKING pc=0x0000026873b50260 sp=0x000000c74c8fe680
Event: 24.272 Thread 0x0000026845b10720 DEOPT UNPACKING pc=0x0000026872993aa2 sp=0x000000c74c8fe620 mode 2
Event: 24.405 Thread 0x0000026845b10720 Uncommon trap: trap_request=0xffffff45 fr.pc=0x0000026873ab9f94 relative=0x0000000000006454
Event: 24.405 Thread 0x0000026845b10720 Uncommon trap: reason=unstable_if action=reinterpret pc=0x0000026873ab9f94 method=org.eclipse.jdt.internal.compiler.classfmt.ClassFileReader.<init>([B[CZ)V @ 1364 c2
Event: 24.405 Thread 0x0000026845b10720 DEOPT PACKING pc=0x0000026873ab9f94 sp=0x000000c74c8fe850
Event: 24.405 Thread 0x0000026845b10720 DEOPT UNPACKING pc=0x0000026872993aa2 sp=0x000000c74c8fe800 mode 2
Event: 24.405 Thread 0x0000026845b10720 Uncommon trap: trap_request=0xffffff45 fr.pc=0x00000268739063f4 relative=0x0000000000004794
Event: 24.405 Thread 0x0000026845b10720 Uncommon trap: reason=unstable_if action=reinterpret pc=0x00000268739063f4 method=org.eclipse.jdt.internal.compiler.classfmt.ClassFileReader.<init>([B[CZ)V @ 1364 c2
Event: 24.405 Thread 0x0000026845b10720 DEOPT PACKING pc=0x00000268739063f4 sp=0x000000c74c8fe850
Event: 24.405 Thread 0x0000026845b10720 DEOPT UNPACKING pc=0x0000026872993aa2 sp=0x000000c74c8fe800 mode 2
Event: 24.407 Thread 0x0000026845b10720 DEOPT PACKING pc=0x000002686d21f333 sp=0x000000c74c8fe690
Event: 24.407 Thread 0x0000026845b10720 DEOPT UNPACKING pc=0x0000026872994242 sp=0x000000c74c8fdb88 mode 0

Classes loaded (20 events):
Event: 15.206 Loading class java/util/concurrent/CompletableFuture$UniExceptionally
Event: 15.206 Loading class java/util/concurrent/CompletableFuture$UniExceptionally done
Event: 15.279 Loading class java/util/regex/Pattern$LazyLoop
Event: 15.279 Loading class java/util/regex/Pattern$LazyLoop done
Event: 15.415 Loading class java/util/stream/ReduceOps$4
Event: 15.415 Loading class java/util/stream/ReduceOps$4 done
Event: 15.415 Loading class java/util/stream/ReduceOps$4ReducingSink
Event: 15.415 Loading class java/util/stream/ReduceOps$4ReducingSink done
Event: 15.416 Loading class java/nio/file/Files$2
Event: 15.416 Loading class java/nio/file/Files$2 done
Event: 15.513 Loading class java/util/concurrent/ArrayBlockingQueue
Event: 15.513 Loading class java/util/concurrent/ArrayBlockingQueue done
Event: 15.600 Loading class java/util/Hashtable$ValueCollection
Event: 15.601 Loading class java/util/Hashtable$ValueCollection done
Event: 15.603 Loading class java/util/concurrent/ConcurrentHashMap$KeySpliterator
Event: 15.603 Loading class java/util/concurrent/ConcurrentHashMap$KeySpliterator done
Event: 16.636 Loading class java/io/CharArrayWriter
Event: 16.636 Loading class java/io/CharArrayWriter done
Event: 16.642 Loading class java/nio/file/attribute/PosixFileAttributes
Event: 16.642 Loading class java/nio/file/attribute/PosixFileAttributes done

Classes unloaded (11 events):
Event: 2.315 Thread 0x00000268683bebd0 Unloading class 0x00000268011a0000 'java/lang/invoke/LambdaForm$MH+0x00000268011a0000'
Event: 2.315 Thread 0x00000268683bebd0 Unloading class 0x000002680119fc00 'java/lang/invoke/LambdaForm$MH+0x000002680119fc00'
Event: 2.315 Thread 0x00000268683bebd0 Unloading class 0x000002680119f800 'java/lang/invoke/LambdaForm$MH+0x000002680119f800'
Event: 2.315 Thread 0x00000268683bebd0 Unloading class 0x000002680119f400 'java/lang/invoke/LambdaForm$MH+0x000002680119f400'
Event: 2.315 Thread 0x00000268683bebd0 Unloading class 0x000002680119f000 'java/lang/invoke/LambdaForm$BMH+0x000002680119f000'
Event: 2.315 Thread 0x00000268683bebd0 Unloading class 0x000002680119ec00 'java/lang/invoke/LambdaForm$DMH+0x000002680119ec00'
Event: 2.315 Thread 0x00000268683bebd0 Unloading class 0x000002680119dc00 'java/lang/invoke/LambdaForm$DMH+0x000002680119dc00'
Event: 10.053 Thread 0x00000268683bebd0 Unloading class 0x0000026801648c00 'java/lang/invoke/LambdaForm$DMH+0x0000026801648c00'
Event: 10.054 Thread 0x00000268683bebd0 Unloading class 0x0000026801648800 'java/lang/invoke/LambdaForm$DMH+0x0000026801648800'
Event: 10.054 Thread 0x00000268683bebd0 Unloading class 0x0000026801648400 'java/lang/invoke/LambdaForm$DMH+0x0000026801648400'
Event: 10.054 Thread 0x00000268683bebd0 Unloading class 0x0000026801648000 'java/lang/invoke/LambdaForm$DMH+0x0000026801648000'

Classes redefined (0 events):
No events

Internal exceptions (20 events):
Event: 23.883 Thread 0x0000026845b10720 Exception <a 'sun/nio/fs/WindowsException'{0x00000000eab00890}> (0x00000000eab00890) 
thrown [s\src\hotspot\share\prims\jni.cpp, line 520]
Event: 23.906 Thread 0x0000026845b10720 Exception <a 'sun/nio/fs/WindowsException'{0x00000000eab983e0}> (0x00000000eab983e0) 
thrown [s\src\hotspot\share\prims\jni.cpp, line 520]
Event: 23.951 Thread 0x0000026845b10720 Exception <a 'sun/nio/fs/WindowsException'{0x00000000eac60cd0}> (0x00000000eac60cd0) 
thrown [s\src\hotspot\share\prims\jni.cpp, line 520]
Event: 23.979 Thread 0x0000026845b10720 Exception <a 'sun/nio/fs/WindowsException'{0x00000000eab7ffe8}> (0x00000000eab7ffe8) 
thrown [s\src\hotspot\share\prims\jni.cpp, line 520]
Event: 24.004 Thread 0x0000026845b10720 Exception <a 'sun/nio/fs/WindowsException'{0x00000000eabc8a30}> (0x00000000eabc8a30) 
thrown [s\src\hotspot\share\prims\jni.cpp, line 520]
Event: 24.023 Thread 0x0000026845b10720 Exception <a 'sun/nio/fs/WindowsException'{0x00000000ead6f7a8}> (0x00000000ead6f7a8) 
thrown [s\src\hotspot\share\prims\jni.cpp, line 520]
Event: 24.043 Thread 0x0000026845b10720 Exception <a 'sun/nio/fs/WindowsException'{0x00000000eac0b9e8}> (0x00000000eac0b9e8) 
thrown [s\src\hotspot\share\prims\jni.cpp, line 520]
Event: 24.139 Thread 0x0000026845b10720 Exception <a 'sun/nio/fs/WindowsException'{0x00000000eac1cbf0}> (0x00000000eac1cbf0) 
thrown [s\src\hotspot\share\prims\jni.cpp, line 520]
Event: 24.170 Thread 0x0000026845b10720 Exception <a 'sun/nio/fs/WindowsException'{0x00000000eaca7140}> (0x00000000eaca7140) 
thrown [s\src\hotspot\share\prims\jni.cpp, line 520]
Event: 24.188 Thread 0x0000026845b10720 Exception <a 'sun/nio/fs/WindowsException'{0x00000000eab34de8}> (0x00000000eab34de8) 
thrown [s\src\hotspot\share\prims\jni.cpp, line 520]
Event: 24.202 Thread 0x0000026845b10720 Exception <a 'sun/nio/fs/WindowsException'{0x00000000eab4bdb8}> (0x00000000eab4bdb8) 
thrown [s\src\hotspot\share\prims\jni.cpp, line 520]
Event: 24.216 Thread 0x0000026845b10720 Exception <a 'sun/nio/fs/WindowsException'{0x00000000eab622d0}> (0x00000000eab622d0) 
thrown [s\src\hotspot\share\prims\jni.cpp, line 520]
Event: 24.234 Thread 0x0000026845b10720 Exception <a 'sun/nio/fs/WindowsException'{0x00000000eaca1820}> (0x00000000eaca1820) 
thrown [s\src\hotspot\share\prims\jni.cpp, line 520]
Event: 24.249 Thread 0x0000026845b10720 Exception <a 'sun/nio/fs/WindowsException'{0x00000000eaceb528}> (0x00000000eaceb528) 
thrown [s\src\hotspot\share\prims\jni.cpp, line 520]
Event: 24.263 Thread 0x0000026845b10720 Exception <a 'sun/nio/fs/WindowsException'{0x00000000ead013e0}> (0x00000000ead013e0) 
thrown [s\src\hotspot\share\prims\jni.cpp, line 520]
Event: 24.298 Thread 0x0000026845b10720 Exception <a 'sun/nio/fs/WindowsException'{0x00000000eab9ddd0}> (0x00000000eab9ddd0) 
thrown [s\src\hotspot\share\prims\jni.cpp, line 520]
Event: 24.447 Thread 0x0000026845b10720 Exception <a 'sun/nio/fs/WindowsException'{0x00000000eab686a0}> (0x00000000eab686a0) 
thrown [s\src\hotspot\share\prims\jni.cpp, line 520]
Event: 24.517 Thread 0x0000026845b10720 Exception <a 'sun/nio/fs/WindowsException'{0x00000000eac33690}> (0x00000000eac33690) 
thrown [s\src\hotspot\share\prims\jni.cpp, line 520]
Event: 24.608 Thread 0x0000026845b10720 Exception <a 'sun/nio/fs/WindowsException'{0x00000000eac9b830}> (0x00000000eac9b830) 
thrown [s\src\hotspot\share\prims\jni.cpp, line 520]
Event: 24.791 Thread 0x0000026845b10720 Exception <a 'sun/nio/fs/WindowsException'{0x00000000eacc6f10}> (0x00000000eacc6f10) 
thrown [s\src\hotspot\share\prims\jni.cpp, line 520]

ZGC Phase Switch (0 events):
No events

VM Operations (20 events):
Event: 24.655 Executing VM operation: ParallelGCFailedAllocation (Allocation Failure)
Event: 24.656 Executing VM operation: ParallelGCFailedAllocation (Allocation Failure) done
Event: 24.660 Executing VM operation: ParallelGCFailedAllocation (Allocation Failure)
Event: 24.661 Executing VM operation: ParallelGCFailedAllocation (Allocation Failure) done
Event: 24.665 Executing VM operation: ParallelGCFailedAllocation (Allocation Failure)
Event: 24.666 Executing VM operation: ParallelGCFailedAllocation (Allocation Failure) done
Event: 24.670 Executing VM operation: ParallelGCFailedAllocation (Allocation Failure)
Event: 24.671 Executing VM operation: ParallelGCFailedAllocation (Allocation Failure) done
Event: 24.675 Executing VM operation: ParallelGCFailedAllocation (Allocation Failure)
Event: 24.676 Executing VM operation: ParallelGCFailedAllocation (Allocation Failure) done
Event: 24.679 Executing VM operation: ParallelGCFailedAllocation (Allocation Failure)
Event: 24.680 Executing VM operation: ParallelGCFailedAllocation (Allocation Failure) done
Event: 24.684 Executing VM operation: ParallelGCFailedAllocation (Allocation Failure)
Event: 24.684 Executing VM operation: ParallelGCFailedAllocation (Allocation Failure) done
Event: 24.688 Executing VM operation: ParallelGCFailedAllocation (Allocation Failure)
Event: 24.688 Executing VM operation: ParallelGCFailedAllocation (Allocation Failure) done
Event: 24.692 Executing VM operation: ParallelGCFailedAllocation (Allocation Failure)
Event: 24.693 Executing VM operation: ParallelGCFailedAllocation (Allocation Failure) done
Event: 24.697 Executing VM operation: ParallelGCFailedAllocation (Allocation Failure)
Event: 24.698 Executing VM operation: ParallelGCFailedAllocation (Allocation Failure) done

Memory protections (0 events):
No events

Nmethod flushes (20 events):
Event: 10.069 Thread 0x00000268683bebd0 flushing  nmethod 0x000002686be2a610
Event: 10.069 Thread 0x00000268683bebd0 flushing  nmethod 0x000002686be2ad10
Event: 10.069 Thread 0x00000268683bebd0 flushing  nmethod 0x000002686be2b310
Event: 10.069 Thread 0x00000268683bebd0 flushing  nmethod 0x000002686be2c210
Event: 10.069 Thread 0x00000268683bebd0 flushing  nmethod 0x000002686be2ca90
Event: 10.069 Thread 0x00000268683bebd0 flushing  nmethod 0x000002686be2e590
Event: 10.069 Thread 0x00000268683bebd0 flushing  nmethod 0x000002686be52390
Event: 10.069 Thread 0x00000268683bebd0 flushing  nmethod 0x000002686be8ed10
Event: 10.069 Thread 0x00000268683bebd0 flushing  nmethod 0x000002686be97490
Event: 10.069 Thread 0x00000268683bebd0 flushing  nmethod 0x000002686bea7490
Event: 10.069 Thread 0x00000268683bebd0 flushing  nmethod 0x000002686bf0f690
Event: 10.069 Thread 0x00000268683bebd0 flushing  nmethod 0x000002686bf11310
Event: 10.069 Thread 0x00000268683bebd0 flushing  nmethod 0x000002686bf11b10
Event: 10.069 Thread 0x00000268683bebd0 flushing  nmethod 0x000002686bf12390
Event: 10.069 Thread 0x00000268683bebd0 flushing  nmethod 0x000002686bf35f90
Event: 10.069 Thread 0x00000268683bebd0 flushing  nmethod 0x000002686bf41510
Event: 10.069 Thread 0x00000268683bebd0 flushing  nmethod 0x000002686bf41910
Event: 10.069 Thread 0x00000268683bebd0 flushing  nmethod 0x000002686bf43b10
Event: 10.069 Thread 0x00000268683bebd0 flushing  nmethod 0x000002686bf57610
Event: 10.069 Thread 0x00000268683bebd0 flushing  nmethod 0x000002686bf5e890

Events (20 events):
Event: 16.504 Thread 0x000002687f82d5a0 Thread exited: 0x000002687f82d5a0
Event: 16.504 Thread 0x000002687f82c880 Thread exited: 0x000002687f82c880
Event: 17.003 Thread 0x000002684a50b8b0 Thread added: 0x00000268454e9670
Event: 17.952 Thread 0x00000268454e9670 Thread exited: 0x00000268454e9670
Event: 17.952 Thread 0x00000268454eccf0 Thread exited: 0x00000268454eccf0
Event: 17.952 Thread 0x00000268454ebf50 Thread exited: 0x00000268454ebf50
Event: 18.177 Thread 0x00000268454eaae0 Thread exited: 0x00000268454eaae0
Event: 18.288 Thread 0x000002684af86460 Thread exited: 0x000002684af86460
Event: 18.533 Thread 0x00000268454e9d40 Thread exited: 0x00000268454e9d40
Event: 18.533 Thread 0x0000026848bf2b50 Thread exited: 0x0000026848bf2b50
Event: 19.381 Thread 0x00000268496d5030 Thread exited: 0x00000268496d5030
Event: 19.527 Thread 0x000002684a50b8b0 Thread added: 0x00000268454eaae0
Event: 19.547 Thread 0x00000268454eaae0 Thread added: 0x00000268454eccf0
Event: 20.956 Thread 0x00000268454eccf0 Thread exited: 0x00000268454eccf0
Event: 20.956 Thread 0x00000268454eaae0 Thread exited: 0x00000268454eaae0
Event: 20.956 Thread 0x000002687f82f670 Thread exited: 0x000002687f82f670
Event: 23.154 Thread 0x000002684a50b8b0 Thread exited: 0x000002684a50b8b0
Event: 23.184 Thread 0x000002687dddc760 Thread added: 0x00000268454ebf50
Event: 23.698 Thread 0x00000268454ebf50 Thread exited: 0x00000268454ebf50
Event: 24.679 Thread 0x000002687dddd3d0 Thread added: 0x00000268454ebf50


Dynamic libraries:
0x00007ff7f1450000 - 0x00007ff7f145e000 	c:\Users\MSI\.vscode\extensions\redhat.java-1.41.1-win32-x64\jre\21.0.6-win32-x86_64\bin\java.exe
0x00007ff871220000 - 0x00007ff871486000 	C:\WINDOWS\SYSTEM32\ntdll.dll
0x00007ff8710e0000 - 0x00007ff8711a9000 	C:\WINDOWS\System32\KERNEL32.DLL
0x00007ff86e3b0000 - 0x00007ff86e77c000 	C:\WINDOWS\System32\KERNELBASE.dll
0x00007ff86e8c0000 - 0x00007ff86ea0b000 	C:\WINDOWS\System32\ucrtbase.dll
0x00007ff8630e0000 - 0x00007ff8630f8000 	c:\Users\MSI\.vscode\extensions\redhat.java-1.41.1-win32-x64\jre\21.0.6-win32-x86_64\bin\jli.dll
0x00007ff852180000 - 0x00007ff85219e000 	c:\Users\MSI\.vscode\extensions\redhat.java-1.41.1-win32-x64\jre\21.0.6-win32-x86_64\bin\VCRUNTIME140.dll
0x00007ff86f000000 - 0x00007ff86f1ca000 	C:\WINDOWS\System32\USER32.dll
0x00007ff859530000 - 0x00007ff8597ca000 	C:\WINDOWS\WinSxS\amd64_microsoft.windows.common-controls_6595b64144ccf1df_6.0.26100.3912_none_3e07963ce335137e\COMCTL32.dll
0x00007ff86ec30000 - 0x00007ff86ec57000 	C:\WINDOWS\System32\win32u.dll
0x00007ff871020000 - 0x00007ff8710c9000 	C:\WINDOWS\System32\msvcrt.dll
0x00007ff870790000 - 0x00007ff8707bb000 	C:\WINDOWS\System32\GDI32.dll
0x00007ff86e780000 - 0x00007ff86e8b2000 	C:\WINDOWS\System32\gdi32full.dll
0x00007ff86eea0000 - 0x00007ff86ef43000 	C:\WINDOWS\System32\msvcp_win.dll
0x00007ff870680000 - 0x00007ff8706b0000 	C:\WINDOWS\System32\IMM32.DLL
0x00007ff8692a0000 - 0x00007ff8692ac000 	c:\Users\MSI\.vscode\extensions\redhat.java-1.41.1-win32-x64\jre\21.0.6-win32-x86_64\bin\vcruntime140_1.dll
0x00007ff83e2c0000 - 0x00007ff83e34d000 	c:\Users\MSI\.vscode\extensions\redhat.java-1.41.1-win32-x64\jre\21.0.6-win32-x86_64\bin\msvcp140.dll
0x00007ff802e10000 - 0x00007ff803ba0000 	c:\Users\MSI\.vscode\extensions\redhat.java-1.41.1-win32-x64\jre\21.0.6-win32-x86_64\bin\server\jvm.dll
0x00007ff8706c0000 - 0x00007ff870772000 	C:\WINDOWS\System32\ADVAPI32.dll
0x00007ff870360000 - 0x00007ff870406000 	C:\WINDOWS\System32\sechost.dll
0x00007ff86fa10000 - 0x00007ff86fb26000 	C:\WINDOWS\System32\RPCRT4.dll
0x00007ff86fbe0000 - 0x00007ff86fc54000 	C:\WINDOWS\System32\WS2_32.dll
0x00007ff86e200000 - 0x00007ff86e25e000 	C:\WINDOWS\SYSTEM32\POWRPROF.dll
0x00007ff868450000 - 0x00007ff868486000 	C:\WINDOWS\SYSTEM32\WINMM.dll
0x00007ff868490000 - 0x00007ff86849b000 	C:\WINDOWS\SYSTEM32\VERSION.dll
0x00007ff86e1e0000 - 0x00007ff86e1f4000 	C:\WINDOWS\SYSTEM32\UMPDC.dll
0x00007ff86d170000 - 0x00007ff86d18a000 	C:\WINDOWS\SYSTEM32\kernel.appcore.dll
0x00007ff8691f0000 - 0x00007ff8691fa000 	c:\Users\MSI\.vscode\extensions\redhat.java-1.41.1-win32-x64\jre\21.0.6-win32-x86_64\bin\jimage.dll
0x00007ff861e90000 - 0x00007ff8620d1000 	C:\WINDOWS\SYSTEM32\DBGHELP.DLL
0x00007ff870b20000 - 0x00007ff870ea4000 	C:\WINDOWS\System32\combase.dll
0x00007ff86fc60000 - 0x00007ff86fd40000 	C:\WINDOWS\System32\OLEAUT32.dll
0x00007ff857ea0000 - 0x00007ff857ed9000 	C:\WINDOWS\SYSTEM32\dbgcore.DLL
0x00007ff86ea10000 - 0x00007ff86eaa9000 	C:\WINDOWS\System32\bcryptPrimitives.dll
0x00007ff869160000 - 0x00007ff86916f000 	c:\Users\MSI\.vscode\extensions\redhat.java-1.41.1-win32-x64\jre\21.0.6-win32-x86_64\bin\instrument.dll
0x00007ff84f4e0000 - 0x00007ff84f4ff000 	c:\Users\MSI\.vscode\extensions\redhat.java-1.41.1-win32-x64\jre\21.0.6-win32-x86_64\bin\java.dll
0x00007ff86f260000 - 0x00007ff86f98d000 	C:\WINDOWS\System32\SHELL32.dll
0x00007ff86eab0000 - 0x00007ff86ec24000 	C:\WINDOWS\System32\wintypes.dll
0x00007ff86c000000 - 0x00007ff86c856000 	C:\WINDOWS\SYSTEM32\windows.storage.dll
0x00007ff870a20000 - 0x00007ff870b0f000 	C:\WINDOWS\System32\SHCORE.dll
0x00007ff86f9a0000 - 0x00007ff86fa09000 	C:\WINDOWS\System32\shlwapi.dll
0x00007ff86e2c0000 - 0x00007ff86e2ef000 	C:\WINDOWS\SYSTEM32\profapi.dll
0x00007ff84f4c0000 - 0x00007ff84f4d8000 	c:\Users\MSI\.vscode\extensions\redhat.java-1.41.1-win32-x64\jre\21.0.6-win32-x86_64\bin\zip.dll
0x00007ff8659c0000 - 0x00007ff8659d0000 	C:\Users\MSI\.vscode\extensions\redhat.java-1.41.1-win32-x64\jre\21.0.6-win32-x86_64\bin\net.dll
0x00007ff865e70000 - 0x00007ff865f8e000 	C:\WINDOWS\SYSTEM32\WINHTTP.dll
0x00007ff86d6e0000 - 0x00007ff86d74a000 	C:\WINDOWS\system32\mswsock.dll
0x00007ff84f490000 - 0x00007ff84f4a6000 	C:\Users\MSI\.vscode\extensions\redhat.java-1.41.1-win32-x64\jre\21.0.6-win32-x86_64\bin\nio.dll
0x00007ff864d70000 - 0x00007ff864d80000 	c:\Users\MSI\.vscode\extensions\redhat.java-1.41.1-win32-x64\jre\21.0.6-win32-x86_64\bin\verify.dll
0x00007ff8645e0000 - 0x00007ff864625000 	C:\Users\MSI\AppData\Roaming\Code\User\globalStorage\redhat.java\1.41.1\config_win\org.eclipse.equinox.launcher\org.eclipse.equinox.launcher.win32.win32.x86_64_1.2.1300.v20250331-1702\eclipse_11911.dll
0x00007ff870410000 - 0x00007ff8705af000 	C:\WINDOWS\System32\ole32.dll
0x00007ff869280000 - 0x00007ff86928a000 	C:\Users\MSI\.vscode\extensions\redhat.java-1.41.1-win32-x64\jre\21.0.6-win32-x86_64\bin\management.dll
0x00007ff869270000 - 0x00007ff86927b000 	C:\Users\MSI\.vscode\extensions\redhat.java-1.41.1-win32-x64\jre\21.0.6-win32-x86_64\bin\management_ext.dll
0x00007ff870780000 - 0x00007ff870788000 	C:\WINDOWS\System32\PSAPI.DLL
0x00007ff86d980000 - 0x00007ff86d99c000 	C:\WINDOWS\SYSTEM32\CRYPTSP.dll
0x00007ff86d0d0000 - 0x00007ff86d10a000 	C:\WINDOWS\system32\rsaenh.dll
0x00007ff86d780000 - 0x00007ff86d7ab000 	C:\WINDOWS\SYSTEM32\USERENV.dll
0x00007ff86e290000 - 0x00007ff86e2b6000 	C:\WINDOWS\SYSTEM32\bcrypt.dll
0x00007ff86d9a0000 - 0x00007ff86d9ac000 	C:\WINDOWS\SYSTEM32\CRYPTBASE.dll
0x00007ff86cbc0000 - 0x00007ff86cbf3000 	C:\WINDOWS\SYSTEM32\IPHLPAPI.DLL
0x00007ff870610000 - 0x00007ff87061a000 	C:\WINDOWS\System32\NSI.dll
0x00007ff84f2c0000 - 0x00007ff84f309000 	C:\Users\MSI\AppData\Local\Temp\jna-76643\jna3795463420837848394.dll
0x00007ff8660a0000 - 0x00007ff8660bf000 	C:\WINDOWS\SYSTEM32\dhcpcsvc6.DLL
0x00007ff866050000 - 0x00007ff866075000 	C:\WINDOWS\SYSTEM32\dhcpcsvc.DLL
0x00007ff869220000 - 0x00007ff86922e000 	C:\Users\MSI\.vscode\extensions\redhat.java-1.41.1-win32-x64\jre\21.0.6-win32-x86_64\bin\sunmscapi.dll
0x00007ff86ec60000 - 0x00007ff86edd7000 	C:\WINDOWS\System32\CRYPT32.dll
0x00007ff86db90000 - 0x00007ff86dbc0000 	C:\WINDOWS\SYSTEM32\ncrypt.dll
0x00007ff86db40000 - 0x00007ff86db7f000 	C:\WINDOWS\SYSTEM32\NTASN1.dll
0x00007ff86cc60000 - 0x00007ff86cd87000 	C:\WINDOWS\SYSTEM32\DNSAPI.dll
0x00007ff8658a0000 - 0x00007ff8658ab000 	C:\Windows\System32\rasadhlp.dll
0x00007ff8680e0000 - 0x00007ff868166000 	C:\WINDOWS\System32\fwpuclnt.dll
0x00007ff869210000 - 0x00007ff869219000 	C:\Users\MSI\.vscode\extensions\redhat.java-1.41.1-win32-x64\jre\21.0.6-win32-x86_64\bin\extnet.dll

dbghelp: loaded successfully - version: 4.0.5 - missing functions: none
symbol engine: initialized successfully - sym options: 0x614 - pdb path: .;c:\Users\MSI\.vscode\extensions\redhat.java-1.41.1-win32-x64\jre\21.0.6-win32-x86_64\bin;C:\WINDOWS\SYSTEM32;C:\WINDOWS\WinSxS\amd64_microsoft.windows.common-controls_6595b64144ccf1df_6.0.26100.3912_none_3e07963ce335137e;c:\Users\MSI\.vscode\extensions\redhat.java-1.41.1-win32-x64\jre\21.0.6-win32-x86_64\bin\server;C:\Users\MSI\AppData\Roaming\Code\User\globalStorage\redhat.java\1.41.1\config_win\org.eclipse.equinox.launcher\org.eclipse.equinox.launcher.win32.win32.x86_64_1.2.1300.v20250331-1702;C:\Users\MSI\AppData\Local\Temp\jna-76643

VM Arguments:
jvm_args: --add-modules=ALL-SYSTEM --add-opens=java.base/java.util=ALL-UNNAMED --add-opens=java.base/java.lang=ALL-UNNAMED --add-opens=java.base/sun.nio.fs=ALL-UNNAMED -Declipse.application=org.eclipse.jdt.ls.core.id1 -Dosgi.bundles.defaultStartLevel=4 -Declipse.product=org.eclipse.jdt.ls.core.product -Djava.import.generatesMetadataFilesAtProjectRoot=false -DDetectVMInstallationsJob.disabled=true -Dfile.encoding=utf8 -XX:+UseParallelGC -XX:GCTimeRatio=4 -XX:AdaptiveSizePolicyWeight=90 -Dsun.zip.disableMemoryMapping=true -Xmx1G -Xms100m -Xlog:disable -javaagent:c:\Users\MSI\.vscode\extensions\redhat.java-1.41.1-win32-x64\lombok\lombok-1.18.36.jar -XX:+HeapDumpOnOutOfMemoryError -XX:HeapDumpPath=c:\Users\MSI\AppData\Roaming\Code\User\workspaceStorage\8482fc1a365055af0af7aefc8016a7e7\redhat.java -Daether.dependencyCollector.impl=bf 
java_command: c:\Users\MSI\.vscode\extensions\redhat.java-1.41.1-win32-x64\server\plugins\org.eclipse.equinox.launcher_1.7.0.v20250331-1702.jar -configuration c:\Users\MSI\AppData\Roaming\Code\User\globalStorage\redhat.java\1.41.1\config_win -data c:\Users\MSI\AppData\Roaming\Code\User\workspaceStorage\8482fc1a365055af0af7aefc8016a7e7\redhat.java\jdt_ws --pipe=\\.\pipe\lsp-a6395987424adb645aa0079789cf403d-sock
java_class_path (initial): c:\Users\MSI\.vscode\extensions\redhat.java-1.41.1-win32-x64\server\plugins\org.eclipse.equinox.launcher_1.7.0.v20250331-1702.jar
Launcher Type: SUN_STANDARD

[Global flags]
    uintx AdaptiveSizePolicyWeight                 = 90                                        {product} {command line}
     intx CICompilerCount                          = 12                                        {product} {ergonomic}
    uintx GCTimeRatio                              = 4                                         {product} {command line}
     bool HeapDumpOnOutOfMemoryError               = true                                   {manageable} {command line}
    ccstr HeapDumpPath                             = c:\Users\MSI\AppData\Roaming\Code\User\workspaceStorage\8482fc1a365055af0af7aefc8016a7e7\redhat.java         {manageable} {command line}
   size_t InitialHeapSize                          = 104857600                                 {product} {command line}
   size_t MaxHeapSize                              = 1073741824                                {product} {command line}
   size_t MaxNewSize                               = 357564416                                 {product} {ergonomic}
   size_t MinHeapDeltaBytes                        = 524288                                    {product} {ergonomic}
   size_t MinHeapSize                              = 104857600                                 {product} {command line}
   size_t NewSize                                  = 34603008                                  {product} {ergonomic}
    uintx NonNMethodCodeHeapSize                   = 7602480                                {pd product} {ergonomic}
    uintx NonProfiledCodeHeapSize                  = 122027880                              {pd product} {ergonomic}
   size_t OldSize                                  = 70254592                                  {product} {ergonomic}
    uintx ProfiledCodeHeapSize                     = 122027880                              {pd product} {ergonomic}
    uintx ReservedCodeCacheSize                    = 251658240                              {pd product} {ergonomic}
     bool SegmentedCodeCache                       = true                                      {product} {ergonomic}
   size_t SoftMaxHeapSize                          = 1073741824                             {manageable} {ergonomic}
     bool UseCompressedOops                        = true                           {product lp64_product} {ergonomic}
     bool UseLargePagesIndividualAllocation        = false                                  {pd product} {ergonomic}
     bool UseParallelGC                            = true                                      {product} {command line}

Logging:
Log output configuration:
 #0: stdout all=off uptime,level,tags foldmultilines=false
 #1: stderr all=off uptime,level,tags foldmultilines=false

Environment Variables:
JAVA_HOME=C:\Program Files\Java\jdk-21
PATH=C:\Program Files (x86)\Common Files\Oracle\Java\javapath;C:\Program Files (x86)\VMware\VMware Workstation\bin\;C:\Program Files\Microsoft MPI\Bin\;C:\WINDOWS\system32;C:\WINDOWS;C:\WINDOWS\System32\Wbem;C:\WINDOWS\System32\WindowsPowerShell\v1.0\;C:\WINDOWS\System32\OpenSSH\;C:\Program Files\nodejs\;C:\Program Files (x86)\Microsoft SQL Server\160\Tools\Binn\;C:\Program Files\Microsoft SQL Server\160\Tools\Binn\;C:\Program Files\Microsoft SQL Server\Client SDK\ODBC\170\Tools\Binn\;C:\Program Files\Microsoft SQL Server\160\DTS\Binn\;C:\Program Files (x86)\Microsoft SQL Server\160\DTS\Binn\;C:\Program Files\Git LFS;C:\Program Files\Git\cmd;C:\Program Files\PowerShell\7\;C:\Program Files\Microsoft SQL Server\150\Tools\Binn\;C:\Program Files\dotnet\;C:\Program Files\Java\jdk-21\bin;C:\Program Files\Java\apache-maven-4.0.0-rc-3\bin;C:\Program Files (x86)\Windows Kits\10\Windows Performance Toolkit\;C:\Program Files\MySQL\MySQL Shell 8.0\bin\;C:\Users\MSI\AppData\Local\Programs\Python\Python313;C:\Users\MSI\AppData\Local\Microsoft\WindowsApps;C:\Users\MSI\AppData\Local\Programs\Microsoft VS Code\bin;C:\Users\MSI\AppData\Roaming\npm;C:\Program Files\JetBrains\IntelliJ IDEA 2024.3.1.1\bin;;C:\Users\MSI\.dotnet\tools;
USERNAME=MSI
OS=Windows_NT
PROCESSOR_IDENTIFIER=AMD64 Family 25 Model 80 Stepping 0, AuthenticAMD
TMP=C:\Users\MSI\AppData\Local\Temp
TEMP=C:\Users\MSI\AppData\Local\Temp




Periodic native trim disabled

---------------  S Y S T E M  ---------------

OS:
 Windows 11 , 64 bit Build 26100 (10.0.26100.3912)
OS uptime: 0 days 20:28 hours
Hyper-V role detected

CPU: total 16 (initial active 16) (16 cores per cpu, 2 threads per core) family 25 model 80 stepping 0 microcode 0xa50000c, cx8, cmov, fxsr, ht, mmx, 3dnowpref, sse, sse2, sse3, ssse3, sse4a, sse4.1, sse4.2, popcnt, lzcnt, tsc, tscinvbit, avx, avx2, aes, erms, clmul, bmi1, bmi2, adx, sha, fma, vzeroupper, clflush, clflushopt, hv, rdtscp, rdpid, fsrm, f16c, cet_ss
Processor Information for the first 16 processors :
  Max Mhz: 3201, Current Mhz: 3201, Mhz Limit: 3201

Memory: 4k page, system-wide physical 15752M (5864M free)
TotalPageFile size 15752M (AvailPageFile size 9M)
current process WorkingSet (physical memory assigned to process): 851M, peak: 851M
current process commit charge ("private bytes"): 793M, peak: 794M

vm_info: OpenJDK 64-Bit Server VM (21.0.6+7-LTS) for windows-amd64 JRE (21.0.6+7-LTS), built on 2025-01-21T00:00:00Z by "admin" with MS VC++ 17.7 (VS2022)

END.
