#
# There is insufficient memory for the Java Runtime Environment to continue.
# Native memory allocation (malloc) failed to allocate 764736 bytes for Chunk::new
# Possible reasons:
#   The system is out of physical RAM or swap space
#   The process is running with CompressedOops enabled, and the Java Heap may be blocking the growth of the native heap
# Possible solutions:
#   Reduce memory load on the system
#   Increase physical memory or swap space
#   Check if swap backing store is full
#   Decrease Java heap size (-Xmx/-Xms)
#   Decrease number of Java threads
#   Decrease Java thread stack sizes (-Xss)
#   Set larger code cache with -XX:ReservedCodeCacheSize=
#   JVM is running with Zero Based Compressed Oops mode in which the Java heap is
#     placed in the first 32GB address space. The Java Heap base address is the
#     maximum limit for the native heap growth. Please use -XX:HeapBaseMinAddress
#     to set the Java Heap base and to place the Java Heap above 32GB virtual address.
# This output file may be truncated or incomplete.
#
#  Out of Memory Error (arena.cpp:189), pid=20208, tid=22472
#
# JRE version: Java(TM) SE Runtime Environment (17.0.11+7) (build 17.0.11+7-LTS-207)
# Java VM: Java HotSpot(TM) 64-Bit Server VM (17.0.11+7-LTS-207, mixed mode, sharing, tiered, compressed oops, compressed class ptrs, g1 gc, windows-amd64)
# No core dump will be written. Minidumps are not enabled by default on client versions of Windows
#

---------------  S U M M A R Y ------------

Command Line: -Dcom.sun.management.jmxremote -Dcom.sun.management.jmxremote.port=50067 -Dcom.sun.management.jmxremote.authenticate=false -Dcom.sun.management.jmxremote.ssl=false -Dspring.jmx.enabled=true -Djava.rmi.server.hostname=localhost -Dspring.application.admin.enabled=true -Dspring.boot.project.name=laptopshop -XX:+ShowCodeDetailsInExceptionMessages -Dmanagement.endpoints.jmx.exposure.include=* vn.hoidanit.laptopshop.LaptopshopApplication

Host: AMD Ryzen 7 5800H with Radeon Graphics         , 16 cores, 15G,  Windows 11 , 64 bit Build 26100 (10.0.26100.3037)
Time: Fri Feb 28 21:37:20 2025 SE Asia Standard Time elapsed time: 73.351184 seconds (0d 0h 1m 13s)

---------------  T H R E A D  ---------------

Current thread (0x0000024b308f14d0):  JavaThread "C2 CompilerThread0" daemon [_thread_in_native, id=22472, stack(0x000000a32a100000,0x000000a32a200000)]


Current CompileTask:
C2:  73351 9439   !   4       java.io.ObjectOutputStream::writeObject0 (620 bytes)

Stack: [0x000000a32a100000,0x000000a32a200000]
Native frames: (J=compiled Java code, j=interpreted, Vv=VM code, C=native code)
V  [jvm.dll+0x679cca]
V  [jvm.dll+0x7da13d]
V  [jvm.dll+0x7dba83]
V  [jvm.dll+0x7dc0f3]
V  [jvm.dll+0x2449af]
V  [jvm.dll+0xab83b]
V  [jvm.dll+0xabe1c]
V  [jvm.dll+0x2a9e6f]
V  [jvm.dll+0x5818d9]
V  [jvm.dll+0x21ed62]
V  [jvm.dll+0x217cf6]
V  [jvm.dll+0x215505]
V  [jvm.dll+0x1a2040]
V  [jvm.dll+0x225a2b]
V  [jvm.dll+0x223bcb]
V  [jvm.dll+0x7903ec]
V  [jvm.dll+0x78a85a]
V  [jvm.dll+0x678bb5]
C  [ucrtbase.dll+0x37b0]
C  [KERNEL32.DLL+0x2e8d7]
C  [ntdll.dll+0xbbf2c]


---------------  P R O C E S S  ---------------

Threads class SMR info:
_java_thread_list=0x0000024b02385420, length=39, elements={
0x0000024b305a6360, 0x0000024b305a6d20, 0x0000024b308eca90, 0x0000024b308ef460,
0x0000024b308efe20, 0x0000024b308f07e0, 0x0000024b308f14d0, 0x0000024b308f9f90,
0x0000024b308fedb0, 0x0000024b30593490, 0x0000024b30ad5f40, 0x0000024b7640e190,
0x0000024b7642f420, 0x0000024b76430570, 0x0000024b766ea940, 0x0000024b764d2040,
0x0000024b76b6b120, 0x0000024b76c36090, 0x0000024b76c37ef0, 0x0000024b76c36fc0,
0x0000024b76c35160, 0x0000024b76c374d0, 0x0000024b7db075e0, 0x0000024b7db09e60,
0x0000024b7db0ad90, 0x0000024b7db0a880, 0x0000024b7db07af0, 0x0000024b7db0b7b0,
0x0000024b7db08000, 0x0000024b7db0db20, 0x0000024b7db0cbf0, 0x0000024b7db0e030,
0x0000024b7db0d100, 0x0000024b7db0d610, 0x0000024b7db0ea50, 0x0000024b7db0e540,
0x0000024b7db0c1d0, 0x0000024b7db0bcc0, 0x0000024b76c34740
}

Java Threads: ( => current thread )
  0x0000024b305a6360 JavaThread "Reference Handler" daemon [_thread_blocked, id=19256, stack(0x000000a329b00000,0x000000a329c00000)]
  0x0000024b305a6d20 JavaThread "Finalizer" daemon [_thread_blocked, id=13656, stack(0x000000a329c00000,0x000000a329d00000)]
  0x0000024b308eca90 JavaThread "Signal Dispatcher" daemon [_thread_blocked, id=19732, stack(0x000000a329d00000,0x000000a329e00000)]
  0x0000024b308ef460 JavaThread "Attach Listener" daemon [_thread_blocked, id=9104, stack(0x000000a329e00000,0x000000a329f00000)]
  0x0000024b308efe20 JavaThread "Service Thread" daemon [_thread_blocked, id=20844, stack(0x000000a329f00000,0x000000a32a000000)]
  0x0000024b308f07e0 JavaThread "Monitor Deflation Thread" daemon [_thread_blocked, id=12952, stack(0x000000a32a000000,0x000000a32a100000)]
=>0x0000024b308f14d0 JavaThread "C2 CompilerThread0" daemon [_thread_in_native, id=22472, stack(0x000000a32a100000,0x000000a32a200000)]
  0x0000024b308f9f90 JavaThread "C1 CompilerThread0" daemon [_thread_blocked, id=452, stack(0x000000a32a200000,0x000000a32a300000)]
  0x0000024b308fedb0 JavaThread "Sweeper thread" daemon [_thread_blocked, id=5228, stack(0x000000a32a300000,0x000000a32a400000)]
  0x0000024b30593490 JavaThread "Common-Cleaner" daemon [_thread_blocked, id=21740, stack(0x000000a32a400000,0x000000a32a500000)]
  0x0000024b30ad5f40 JavaThread "Notification Thread" daemon [_thread_blocked, id=19468, stack(0x000000a32a900000,0x000000a32aa00000)]
  0x0000024b7640e190 JavaThread "RMI TCP Accept-0" daemon [_thread_in_native, id=13256, stack(0x000000a32aa00000,0x000000a32ab00000)]
  0x0000024b7642f420 JavaThread "RMI TCP Accept-50067" daemon [_thread_in_native, id=3408, stack(0x000000a32ab00000,0x000000a32ac00000)]
  0x0000024b76430570 JavaThread "RMI TCP Accept-0" daemon [_thread_in_native, id=13952, stack(0x000000a32ac00000,0x000000a32ad00000)]
  0x0000024b766ea940 JavaThread "RMI TCP Connection(idle)" daemon [_thread_blocked, id=12352, stack(0x000000a32ae00000,0x000000a32af00000)]
  0x0000024b764d2040 JavaThread "RMI Scheduler(0)" daemon [_thread_blocked, id=18972, stack(0x000000a32af00000,0x000000a32b000000)]
  0x0000024b76b6b120 JavaThread "RMI TCP Connection(2)-127.0.0.1" daemon [_thread_in_native, id=1968, stack(0x000000a32b000000,0x000000a32b100000)]
  0x0000024b76c36090 JavaThread "JMX server connection timeout 30" daemon [_thread_blocked, id=20504, stack(0x000000a32b100000,0x000000a32b200000)]
  0x0000024b76c37ef0 JavaThread "Catalina-utility-1" [_thread_blocked, id=14096, stack(0x000000a32c800000,0x000000a32c900000)]
  0x0000024b76c36fc0 JavaThread "Catalina-utility-2" [_thread_blocked, id=21828, stack(0x000000a32c900000,0x000000a32ca00000)]
  0x0000024b76c35160 JavaThread "container-0" [_thread_blocked, id=7792, stack(0x000000a32ca00000,0x000000a32cb00000)]
  0x0000024b76c374d0 JavaThread "mysql-cj-abandoned-connection-cleanup" daemon [_thread_blocked, id=19344, stack(0x000000a32cb00000,0x000000a32cc00000)]
  0x0000024b7db075e0 JavaThread "HikariPool-1 housekeeper" daemon [_thread_blocked, id=5224, stack(0x000000a32cd00000,0x000000a32ce00000)]
  0x0000024b7db09e60 JavaThread "File Watcher" daemon [_thread_blocked, id=13000, stack(0x000000a32cf00000,0x000000a32d000000)]
  0x0000024b7db0ad90 JavaThread "Live Reload Server" daemon [_thread_in_native, id=21252, stack(0x000000a32d100000,0x000000a32d200000)]
  0x0000024b7db0a880 JavaThread "http-nio-8080-exec-1" daemon [_thread_blocked, id=5340, stack(0x000000a32d000000,0x000000a32d100000)]
  0x0000024b7db07af0 JavaThread "http-nio-8080-exec-2" daemon [_thread_blocked, id=10108, stack(0x000000a32d200000,0x000000a32d300000)]
  0x0000024b7db0b7b0 JavaThread "http-nio-8080-exec-3" daemon [_thread_blocked, id=4040, stack(0x000000a32d300000,0x000000a32d400000)]
  0x0000024b7db08000 JavaThread "http-nio-8080-exec-4" daemon [_thread_blocked, id=9976, stack(0x000000a32d400000,0x000000a32d500000)]
  0x0000024b7db0db20 JavaThread "http-nio-8080-exec-5" daemon [_thread_blocked, id=16620, stack(0x000000a32d500000,0x000000a32d600000)]
  0x0000024b7db0cbf0 JavaThread "http-nio-8080-exec-6" daemon [_thread_blocked, id=20328, stack(0x000000a32d600000,0x000000a32d700000)]
  0x0000024b7db0e030 JavaThread "http-nio-8080-exec-7" daemon [_thread_blocked, id=17940, stack(0x000000a32d700000,0x000000a32d800000)]
  0x0000024b7db0d100 JavaThread "http-nio-8080-exec-8" daemon [_thread_blocked, id=21784, stack(0x000000a32d800000,0x000000a32d900000)]
  0x0000024b7db0d610 JavaThread "http-nio-8080-exec-9" daemon [_thread_blocked, id=21804, stack(0x000000a32d900000,0x000000a32da00000)]
  0x0000024b7db0ea50 JavaThread "http-nio-8080-exec-10" daemon [_thread_blocked, id=11864, stack(0x000000a32da00000,0x000000a32db00000)]
  0x0000024b7db0e540 JavaThread "http-nio-8080-Poller" daemon [_thread_in_native, id=20704, stack(0x000000a32db00000,0x000000a32dc00000)]
  0x0000024b7db0c1d0 JavaThread "http-nio-8080-Acceptor" daemon [_thread_in_native, id=16604, stack(0x000000a32dc00000,0x000000a32dd00000)]
  0x0000024b7db0bcc0 JavaThread "DestroyJavaVM" [_thread_blocked, id=3844, stack(0x000000a329400000,0x000000a329500000)]
  0x0000024b76c34740 JavaThread "RMI TCP Connection(4)-127.0.0.1" daemon [_thread_in_native, id=4504, stack(0x000000a32ba00000,0x000000a32bb00000)]

Other Threads:
  0x0000024b305a2d20 VMThread "VM Thread" [stack: 0x000000a329a00000,0x000000a329b00000] [id=14692]
  0x0000024b303b7d20 WatcherThread [stack: 0x000000a32ad00000,0x000000a32ae00000] [id=16000]
  0x0000024b0ccb41b0 GCTaskThread "GC Thread#0" [stack: 0x000000a329500000,0x000000a329600000] [id=22128]
  0x0000024b76d4e430 GCTaskThread "GC Thread#1" [stack: 0x000000a32b400000,0x000000a32b500000] [id=15108]
  0x0000024b76c9d370 GCTaskThread "GC Thread#2" [stack: 0x000000a32b500000,0x000000a32b600000] [id=17708]
  0x0000024b76622700 GCTaskThread "GC Thread#3" [stack: 0x000000a32b600000,0x000000a32b700000] [id=4412]
  0x0000024b766229c0 GCTaskThread "GC Thread#4" [stack: 0x000000a32b700000,0x000000a32b800000] [id=12600]
  0x0000024b76d58fc0 GCTaskThread "GC Thread#5" [stack: 0x000000a32b800000,0x000000a32b900000] [id=13120]
  0x0000024b77019150 GCTaskThread "GC Thread#6" [stack: 0x000000a32b900000,0x000000a32ba00000] [id=3032]
  0x0000024b7731a5f0 GCTaskThread "GC Thread#7" [stack: 0x000000a32b300000,0x000000a32b400000] [id=10324]
  0x0000024b771e2920 GCTaskThread "GC Thread#8" [stack: 0x000000a32bc00000,0x000000a32bd00000] [id=13760]
  0x0000024b7800cfd0 GCTaskThread "GC Thread#9" [stack: 0x000000a32bd00000,0x000000a32be00000] [id=22352]
  0x0000024b7800d290 GCTaskThread "GC Thread#10" [stack: 0x000000a32c000000,0x000000a32c100000] [id=11924]
  0x0000024b7800c210 GCTaskThread "GC Thread#11" [stack: 0x000000a32c100000,0x000000a32c200000] [id=12680]
  0x0000024b7800ca50 GCTaskThread "GC Thread#12" [stack: 0x000000a32c200000,0x000000a32c300000] [id=19920]
  0x0000024b0ccc7660 ConcurrentGCThread "G1 Main Marker" [stack: 0x000000a329600000,0x000000a329700000] [id=18084]
  0x0000024b0ccc8c40 ConcurrentGCThread "G1 Conc#0" [stack: 0x000000a329700000,0x000000a329800000] [id=13480]
  0x0000024b7800c790 ConcurrentGCThread "G1 Conc#1" [stack: 0x000000a32c300000,0x000000a32c400000] [id=21488]
  0x0000024b7800d550 ConcurrentGCThread "G1 Conc#2" [stack: 0x000000a32c400000,0x000000a32c500000] [id=2496]
  0x0000024b304540e0 ConcurrentGCThread "G1 Refine#0" [stack: 0x000000a329800000,0x000000a329900000] [id=21324]
  0x0000024b304547c0 ConcurrentGCThread "G1 Service" [stack: 0x000000a329900000,0x000000a329a00000] [id=9604]

Threads with active compile tasks:
C2 CompilerThread0    73371 9439   !   4       java.io.ObjectOutputStream::writeObject0 (620 bytes)

VM state: not at safepoint (normal execution)

VM Mutex/Monitor currently owned by a thread: None

Heap address: 0x0000000709c00000, size: 3940 MB, Compressed Oops mode: Zero based, Oop shift amount: 3

CDS archive(s) mapped at: [0x0000024b31000000-0x0000024b31bd0000-0x0000024b31bd0000), size 12386304, SharedBaseAddress: 0x0000024b31000000, ArchiveRelocationMode: 1.
Compressed class space mapped at: 0x0000024b32000000-0x0000024b72000000, reserved size: 1073741824
Narrow klass base: 0x0000024b31000000, Narrow klass shift: 0, Narrow klass range: 0x100000000

GC Precious Log:
 CPUs: 16 total, 16 available
 Memory: 15752M
 Large Page Support: Disabled
 NUMA Support: Disabled
 Compressed Oops: Enabled (Zero based)
 Heap Region Size: 2M
 Heap Min Capacity: 8M
 Heap Initial Capacity: 248M
 Heap Max Capacity: 3940M
 Pre-touch: Disabled
 Parallel Workers: 13
 Concurrent Workers: 3
 Concurrent Refinement Workers: 13
 Periodic GC: Disabled

Heap:
 garbage-first heap   total 90112K, used 67159K [0x0000000709c00000, 0x0000000800000000)
  region size 2048K, 16 young (32768K), 2 survivors (4096K)
 Metaspace       used 85409K, committed 86208K, reserved 1179648K
  class space    used 10882K, committed 11264K, reserved 1048576K

Heap Regions: E=young(eden), S=young(survivor), O=old, HS=humongous(starts), HC=humongous(continues), CS=collection set, F=free, OA=open archive, CA=closed archive, TAMS=top-at-mark-start (previous, next)
|   0|0x0000000709c00000, 0x0000000709e00000, 0x0000000709e00000|100%| O|  |TAMS 0x0000000709e00000, 0x0000000709c00000| Untracked 
|   1|0x0000000709e00000, 0x000000070a000000, 0x000000070a000000|100%| O|  |TAMS 0x000000070a000000, 0x0000000709e00000| Untracked 
|   2|0x000000070a000000, 0x000000070a200000, 0x000000070a200000|100%| O|  |TAMS 0x000000070a200000, 0x000000070a000000| Untracked 
|   3|0x000000070a200000, 0x000000070a400000, 0x000000070a400000|100%| O|  |TAMS 0x000000070a400000, 0x000000070a200000| Untracked 
|   4|0x000000070a400000, 0x000000070a600000, 0x000000070a600000|100%| O|  |TAMS 0x000000070a600000, 0x000000070a400000| Untracked 
|   5|0x000000070a600000, 0x000000070a800000, 0x000000070a800000|100%| O|  |TAMS 0x000000070a800000, 0x000000070a600000| Untracked 
|   6|0x000000070a800000, 0x000000070aa00000, 0x000000070aa00000|100%| O|  |TAMS 0x000000070aa00000, 0x000000070a800000| Untracked 
|   7|0x000000070aa00000, 0x000000070ac00000, 0x000000070ac00000|100%| O|  |TAMS 0x000000070ac00000, 0x000000070aa00000| Untracked 
|   8|0x000000070ac00000, 0x000000070ae00000, 0x000000070ae00000|100%| O|  |TAMS 0x000000070ae00000, 0x000000070ac00000| Untracked 
|   9|0x000000070ae00000, 0x000000070af50c00, 0x000000070b000000| 65%| O|  |TAMS 0x000000070af50c00, 0x000000070ae00000| Untracked 
|  10|0x000000070b000000, 0x000000070b200000, 0x000000070b200000|100%| O|  |TAMS 0x000000070b16b000, 0x000000070b000000| Untracked 
|  11|0x000000070b200000, 0x000000070b400000, 0x000000070b400000|100%| O|  |TAMS 0x000000070b200000, 0x000000070b200000| Untracked 
|  12|0x000000070b400000, 0x000000070b600000, 0x000000070b600000|100%| O|  |TAMS 0x000000070b400000, 0x000000070b400000| Untracked 
|  13|0x000000070b600000, 0x000000070b800000, 0x000000070b800000|100%| O|  |TAMS 0x000000070b600000, 0x000000070b600000| Untracked 
|  14|0x000000070b800000, 0x000000070ba00000, 0x000000070ba00000|100%| O|  |TAMS 0x000000070b800000, 0x000000070b800000| Untracked 
|  15|0x000000070ba00000, 0x000000070bc00000, 0x000000070bc00000|100%| O|  |TAMS 0x000000070ba00000, 0x000000070ba00000| Untracked 
|  16|0x000000070bc00000, 0x000000070be00000, 0x000000070be00000|100%| O|  |TAMS 0x000000070bc00000, 0x000000070bc00000| Untracked 
|  17|0x000000070be00000, 0x000000070c000000, 0x000000070c000000|100%| O|  |TAMS 0x000000070be00000, 0x000000070be00000| Untracked 
|  18|0x000000070c000000, 0x000000070c14ea00, 0x000000070c200000| 65%| O|  |TAMS 0x000000070c000000, 0x000000070c000000| Untracked 
|  19|0x000000070c200000, 0x000000070c200000, 0x000000070c400000|  0%| F|  |TAMS 0x000000070c200000, 0x000000070c200000| Untracked 
|  20|0x000000070c400000, 0x000000070c400000, 0x000000070c600000|  0%| F|  |TAMS 0x000000070c400000, 0x000000070c400000| Untracked 
|  21|0x000000070c600000, 0x000000070c600000, 0x000000070c800000|  0%| F|  |TAMS 0x000000070c600000, 0x000000070c600000| Untracked 
|  22|0x000000070c800000, 0x000000070c800000, 0x000000070ca00000|  0%| F|  |TAMS 0x000000070c800000, 0x000000070c800000| Untracked 
|  23|0x000000070ca00000, 0x000000070ca00000, 0x000000070cc00000|  0%| F|  |TAMS 0x000000070ca00000, 0x000000070ca00000| Untracked 
|  24|0x000000070cc00000, 0x000000070ccf6660, 0x000000070ce00000| 48%| S|CS|TAMS 0x000000070cc00000, 0x000000070cc00000| Complete 
|  25|0x000000070ce00000, 0x000000070ce00000, 0x000000070d000000|  0%| F|  |TAMS 0x000000070ce00000, 0x000000070ce00000| Untracked 
|  26|0x000000070d000000, 0x000000070d000000, 0x000000070d200000|  0%| F|  |TAMS 0x000000070d000000, 0x000000070d000000| Untracked 
|  27|0x000000070d200000, 0x000000070d400000, 0x000000070d400000|100%| S|CS|TAMS 0x000000070d200000, 0x000000070d200000| Complete 
|  28|0x000000070d400000, 0x000000070d400000, 0x000000070d600000|  0%| F|  |TAMS 0x000000070d400000, 0x000000070d400000| Untracked 
|  29|0x000000070d600000, 0x000000070d600000, 0x000000070d800000|  0%| F|  |TAMS 0x000000070d600000, 0x000000070d600000| Untracked 
|  30|0x000000070d800000, 0x000000070d81b778, 0x000000070da00000|  5%| E|  |TAMS 0x000000070d800000, 0x000000070d800000| Complete 
|  31|0x000000070da00000, 0x000000070dc00000, 0x000000070dc00000|100%| E|CS|TAMS 0x000000070da00000, 0x000000070da00000| Complete 
|  32|0x000000070dc00000, 0x000000070de00000, 0x000000070de00000|100%| E|CS|TAMS 0x000000070dc00000, 0x000000070dc00000| Complete 
|  33|0x000000070de00000, 0x000000070e000000, 0x000000070e000000|100%| E|CS|TAMS 0x000000070de00000, 0x000000070de00000| Complete 
|  34|0x000000070e000000, 0x000000070e200000, 0x000000070e200000|100%| E|CS|TAMS 0x000000070e000000, 0x000000070e000000| Complete 
|  35|0x000000070e200000, 0x000000070e400000, 0x000000070e400000|100%| E|CS|TAMS 0x000000070e200000, 0x000000070e200000| Complete 
|  36|0x000000070e400000, 0x000000070e600000, 0x000000070e600000|100%| E|CS|TAMS 0x000000070e400000, 0x000000070e400000| Complete 
|  37|0x000000070e600000, 0x000000070e800000, 0x000000070e800000|100%| E|CS|TAMS 0x000000070e600000, 0x000000070e600000| Complete 
|  38|0x000000070e800000, 0x000000070ea00000, 0x000000070ea00000|100%| E|CS|TAMS 0x000000070e800000, 0x000000070e800000| Complete 
|  39|0x000000070ea00000, 0x000000070ec00000, 0x000000070ec00000|100%| E|CS|TAMS 0x000000070ea00000, 0x000000070ea00000| Complete 
|  40|0x000000070ec00000, 0x000000070ee00000, 0x000000070ee00000|100%| E|CS|TAMS 0x000000070ec00000, 0x000000070ec00000| Complete 
|  41|0x000000070ee00000, 0x000000070f000000, 0x000000070f000000|100%| E|CS|TAMS 0x000000070ee00000, 0x000000070ee00000| Complete 
|  42|0x000000070f000000, 0x000000070f200000, 0x000000070f200000|100%| E|CS|TAMS 0x000000070f000000, 0x000000070f000000| Complete 
| 123|0x0000000719200000, 0x0000000719400000, 0x0000000719400000|100%| E|CS|TAMS 0x0000000719200000, 0x0000000719200000| Complete 

Card table byte_map: [0x0000024b24ca0000,0x0000024b25460000] _byte_map_base: 0x0000024b21452000

Marking Bits (Prev, Next): (CMBitMap*) 0x0000024b0ccb7730, (CMBitMap*) 0x0000024b0ccb76f0
 Prev Bits: [0x0000024b299b0000, 0x0000024b2d740000)
 Next Bits: [0x0000024b25c20000, 0x0000024b299b0000)

Polling page: 0x0000024b0b3d0000

Metaspace:

Usage:
  Non-class:     72.78 MB used.
      Class:     10.63 MB used.
       Both:     83.41 MB used.

Virtual space:
  Non-class space:      128.00 MB reserved,      73.19 MB ( 57%) committed,  2 nodes.
      Class space:        1.00 GB reserved,      11.00 MB (  1%) committed,  1 nodes.
             Both:        1.12 GB reserved,      84.19 MB (  7%) committed. 

Chunk freelists:
   Non-Class:  6.55 MB
       Class:  4.85 MB
        Both:  11.39 MB

MaxMetaspaceSize: unlimited
CompressedClassSpaceSize: 1.00 GB
Initial GC threshold: 21.00 MB
Current GC threshold: 98.12 MB
CDS: on
MetaspaceReclaimPolicy: balanced
 - commit_granule_bytes: 65536.
 - commit_granule_words: 8192.
 - virtual_space_node_default_size: 8388608.
 - enlarge_chunks_in_place: 1.
 - new_chunks_are_fully_committed: 0.
 - uncommit_free_chunks: 1.
 - use_allocation_guard: 0.
 - handle_deallocations: 1.


Internal statistics:

num_allocs_failed_limit: 9.
num_arena_births: 1060.
num_arena_deaths: 0.
num_vsnodes_births: 3.
num_vsnodes_deaths: 0.
num_space_committed: 1347.
num_space_uncommitted: 0.
num_chunks_returned_to_freelist: 9.
num_chunks_taken_from_freelist: 4014.
num_chunk_merges: 6.
num_chunk_splits: 2860.
num_chunks_enlarged: 2161.
num_inconsistent_stats: 0.

CodeHeap 'non-profiled nmethods': size=119168Kb used=6484Kb max_used=6484Kb free=112683Kb
 bounds [0x0000024b1c0d0000, 0x0000024b1c730000, 0x0000024b23530000]
CodeHeap 'profiled nmethods': size=119104Kb used=18584Kb max_used=18584Kb free=100519Kb
 bounds [0x0000024b14530000, 0x0000024b15760000, 0x0000024b1b980000]
CodeHeap 'non-nmethods': size=7488Kb used=1403Kb max_used=3162Kb free=6084Kb
 bounds [0x0000024b1b980000, 0x0000024b1bca0000, 0x0000024b1c0d0000]
 total_blobs=8975 nmethods=8222 adapters=664
 compilation: enabled
              stopped_count=0, restarted_count=0
 full_count=0

Compilation events (20 events):
Event: 67.249 Thread 0x0000024b308f9f90 nmethod 9440 0x0000024b1574c690 code [0x0000024b1574c8e0, 0x0000024b1574d358]
Event: 67.249 Thread 0x0000024b308f9f90 9441       3       org.springframework.boot.actuate.endpoint.InvocationContext::resolveArgument (61 bytes)
Event: 67.250 Thread 0x0000024b308f9f90 nmethod 9441 0x0000024b1574d990 code [0x0000024b1574dbc0, 0x0000024b1574e4f8]
Event: 67.251 Thread 0x0000024b308f9f90 9442   !   3       com.fasterxml.jackson.databind.ser.impl.IndexedListSerializer::serializeContentsUsing (103 bytes)
Event: 67.252 Thread 0x0000024b308f9f90 nmethod 9442 0x0000024b1574e810 code [0x0000024b1574ea60, 0x0000024b1574f448]
Event: 68.028 Thread 0x0000024b308f9f90 9445       3       java.util.concurrent.ScheduledThreadPoolExecutor::canRunInCurrentRunState (61 bytes)
Event: 69.270 Thread 0x0000024b308f9f90 nmethod 9445 0x0000024b1574f890 code [0x0000024b1574faa0, 0x0000024b157502c8]
Event: 70.277 Thread 0x0000024b308f9f90 9446       3       java.lang.String::formatted (16 bytes)
Event: 71.284 Thread 0x0000024b308f9f90 nmethod 9446 0x0000024b15750510 code [0x0000024b15750740, 0x0000024b15750f08]
Event: 71.328 Thread 0x0000024b308f9f90 9448       3       java.security.Permissions::<init> (28 bytes)
Event: 71.328 Thread 0x0000024b308f9f90 nmethod 9448 0x0000024b15751210 code [0x0000024b15751400, 0x0000024b15751788]
Event: 71.332 Thread 0x0000024b308f9f90 9449       3       java.security.Permissions::add (54 bytes)
Event: 71.332 Thread 0x0000024b308f9f90 nmethod 9449 0x0000024b15751910 code [0x0000024b15751b00, 0x0000024b157521c8]
Event: 71.333 Thread 0x0000024b308f9f90 9450   !   3       com.fasterxml.jackson.databind.deser.std.MapDeserializer::_readAndBindStringKeyMap (302 bytes)
Event: 71.334 Thread 0x0000024b308f9f90 nmethod 9450 0x0000024b15752310 code [0x0000024b157525e0, 0x0000024b15753698]
Event: 71.334 Thread 0x0000024b308f9f90 9451       3       com.sun.jmx.interceptor.DefaultMBeanServerInterceptor::nonDefaultDomain (32 bytes)
Event: 71.335 Thread 0x0000024b308f9f90 nmethod 9451 0x0000024b15753d10 code [0x0000024b15753f40, 0x0000024b15754638]
Event: 71.335 Thread 0x0000024b308f9f90 9452   !   3       jdk.internal.reflect.GeneratedSerializationConstructorAccessor10::newInstance (49 bytes)
Event: 71.336 Thread 0x0000024b308f9f90 nmethod 9452 0x0000024b15754990 code [0x0000024b15754b60, 0x0000024b15754f88]
Event: 71.336 Thread 0x0000024b308f9f90 9453       3       java.rmi.MarshalledObject::readObject (13 bytes)

GC Heap History (20 events):
Event: 3.806 GC heap before
{Heap before GC invocations=10 (full 0):
 garbage-first heap   total 55296K, used 29692K [0x0000000709c00000, 0x0000000800000000)
  region size 2048K, 7 young (14336K), 2 survivors (4096K)
 Metaspace       used 35530K, committed 35968K, reserved 1114112K
  class space    used 4428K, committed 4672K, reserved 1048576K
}
Event: 3.809 GC heap after
{Heap after GC invocations=11 (full 0):
 garbage-first heap   total 155648K, used 22231K [0x0000000709c00000, 0x0000000800000000)
  region size 2048K, 2 young (4096K), 2 survivors (4096K)
 Metaspace       used 35530K, committed 35968K, reserved 1114112K
  class space    used 4428K, committed 4672K, reserved 1048576K
}
Event: 4.919 GC heap before
{Heap before GC invocations=12 (full 0):
 garbage-first heap   total 90112K, used 71383K [0x0000000709c00000, 0x0000000800000000)
  region size 2048K, 26 young (53248K), 2 survivors (4096K)
 Metaspace       used 41080K, committed 41664K, reserved 1114112K
  class space    used 5167K, committed 5440K, reserved 1048576K
}
Event: 4.922 GC heap after
{Heap after GC invocations=13 (full 0):
 garbage-first heap   total 90112K, used 24344K [0x0000000709c00000, 0x0000000800000000)
  region size 2048K, 3 young (6144K), 3 survivors (6144K)
 Metaspace       used 41080K, committed 41664K, reserved 1114112K
  class space    used 5167K, committed 5440K, reserved 1048576K
}
Event: 6.134 GC heap before
{Heap before GC invocations=13 (full 0):
 garbage-first heap   total 90112K, used 65304K [0x0000000709c00000, 0x0000000800000000)
  region size 2048K, 23 young (47104K), 3 survivors (6144K)
 Metaspace       used 53907K, committed 54464K, reserved 1114112K
  class space    used 6901K, committed 7168K, reserved 1048576K
}
Event: 6.137 GC heap after
{Heap after GC invocations=14 (full 0):
 garbage-first heap   total 90112K, used 27375K [0x0000000709c00000, 0x0000000800000000)
  region size 2048K, 3 young (6144K), 3 survivors (6144K)
 Metaspace       used 53907K, committed 54464K, reserved 1114112K
  class space    used 6901K, committed 7168K, reserved 1048576K
}
Event: 6.589 GC heap before
{Heap before GC invocations=14 (full 0):
 garbage-first heap   total 90112K, used 45807K [0x0000000709c00000, 0x0000000800000000)
  region size 2048K, 13 young (26624K), 3 survivors (6144K)
 Metaspace       used 59670K, committed 60160K, reserved 1114112K
  class space    used 7686K, committed 7936K, reserved 1048576K
}
Event: 6.593 GC heap after
{Heap after GC invocations=15 (full 0):
 garbage-first heap   total 90112K, used 28855K [0x0000000709c00000, 0x0000000800000000)
  region size 2048K, 1 young (2048K), 1 survivors (2048K)
 Metaspace       used 59670K, committed 60160K, reserved 1114112K
  class space    used 7686K, committed 7936K, reserved 1048576K
}
Event: 7.221 GC heap before
{Heap before GC invocations=16 (full 0):
 garbage-first heap   total 90112K, used 67767K [0x0000000709c00000, 0x0000000800000000)
  region size 2048K, 20 young (40960K), 1 survivors (2048K)
 Metaspace       used 65757K, committed 66304K, reserved 1114112K
  class space    used 8703K, committed 8960K, reserved 1048576K
}
Event: 7.223 GC heap after
{Heap after GC invocations=17 (full 0):
 garbage-first heap   total 90112K, used 30652K [0x0000000709c00000, 0x0000000800000000)
  region size 2048K, 2 young (4096K), 2 survivors (4096K)
 Metaspace       used 65757K, committed 66304K, reserved 1114112K
  class space    used 8703K, committed 8960K, reserved 1048576K
}
Event: 8.065 GC heap before
{Heap before GC invocations=17 (full 0):
 garbage-first heap   total 90112K, used 69564K [0x0000000709c00000, 0x0000000800000000)
  region size 2048K, 21 young (43008K), 2 survivors (4096K)
 Metaspace       used 69370K, committed 69952K, reserved 1114112K
  class space    used 9175K, committed 9472K, reserved 1048576K
}
Event: 8.068 GC heap after
{Heap after GC invocations=18 (full 0):
 garbage-first heap   total 90112K, used 33506K [0x0000000709c00000, 0x0000000800000000)
  region size 2048K, 3 young (6144K), 3 survivors (6144K)
 Metaspace       used 69370K, committed 69952K, reserved 1114112K
  class space    used 9175K, committed 9472K, reserved 1048576K
}
Event: 8.715 GC heap before
{Heap before GC invocations=18 (full 0):
 garbage-first heap   total 90112K, used 68322K [0x0000000709c00000, 0x0000000800000000)
  region size 2048K, 20 young (40960K), 3 survivors (6144K)
 Metaspace       used 70912K, committed 71552K, reserved 1114112K
  class space    used 9405K, committed 9728K, reserved 1048576K
}
Event: 8.719 GC heap after
{Heap after GC invocations=19 (full 0):
 garbage-first heap   total 90112K, used 35723K [0x0000000709c00000, 0x0000000800000000)
  region size 2048K, 3 young (6144K), 3 survivors (6144K)
 Metaspace       used 70912K, committed 71552K, reserved 1114112K
  class space    used 9405K, committed 9728K, reserved 1048576K
}
Event: 9.951 GC heap before
{Heap before GC invocations=19 (full 0):
 garbage-first heap   total 90112K, used 66443K [0x0000000709c00000, 0x0000000800000000)
  region size 2048K, 19 young (38912K), 3 survivors (6144K)
 Metaspace       used 73909K, committed 74624K, reserved 1114112K
  class space    used 9826K, committed 10176K, reserved 1048576K
}
Event: 9.956 GC heap after
{Heap after GC invocations=20 (full 0):
 garbage-first heap   total 90112K, used 37722K [0x0000000709c00000, 0x0000000800000000)
  region size 2048K, 3 young (6144K), 3 survivors (6144K)
 Metaspace       used 73909K, committed 74624K, reserved 1114112K
  class space    used 9826K, committed 10176K, reserved 1048576K
}
Event: 17.912 GC heap before
{Heap before GC invocations=20 (full 0):
 garbage-first heap   total 90112K, used 66394K [0x0000000709c00000, 0x0000000800000000)
  region size 2048K, 18 young (36864K), 3 survivors (6144K)
 Metaspace       used 79683K, committed 80384K, reserved 1179648K
  class space    used 10346K, committed 10688K, reserved 1048576K
}
Event: 17.915 GC heap after
{Heap after GC invocations=21 (full 0):
 garbage-first heap   total 90112K, used 39514K [0x0000000709c00000, 0x0000000800000000)
  region size 2048K, 3 young (6144K), 3 survivors (6144K)
 Metaspace       used 79683K, committed 80384K, reserved 1179648K
  class space    used 10346K, committed 10688K, reserved 1048576K
}
Event: 27.091 GC heap before
{Heap before GC invocations=21 (full 0):
 garbage-first heap   total 90112K, used 68186K [0x0000000709c00000, 0x0000000800000000)
  region size 2048K, 18 young (36864K), 3 survivors (6144K)
 Metaspace       used 84905K, committed 85696K, reserved 1179648K
  class space    used 10825K, committed 11200K, reserved 1048576K
}
Event: 27.094 GC heap after
{Heap after GC invocations=22 (full 0):
 garbage-first heap   total 90112K, used 40535K [0x0000000709c00000, 0x0000000800000000)
  region size 2048K, 2 young (4096K), 2 survivors (4096K)
 Metaspace       used 84905K, committed 85696K, reserved 1179648K
  class space    used 10825K, committed 11200K, reserved 1048576K
}

Deoptimization events (20 events):
Event: 27.057 Thread 0x0000024b7db07af0 Uncommon trap: trap_request=0xffffff66 fr.pc=0x0000024b1c21c7b8 relative=0x0000000000000bf8
Event: 27.057 Thread 0x0000024b7db07af0 Uncommon trap: reason=speculate_class_check action=maybe_recompile pc=0x0000024b1c21c7b8 method=org.springframework.transaction.interceptor.AbstractFallbackTransactionAttributeSource.getTransactionAttribute(Ljava/lang/reflect/Method;Ljava/lang/Class;)Lorg
Event: 27.057 Thread 0x0000024b7db07af0 DEOPT PACKING pc=0x0000024b1c21c7b8 sp=0x000000a32d2fcaf0
Event: 27.057 Thread 0x0000024b7db07af0 DEOPT UNPACKING pc=0x0000024b1b9d23a3 sp=0x000000a32d2fca98 mode 2
Event: 27.058 Thread 0x0000024b7db07af0 Uncommon trap: trap_request=0xffffffde fr.pc=0x0000024b1c336260 relative=0x00000000000012c0
Event: 27.058 Thread 0x0000024b7db07af0 Uncommon trap: reason=class_check action=maybe_recompile pc=0x0000024b1c336260 method=org.springframework.core.annotation.AnnotatedElementUtils.getAnnotationAttributes(Lorg/springframework/core/annotation/MergedAnnotation;ZZ)Lorg/springframework/core/anno
Event: 27.058 Thread 0x0000024b7db07af0 DEOPT PACKING pc=0x0000024b1c336260 sp=0x000000a32d2fc970
Event: 27.058 Thread 0x0000024b7db07af0 DEOPT UNPACKING pc=0x0000024b1b9d23a3 sp=0x000000a32d2fc7d8 mode 2
Event: 27.139 Thread 0x0000024b7db07af0 Uncommon trap: trap_request=0xffffffd6 fr.pc=0x0000024b1c2db990 relative=0x00000000000007d0
Event: 27.139 Thread 0x0000024b7db07af0 Uncommon trap: reason=array_check action=maybe_recompile pc=0x0000024b1c2db990 method=java.util.concurrent.ConcurrentHashMap$CollectionView.toArray([Ljava/lang/Object;)[Ljava/lang/Object; @ 158 c2
Event: 27.139 Thread 0x0000024b7db07af0 DEOPT PACKING pc=0x0000024b1c2db990 sp=0x000000a32d2fc990
Event: 27.139 Thread 0x0000024b7db07af0 DEOPT UNPACKING pc=0x0000024b1b9d23a3 sp=0x000000a32d2fc920 mode 2
Event: 27.149 Thread 0x0000024b7db07af0 Uncommon trap: trap_request=0xffffffbe fr.pc=0x0000024b1c4c1060 relative=0x0000000000000340
Event: 27.149 Thread 0x0000024b7db07af0 Uncommon trap: reason=profile_predicate action=maybe_recompile pc=0x0000024b1c4c1060 method=java.util.HashMap.keysToArray([Ljava/lang/Object;)[Ljava/lang/Object; @ 32 c2
Event: 27.149 Thread 0x0000024b7db07af0 DEOPT PACKING pc=0x0000024b1c4c1060 sp=0x000000a32d2fc810
Event: 27.149 Thread 0x0000024b7db07af0 DEOPT UNPACKING pc=0x0000024b1b9d23a3 sp=0x000000a32d2fc7c0 mode 2
Event: 64.374 Thread 0x0000024b76c37ef0 Uncommon trap: trap_request=0xffffffde fr.pc=0x0000024b1c70d9fc relative=0x000000000000137c
Event: 64.374 Thread 0x0000024b76c37ef0 Uncommon trap: reason=class_check action=maybe_recompile pc=0x0000024b1c70d9fc method=java.util.concurrent.ConcurrentHashMap$CollectionView.toArray([Ljava/lang/Object;)[Ljava/lang/Object; @ 53 c2
Event: 64.374 Thread 0x0000024b76c37ef0 DEOPT PACKING pc=0x0000024b1c70d9fc sp=0x000000a32c8febb0
Event: 64.374 Thread 0x0000024b76c37ef0 DEOPT UNPACKING pc=0x0000024b1b9d23a3 sp=0x000000a32c8feb60 mode 2

Classes unloaded (0 events):
No events

Classes redefined (0 events):
No events

Internal exceptions (20 events):
Event: 71.340 Thread 0x0000024b76b6b120 Exception <a 'java/lang/ClassNotFoundException'{0x000000070db10ab0}: org/springframework/boot/actuate/endpoint/jmx/DataEndpointMBean> (0x000000070db10ab0) 
thrown [s\open\src\hotspot\share\classfile\systemDictionary.cpp, line 256]
Event: 71.340 Thread 0x0000024b76b6b120 Exception <a 'java/lang/ClassNotFoundException'{0x000000070db10e50}: org/springframework/context/support/LiveBeansView> (0x000000070db10e50) 
thrown [s\open\src\hotspot\share\classfile\systemDictionary.cpp, line 256]
Event: 71.340 Thread 0x0000024b76b6b120 Exception <a 'java/lang/ClassNotFoundException'{0x000000070db11ee8}: org/springframework/boot/actuate/endpoint/jmx/EndpointMBean> (0x000000070db11ee8) 
thrown [s\open\src\hotspot\share\classfile\systemDictionary.cpp, line 256]
Event: 71.340 Thread 0x0000024b76b6b120 Exception <a 'java/lang/ClassNotFoundException'{0x000000070db122a8}: org/springframework/boot/actuate/endpoint/jmx/DataEndpointMBean> (0x000000070db122a8) 
thrown [s\open\src\hotspot\share\classfile\systemDictionary.cpp, line 256]
Event: 71.340 Thread 0x0000024b76b6b120 Exception <a 'java/lang/ClassNotFoundException'{0x000000070db12660}: org/springframework/context/support/LiveBeansView> (0x000000070db12660) 
thrown [s\open\src\hotspot\share\classfile\systemDictionary.cpp, line 256]
Event: 71.340 Thread 0x0000024b76b6b120 Exception <a 'java/lang/ClassNotFoundException'{0x000000070db12a10}: org/springframework/boot/actuate/endpoint/jmx/EndpointMBean> (0x000000070db12a10) 
thrown [s\open\src\hotspot\share\classfile\systemDictionary.cpp, line 256]
Event: 71.340 Thread 0x0000024b76b6b120 Exception <a 'java/lang/ClassNotFoundException'{0x000000070db12dc0}: org/springframework/boot/actuate/endpoint/jmx/DataEndpointMBean> (0x000000070db12dc0) 
thrown [s\open\src\hotspot\share\classfile\systemDictionary.cpp, line 256]
Event: 71.340 Thread 0x0000024b76b6b120 Exception <a 'java/lang/ClassNotFoundException'{0x000000070db13168}: org/springframework/context/support/LiveBeansView> (0x000000070db13168) 
thrown [s\open\src\hotspot\share\classfile\systemDictionary.cpp, line 256]
Event: 71.342 Thread 0x0000024b76b6b120 Exception <a 'java/lang/ClassNotFoundException'{0x000000070db5fab8}: org/springframework/boot/actuate/endpoint/jmx/EndpointMBean> (0x000000070db5fab8) 
thrown [s\open\src\hotspot\share\classfile\systemDictionary.cpp, line 256]
Event: 71.343 Thread 0x0000024b76b6b120 Exception <a 'java/lang/ClassNotFoundException'{0x000000070dba8b90}: org/springframework/boot/actuate/endpoint/jmx/DataEndpointMBean> (0x000000070dba8b90) 
thrown [s\open\src\hotspot\share\classfile\systemDictionary.cpp, line 256]
Event: 71.344 Thread 0x0000024b76b6b120 Exception <a 'java/lang/ClassNotFoundException'{0x000000070dbf1c48}: org/springframework/context/support/LiveBeansView> (0x000000070dbf1c48) 
thrown [s\open\src\hotspot\share\classfile\systemDictionary.cpp, line 256]
Event: 71.344 Thread 0x0000024b76b6b120 Exception <a 'java/lang/ClassNotFoundException'{0x000000070dbf5a68}: org/springframework/boot/actuate/endpoint/jmx/EndpointMBean> (0x000000070dbf5a68) 
thrown [s\open\src\hotspot\share\classfile\systemDictionary.cpp, line 256]
Event: 71.344 Thread 0x0000024b76b6b120 Exception <a 'java/lang/ClassNotFoundException'{0x000000070dbf5e38}: org/springframework/boot/actuate/endpoint/jmx/DataEndpointMBean> (0x000000070dbf5e38) 
thrown [s\open\src\hotspot\share\classfile\systemDictionary.cpp, line 256]
Event: 71.344 Thread 0x0000024b76b6b120 Exception <a 'java/lang/ClassNotFoundException'{0x000000070dbf6200}: org/springframework/context/support/LiveBeansView> (0x000000070dbf6200) 
thrown [s\open\src\hotspot\share\classfile\systemDictionary.cpp, line 256]
Event: 71.344 Thread 0x0000024b76b6b120 Exception <a 'java/lang/ClassNotFoundException'{0x000000070dbf65b8}: org/springframework/boot/actuate/endpoint/jmx/EndpointMBean> (0x000000070dbf65b8) 
thrown [s\open\src\hotspot\share\classfile\systemDictionary.cpp, line 256]
Event: 71.344 Thread 0x0000024b76b6b120 Exception <a 'java/lang/ClassNotFoundException'{0x000000070dbf6970}: org/springframework/boot/actuate/endpoint/jmx/DataEndpointMBean> (0x000000070dbf6970) 
thrown [s\open\src\hotspot\share\classfile\systemDictionary.cpp, line 256]
Event: 71.344 Thread 0x0000024b76b6b120 Exception <a 'java/lang/ClassNotFoundException'{0x000000070dbf6d20}: org/springframework/context/support/LiveBeansView> (0x000000070dbf6d20) 
thrown [s\open\src\hotspot\share\classfile\systemDictionary.cpp, line 256]
Event: 71.344 Thread 0x0000024b76b6b120 Exception <a 'java/lang/ClassNotFoundException'{0x000000070dbf70d8}: org/springframework/boot/actuate/endpoint/jmx/EndpointMBean> (0x000000070dbf70d8) 
thrown [s\open\src\hotspot\share\classfile\systemDictionary.cpp, line 256]
Event: 71.344 Thread 0x0000024b76b6b120 Exception <a 'java/lang/ClassNotFoundException'{0x000000070dbf7490}: org/springframework/boot/actuate/endpoint/jmx/DataEndpointMBean> (0x000000070dbf7490) 
thrown [s\open\src\hotspot\share\classfile\systemDictionary.cpp, line 256]
Event: 71.344 Thread 0x0000024b76b6b120 Exception <a 'java/lang/ClassNotFoundException'{0x000000070dbf7840}: org/springframework/context/support/LiveBeansView> (0x000000070dbf7840) 
thrown [s\open\src\hotspot\share\classfile\systemDictionary.cpp, line 256]

VM Operations (20 events):
Event: 30.111 Executing VM operation: Cleanup done
Event: 38.171 Executing VM operation: Cleanup
Event: 38.172 Executing VM operation: Cleanup done
Event: 41.180 Executing VM operation: Cleanup
Event: 41.180 Executing VM operation: Cleanup done
Event: 46.206 Executing VM operation: Cleanup
Event: 46.206 Executing VM operation: Cleanup done
Event: 55.273 Executing VM operation: Cleanup
Event: 55.273 Executing VM operation: Cleanup done
Event: 56.281 Executing VM operation: Cleanup
Event: 56.281 Executing VM operation: Cleanup done
Event: 60.107 Executing VM operation: HandshakeAllThreads
Event: 60.107 Executing VM operation: HandshakeAllThreads done
Event: 60.107 Executing VM operation: Cleanup
Event: 60.108 Executing VM operation: Cleanup done
Event: 61.121 Executing VM operation: Cleanup
Event: 61.121 Executing VM operation: Cleanup done
Event: 68.183 Executing VM operation: Cleanup
Event: 69.269 Executing VM operation: Cleanup done
Event: 72.288 Executing VM operation: Cleanup

Events (20 events):
Event: 18.346 loading class java/util/Hashtable$ValueCollection done
Event: 18.401 loading class java/io/WriteAbortedException
Event: 18.401 loading class java/io/WriteAbortedException done
Event: 18.401 loading class sun/security/provider/SecureRandom
Event: 18.401 loading class sun/security/provider/SecureRandom done
Event: 18.401 loading class sun/security/provider/SecureRandom$SeederHolder
Event: 18.401 loading class sun/security/provider/SecureRandom$SeederHolder done
Event: 18.434 loading class java/lang/StringEditor
Event: 18.434 loading class java/lang/StringEditor done
Event: 18.446 loading class java/util/ArrayDeque$DescendingIterator
Event: 18.446 loading class java/util/ArrayDeque$DescendingIterator done
Event: 18.591 Thread 0x0000024b7e6fbbe0 Thread exited: 0x0000024b7e6fbbe0
Event: 19.614 Thread 0x0000024b7e6fc680 Thread exited: 0x0000024b7e6fc680
Event: 20.236 Thread 0x0000024b7e6fa6a0 Thread exited: 0x0000024b7e6fa6a0
Event: 27.129 loading class jdk/internal/loader/BootLoader$PackageHelper
Event: 27.129 loading class jdk/internal/loader/BootLoader$PackageHelper done
Event: 27.138 loading class java/lang/Throwable$WrappedPrintWriter
Event: 27.138 loading class java/lang/Throwable$WrappedPrintWriter done
Event: 45.248 Thread 0x0000024b7e6fc680 Thread added: 0x0000024b7e6fc680
Event: 48.039 Thread 0x0000024b7e6fc680 Thread exited: 0x0000024b7e6fc680


Dynamic libraries:
0x00007ff629e00000 - 0x00007ff629e10000 	C:\Program Files\Java\jdk-17\bin\java.exe
0x00007ffdf3020000 - 0x00007ffdf3283000 	C:\WINDOWS\SYSTEM32\ntdll.dll
0x00007ffdf1ec0000 - 0x00007ffdf1f87000 	C:\WINDOWS\System32\KERNEL32.DLL
0x00007ffdf07e0000 - 0x00007ffdf0ba7000 	C:\WINDOWS\System32\KERNELBASE.dll
0x00007ffdf0be0000 - 0x00007ffdf0d2c000 	C:\WINDOWS\System32\ucrtbase.dll
0x00007ffde3bd0000 - 0x00007ffde3be9000 	C:\Program Files\Java\jdk-17\bin\jli.dll
0x00007ffddf7a0000 - 0x00007ffddf7bb000 	C:\Program Files\Java\jdk-17\bin\VCRUNTIME140.dll
0x00007ffdf1bc0000 - 0x00007ffdf1c74000 	C:\WINDOWS\System32\ADVAPI32.dll
0x00007ffdf2f10000 - 0x00007ffdf2fb9000 	C:\WINDOWS\System32\msvcrt.dll
0x00007ffdf2740000 - 0x00007ffdf27e6000 	C:\WINDOWS\System32\sechost.dll
0x00007ffdf0e60000 - 0x00007ffdf0f76000 	C:\WINDOWS\System32\RPCRT4.dll
0x00007ffdf28b0000 - 0x00007ffdf2a79000 	C:\WINDOWS\System32\USER32.dll
0x00007ffddc510000 - 0x00007ffddc7a0000 	C:\WINDOWS\WinSxS\amd64_microsoft.windows.common-controls_6595b64144ccf1df_6.0.26100.3037_none_3e09262ce333c378\COMCTL32.dll
0x00007ffdf0bb0000 - 0x00007ffdf0bd7000 	C:\WINDOWS\System32\win32u.dll
0x00007ffdf27f0000 - 0x00007ffdf281a000 	C:\WINDOWS\System32\GDI32.dll
0x00007ffdf0530000 - 0x00007ffdf065b000 	C:\WINDOWS\System32\gdi32full.dll
0x00007ffdf03c0000 - 0x00007ffdf0463000 	C:\WINDOWS\System32\msvcp_win.dll
0x00007ffdea3c0000 - 0x00007ffdea3cb000 	C:\WINDOWS\SYSTEM32\VERSION.dll
0x00007ffdf16e0000 - 0x00007ffdf170f000 	C:\WINDOWS\System32\IMM32.DLL
0x00007ffde3b80000 - 0x00007ffde3b8c000 	C:\Program Files\Java\jdk-17\bin\vcruntime140_1.dll
0x00007ffdccd40000 - 0x00007ffdccdce000 	C:\Program Files\Java\jdk-17\bin\msvcp140.dll
0x00007ffd5b870000 - 0x00007ffd5c450000 	C:\Program Files\Java\jdk-17\bin\server\jvm.dll
0x00007ffdf16d0000 - 0x00007ffdf16d8000 	C:\WINDOWS\System32\PSAPI.DLL
0x00007ffde5b40000 - 0x00007ffde5b4a000 	C:\WINDOWS\SYSTEM32\WSOCK32.dll
0x00007ffdea380000 - 0x00007ffdea3b6000 	C:\WINDOWS\SYSTEM32\WINMM.dll
0x00007ffdf1f90000 - 0x00007ffdf2004000 	C:\WINDOWS\System32\WS2_32.dll
0x00007ffdef1f0000 - 0x00007ffdef20a000 	C:\WINDOWS\SYSTEM32\kernel.appcore.dll
0x00007ffddd430000 - 0x00007ffddd43a000 	C:\Program Files\Java\jdk-17\bin\jimage.dll
0x00007ffde4f90000 - 0x00007ffde51d1000 	C:\WINDOWS\SYSTEM32\DBGHELP.DLL
0x00007ffdf2260000 - 0x00007ffdf25de000 	C:\WINDOWS\System32\combase.dll
0x00007ffdf18f0000 - 0x00007ffdf19c6000 	C:\WINDOWS\System32\OLEAUT32.dll
0x00007ffdd77f0000 - 0x00007ffdd7829000 	C:\WINDOWS\SYSTEM32\dbgcore.DLL
0x00007ffdf0d30000 - 0x00007ffdf0dc9000 	C:\WINDOWS\System32\bcryptPrimitives.dll
0x00007ffdccc80000 - 0x00007ffdccca5000 	C:\Program Files\Java\jdk-17\bin\java.dll
0x00007ffda02d0000 - 0x00007ffda03a7000 	C:\Program Files\Java\jdk-17\bin\jsvml.dll
0x00007ffdf0f90000 - 0x00007ffdf1694000 	C:\WINDOWS\System32\SHELL32.dll
0x00007ffdee090000 - 0x00007ffdee8c7000 	C:\WINDOWS\SYSTEM32\windows.storage.dll
0x00007ffdf2650000 - 0x00007ffdf2739000 	C:\WINDOWS\System32\SHCORE.dll
0x00007ffdf21f0000 - 0x00007ffdf224d000 	C:\WINDOWS\System32\shlwapi.dll
0x00007ffdf02d0000 - 0x00007ffdf02fe000 	C:\WINDOWS\SYSTEM32\profapi.dll
0x00007ffdccce0000 - 0x00007ffdcccf9000 	C:\Program Files\Java\jdk-17\bin\net.dll
0x00007ffde79d0000 - 0x00007ffde7aee000 	C:\WINDOWS\SYSTEM32\WINHTTP.dll
0x00007ffdef700000 - 0x00007ffdef76a000 	C:\WINDOWS\system32\mswsock.dll
0x00007ffdcc900000 - 0x00007ffdcc916000 	C:\Program Files\Java\jdk-17\bin\nio.dll
0x00007ffdcc8e0000 - 0x00007ffdcc8f8000 	C:\Program Files\Java\jdk-17\bin\zip.dll
0x00007ffddbcc0000 - 0x00007ffddbcca000 	C:\Program Files\Java\jdk-17\bin\management.dll
0x00007ffdce9a0000 - 0x00007ffdce9ab000 	C:\Program Files\Java\jdk-17\bin\management_ext.dll
0x00007ffdd1780000 - 0x00007ffdd1798000 	C:\WINDOWS\system32\napinsp.dll
0x00007ffdeece0000 - 0x00007ffdeee05000 	C:\WINDOWS\SYSTEM32\DNSAPI.dll
0x00007ffdeec40000 - 0x00007ffdeec72000 	C:\WINDOWS\SYSTEM32\IPHLPAPI.DLL
0x00007ffdf1e00000 - 0x00007ffdf1e0a000 	C:\WINDOWS\System32\NSI.dll
0x00007ffdd1760000 - 0x00007ffdd1772000 	C:\WINDOWS\System32\winrnr.dll
0x00007ffdd1730000 - 0x00007ffdd1752000 	C:\WINDOWS\system32\nlansp_c.dll
0x00007ffdd1710000 - 0x00007ffdd1726000 	C:\WINDOWS\system32\wshbth.dll
0x00007ffde7810000 - 0x00007ffde781b000 	C:\Windows\System32\rasadhlp.dll
0x00007ffdea7f0000 - 0x00007ffdea875000 	C:\WINDOWS\System32\fwpuclnt.dll
0x00007ffdef9a0000 - 0x00007ffdef9bc000 	C:\WINDOWS\SYSTEM32\CRYPTSP.dll
0x00007ffdef150000 - 0x00007ffdef188000 	C:\WINDOWS\system32\rsaenh.dll
0x00007ffdef7a0000 - 0x00007ffdef7cb000 	C:\WINDOWS\SYSTEM32\USERENV.dll
0x00007ffdefbe0000 - 0x00007ffdefc06000 	C:\WINDOWS\SYSTEM32\bcrypt.dll
0x00007ffdef9c0000 - 0x00007ffdef9cc000 	C:\WINDOWS\SYSTEM32\CRYPTBASE.dll
0x00007ffdea3d0000 - 0x00007ffdea3ef000 	C:\WINDOWS\SYSTEM32\dhcpcsvc6.DLL
0x00007ffdea350000 - 0x00007ffdea375000 	C:\WINDOWS\SYSTEM32\dhcpcsvc.DLL
0x00007ffdcd3d0000 - 0x00007ffdcd3de000 	C:\Program Files\Java\jdk-17\bin\sunmscapi.dll
0x00007ffdf0660000 - 0x00007ffdf07d6000 	C:\WINDOWS\System32\CRYPT32.dll
0x00007ffdefba0000 - 0x00007ffdefbd0000 	C:\WINDOWS\SYSTEM32\ncrypt.dll
0x00007ffdefb50000 - 0x00007ffdefb8f000 	C:\WINDOWS\SYSTEM32\NTASN1.dll
0x00007ffdcd080000 - 0x00007ffdcd090000 	C:\Program Files\Java\jdk-17\bin\verify.dll
0x00007ffdd1660000 - 0x00007ffdd1668000 	C:\WINDOWS\system32\wshunix.dll

dbghelp: loaded successfully - version: 4.0.5 - missing functions: none
symbol engine: initialized successfully - sym options: 0x614 - pdb path: .;C:\Program Files\Java\jdk-17\bin;C:\WINDOWS\SYSTEM32;C:\WINDOWS\WinSxS\amd64_microsoft.windows.common-controls_6595b64144ccf1df_6.0.26100.3037_none_3e09262ce333c378;C:\Program Files\Java\jdk-17\bin\server

VM Arguments:
jvm_args: -Dcom.sun.management.jmxremote -Dcom.sun.management.jmxremote.port=50067 -Dcom.sun.management.jmxremote.authenticate=false -Dcom.sun.management.jmxremote.ssl=false -Dspring.jmx.enabled=true -Djava.rmi.server.hostname=localhost -Dspring.application.admin.enabled=true -Dspring.boot.project.name=laptopshop -XX:+ShowCodeDetailsInExceptionMessages -Dmanagement.endpoints.jmx.exposure.include=* 
java_command: vn.hoidanit.laptopshop.LaptopshopApplication
java_class_path (initial): C:\Users\MSI\Downloads\Compressed\01-java-spring-laptopshop-starter-master\01-java-spring-laptopshop-starter-master\target\classes;C:\Users\MSI\.m2\repository\org\springframework\boot\spring-boot-starter-actuator\3.2.2\spring-boot-starter-actuator-3.2.2.jar;C:\Users\MSI\.m2\repository\org\springframework\boot\spring-boot-actuator-autoconfigure\3.2.2\spring-boot-actuator-autoconfigure-3.2.2.jar;C:\Users\MSI\.m2\repository\org\springframework\boot\spring-boot-actuator\3.2.2\spring-boot-actuator-3.2.2.jar;C:\Users\MSI\.m2\repository\com\fasterxml\jackson\core\jackson-databind\2.15.3\jackson-databind-2.15.3.jar;C:\Users\MSI\.m2\repository\com\fasterxml\jackson\core\jackson-annotations\2.15.3\jackson-annotations-2.15.3.jar;C:\Users\MSI\.m2\repository\com\fasterxml\jackson\core\jackson-core\2.15.3\jackson-core-2.15.3.jar;C:\Users\MSI\.m2\repository\com\fasterxml\jackson\datatype\jackson-datatype-jsr310\2.15.3\jackson-datatype-jsr310-2.15.3.jar;C:\Users\MSI\.m2\repository\io\micrometer\micrometer-observation\1.12.2\micrometer-observation-1.12.2.jar;C:\Users\MSI\.m2\repository\io\micrometer\micrometer-commons\1.12.2\micrometer-commons-1.12.2.jar;C:\Users\MSI\.m2\repository\io\micrometer\micrometer-jakarta9\1.12.2\micrometer-jakarta9-1.12.2.jar;C:\Users\MSI\.m2\repository\io\micrometer\micrometer-core\1.12.2\micrometer-core-1.12.2.jar;C:\Users\MSI\.m2\repository\org\hdrhistogram\HdrHistogram\2.1.12\HdrHistogram-2.1.12.jar;C:\Users\MSI\.m2\repository\org\latencyutils\LatencyUtils\2.0.3\LatencyUtils-2.0.3.jar;C:\Users\MSI\.m2\repository\org\springframework\boot\spring-boot-starter-web\3.2.2\spring-boot-starter-web-3.2.2.jar;C:\Users\MSI\.m2\repository\org\springframework\boot\spring-boot-starter-json\3.2.2\spring-boot-starter-json-3.2.2.jar;C:\Users\MSI\.m2\repository\com\fasterxml\jackson\datatype\jackson-datatype-jdk8\2.15.3\jackson-datatype-jdk8-2.15.3.jar;C:\Users\MSI\.m2\repository\com\fasterxml\jackson\module\jackson-module-parameter-names\2.
Launcher Type: SUN_STANDARD

[Global flags]
     intx CICompilerCount                          = 12                                        {product} {ergonomic}
     uint ConcGCThreads                            = 3                                         {product} {ergonomic}
     uint G1ConcRefinementThreads                  = 13                                        {product} {ergonomic}
   size_t G1HeapRegionSize                         = 2097152                                   {product} {ergonomic}
    uintx GCDrainStackTargetSize                   = 64                                        {product} {ergonomic}
   size_t InitialHeapSize                          = 260046848                                 {product} {ergonomic}
     bool ManagementServer                         = true                                      {product} {command line}
   size_t MarkStackSize                            = 4194304                                   {product} {ergonomic}
   size_t MaxHeapSize                              = 4131389440                                {product} {ergonomic}
   size_t MaxNewSize                               = 2478833664                                {product} {ergonomic}
   size_t MinHeapDeltaBytes                        = 2097152                                   {product} {ergonomic}
   size_t MinHeapSize                              = 8388608                                   {product} {ergonomic}
    uintx NonNMethodCodeHeapSize                   = 7602480                                {pd product} {ergonomic}
    uintx NonProfiledCodeHeapSize                  = 122027880                              {pd product} {ergonomic}
    uintx ProfiledCodeHeapSize                     = 122027880                              {pd product} {ergonomic}
    uintx ReservedCodeCacheSize                    = 251658240                              {pd product} {ergonomic}
     bool SegmentedCodeCache                       = true                                      {product} {ergonomic}
     bool ShowCodeDetailsInExceptionMessages       = true                                   {manageable} {command line}
   size_t SoftMaxHeapSize                          = 4131389440                             {manageable} {ergonomic}
     bool UseCompressedClassPointers               = true                           {product lp64_product} {ergonomic}
     bool UseCompressedOops                        = true                           {product lp64_product} {ergonomic}
     bool UseG1GC                                  = true                                      {product} {ergonomic}
     bool UseLargePagesIndividualAllocation        = false                                  {pd product} {ergonomic}

Logging:
Log output configuration:
 #0: stdout all=warning uptime,level,tags
 #1: stderr all=off uptime,level,tags

Environment Variables:
PATH=C:\Program Files\Microsoft MPI\Bin\;C:\WINDOWS\system32;C:\WINDOWS;C:\WINDOWS\System32\Wbem;C:\WINDOWS\System32\WindowsPowerShell\v1.0\;C:\WINDOWS\System32\OpenSSH\;C:\Program Files\nodejs\;C:\Program Files (x86)\Microsoft SQL Server\160\Tools\Binn\;C:\Program Files\Microsoft SQL Server\160\Tools\Binn\;C:\Program Files\Microsoft SQL Server\Client SDK\ODBC\170\Tools\Binn\;C:\Program Files\Microsoft SQL Server\160\DTS\Binn\;C:\Program Files (x86)\Microsoft SQL Server\160\DTS\Binn\;C:\Program Files\PowerShell\7\;C:\Program Files\Git LFS;C:\Program Files\Git\cmd;C:\Program Files\Java\jdk-17\bin;C:\Program Files\MySQL\MySQL Shell 8.0\bin\;C:\Users\MSI\AppData\Local\Programs\Python\Python313;C:\Users\MSI\AppData\Local\Microsoft\WindowsApps;C:\Users\MSI\AppData\Local\Programs\Microsoft VS Code\bin;C:\Users\MSI\AppData\Roaming\npm;C:\Program Files\JetBrains\IntelliJ IDEA 2024.3.1.1\bin;;C:\Program Files\Java\jdk-17\bin;
USERNAME=MSI
LANG=en_US.UTF-8
OS=Windows_NT
PROCESSOR_IDENTIFIER=AMD64 Family 25 Model 80 Stepping 0, AuthenticAMD



---------------  S Y S T E M  ---------------

OS:
 Windows 11 , 64 bit Build 26100 (10.0.26100.3037)
OS uptime: 1 days 4:08 hours
Hyper-V role detected

CPU: total 16 (initial active 16) (16 cores per cpu, 2 threads per core) family 25 model 80 stepping 0 microcode 0xa50000c, cx8, cmov, fxsr, ht, mmx, 3dnowpref, sse, sse2, sse3, ssse3, sse4a, sse4.1, sse4.2, popcnt, lzcnt, tsc, tscinvbit, avx, avx2, aes, erms, clmul, bmi1, bmi2, adx, sha, fma, vzeroupper, clflush, clflushopt, hv

Memory: 4k page, system-wide physical 15752M (6207M free)
TotalPageFile size 15752M (AvailPageFile size 4M)
current process WorkingSet (physical memory assigned to process): 301M, peak: 421M
current process commit charge ("private bytes"): 347M, peak: 472M

vm_info: Java HotSpot(TM) 64-Bit Server VM (17.0.11+7-LTS-207) for windows-amd64 JRE (17.0.11+7-LTS-207), built on Mar 11 2024 19:01:50 by "mach5one" with MS VC++ 17.6 (VS2022)

END.
