#
# There is insufficient memory for the Java Runtime Environment to continue.
# Native memory allocation (malloc) failed to allocate 1040352 bytes for Chunk::new
# Possible reasons:
#   The system is out of physical RAM or swap space
#   The process is running with CompressedOops enabled, and the Java Heap may be blocking the growth of the native heap
# Possible solutions:
#   Reduce memory load on the system
#   Increase physical memory or swap space
#   Check if swap backing store is full
#   Decrease Java heap size (-Xmx/-Xms)
#   Decrease number of Java threads
#   Decrease Java thread stack sizes (-Xss)
#   Set larger code cache with -XX:ReservedCodeCacheSize=
#   JVM is running with Zero Based Compressed Oops mode in which the Java heap is
#     placed in the first 32GB address space. The Java Heap base address is the
#     maximum limit for the native heap growth. Please use -XX:HeapBaseMinAddress
#     to set the Java Heap base and to place the Java Heap above 32GB virtual address.
# This output file may be truncated or incomplete.
#
#  Out of Memory Error (arena.cpp:189), pid=11944, tid=12928
#
# JRE version: Java(TM) SE Runtime Environment (17.0.11+7) (build 17.0.11+7-LTS-207)
# Java VM: Java HotSpot(TM) 64-Bit Server VM (17.0.11+7-LTS-207, mixed mode, tiered, compressed oops, compressed class ptrs, g1 gc, windows-amd64)
# No core dump will be written. Minidumps are not enabled by default on client versions of Windows
#

---------------  S U M M A R Y ------------

Command Line: -Dcom.sun.management.jmxremote -Dcom.sun.management.jmxremote.port=58042 -Dcom.sun.management.jmxremote.authenticate=false -Dcom.sun.management.jmxremote.ssl=false -Dspring.jmx.enabled=true -Djava.rmi.server.hostname=localhost -Dspring.application.admin.enabled=true -Dspring.boot.project.name=laptopshop -XX:+ShowCodeDetailsInExceptionMessages -Dmanagement.endpoints.jmx.exposure.include=* vn.hoidanit.laptopshop.LaptopshopApplication

Host: AMD Ryzen 7 5800H with Radeon Graphics         , 16 cores, 15G,  Windows 11 , 64 bit Build 26100 (10.0.26100.3323)
Time: Mon Mar 10 15:01:12 2025 SE Asia Standard Time elapsed time: 8.194295 seconds (0d 0h 0m 8s)

---------------  T H R E A D  ---------------

Current thread (0x0000023e51f55a70):  JavaThread "C2 CompilerThread1" daemon [_thread_in_native, id=12928, stack(0x000000fc67900000,0x000000fc67a00000)]


Current CompileTask:
C2:   8194 1399   !   4       java.util.jar.Attributes::read (494 bytes)

Stack: [0x000000fc67900000,0x000000fc67a00000]
Native frames: (J=compiled Java code, j=interpreted, Vv=VM code, C=native code)
V  [jvm.dll+0x679cca]
V  [jvm.dll+0x7da13d]
V  [jvm.dll+0x7dba83]
V  [jvm.dll+0x7dc0f3]
V  [jvm.dll+0x2449af]
V  [jvm.dll+0xab83b]
V  [jvm.dll+0xabe1c]
V  [jvm.dll+0x3615ae]
V  [jvm.dll+0x32bd61]
V  [jvm.dll+0x32b1fa]
V  [jvm.dll+0x2161df]
V  [jvm.dll+0x21560f]
V  [jvm.dll+0x1a2040]
V  [jvm.dll+0x225a2b]
V  [jvm.dll+0x223bcb]
V  [jvm.dll+0x7903ec]
V  [jvm.dll+0x78a85a]
V  [jvm.dll+0x678bb5]
C  [ucrtbase.dll+0x37b0]
C  [KERNEL32.DLL+0x2e8d7]
C  [ntdll.dll+0xbbf6c]


---------------  P R O C E S S  ---------------

Threads class SMR info:
_java_thread_list=0x0000023e5754dbd0, length=23, elements={
0x0000023e2e0c67e0, 0x0000023e51d17020, 0x0000023e51d178f0, 0x0000023e51d17f90,
0x0000023e51d18560, 0x0000023e51d18f20, 0x0000023e51d1ca50, 0x0000023e51d202c0,
0x0000023e51d22430, 0x0000023e51d3a850, 0x0000023e51d39e30, 0x0000023e51ef8030,
0x0000023e51f55a70, 0x0000023e51d3bc90, 0x0000023e51d3a340, 0x0000023e51d3b270,
0x0000023e51d3c1a0, 0x0000023e51d3b780, 0x0000023e51d3ad60, 0x0000023e573ca540,
0x0000023e51d39410, 0x0000023e57746a50, 0x0000023e51d3c6b0
}

Java Threads: ( => current thread )
  0x0000023e2e0c67e0 JavaThread "main" [_thread_blocked, id=21480, stack(0x000000fc66600000,0x000000fc66700000)]
  0x0000023e51d17020 JavaThread "Reference Handler" daemon [_thread_blocked, id=8432, stack(0x000000fc66d00000,0x000000fc66e00000)]
  0x0000023e51d178f0 JavaThread "Finalizer" daemon [_thread_blocked, id=1672, stack(0x000000fc66e00000,0x000000fc66f00000)]
  0x0000023e51d17f90 JavaThread "Signal Dispatcher" daemon [_thread_blocked, id=9176, stack(0x000000fc66f00000,0x000000fc67000000)]
  0x0000023e51d18560 JavaThread "Attach Listener" daemon [_thread_blocked, id=7824, stack(0x000000fc67000000,0x000000fc67100000)]
  0x0000023e51d18f20 JavaThread "Service Thread" daemon [_thread_blocked, id=2532, stack(0x000000fc67100000,0x000000fc67200000)]
  0x0000023e51d1ca50 JavaThread "Monitor Deflation Thread" daemon [_thread_blocked, id=16452, stack(0x000000fc67200000,0x000000fc67300000)]
  0x0000023e51d202c0 JavaThread "C2 CompilerThread0" daemon [_thread_blocked, id=18084, stack(0x000000fc67300000,0x000000fc67400000)]
  0x0000023e51d22430 JavaThread "C1 CompilerThread0" daemon [_thread_in_vm, id=21336, stack(0x000000fc67400000,0x000000fc67500000)]
  0x0000023e51d3a850 JavaThread "Sweeper thread" daemon [_thread_blocked, id=1756, stack(0x000000fc67500000,0x000000fc67600000)]
  0x0000023e51d39e30 JavaThread "Common-Cleaner" daemon [_thread_blocked, id=18412, stack(0x000000fc67600000,0x000000fc67700000)]
  0x0000023e51ef8030 JavaThread "C1 CompilerThread1" daemon [_thread_blocked, id=404, stack(0x000000fc67700000,0x000000fc67800000)]
=>0x0000023e51f55a70 JavaThread "C2 CompilerThread1" daemon [_thread_in_native, id=12928, stack(0x000000fc67900000,0x000000fc67a00000)]
  0x0000023e51d3bc90 JavaThread "Notification Thread" daemon [_thread_blocked, id=11456, stack(0x000000fc67a00000,0x000000fc67b00000)]
  0x0000023e51d3a340 JavaThread "RMI TCP Accept-0" daemon [_thread_in_native, id=7608, stack(0x000000fc67b00000,0x000000fc67c00000)]
  0x0000023e51d3b270 JavaThread "RMI TCP Accept-58042" daemon [_thread_in_native, id=20052, stack(0x000000fc67c00000,0x000000fc67d00000)]
  0x0000023e51d3c1a0 JavaThread "RMI TCP Accept-0" daemon [_thread_in_native, id=17476, stack(0x000000fc67d00000,0x000000fc67e00000)]
  0x0000023e51d3b780 JavaThread "Thread-0" [_thread_blocked, id=14568, stack(0x000000fc68500000,0x000000fc68600000)]
  0x0000023e51d3ad60 JavaThread "restartedMain" [_thread_in_native, id=2916, stack(0x000000fc68600000,0x000000fc68700000)]
  0x0000023e573ca540 JavaThread "C2 CompilerThread2" daemon [_thread_blocked, id=4036, stack(0x000000fc68700000,0x000000fc68800000)]
  0x0000023e51d39410 JavaThread "RMI TCP Connection(1)-127.0.0.1" daemon [_thread_in_native, id=13216, stack(0x000000fc67800000,0x000000fc67900000)]
  0x0000023e57746a50 JavaThread "C1 CompilerThread2" daemon [_thread_blocked, id=13184, stack(0x000000fc68800000,0x000000fc68900000)]
  0x0000023e51d3c6b0 JavaThread "RMI Scheduler(0)" daemon [_thread_blocked, id=15576, stack(0x000000fc68900000,0x000000fc68a00000)]

Other Threads:
  0x0000023e51160590 VMThread "VM Thread" [stack: 0x000000fc66c00000,0x000000fc66d00000] [id=14452]
  0x0000023e5273fdf0 WatcherThread [stack: 0x000000fc67e00000,0x000000fc67f00000] [id=20512]
  0x0000023e2e138cd0 GCTaskThread "GC Thread#0" [stack: 0x000000fc66700000,0x000000fc66800000] [id=2480]
  0x0000023e573a8700 GCTaskThread "GC Thread#1" [stack: 0x000000fc67f00000,0x000000fc68000000] [id=21196]
  0x0000023e573a7020 GCTaskThread "GC Thread#2" [stack: 0x000000fc68000000,0x000000fc68100000] [id=16736]
  0x0000023e573a72e0 GCTaskThread "GC Thread#3" [stack: 0x000000fc68100000,0x000000fc68200000] [id=19852]
  0x0000023e573a75a0 GCTaskThread "GC Thread#4" [stack: 0x000000fc68200000,0x000000fc68300000] [id=20420]
  0x0000023e573c15f0 GCTaskThread "GC Thread#5" [stack: 0x000000fc68300000,0x000000fc68400000] [id=17848]
  0x0000023e573fff60 GCTaskThread "GC Thread#6" [stack: 0x000000fc68400000,0x000000fc68500000] [id=248]
  0x0000023e2e149910 ConcurrentGCThread "G1 Main Marker" [stack: 0x000000fc66800000,0x000000fc66900000] [id=21188]
  0x0000023e2e14ad30 ConcurrentGCThread "G1 Conc#0" [stack: 0x000000fc66900000,0x000000fc66a00000] [id=20136]
  0x0000023e2e18ecd0 ConcurrentGCThread "G1 Refine#0" [stack: 0x000000fc66a00000,0x000000fc66b00000] [id=3956]
  0x0000023e51068900 ConcurrentGCThread "G1 Service" [stack: 0x000000fc66b00000,0x000000fc66c00000] [id=20532]

Threads with active compile tasks:
C1 CompilerThread1     8230 1495       3       java.util.RegularEnumSet::contains (57 bytes)
C2 CompilerThread1     8230 1399   !   4       java.util.jar.Attributes::read (494 bytes)

VM state: not at safepoint (normal execution)

VM Mutex/Monitor currently owned by a thread: None

Heap address: 0x0000000709c00000, size: 3940 MB, Compressed Oops mode: Zero based, Oop shift amount: 3

CDS archive(s) not mapped
Compressed class space mapped at: 0x0000000800000000-0x0000000840000000, reserved size: 1073741824
Narrow klass base: 0x0000000800000000, Narrow klass shift: 0, Narrow klass range: 0x40000000

GC Precious Log:
 CPUs: 16 total, 16 available
 Memory: 15752M
 Large Page Support: Disabled
 NUMA Support: Disabled
 Compressed Oops: Enabled (Zero based)
 Heap Region Size: 2M
 Heap Min Capacity: 8M
 Heap Initial Capacity: 248M
 Heap Max Capacity: 3940M
 Pre-touch: Disabled
 Parallel Workers: 13
 Concurrent Workers: 3
 Concurrent Refinement Workers: 13
 Periodic GC: Disabled

Heap:
 garbage-first heap   total 253952K, used 15627K [0x0000000709c00000, 0x0000000800000000)
  region size 2048K, 7 young (14336K), 2 survivors (4096K)
 Metaspace       used 16881K, committed 17088K, reserved 1114112K
  class space    used 1702K, committed 1792K, reserved 1048576K

Heap Regions: E=young(eden), S=young(survivor), O=old, HS=humongous(starts), HC=humongous(continues), CS=collection set, F=free, OA=open archive, CA=closed archive, TAMS=top-at-mark-start (previous, next)
|   0|0x0000000709c00000, 0x0000000709e00000, 0x0000000709e00000|100%| O|  |TAMS 0x0000000709c00000, 0x0000000709c00000| Untracked 
|   1|0x0000000709e00000, 0x0000000709f42c00, 0x000000070a000000| 63%| O|  |TAMS 0x0000000709e00000, 0x0000000709e00000| Untracked 
|   2|0x000000070a000000, 0x000000070a000000, 0x000000070a200000|  0%| F|  |TAMS 0x000000070a000000, 0x000000070a000000| Untracked 
|   3|0x000000070a200000, 0x000000070a200000, 0x000000070a400000|  0%| F|  |TAMS 0x000000070a200000, 0x000000070a200000| Untracked 
|   4|0x000000070a400000, 0x000000070a400000, 0x000000070a600000|  0%| F|  |TAMS 0x000000070a400000, 0x000000070a400000| Untracked 
|   5|0x000000070a600000, 0x000000070a600000, 0x000000070a800000|  0%| F|  |TAMS 0x000000070a600000, 0x000000070a600000| Untracked 
|   6|0x000000070a800000, 0x000000070a800000, 0x000000070aa00000|  0%| F|  |TAMS 0x000000070a800000, 0x000000070a800000| Untracked 
|   7|0x000000070aa00000, 0x000000070aa00000, 0x000000070ac00000|  0%| F|  |TAMS 0x000000070aa00000, 0x000000070aa00000| Untracked 
|   8|0x000000070ac00000, 0x000000070ac00000, 0x000000070ae00000|  0%| F|  |TAMS 0x000000070ac00000, 0x000000070ac00000| Untracked 
|   9|0x000000070ae00000, 0x000000070ae00000, 0x000000070b000000|  0%| F|  |TAMS 0x000000070ae00000, 0x000000070ae00000| Untracked 
|  10|0x000000070b000000, 0x000000070b000000, 0x000000070b200000|  0%| F|  |TAMS 0x000000070b000000, 0x000000070b000000| Untracked 
|  11|0x000000070b200000, 0x000000070b200000, 0x000000070b400000|  0%| F|  |TAMS 0x000000070b200000, 0x000000070b200000| Untracked 
|  12|0x000000070b400000, 0x000000070b400000, 0x000000070b600000|  0%| F|  |TAMS 0x000000070b400000, 0x000000070b400000| Untracked 
|  13|0x000000070b600000, 0x000000070b600000, 0x000000070b800000|  0%| F|  |TAMS 0x000000070b600000, 0x000000070b600000| Untracked 
|  14|0x000000070b800000, 0x000000070b800000, 0x000000070ba00000|  0%| F|  |TAMS 0x000000070b800000, 0x000000070b800000| Untracked 
|  15|0x000000070ba00000, 0x000000070ba00000, 0x000000070bc00000|  0%| F|  |TAMS 0x000000070ba00000, 0x000000070ba00000| Untracked 
|  16|0x000000070bc00000, 0x000000070bc00000, 0x000000070be00000|  0%| F|  |TAMS 0x000000070bc00000, 0x000000070bc00000| Untracked 
|  17|0x000000070be00000, 0x000000070be00000, 0x000000070c000000|  0%| F|  |TAMS 0x000000070be00000, 0x000000070be00000| Untracked 
|  18|0x000000070c000000, 0x000000070c000000, 0x000000070c200000|  0%| F|  |TAMS 0x000000070c000000, 0x000000070c000000| Untracked 
|  19|0x000000070c200000, 0x000000070c200000, 0x000000070c400000|  0%| F|  |TAMS 0x000000070c200000, 0x000000070c200000| Untracked 
|  20|0x000000070c400000, 0x000000070c400000, 0x000000070c600000|  0%| F|  |TAMS 0x000000070c400000, 0x000000070c400000| Untracked 
|  21|0x000000070c600000, 0x000000070c600000, 0x000000070c800000|  0%| F|  |TAMS 0x000000070c600000, 0x000000070c600000| Untracked 
|  22|0x000000070c800000, 0x000000070c800000, 0x000000070ca00000|  0%| F|  |TAMS 0x000000070c800000, 0x000000070c800000| Untracked 
|  23|0x000000070ca00000, 0x000000070ca00000, 0x000000070cc00000|  0%| F|  |TAMS 0x000000070ca00000, 0x000000070ca00000| Untracked 
|  24|0x000000070cc00000, 0x000000070cc00000, 0x000000070ce00000|  0%| F|  |TAMS 0x000000070cc00000, 0x000000070cc00000| Untracked 
|  25|0x000000070ce00000, 0x000000070ce00000, 0x000000070d000000|  0%| F|  |TAMS 0x000000070ce00000, 0x000000070ce00000| Untracked 
|  26|0x000000070d000000, 0x000000070d000000, 0x000000070d200000|  0%| F|  |TAMS 0x000000070d000000, 0x000000070d000000| Untracked 
|  27|0x000000070d200000, 0x000000070d200000, 0x000000070d400000|  0%| F|  |TAMS 0x000000070d200000, 0x000000070d200000| Untracked 
|  28|0x000000070d400000, 0x000000070d400000, 0x000000070d600000|  0%| F|  |TAMS 0x000000070d400000, 0x000000070d400000| Untracked 
|  29|0x000000070d600000, 0x000000070d600000, 0x000000070d800000|  0%| F|  |TAMS 0x000000070d600000, 0x000000070d600000| Untracked 
|  30|0x000000070d800000, 0x000000070d800000, 0x000000070da00000|  0%| F|  |TAMS 0x000000070d800000, 0x000000070d800000| Untracked 
|  31|0x000000070da00000, 0x000000070da00000, 0x000000070dc00000|  0%| F|  |TAMS 0x000000070da00000, 0x000000070da00000| Untracked 
|  32|0x000000070dc00000, 0x000000070dc00000, 0x000000070de00000|  0%| F|  |TAMS 0x000000070dc00000, 0x000000070dc00000| Untracked 
|  33|0x000000070de00000, 0x000000070de00000, 0x000000070e000000|  0%| F|  |TAMS 0x000000070de00000, 0x000000070de00000| Untracked 
|  34|0x000000070e000000, 0x000000070e000000, 0x000000070e200000|  0%| F|  |TAMS 0x000000070e000000, 0x000000070e000000| Untracked 
|  35|0x000000070e200000, 0x000000070e200000, 0x000000070e400000|  0%| F|  |TAMS 0x000000070e200000, 0x000000070e200000| Untracked 
|  36|0x000000070e400000, 0x000000070e400000, 0x000000070e600000|  0%| F|  |TAMS 0x000000070e400000, 0x000000070e400000| Untracked 
|  37|0x000000070e600000, 0x000000070e600000, 0x000000070e800000|  0%| F|  |TAMS 0x000000070e600000, 0x000000070e600000| Untracked 
|  38|0x000000070e800000, 0x000000070e800000, 0x000000070ea00000|  0%| F|  |TAMS 0x000000070e800000, 0x000000070e800000| Untracked 
|  39|0x000000070ea00000, 0x000000070ea00000, 0x000000070ec00000|  0%| F|  |TAMS 0x000000070ea00000, 0x000000070ea00000| Untracked 
|  40|0x000000070ec00000, 0x000000070ec00000, 0x000000070ee00000|  0%| F|  |TAMS 0x000000070ec00000, 0x000000070ec00000| Untracked 
|  41|0x000000070ee00000, 0x000000070ee00000, 0x000000070f000000|  0%| F|  |TAMS 0x000000070ee00000, 0x000000070ee00000| Untracked 
|  42|0x000000070f000000, 0x000000070f000000, 0x000000070f200000|  0%| F|  |TAMS 0x000000070f000000, 0x000000070f000000| Untracked 
|  43|0x000000070f200000, 0x000000070f200000, 0x000000070f400000|  0%| F|  |TAMS 0x000000070f200000, 0x000000070f200000| Untracked 
|  44|0x000000070f400000, 0x000000070f400000, 0x000000070f600000|  0%| F|  |TAMS 0x000000070f400000, 0x000000070f400000| Untracked 
|  45|0x000000070f600000, 0x000000070f600000, 0x000000070f800000|  0%| F|  |TAMS 0x000000070f600000, 0x000000070f600000| Untracked 
|  46|0x000000070f800000, 0x000000070f800000, 0x000000070fa00000|  0%| F|  |TAMS 0x000000070f800000, 0x000000070f800000| Untracked 
|  47|0x000000070fa00000, 0x000000070fa00000, 0x000000070fc00000|  0%| F|  |TAMS 0x000000070fa00000, 0x000000070fa00000| Untracked 
|  48|0x000000070fc00000, 0x000000070fc00000, 0x000000070fe00000|  0%| F|  |TAMS 0x000000070fc00000, 0x000000070fc00000| Untracked 
|  49|0x000000070fe00000, 0x000000070fe00000, 0x0000000710000000|  0%| F|  |TAMS 0x000000070fe00000, 0x000000070fe00000| Untracked 
|  50|0x0000000710000000, 0x0000000710000000, 0x0000000710200000|  0%| F|  |TAMS 0x0000000710000000, 0x0000000710000000| Untracked 
|  51|0x0000000710200000, 0x0000000710200000, 0x0000000710400000|  0%| F|  |TAMS 0x0000000710200000, 0x0000000710200000| Untracked 
|  52|0x0000000710400000, 0x0000000710400000, 0x0000000710600000|  0%| F|  |TAMS 0x0000000710400000, 0x0000000710400000| Untracked 
|  53|0x0000000710600000, 0x0000000710600000, 0x0000000710800000|  0%| F|  |TAMS 0x0000000710600000, 0x0000000710600000| Untracked 
|  54|0x0000000710800000, 0x0000000710800000, 0x0000000710a00000|  0%| F|  |TAMS 0x0000000710800000, 0x0000000710800000| Untracked 
|  55|0x0000000710a00000, 0x0000000710a00000, 0x0000000710c00000|  0%| F|  |TAMS 0x0000000710a00000, 0x0000000710a00000| Untracked 
|  56|0x0000000710c00000, 0x0000000710c00000, 0x0000000710e00000|  0%| F|  |TAMS 0x0000000710c00000, 0x0000000710c00000| Untracked 
|  57|0x0000000710e00000, 0x0000000710e00000, 0x0000000711000000|  0%| F|  |TAMS 0x0000000710e00000, 0x0000000710e00000| Untracked 
|  58|0x0000000711000000, 0x0000000711000000, 0x0000000711200000|  0%| F|  |TAMS 0x0000000711000000, 0x0000000711000000| Untracked 
|  59|0x0000000711200000, 0x0000000711200000, 0x0000000711400000|  0%| F|  |TAMS 0x0000000711200000, 0x0000000711200000| Untracked 
|  60|0x0000000711400000, 0x0000000711400000, 0x0000000711600000|  0%| F|  |TAMS 0x0000000711400000, 0x0000000711400000| Untracked 
|  61|0x0000000711600000, 0x0000000711600000, 0x0000000711800000|  0%| F|  |TAMS 0x0000000711600000, 0x0000000711600000| Untracked 
|  62|0x0000000711800000, 0x0000000711800000, 0x0000000711a00000|  0%| F|  |TAMS 0x0000000711800000, 0x0000000711800000| Untracked 
|  63|0x0000000711a00000, 0x0000000711a00000, 0x0000000711c00000|  0%| F|  |TAMS 0x0000000711a00000, 0x0000000711a00000| Untracked 
|  64|0x0000000711c00000, 0x0000000711c00000, 0x0000000711e00000|  0%| F|  |TAMS 0x0000000711c00000, 0x0000000711c00000| Untracked 
|  65|0x0000000711e00000, 0x0000000711e00000, 0x0000000712000000|  0%| F|  |TAMS 0x0000000711e00000, 0x0000000711e00000| Untracked 
|  66|0x0000000712000000, 0x0000000712000000, 0x0000000712200000|  0%| F|  |TAMS 0x0000000712000000, 0x0000000712000000| Untracked 
|  67|0x0000000712200000, 0x0000000712200000, 0x0000000712400000|  0%| F|  |TAMS 0x0000000712200000, 0x0000000712200000| Untracked 
|  68|0x0000000712400000, 0x0000000712400000, 0x0000000712600000|  0%| F|  |TAMS 0x0000000712400000, 0x0000000712400000| Untracked 
|  69|0x0000000712600000, 0x0000000712600000, 0x0000000712800000|  0%| F|  |TAMS 0x0000000712600000, 0x0000000712600000| Untracked 
|  70|0x0000000712800000, 0x0000000712800000, 0x0000000712a00000|  0%| F|  |TAMS 0x0000000712800000, 0x0000000712800000| Untracked 
|  71|0x0000000712a00000, 0x0000000712a00000, 0x0000000712c00000|  0%| F|  |TAMS 0x0000000712a00000, 0x0000000712a00000| Untracked 
|  72|0x0000000712c00000, 0x0000000712c00000, 0x0000000712e00000|  0%| F|  |TAMS 0x0000000712c00000, 0x0000000712c00000| Untracked 
|  73|0x0000000712e00000, 0x0000000712e00000, 0x0000000713000000|  0%| F|  |TAMS 0x0000000712e00000, 0x0000000712e00000| Untracked 
|  74|0x0000000713000000, 0x0000000713000000, 0x0000000713200000|  0%| F|  |TAMS 0x0000000713000000, 0x0000000713000000| Untracked 
|  75|0x0000000713200000, 0x0000000713200000, 0x0000000713400000|  0%| F|  |TAMS 0x0000000713200000, 0x0000000713200000| Untracked 
|  76|0x0000000713400000, 0x0000000713400000, 0x0000000713600000|  0%| F|  |TAMS 0x0000000713400000, 0x0000000713400000| Untracked 
|  77|0x0000000713600000, 0x0000000713600000, 0x0000000713800000|  0%| F|  |TAMS 0x0000000713600000, 0x0000000713600000| Untracked 
|  78|0x0000000713800000, 0x0000000713800000, 0x0000000713a00000|  0%| F|  |TAMS 0x0000000713800000, 0x0000000713800000| Untracked 
|  79|0x0000000713a00000, 0x0000000713a00000, 0x0000000713c00000|  0%| F|  |TAMS 0x0000000713a00000, 0x0000000713a00000| Untracked 
|  80|0x0000000713c00000, 0x0000000713c00000, 0x0000000713e00000|  0%| F|  |TAMS 0x0000000713c00000, 0x0000000713c00000| Untracked 
|  81|0x0000000713e00000, 0x0000000713e00000, 0x0000000714000000|  0%| F|  |TAMS 0x0000000713e00000, 0x0000000713e00000| Untracked 
|  82|0x0000000714000000, 0x0000000714000000, 0x0000000714200000|  0%| F|  |TAMS 0x0000000714000000, 0x0000000714000000| Untracked 
|  83|0x0000000714200000, 0x0000000714200000, 0x0000000714400000|  0%| F|  |TAMS 0x0000000714200000, 0x0000000714200000| Untracked 
|  84|0x0000000714400000, 0x0000000714400000, 0x0000000714600000|  0%| F|  |TAMS 0x0000000714400000, 0x0000000714400000| Untracked 
|  85|0x0000000714600000, 0x0000000714600000, 0x0000000714800000|  0%| F|  |TAMS 0x0000000714600000, 0x0000000714600000| Untracked 
|  86|0x0000000714800000, 0x0000000714800000, 0x0000000714a00000|  0%| F|  |TAMS 0x0000000714800000, 0x0000000714800000| Untracked 
|  87|0x0000000714a00000, 0x0000000714a00000, 0x0000000714c00000|  0%| F|  |TAMS 0x0000000714a00000, 0x0000000714a00000| Untracked 
|  88|0x0000000714c00000, 0x0000000714c00000, 0x0000000714e00000|  0%| F|  |TAMS 0x0000000714c00000, 0x0000000714c00000| Untracked 
|  89|0x0000000714e00000, 0x0000000714e00000, 0x0000000715000000|  0%| F|  |TAMS 0x0000000714e00000, 0x0000000714e00000| Untracked 
|  90|0x0000000715000000, 0x0000000715000000, 0x0000000715200000|  0%| F|  |TAMS 0x0000000715000000, 0x0000000715000000| Untracked 
|  91|0x0000000715200000, 0x0000000715200000, 0x0000000715400000|  0%| F|  |TAMS 0x0000000715200000, 0x0000000715200000| Untracked 
|  92|0x0000000715400000, 0x0000000715400000, 0x0000000715600000|  0%| F|  |TAMS 0x0000000715400000, 0x0000000715400000| Untracked 
|  93|0x0000000715600000, 0x0000000715600000, 0x0000000715800000|  0%| F|  |TAMS 0x0000000715600000, 0x0000000715600000| Untracked 
|  94|0x0000000715800000, 0x0000000715800000, 0x0000000715a00000|  0%| F|  |TAMS 0x0000000715800000, 0x0000000715800000| Untracked 
|  95|0x0000000715a00000, 0x0000000715a00000, 0x0000000715c00000|  0%| F|  |TAMS 0x0000000715a00000, 0x0000000715a00000| Untracked 
|  96|0x0000000715c00000, 0x0000000715c00000, 0x0000000715e00000|  0%| F|  |TAMS 0x0000000715c00000, 0x0000000715c00000| Untracked 
|  97|0x0000000715e00000, 0x0000000715e00000, 0x0000000716000000|  0%| F|  |TAMS 0x0000000715e00000, 0x0000000715e00000| Untracked 
|  98|0x0000000716000000, 0x0000000716000000, 0x0000000716200000|  0%| F|  |TAMS 0x0000000716000000, 0x0000000716000000| Untracked 
|  99|0x0000000716200000, 0x0000000716200000, 0x0000000716400000|  0%| F|  |TAMS 0x0000000716200000, 0x0000000716200000| Untracked 
| 100|0x0000000716400000, 0x0000000716400000, 0x0000000716600000|  0%| F|  |TAMS 0x0000000716400000, 0x0000000716400000| Untracked 
| 101|0x0000000716600000, 0x0000000716600000, 0x0000000716800000|  0%| F|  |TAMS 0x0000000716600000, 0x0000000716600000| Untracked 
| 102|0x0000000716800000, 0x0000000716800000, 0x0000000716a00000|  0%| F|  |TAMS 0x0000000716800000, 0x0000000716800000| Untracked 
| 103|0x0000000716a00000, 0x0000000716a00000, 0x0000000716c00000|  0%| F|  |TAMS 0x0000000716a00000, 0x0000000716a00000| Untracked 
| 104|0x0000000716c00000, 0x0000000716c00000, 0x0000000716e00000|  0%| F|  |TAMS 0x0000000716c00000, 0x0000000716c00000| Untracked 
| 105|0x0000000716e00000, 0x0000000716e00000, 0x0000000717000000|  0%| F|  |TAMS 0x0000000716e00000, 0x0000000716e00000| Untracked 
| 106|0x0000000717000000, 0x0000000717000000, 0x0000000717200000|  0%| F|  |TAMS 0x0000000717000000, 0x0000000717000000| Untracked 
| 107|0x0000000717200000, 0x0000000717200000, 0x0000000717400000|  0%| F|  |TAMS 0x0000000717200000, 0x0000000717200000| Untracked 
| 108|0x0000000717400000, 0x0000000717400000, 0x0000000717600000|  0%| F|  |TAMS 0x0000000717400000, 0x0000000717400000| Untracked 
| 109|0x0000000717600000, 0x0000000717600000, 0x0000000717800000|  0%| F|  |TAMS 0x0000000717600000, 0x0000000717600000| Untracked 
| 110|0x0000000717800000, 0x0000000717800000, 0x0000000717a00000|  0%| F|  |TAMS 0x0000000717800000, 0x0000000717800000| Untracked 
| 111|0x0000000717a00000, 0x0000000717c00000, 0x0000000717c00000|100%| S|CS|TAMS 0x0000000717a00000, 0x0000000717a00000| Complete 
| 112|0x0000000717c00000, 0x0000000717e00000, 0x0000000717e00000|100%| S|CS|TAMS 0x0000000717c00000, 0x0000000717c00000| Complete 
| 113|0x0000000717e00000, 0x0000000717e00000, 0x0000000718000000|  0%| F|  |TAMS 0x0000000717e00000, 0x0000000717e00000| Untracked 
| 114|0x0000000718000000, 0x0000000718000000, 0x0000000718200000|  0%| F|  |TAMS 0x0000000718000000, 0x0000000718000000| Untracked 
| 115|0x0000000718200000, 0x0000000718200000, 0x0000000718400000|  0%| F|  |TAMS 0x0000000718200000, 0x0000000718200000| Untracked 
| 116|0x0000000718400000, 0x0000000718400000, 0x0000000718600000|  0%| F|  |TAMS 0x0000000718400000, 0x0000000718400000| Untracked 
| 117|0x0000000718600000, 0x0000000718600000, 0x0000000718800000|  0%| F|  |TAMS 0x0000000718600000, 0x0000000718600000| Untracked 
| 118|0x0000000718800000, 0x0000000718800000, 0x0000000718a00000|  0%| F|  |TAMS 0x0000000718800000, 0x0000000718800000| Untracked 
| 119|0x0000000718a00000, 0x0000000718a97048, 0x0000000718c00000| 29%| E|  |TAMS 0x0000000718a00000, 0x0000000718a00000| Complete 
| 120|0x0000000718c00000, 0x0000000718e00000, 0x0000000718e00000|100%| E|CS|TAMS 0x0000000718c00000, 0x0000000718c00000| Complete 
| 121|0x0000000718e00000, 0x0000000719000000, 0x0000000719000000|100%| E|CS|TAMS 0x0000000718e00000, 0x0000000718e00000| Complete 
| 122|0x0000000719000000, 0x0000000719200000, 0x0000000719200000|100%| E|CS|TAMS 0x0000000719000000, 0x0000000719000000| Complete 
| 123|0x0000000719200000, 0x0000000719400000, 0x0000000719400000|100%| E|CS|TAMS 0x0000000719200000, 0x0000000719200000| Complete 

Card table byte_map: [0x0000023e461f0000,0x0000023e469b0000] _byte_map_base: 0x0000023e429a2000

Marking Bits (Prev, Next): (CMBitMap*) 0x0000023e2e1399a0, (CMBitMap*) 0x0000023e2e1399e0
 Prev Bits: [0x0000023e47170000, 0x0000023e4af00000)
 Next Bits: [0x0000023e4af00000, 0x0000023e4ec90000)

Polling page: 0x0000023e2c6b0000

Metaspace:

Usage:
  Non-class:     14.85 MB used.
      Class:      1.67 MB used.
       Both:     16.52 MB used.

Virtual space:
  Non-class space:       64.00 MB reserved,      15.00 MB ( 23%) committed,  1 nodes.
      Class space:        1.00 GB reserved,       1.75 MB ( <1%) committed,  1 nodes.
             Both:        1.06 GB reserved,      16.75 MB (  2%) committed. 

Chunk freelists:
   Non-Class:  432.00 KB
       Class:  14.28 MB
        Both:  14.71 MB

MaxMetaspaceSize: unlimited
CompressedClassSpaceSize: 1.00 GB
Initial GC threshold: 21.00 MB
Current GC threshold: 21.00 MB
CDS: off
MetaspaceReclaimPolicy: balanced
 - commit_granule_bytes: 65536.
 - commit_granule_words: 8192.
 - virtual_space_node_default_size: 8388608.
 - enlarge_chunks_in_place: 1.
 - new_chunks_are_fully_committed: 0.
 - uncommit_free_chunks: 1.
 - use_allocation_guard: 0.
 - handle_deallocations: 1.


Internal statistics:

num_allocs_failed_limit: 0.
num_arena_births: 150.
num_arena_deaths: 0.
num_vsnodes_births: 2.
num_vsnodes_deaths: 0.
num_space_committed: 268.
num_space_uncommitted: 0.
num_chunks_returned_to_freelist: 0.
num_chunks_taken_from_freelist: 331.
num_chunk_merges: 0.
num_chunk_splits: 191.
num_chunks_enlarged: 122.
num_inconsistent_stats: 0.

CodeHeap 'non-profiled nmethods': size=119168Kb used=491Kb max_used=491Kb free=118676Kb
 bounds [0x0000023e3d600000, 0x0000023e3d870000, 0x0000023e44a60000]
CodeHeap 'profiled nmethods': size=119104Kb used=2865Kb max_used=2865Kb free=116238Kb
 bounds [0x0000023e35a60000, 0x0000023e35d30000, 0x0000023e3ceb0000]
CodeHeap 'non-nmethods': size=7488Kb used=2300Kb max_used=2327Kb free=5187Kb
 bounds [0x0000023e3ceb0000, 0x0000023e3d120000, 0x0000023e3d600000]
 total_blobs=1963 nmethods=1493 adapters=381
 compilation: enabled
              stopped_count=0, restarted_count=0
 full_count=0

Compilation events (20 events):
Event: 2.128 Thread 0x0000023e51efa3b0 nmethod 1423 0x0000023e35d07c90 code [0x0000023e35d07ea0, 0x0000023e35d08368]
Event: 2.128 Thread 0x0000023e51efa3b0 1425       3       java.util.ArrayDeque::addFirst (51 bytes)
Event: 2.128 Thread 0x0000023e51efa3b0 nmethod 1425 0x0000023e35d08510 code [0x0000023e35d086e0, 0x0000023e35d08bb8]
Event: 2.128 Thread 0x0000023e51d22430 nmethod 1424 0x0000023e35d08d90 code [0x0000023e35d09040, 0x0000023e35d09e58]
Event: 2.128 Thread 0x0000023e51ef8030 nmethod 1420 0x0000023e35d0a310 code [0x0000023e35d0a600, 0x0000023e35d0b848]
Event: 2.128 Thread 0x0000023e51efa3b0 1426       3       java.util.ArrayDeque::dec (13 bytes)
Event: 2.128 Thread 0x0000023e51efa3b0 nmethod 1426 0x0000023e35d0bf10 code [0x0000023e35d0c0a0, 0x0000023e35d0c1d8]
Event: 2.129 Thread 0x0000023e51d22430 1427       3       java.security.AccessController::executePrivileged (65 bytes)
Event: 2.130 Thread 0x0000023e51d22430 nmethod 1427 0x0000023e35d0c290 code [0x0000023e35d0c460, 0x0000023e35d0c758]
Event: 2.131 Thread 0x0000023e51efa3b0 1430       3       java.util.LinkedHashMap$LinkedHashIterator::<init> (31 bytes)
Event: 2.131 Thread 0x0000023e51efa3b0 nmethod 1430 0x0000023e35d0c890 code [0x0000023e35d0ca40, 0x0000023e35d0ccb8]
Event: 3.155 Thread 0x0000023e51d202c0 nmethod 1417 0x0000023e3d673390 code [0x0000023e3d673620, 0x0000023e3d674fd0]
Event: 3.156 Thread 0x0000023e51d202c0 1428       4       java.util.HashMap::putVal (300 bytes)
Event: 3.156 Thread 0x0000023e573ca540 1388       4       java.lang.StringLatin1::charAt (28 bytes)
Event: 3.157 Thread 0x0000023e573ca540 nmethod 1388 0x0000023e3d675d10 code [0x0000023e3d675e80, 0x0000023e3d675f18]
Event: 3.157 Thread 0x0000023e573ca540 1429       4       java.lang.String::startsWith (7 bytes)
Event: 3.161 Thread 0x0000023e573ca540 nmethod 1429 0x0000023e3d676010 code [0x0000023e3d6761a0, 0x0000023e3d6763f8]
Event: 3.161 Thread 0x0000023e573ca540 1378       4       java.util.jar.Manifest$FastInputStream::peek (38 bytes)
Event: 3.162 Thread 0x0000023e573ca540 nmethod 1378 0x0000023e3d676610 code [0x0000023e3d6767a0, 0x0000023e3d6768a8]
Event: 3.162 Thread 0x0000023e573ca540 1431       4       java.util.ArrayList::get (15 bytes)

GC Heap History (2 events):
Event: 2.055 GC heap before
{Heap before GC invocations=0 (full 0):
 garbage-first heap   total 253952K, used 20480K [0x0000000709c00000, 0x0000000800000000)
  region size 2048K, 11 young (22528K), 0 survivors (0K)
 Metaspace       used 15691K, committed 15872K, reserved 1114112K
  class space    used 1562K, committed 1664K, reserved 1048576K
}
Event: 2.059 GC heap after
{Heap after GC invocations=1 (full 0):
 garbage-first heap   total 253952K, used 7435K [0x0000000709c00000, 0x0000000800000000)
  region size 2048K, 2 young (4096K), 2 survivors (4096K)
 Metaspace       used 15691K, committed 15872K, reserved 1114112K
  class space    used 1562K, committed 1664K, reserved 1048576K
}

Deoptimization events (20 events):
Event: 1.867 Thread 0x0000023e2e0c67e0 DEOPT PACKING pc=0x0000023e3d644cc4 sp=0x000000fc666fcb20
Event: 1.867 Thread 0x0000023e2e0c67e0 DEOPT UNPACKING pc=0x0000023e3cf023a3 sp=0x000000fc666fcaa0 mode 2
Event: 1.918 Thread 0x0000023e2e0c67e0 Uncommon trap: trap_request=0xffffff45 fr.pc=0x0000023e3d636624 relative=0x00000000000013e4
Event: 1.918 Thread 0x0000023e2e0c67e0 Uncommon trap: reason=unstable_if action=reinterpret pc=0x0000023e3d636624 method=java.util.HashMap.hash(Ljava/lang/Object;)I @ 1 c2
Event: 1.918 Thread 0x0000023e2e0c67e0 DEOPT PACKING pc=0x0000023e3d636624 sp=0x000000fc666fd100
Event: 1.918 Thread 0x0000023e2e0c67e0 DEOPT UNPACKING pc=0x0000023e3cf023a3 sp=0x000000fc666fd0a0 mode 2
Event: 1.937 Thread 0x0000023e2e0c67e0 DEOPT PACKING pc=0x0000023e35ab02be sp=0x000000fc666fdd70
Event: 1.937 Thread 0x0000023e2e0c67e0 DEOPT UNPACKING pc=0x0000023e3cf02b43 sp=0x000000fc666fd1e8 mode 0
Event: 2.111 Thread 0x0000023e2e0c67e0 Uncommon trap: trap_request=0xffffff45 fr.pc=0x0000023e3d648d5c relative=0x000000000000061c
Event: 2.111 Thread 0x0000023e2e0c67e0 Uncommon trap: reason=unstable_if action=reinterpret pc=0x0000023e3d648d5c method=java.util.jar.Manifest$FastInputStream.readLine([BII)I @ 130 c2
Event: 2.111 Thread 0x0000023e2e0c67e0 DEOPT PACKING pc=0x0000023e3d648d5c sp=0x000000fc666fe300
Event: 2.111 Thread 0x0000023e2e0c67e0 DEOPT UNPACKING pc=0x0000023e3cf023a3 sp=0x000000fc666fe290 mode 2
Event: 2.112 Thread 0x0000023e2e0c67e0 DEOPT PACKING pc=0x0000023e35cfe568 sp=0x000000fc666fe190
Event: 2.112 Thread 0x0000023e2e0c67e0 DEOPT UNPACKING pc=0x0000023e3cf02b43 sp=0x000000fc666fd620 mode 0
Event: 2.113 Thread 0x0000023e2e0c67e0 DEOPT PACKING pc=0x0000023e35cfe568 sp=0x000000fc666fe190
Event: 2.113 Thread 0x0000023e2e0c67e0 DEOPT UNPACKING pc=0x0000023e3cf02b43 sp=0x000000fc666fd620 mode 0
Event: 2.124 Thread 0x0000023e51d3ad60 Uncommon trap: trap_request=0xffffff54 fr.pc=0x0000023e3d659178 relative=0x00000000000002b8
Event: 2.124 Thread 0x0000023e51d3ad60 Uncommon trap: reason=speculate_null_assert action=make_not_entrant pc=0x0000023e3d659178 method=jdk.internal.loader.URLClassPath.getLoader(I)Ljdk/internal/loader/URLClassPath$Loader; @ 41 c2
Event: 2.124 Thread 0x0000023e51d3ad60 DEOPT PACKING pc=0x0000023e3d659178 sp=0x000000fc686fe230
Event: 2.124 Thread 0x0000023e51d3ad60 DEOPT UNPACKING pc=0x0000023e3cf023a3 sp=0x000000fc686fe1d0 mode 2

Classes unloaded (0 events):
No events

Classes redefined (0 events):
No events

Internal exceptions (20 events):
Event: 1.573 Thread 0x0000023e2e0c67e0 Exception <a 'java/lang/IncompatibleClassChangeError'{0x0000000718b70da0}: Found class java.lang.Object, but interface was expected> (0x0000000718b70da0) 
thrown [s\open\src\hotspot\share\interpreter\linkResolver.cpp, line 826]
Event: 1.574 Thread 0x0000023e2e0c67e0 Exception <a 'java/lang/NoSuchMethodError'{0x0000000718b76950}: 'void java.lang.invoke.DirectMethodHandle$Holder.invokeStatic(java.lang.Object, java.lang.Object)'> (0x0000000718b76950) 
thrown [s\open\src\hotspot\share\interpreter\linkResolver.cpp, line 759]
Event: 1.615 Thread 0x0000023e2e0c67e0 Exception <a 'java/lang/NoSuchMethodError'{0x00000007188452e8}: 'int java.lang.invoke.DirectMethodHandle$Holder.invokeSpecial(java.lang.Object, java.lang.Object, java.lang.Object)'> (0x00000007188452e8) 
thrown [s\open\src\hotspot\share\interpreter\linkResolver.cpp, line 759]
Event: 1.660 Thread 0x0000023e2e0c67e0 Exception <a 'java/lang/NoSuchMethodError'{0x0000000718951808}: 'void java.lang.invoke.DirectMethodHandle$Holder.invokeStatic(java.lang.Object, java.lang.Object, java.lang.Object)'> (0x0000000718951808) 
thrown [s\open\src\hotspot\share\interpreter\linkResolver.cpp, line 759]
Event: 1.685 Thread 0x0000023e2e0c67e0 Exception <a 'java/lang/NoSuchMethodError'{0x000000071899bf60}: 'int java.lang.invoke.DirectMethodHandle$Holder.invokeSpecialIFC(java.lang.Object, java.lang.Object, java.lang.Object)'> (0x000000071899bf60) 
thrown [s\open\src\hotspot\share\interpreter\linkResolver.cpp, line 759]
Event: 1.708 Thread 0x0000023e2e0c67e0 Exception <a 'java/lang/NoSuchMethodError'{0x00000007186143f0}: 'java.lang.Object java.lang.invoke.DirectMethodHandle$Holder.invokeStaticInit(java.lang.Object, int, int, int, int)'> (0x00000007186143f0) 
thrown [s\open\src\hotspot\share\interpreter\linkResolver.cpp, line 759]
Event: 1.749 Thread 0x0000023e2e0c67e0 Exception <a 'java/lang/NoSuchMethodError'{0x0000000718646390}: 'java.lang.Object java.lang.invoke.DirectMethodHandle$Holder.invokeStaticInit(java.lang.Object, java.lang.Object, int, int, int, int)'> (0x0000000718646390) 
thrown [s\open\src\hotspot\share\interpreter\linkResolver.cpp, line 759]
Event: 1.758 Thread 0x0000023e2e0c67e0 Exception <a 'java/lang/ClassNotFoundException'{0x0000000718661ae0}: javax/management/remote/rmi/RMIServerImpl_Skel> (0x0000000718661ae0) 
thrown [s\open\src\hotspot\share\classfile\systemDictionary.cpp, line 256]
Event: 1.781 Thread 0x0000023e2e0c67e0 Exception <a 'java/lang/ClassNotFoundException'{0x00000007186a68f0}: jdk/internal/agent/resources/spi/agentProvider> (0x00000007186a68f0) 
thrown [s\open\src\hotspot\share\classfile\systemDictionary.cpp, line 256]
Event: 1.868 Thread 0x0000023e2e0c67e0 Exception <a 'java/lang/ClassNotFoundException'{0x0000000718214560}: javax/smartcardio/CardPermission> (0x0000000718214560) 
thrown [s\open\src\hotspot\share\classfile\systemDictionary.cpp, line 256]
Event: 1.872 Thread 0x0000023e2e0c67e0 Exception <a 'java/io/FileNotFoundException'{0x0000000718223810}> (0x0000000718223810) 
thrown [s\open\src\hotspot\share\prims\jni.cpp, line 516]
Event: 1.887 Thread 0x0000023e2e0c67e0 Exception <a 'java/lang/NoSuchMethodError'{0x0000000718289100}: 'java.lang.Object java.lang.invoke.DirectMethodHandle$Holder.invokeSpecial(java.lang.Object, java.lang.Object, java.lang.Object, long, java.lang.Object)'> (0x0000000718289100) 
thrown [s\open\src\hotspot\share\interpreter\linkResolver.cpp, line 759]
Event: 1.887 Thread 0x0000023e2e0c67e0 Exception <a 'java/lang/NoSuchMethodError'{0x000000071828ccd0}: 'java.lang.Object java.lang.invoke.Invokers$Holder.linkToTargetMethod(java.lang.Object, long, java.lang.Object, java.lang.Object)'> (0x000000071828ccd0) 
thrown [s\open\src\hotspot\share\interpreter\linkResolver.cpp, line 759]
Event: 1.918 Thread 0x0000023e2e0c67e0 Implicit null exception at 0x0000023e3d63527e to 0x0000023e3d636610
Event: 1.960 Thread 0x0000023e2e0c67e0 Exception <a 'java/lang/NoSuchMethodError'{0x000000071809c330}: 'void java.lang.invoke.DirectMethodHandle$Holder.invokeStatic(java.lang.Object, java.lang.Object, java.lang.Object, java.lang.Object)'> (0x000000071809c330) 
thrown [s\open\src\hotspot\share\interpreter\linkResolver.cpp, line 759]
Event: 1.991 Thread 0x0000023e2e0c67e0 Exception <a 'java/lang/NoSuchMethodError'{0x00000007181bde40}: 'int java.lang.invoke.DirectMethodHandle$Holder.invokeStaticInit(java.lang.Object, java.lang.Object)'> (0x00000007181bde40) 
thrown [s\open\src\hotspot\share\interpreter\linkResolver.cpp, line 759]
Event: 2.000 Thread 0x0000023e2e0c67e0 Exception <a 'java/lang/NoSuchMethodError'{0x0000000717e024b0}: 'void java.lang.invoke.DirectMethodHandle$Holder.invokeInterface(java.lang.Object, java.lang.Object, java.lang.Object, java.lang.Object)'> (0x0000000717e024b0) 
thrown [s\open\src\hotspot\share\interpreter\linkResolver.cpp, line 759]
Event: 2.046 Thread 0x0000023e2e0c67e0 Exception <a 'java/lang/NoSuchMethodError'{0x0000000717faf3a8}: 'java.lang.Object java.lang.invoke.DirectMethodHandle$Holder.invokeInterface(java.lang.Object, java.lang.Object)'> (0x0000000717faf3a8) 
thrown [s\open\src\hotspot\share\interpreter\linkResolver.cpp, line 759]
Event: 2.054 Thread 0x0000023e2e0c67e0 Exception <a 'java/lang/NoSuchMethodError'{0x0000000717ffcba0}: 'java.lang.Object java.lang.invoke.DirectMethodHandle$Holder.invokeSpecialIFC(java.lang.Object, java.lang.Object, java.lang.Object, java.lang.Object)'> (0x0000000717ffcba0) 
thrown [s\open\src\hotspot\share\interpreter\linkResolver.cpp, line 759]
Event: 2.061 Thread 0x0000023e2e0c67e0 Exception <a 'java/lang/NoSuchMethodError'{0x000000071921bcb0}: 'java.lang.Object java.lang.invoke.DirectMethodHandle$Holder.invokeInterface(java.lang.Object, java.lang.Object, java.lang.Object)'> (0x000000071921bcb0) 
thrown [s\open\src\hotspot\share\interpreter\linkResolver.cpp, line 759]

VM Operations (20 events):
Event: 1.577 Executing VM operation: HandshakeAllThreads
Event: 1.577 Executing VM operation: HandshakeAllThreads done
Event: 1.671 Executing VM operation: HandshakeAllThreads
Event: 1.671 Executing VM operation: HandshakeAllThreads done
Event: 1.698 Executing VM operation: HandshakeAllThreads
Event: 1.698 Executing VM operation: HandshakeAllThreads done
Event: 1.757 Executing VM operation: HandshakeAllThreads
Event: 1.757 Executing VM operation: HandshakeAllThreads done
Event: 1.830 Executing VM operation: HandshakeAllThreads
Event: 1.830 Executing VM operation: HandshakeAllThreads done
Event: 1.835 Executing VM operation: HandshakeAllThreads
Event: 1.835 Executing VM operation: HandshakeAllThreads done
Event: 1.870 Executing VM operation: HandshakeAllThreads
Event: 1.870 Executing VM operation: HandshakeAllThreads done
Event: 2.000 Executing VM operation: ICBufferFull
Event: 2.000 Executing VM operation: ICBufferFull done
Event: 2.054 Executing VM operation: G1CollectForAllocation
Event: 2.059 Executing VM operation: G1CollectForAllocation done
Event: 3.067 Executing VM operation: Cleanup
Event: 3.068 Executing VM operation: Cleanup done

Events (20 events):
Event: 2.115 loading class java/util/regex/Pattern$SliceS
Event: 2.115 loading class java/util/regex/Pattern$SliceS done
Event: 2.116 loading class java/util/regex/Matcher
Event: 2.116 loading class java/util/regex/MatchResult
Event: 2.116 loading class java/util/regex/MatchResult done
Event: 2.116 loading class java/util/regex/Matcher done
Event: 2.116 loading class java/util/regex/IntHashSet
Event: 2.116 loading class java/util/regex/IntHashSet done
Event: 2.118 loading class java/util/concurrent/LinkedBlockingDeque$Node
Event: 2.118 loading class java/util/concurrent/LinkedBlockingDeque$Node done
Event: 2.120 loading class java/lang/invoke/MethodHandle$1
Event: 2.120 loading class java/lang/invoke/MethodHandle$1 done
Event: 2.121 Thread 0x0000023e51d3b780 Thread added: 0x0000023e51d3b780
Event: 2.123 Thread 0x0000023e51d3ad60 Thread added: 0x0000023e51d3ad60
Event: 2.124 loading class java/net/URLClassLoader$1
Event: 2.124 loading class java/net/URLClassLoader$1 done
Event: 3.156 Thread 0x0000023e573ca540 Thread added: 0x0000023e573ca540
Event: 3.540 loading class sun/rmi/transport/tcp/TCPTransport$ConnectionHandler
Event: 4.172 loading class sun/rmi/transport/tcp/TCPTransport$ConnectionHandler done
Event: 8.192 Thread 0x0000023e51efa3b0 Thread exited: 0x0000023e51efa3b0


Dynamic libraries:
0x00007ff644c40000 - 0x00007ff644c50000 	C:\Program Files\Java\jdk-17\bin\java.exe
0x00007ffa64d00000 - 0x00007ffa64f63000 	C:\WINDOWS\SYSTEM32\ntdll.dll
0x00007ffa63890000 - 0x00007ffa63957000 	C:\WINDOWS\System32\KERNEL32.DLL
0x00007ffa625d0000 - 0x00007ffa62999000 	C:\WINDOWS\System32\KERNELBASE.dll
0x00007ffa62310000 - 0x00007ffa6245c000 	C:\WINDOWS\System32\ucrtbase.dll
0x00007ffa38c30000 - 0x00007ffa38c4b000 	C:\Program Files\Java\jdk-17\bin\VCRUNTIME140.dll
0x00007ffa33dd0000 - 0x00007ffa33de9000 	C:\Program Files\Java\jdk-17\bin\jli.dll
0x00007ffa646c0000 - 0x00007ffa64772000 	C:\WINDOWS\System32\ADVAPI32.dll
0x00007ffa63960000 - 0x00007ffa63a09000 	C:\WINDOWS\System32\msvcrt.dll
0x00007ffa64a70000 - 0x00007ffa64b16000 	C:\WINDOWS\System32\sechost.dll
0x00007ffa63270000 - 0x00007ffa63386000 	C:\WINDOWS\System32\RPCRT4.dll
0x00007ffa64150000 - 0x00007ffa6431a000 	C:\WINDOWS\System32\USER32.dll
0x00007ffa62460000 - 0x00007ffa62487000 	C:\WINDOWS\System32\win32u.dll
0x00007ffa64a40000 - 0x00007ffa64a6a000 	C:\WINDOWS\System32\GDI32.dll
0x00007ffa4e060000 - 0x00007ffa4e2f0000 	C:\WINDOWS\WinSxS\amd64_microsoft.windows.common-controls_6595b64144ccf1df_6.0.26100.3323_none_3e088096e3344490\COMCTL32.dll
0x00007ffa62490000 - 0x00007ffa625c1000 	C:\WINDOWS\System32\gdi32full.dll
0x00007ffa61f00000 - 0x00007ffa61fa3000 	C:\WINDOWS\System32\msvcp_win.dll
0x00007ffa5c110000 - 0x00007ffa5c11b000 	C:\WINDOWS\SYSTEM32\VERSION.dll
0x00007ffa64b20000 - 0x00007ffa64b4f000 	C:\WINDOWS\System32\IMM32.DLL
0x00007ffa4cd40000 - 0x00007ffa4cd4c000 	C:\Program Files\Java\jdk-17\bin\vcruntime140_1.dll
0x00007ffa0fcb0000 - 0x00007ffa0fd3e000 	C:\Program Files\Java\jdk-17\bin\msvcp140.dll
0x00007ff9ca7c0000 - 0x00007ff9cb3a0000 	C:\Program Files\Java\jdk-17\bin\server\jvm.dll
0x00007ffa63260000 - 0x00007ffa63268000 	C:\WINDOWS\System32\PSAPI.DLL
0x00007ffa59610000 - 0x00007ffa5961a000 	C:\WINDOWS\SYSTEM32\WSOCK32.dll
0x00007ffa5c0d0000 - 0x00007ffa5c106000 	C:\WINDOWS\SYSTEM32\WINMM.dll
0x00007ffa63390000 - 0x00007ffa63404000 	C:\WINDOWS\System32\WS2_32.dll
0x00007ffa60d20000 - 0x00007ffa60d3a000 	C:\WINDOWS\SYSTEM32\kernel.appcore.dll
0x00007ffa4ccc0000 - 0x00007ffa4ccca000 	C:\Program Files\Java\jdk-17\bin\jimage.dll
0x00007ffa55da0000 - 0x00007ffa55fe1000 	C:\WINDOWS\SYSTEM32\DBGHELP.DLL
0x00007ffa64330000 - 0x00007ffa646b2000 	C:\WINDOWS\System32\combase.dll
0x00007ffa64960000 - 0x00007ffa64a36000 	C:\WINDOWS\System32\OLEAUT32.dll
0x00007ffa49c30000 - 0x00007ffa49c69000 	C:\WINDOWS\SYSTEM32\dbgcore.DLL
0x00007ffa62040000 - 0x00007ffa620d9000 	C:\WINDOWS\System32\bcryptPrimitives.dll
0x00007ffa2da20000 - 0x00007ffa2da45000 	C:\Program Files\Java\jdk-17\bin\java.dll
0x00007ffa0da90000 - 0x00007ffa0db67000 	C:\Program Files\Java\jdk-17\bin\jsvml.dll
0x00007ffa63a30000 - 0x00007ffa64145000 	C:\WINDOWS\System32\SHELL32.dll
0x00007ffa621a0000 - 0x00007ffa62308000 	C:\WINDOWS\System32\wintypes.dll
0x00007ffa5fbb0000 - 0x00007ffa603f5000 	C:\WINDOWS\SYSTEM32\windows.storage.dll
0x00007ffa63730000 - 0x00007ffa6381b000 	C:\WINDOWS\System32\SHCORE.dll
0x00007ffa63830000 - 0x00007ffa6388d000 	C:\WINDOWS\System32\shlwapi.dll
0x00007ffa61e10000 - 0x00007ffa61e3f000 	C:\WINDOWS\SYSTEM32\profapi.dll
0x00007ffa2fee0000 - 0x00007ffa2fef9000 	C:\Program Files\Java\jdk-17\bin\net.dll
0x00007ffa59b00000 - 0x00007ffa59c1e000 	C:\WINDOWS\SYSTEM32\WINHTTP.dll
0x00007ffa61240000 - 0x00007ffa612aa000 	C:\WINDOWS\system32\mswsock.dll
0x00007ffa28c60000 - 0x00007ffa28c76000 	C:\Program Files\Java\jdk-17\bin\nio.dll
0x00007ffa27370000 - 0x00007ffa27388000 	C:\Program Files\Java\jdk-17\bin\zip.dll
0x00007ffa4c3e0000 - 0x00007ffa4c3ea000 	C:\Program Files\Java\jdk-17\bin\management.dll
0x00007ffa468b0000 - 0x00007ffa468bb000 	C:\Program Files\Java\jdk-17\bin\management_ext.dll
0x00007ffa44e40000 - 0x00007ffa44e58000 	C:\WINDOWS\system32\napinsp.dll
0x00007ffa60810000 - 0x00007ffa60935000 	C:\WINDOWS\SYSTEM32\DNSAPI.dll
0x00007ffa60770000 - 0x00007ffa607a3000 	C:\WINDOWS\SYSTEM32\IPHLPAPI.DLL
0x00007ffa62b20000 - 0x00007ffa62b2a000 	C:\WINDOWS\System32\NSI.dll
0x00007ffa42990000 - 0x00007ffa429a2000 	C:\WINDOWS\System32\winrnr.dll
0x00007ffa412c0000 - 0x00007ffa412e2000 	C:\WINDOWS\system32\nlansp_c.dll
0x00007ffa412a0000 - 0x00007ffa412b6000 	C:\WINDOWS\system32\wshbth.dll
0x00007ffa599a0000 - 0x00007ffa599ab000 	C:\Windows\System32\rasadhlp.dll
0x00007ffa5c5b0000 - 0x00007ffa5c635000 	C:\WINDOWS\System32\fwpuclnt.dll
0x00007ffa614e0000 - 0x00007ffa614fc000 	C:\WINDOWS\SYSTEM32\CRYPTSP.dll
0x00007ffa60c80000 - 0x00007ffa60cba000 	C:\WINDOWS\system32\rsaenh.dll
0x00007ffa612e0000 - 0x00007ffa6130b000 	C:\WINDOWS\SYSTEM32\USERENV.dll
0x00007ffa61720000 - 0x00007ffa61746000 	C:\WINDOWS\SYSTEM32\bcrypt.dll
0x00007ffa61500000 - 0x00007ffa6150c000 	C:\WINDOWS\SYSTEM32\CRYPTBASE.dll
0x00007ffa5c030000 - 0x00007ffa5c04f000 	C:\WINDOWS\SYSTEM32\dhcpcsvc6.DLL
0x00007ffa5bf70000 - 0x00007ffa5bf95000 	C:\WINDOWS\SYSTEM32\dhcpcsvc.DLL

dbghelp: loaded successfully - version: 4.0.5 - missing functions: none
symbol engine: initialized successfully - sym options: 0x614 - pdb path: .;C:\Program Files\Java\jdk-17\bin;C:\WINDOWS\SYSTEM32;C:\WINDOWS\WinSxS\amd64_microsoft.windows.common-controls_6595b64144ccf1df_6.0.26100.3323_none_3e088096e3344490;C:\Program Files\Java\jdk-17\bin\server

VM Arguments:
jvm_args: -Dcom.sun.management.jmxremote -Dcom.sun.management.jmxremote.port=58042 -Dcom.sun.management.jmxremote.authenticate=false -Dcom.sun.management.jmxremote.ssl=false -Dspring.jmx.enabled=true -Djava.rmi.server.hostname=localhost -Dspring.application.admin.enabled=true -Dspring.boot.project.name=laptopshop -XX:+ShowCodeDetailsInExceptionMessages -Dmanagement.endpoints.jmx.exposure.include=* 
java_command: vn.hoidanit.laptopshop.LaptopshopApplication
java_class_path (initial): C:\Users\MSI\Downloads\Compressed\01-java-spring-laptopshop-starter-master\01-java-spring-laptopshop-starter-master\target\classes;C:\Users\MSI\.m2\repository\org\springframework\boot\spring-boot-starter-actuator\3.2.2\spring-boot-starter-actuator-3.2.2.jar;C:\Users\MSI\.m2\repository\org\springframework\boot\spring-boot-actuator-autoconfigure\3.2.2\spring-boot-actuator-autoconfigure-3.2.2.jar;C:\Users\MSI\.m2\repository\org\springframework\boot\spring-boot-actuator\3.2.2\spring-boot-actuator-3.2.2.jar;C:\Users\MSI\.m2\repository\com\fasterxml\jackson\core\jackson-databind\2.15.3\jackson-databind-2.15.3.jar;C:\Users\MSI\.m2\repository\com\fasterxml\jackson\core\jackson-annotations\2.15.3\jackson-annotations-2.15.3.jar;C:\Users\MSI\.m2\repository\com\fasterxml\jackson\core\jackson-core\2.15.3\jackson-core-2.15.3.jar;C:\Users\MSI\.m2\repository\com\fasterxml\jackson\datatype\jackson-datatype-jsr310\2.15.3\jackson-datatype-jsr310-2.15.3.jar;C:\Users\MSI\.m2\repository\io\micrometer\micrometer-observation\1.12.2\micrometer-observation-1.12.2.jar;C:\Users\MSI\.m2\repository\io\micrometer\micrometer-commons\1.12.2\micrometer-commons-1.12.2.jar;C:\Users\MSI\.m2\repository\io\micrometer\micrometer-jakarta9\1.12.2\micrometer-jakarta9-1.12.2.jar;C:\Users\MSI\.m2\repository\io\micrometer\micrometer-core\1.12.2\micrometer-core-1.12.2.jar;C:\Users\MSI\.m2\repository\org\hdrhistogram\HdrHistogram\2.1.12\HdrHistogram-2.1.12.jar;C:\Users\MSI\.m2\repository\org\latencyutils\LatencyUtils\2.0.3\LatencyUtils-2.0.3.jar;C:\Users\MSI\.m2\repository\org\springframework\boot\spring-boot-starter-web\3.2.2\spring-boot-starter-web-3.2.2.jar;C:\Users\MSI\.m2\repository\org\springframework\boot\spring-boot-starter-json\3.2.2\spring-boot-starter-json-3.2.2.jar;C:\Users\MSI\.m2\repository\com\fasterxml\jackson\datatype\jackson-datatype-jdk8\2.15.3\jackson-datatype-jdk8-2.15.3.jar;C:\Users\MSI\.m2\repository\com\fasterxml\jackson\module\jackson-module-parameter-names\2.
Launcher Type: SUN_STANDARD

[Global flags]
     intx CICompilerCount                          = 12                                        {product} {ergonomic}
     uint ConcGCThreads                            = 3                                         {product} {ergonomic}
     uint G1ConcRefinementThreads                  = 13                                        {product} {ergonomic}
   size_t G1HeapRegionSize                         = 2097152                                   {product} {ergonomic}
    uintx GCDrainStackTargetSize                   = 64                                        {product} {ergonomic}
   size_t InitialHeapSize                          = 260046848                                 {product} {ergonomic}
     bool ManagementServer                         = true                                      {product} {command line}
   size_t MarkStackSize                            = 4194304                                   {product} {ergonomic}
   size_t MaxHeapSize                              = 4131389440                                {product} {ergonomic}
   size_t MaxNewSize                               = 2478833664                                {product} {ergonomic}
   size_t MinHeapDeltaBytes                        = 2097152                                   {product} {ergonomic}
   size_t MinHeapSize                              = 8388608                                   {product} {ergonomic}
    uintx NonNMethodCodeHeapSize                   = 7602480                                {pd product} {ergonomic}
    uintx NonProfiledCodeHeapSize                  = 122027880                              {pd product} {ergonomic}
    uintx ProfiledCodeHeapSize                     = 122027880                              {pd product} {ergonomic}
    uintx ReservedCodeCacheSize                    = 251658240                              {pd product} {ergonomic}
     bool SegmentedCodeCache                       = true                                      {product} {ergonomic}
     bool ShowCodeDetailsInExceptionMessages       = true                                   {manageable} {command line}
   size_t SoftMaxHeapSize                          = 4131389440                             {manageable} {ergonomic}
     bool UseCompressedClassPointers               = true                           {product lp64_product} {ergonomic}
     bool UseCompressedOops                        = true                           {product lp64_product} {ergonomic}
     bool UseG1GC                                  = true                                      {product} {ergonomic}
     bool UseLargePagesIndividualAllocation        = false                                  {pd product} {ergonomic}

Logging:
Log output configuration:
 #0: stdout all=warning uptime,level,tags
 #1: stderr all=off uptime,level,tags

Environment Variables:
PATH=C:\Program Files\Microsoft MPI\Bin\;C:\WINDOWS\system32;C:\WINDOWS;C:\WINDOWS\System32\Wbem;C:\WINDOWS\System32\WindowsPowerShell\v1.0\;C:\WINDOWS\System32\OpenSSH\;C:\Program Files\nodejs\;C:\Program Files (x86)\Microsoft SQL Server\160\Tools\Binn\;C:\Program Files\Microsoft SQL Server\160\Tools\Binn\;C:\Program Files\Microsoft SQL Server\Client SDK\ODBC\170\Tools\Binn\;C:\Program Files\Microsoft SQL Server\160\DTS\Binn\;C:\Program Files (x86)\Microsoft SQL Server\160\DTS\Binn\;C:\Program Files\Git LFS;C:\Program Files\Git\cmd;C:\Program Files\Java\jdk-17\bin;C:\Program Files\PowerShell\7\;C:\Program Files\MySQL\MySQL Shell 8.0\bin\;C:\Users\MSI\AppData\Local\Programs\Python\Python313;C:\Users\MSI\AppData\Local\Microsoft\WindowsApps;C:\Users\MSI\AppData\Local\Programs\Microsoft VS Code\bin;C:\Users\MSI\AppData\Roaming\npm;C:\Program Files\JetBrains\IntelliJ IDEA 2024.3.1.1\bin;;C:\Program Files\Java\jdk-17\bin;
USERNAME=MSI
LANG=en_US.UTF-8
OS=Windows_NT
PROCESSOR_IDENTIFIER=AMD64 Family 25 Model 80 Stepping 0, AuthenticAMD



---------------  S Y S T E M  ---------------

OS:
 Windows 11 , 64 bit Build 26100 (10.0.26100.3323)
OS uptime: 1 days 1:11 hours
Hyper-V role detected

CPU: total 16 (initial active 16) (16 cores per cpu, 2 threads per core) family 25 model 80 stepping 0 microcode 0xa50000c, cx8, cmov, fxsr, ht, mmx, 3dnowpref, sse, sse2, sse3, ssse3, sse4a, sse4.1, sse4.2, popcnt, lzcnt, tsc, tscinvbit, avx, avx2, aes, erms, clmul, bmi1, bmi2, adx, sha, fma, vzeroupper, clflush, clflushopt, hv

Memory: 4k page, system-wide physical 15752M (5076M free)
TotalPageFile size 15752M (AvailPageFile size 8M)
current process WorkingSet (physical memory assigned to process): 94M, peak: 94M
current process commit charge ("private bytes"): 371M, peak: 371M

vm_info: Java HotSpot(TM) 64-Bit Server VM (17.0.11+7-LTS-207) for windows-amd64 JRE (17.0.11+7-LTS-207), built on Mar 11 2024 19:01:50 by "mach5one" with MS VC++ 17.6 (VS2022)

END.
