#
# There is insufficient memory for the Java Runtime Environment to continue.
# Native memory allocation (malloc) failed to allocate 1125360 bytes for Chunk::new
# Possible reasons:
#   The system is out of physical RAM or swap space
#   The process is running with CompressedOops enabled, and the Java Heap may be blocking the growth of the native heap
# Possible solutions:
#   Reduce memory load on the system
#   Increase physical memory or swap space
#   Check if swap backing store is full
#   Decrease Java heap size (-Xmx/-Xms)
#   Decrease number of Java threads
#   Decrease Java thread stack sizes (-Xss)
#   Set larger code cache with -XX:ReservedCodeCacheSize=
#   JVM is running with Zero Based Compressed Oops mode in which the Java heap is
#     placed in the first 32GB address space. The Java Heap base address is the
#     maximum limit for the native heap growth. Please use -XX:HeapBaseMinAddress
#     to set the Java Heap base and to place the Java Heap above 32GB virtual address.
# This output file may be truncated or incomplete.
#
#  Out of Memory Error (arena.cpp:189), pid=3508, tid=18120
#
# JRE version: Java(TM) SE Runtime Environment (17.0.11+7) (build 17.0.11+7-LTS-207)
# Java VM: Java HotSpot(TM) 64-Bit Server VM (17.0.11+7-LTS-207, mixed mode, sharing, tiered, compressed oops, compressed class ptrs, g1 gc, windows-amd64)
# No core dump will be written. Minidumps are not enabled by default on client versions of Windows
#

---------------  S U M M A R Y ------------

Command Line: -Dcom.sun.management.jmxremote -Dcom.sun.management.jmxremote.port=62116 -Dcom.sun.management.jmxremote.authenticate=false -Dcom.sun.management.jmxremote.ssl=false -Dspring.jmx.enabled=true -Djava.rmi.server.hostname=localhost -Dspring.application.admin.enabled=true -Dspring.boot.project.name=laptopshop -XX:+ShowCodeDetailsInExceptionMessages -Dmanagement.endpoints.jmx.exposure.include=* vn.hoidanit.laptopshop.LaptopshopApplication

Host: AMD Ryzen 7 5800H with Radeon Graphics         , 16 cores, 15G,  Windows 11 , 64 bit Build 26100 (10.0.26100.3037)
Time: Fri Feb 28 21:14:27 2025 SE Asia Standard Time elapsed time: 2141.937176 seconds (0d 0h 35m 41s)

---------------  T H R E A D  ---------------

Current thread (0x0000016b8ae30960):  JavaThread "C2 CompilerThread1" daemon [_thread_in_native, id=18120, stack(0x0000006151700000,0x0000006151800000)]


Current CompileTask:
C2:2141937 15305       4       com.sun.crypto.provider.GaloisCounterMode$GCMDecrypt::doFinal (512 bytes)

Stack: [0x0000006151700000,0x0000006151800000]
Native frames: (J=compiled Java code, j=interpreted, Vv=VM code, C=native code)
V  [jvm.dll+0x679cca]
V  [jvm.dll+0x7da13d]
V  [jvm.dll+0x7dba83]
V  [jvm.dll+0x7dc0f3]
V  [jvm.dll+0x2449af]
V  [jvm.dll+0xab83b]
V  [jvm.dll+0xabe1c]
V  [jvm.dll+0x3615ae]
V  [jvm.dll+0x32bd61]
V  [jvm.dll+0x32b1fa]
V  [jvm.dll+0x2161df]
V  [jvm.dll+0x21560f]
V  [jvm.dll+0x1a2040]
V  [jvm.dll+0x225a2b]
V  [jvm.dll+0x223bcb]
V  [jvm.dll+0x7903ec]
V  [jvm.dll+0x78a85a]
V  [jvm.dll+0x678bb5]
C  [ucrtbase.dll+0x37b0]
C  [KERNEL32.DLL+0x2e8d7]
C  [ntdll.dll+0xbbf2c]


---------------  P R O C E S S  ---------------

Threads class SMR info:
_java_thread_list=0x0000016b8534dde0, length=42, elements={
0x0000016bbd52c360, 0x0000016bbd52f8a0, 0x0000016bbd542310, 0x0000016bbd542cd0,
0x0000016bbd544200, 0x0000016bbd545730, 0x0000016bbd546f90, 0x0000016bbd552980,
0x0000016bbd55e7a0, 0x0000016bff1518d0, 0x0000016bff213200, 0x0000016bff890d00,
0x0000016bff943cd0, 0x0000016bff945300, 0x0000016b847113c0, 0x0000016b847109a0,
0x0000016b88218930, 0x0000016b8821aca0, 0x0000016b8d2a42f0, 0x0000016b882174f0,
0x0000016b8d2a1050, 0x0000016b8ae34920, 0x0000016b8d2a2490, 0x0000016b8ae30960,
0x0000016b8d2a0b40, 0x0000016b8d2a6150, 0x0000016b8d2a4d10, 0x0000016b8d2a5220,
0x0000016b8d2a6660, 0x0000016b8d2a6b70, 0x0000016b8d2a5730, 0x0000016b8d2a33c0,
0x0000016b8d2a7080, 0x0000016b8d2a5c40, 0x0000016b8d2a38d0, 0x0000016b8d2a7590,
0x0000016b8d2a7aa0, 0x0000016b88215690, 0x0000016b88216fe0, 0x0000016b88215ba0,
0x0000016b882160b0, 0x0000016b8821b1b0
}

Java Threads: ( => current thread )
  0x0000016bbd52c360 JavaThread "Reference Handler" daemon [_thread_blocked, id=14732, stack(0x0000006150a00000,0x0000006150b00000)]
  0x0000016bbd52f8a0 JavaThread "Finalizer" daemon [_thread_blocked, id=6628, stack(0x0000006150b00000,0x0000006150c00000)]
  0x0000016bbd542310 JavaThread "Signal Dispatcher" daemon [_thread_blocked, id=18900, stack(0x0000006150c00000,0x0000006150d00000)]
  0x0000016bbd542cd0 JavaThread "Attach Listener" daemon [_thread_blocked, id=10104, stack(0x0000006150d00000,0x0000006150e00000)]
  0x0000016bbd544200 JavaThread "Service Thread" daemon [_thread_blocked, id=19996, stack(0x0000006150e00000,0x0000006150f00000)]
  0x0000016bbd545730 JavaThread "Monitor Deflation Thread" daemon [_thread_blocked, id=19128, stack(0x0000006150f00000,0x0000006151000000)]
  0x0000016bbd546f90 JavaThread "C2 CompilerThread0" daemon [_thread_blocked, id=8584, stack(0x0000006151000000,0x0000006151100000)]
  0x0000016bbd552980 JavaThread "C1 CompilerThread0" daemon [_thread_blocked, id=19672, stack(0x0000006151100000,0x0000006151200000)]
  0x0000016bbd55e7a0 JavaThread "Sweeper thread" daemon [_thread_blocked, id=17444, stack(0x0000006151200000,0x0000006151300000)]
  0x0000016bff1518d0 JavaThread "Common-Cleaner" daemon [_thread_blocked, id=13960, stack(0x0000006151300000,0x0000006151400000)]
  0x0000016bff213200 JavaThread "Notification Thread" daemon [_thread_blocked, id=19096, stack(0x0000006151800000,0x0000006151900000)]
  0x0000016bff890d00 JavaThread "RMI TCP Accept-0" daemon [_thread_in_native, id=13452, stack(0x0000006151900000,0x0000006151a00000)]
  0x0000016bff943cd0 JavaThread "RMI TCP Accept-62116" daemon [_thread_in_native, id=16952, stack(0x0000006151a00000,0x0000006151b00000)]
  0x0000016bff945300 JavaThread "RMI TCP Accept-0" daemon [_thread_in_native, id=20492, stack(0x0000006151b00000,0x0000006151c00000)]
  0x0000016b847113c0 JavaThread "RMI Scheduler(0)" daemon [_thread_blocked, id=22368, stack(0x0000006152700000,0x0000006152800000)]
  0x0000016b847109a0 JavaThread "mysql-cj-abandoned-connection-cleanup" daemon [_thread_blocked, id=20116, stack(0x0000006153a00000,0x0000006153b00000)]
  0x0000016b88218930 JavaThread "Live Reload Server" daemon [_thread_in_native, id=20656, stack(0x0000006154000000,0x0000006154100000)]
  0x0000016b8821aca0 JavaThread "DestroyJavaVM" [_thread_blocked, id=17476, stack(0x0000006150300000,0x0000006150400000)]
  0x0000016b8d2a42f0 JavaThread "File Watcher" daemon [_thread_blocked, id=15076, stack(0x0000006150100000,0x0000006150200000)]
  0x0000016b882174f0 JavaThread "File Watcher" daemon [_thread_blocked, id=3132, stack(0x0000006151500000,0x0000006151600000)]
  0x0000016b8d2a1050 JavaThread "File Watcher" daemon [_thread_blocked, id=10856, stack(0x0000006151400000,0x0000006151500000)]
  0x0000016b8ae34920 JavaThread "C1 CompilerThread1" daemon [_thread_blocked, id=14400, stack(0x0000006152300000,0x0000006152400000)]
  0x0000016b8d2a2490 JavaThread "File Watcher" daemon [_thread_blocked, id=20372, stack(0x0000006151600000,0x0000006151700000)]
=>0x0000016b8ae30960 JavaThread "C2 CompilerThread1" daemon [_thread_in_native, id=18120, stack(0x0000006151700000,0x0000006151800000)]
  0x0000016b8d2a0b40 JavaThread "Catalina-utility-1" [_thread_blocked, id=16328, stack(0x0000006152500000,0x0000006152600000)]
  0x0000016b8d2a6150 JavaThread "Catalina-utility-2" [_thread_blocked, id=10980, stack(0x0000006152600000,0x0000006152700000)]
  0x0000016b8d2a4d10 JavaThread "container-4" [_thread_blocked, id=9856, stack(0x0000006152800000,0x0000006152900000)]
  0x0000016b8d2a5220 JavaThread "HikariPool-9 housekeeper" daemon [_thread_blocked, id=8704, stack(0x0000006152900000,0x0000006152a00000)]
  0x0000016b8d2a6660 JavaThread "HikariPool-9 connection adder" daemon [_thread_in_native, id=3104, stack(0x0000006152d00000,0x0000006152e00000)]
  0x0000016b8d2a6b70 JavaThread "File Watcher" daemon [_thread_blocked, id=4236, stack(0x0000006152e00000,0x0000006152f00000)]
  0x0000016b8d2a5730 JavaThread "http-nio-8080-exec-1" daemon [_thread_blocked, id=12196, stack(0x0000006153400000,0x0000006153500000)]
  0x0000016b8d2a33c0 JavaThread "http-nio-8080-exec-2" daemon [_thread_blocked, id=19436, stack(0x0000006153500000,0x0000006153600000)]
  0x0000016b8d2a7080 JavaThread "http-nio-8080-exec-3" daemon [_thread_blocked, id=4504, stack(0x0000006153600000,0x0000006153700000)]
  0x0000016b8d2a5c40 JavaThread "http-nio-8080-exec-4" daemon [_thread_blocked, id=16856, stack(0x0000006153700000,0x0000006153800000)]
  0x0000016b8d2a38d0 JavaThread "http-nio-8080-exec-5" daemon [_thread_blocked, id=10136, stack(0x0000006153800000,0x0000006153900000)]
  0x0000016b8d2a7590 JavaThread "http-nio-8080-exec-6" daemon [_thread_blocked, id=21168, stack(0x0000006153900000,0x0000006153a00000)]
  0x0000016b8d2a7aa0 JavaThread "http-nio-8080-exec-7" daemon [_thread_blocked, id=17280, stack(0x0000006153b00000,0x0000006153c00000)]
  0x0000016b88215690 JavaThread "http-nio-8080-exec-8" daemon [_thread_blocked, id=17976, stack(0x0000006153c00000,0x0000006153d00000)]
  0x0000016b88216fe0 JavaThread "http-nio-8080-exec-9" daemon [_thread_blocked, id=9160, stack(0x0000006153d00000,0x0000006153e00000)]
  0x0000016b88215ba0 JavaThread "http-nio-8080-exec-10" daemon [_thread_blocked, id=11344, stack(0x0000006153e00000,0x0000006153f00000)]
  0x0000016b882160b0 JavaThread "http-nio-8080-Poller" daemon [_thread_in_native, id=19528, stack(0x0000006153f00000,0x0000006154000000)]
  0x0000016b8821b1b0 JavaThread "http-nio-8080-Acceptor" daemon [_thread_in_native, id=9260, stack(0x0000006154100000,0x0000006154200000)]

Other Threads:
  0x0000016bbd527e50 VMThread "VM Thread" [stack: 0x0000006150900000,0x0000006150a00000] [id=21152]
  0x0000016bff894e40 WatcherThread [stack: 0x0000006151c00000,0x0000006151d00000] [id=8100]
  0x0000016b9a3fd490 GCTaskThread "GC Thread#0" [stack: 0x0000006150400000,0x0000006150500000] [id=3688]
  0x0000016b84700100 GCTaskThread "GC Thread#1" [stack: 0x0000006151d00000,0x0000006151e00000] [id=8340]
  0x0000016b843f3ce0 GCTaskThread "GC Thread#2" [stack: 0x0000006151e00000,0x0000006151f00000] [id=19824]
  0x0000016b8447d330 GCTaskThread "GC Thread#3" [stack: 0x0000006151f00000,0x0000006152000000] [id=3184]
  0x0000016b8447dc10 GCTaskThread "GC Thread#4" [stack: 0x0000006152000000,0x0000006152100000] [id=18648]
  0x0000016b844a2000 GCTaskThread "GC Thread#5" [stack: 0x0000006152100000,0x0000006152200000] [id=22244]
  0x0000016b84554bc0 GCTaskThread "GC Thread#6" [stack: 0x0000006152200000,0x0000006152300000] [id=17880]
  0x0000016b84bf5ee0 GCTaskThread "GC Thread#7" [stack: 0x0000006152a00000,0x0000006152b00000] [id=8812]
  0x0000016b8493c070 GCTaskThread "GC Thread#8" [stack: 0x0000006152b00000,0x0000006152c00000] [id=20800]
  0x0000016b843e3d90 GCTaskThread "GC Thread#9" [stack: 0x0000006152c00000,0x0000006152d00000] [id=16372]
  0x0000016b855b5540 GCTaskThread "GC Thread#10" [stack: 0x0000006152f00000,0x0000006153000000] [id=14088]
  0x0000016b84c8f070 GCTaskThread "GC Thread#11" [stack: 0x0000006153000000,0x0000006153100000] [id=9656]
  0x0000016b85d7e7a0 GCTaskThread "GC Thread#12" [stack: 0x0000006153100000,0x0000006153200000] [id=17428]
  0x0000016b9a40ea90 ConcurrentGCThread "G1 Main Marker" [stack: 0x0000006150500000,0x0000006150600000] [id=19736]
  0x0000016b9a410dc0 ConcurrentGCThread "G1 Conc#0" [stack: 0x0000006150600000,0x0000006150700000] [id=2840]
  0x0000016b84a1b7b0 ConcurrentGCThread "G1 Conc#1" [stack: 0x0000006153200000,0x0000006153300000] [id=7124]
  0x0000016b85630820 ConcurrentGCThread "G1 Conc#2" [stack: 0x0000006153300000,0x0000006153400000] [id=21064]
  0x0000016bbd43fa50 ConcurrentGCThread "G1 Refine#0" [stack: 0x0000006150700000,0x0000006150800000] [id=12532]
  0x0000016b9a44e8b0 ConcurrentGCThread "G1 Service" [stack: 0x0000006150800000,0x0000006150900000] [id=19448]

Threads with active compile tasks:
C2 CompilerThread1  2141954 15305       4       com.sun.crypto.provider.GaloisCounterMode$GCMDecrypt::doFinal (512 bytes)

VM state: not at safepoint (normal execution)

VM Mutex/Monitor currently owned by a thread: None

Heap address: 0x0000000709c00000, size: 3940 MB, Compressed Oops mode: Zero based, Oop shift amount: 3

CDS archive(s) mapped at: [0x0000016bbe000000-0x0000016bbebd0000-0x0000016bbebd0000), size 12386304, SharedBaseAddress: 0x0000016bbe000000, ArchiveRelocationMode: 1.
Compressed class space mapped at: 0x0000016bbf000000-0x0000016bff000000, reserved size: 1073741824
Narrow klass base: 0x0000016bbe000000, Narrow klass shift: 0, Narrow klass range: 0x100000000

GC Precious Log:
 CPUs: 16 total, 16 available
 Memory: 15752M
 Large Page Support: Disabled
 NUMA Support: Disabled
 Compressed Oops: Enabled (Zero based)
 Heap Region Size: 2M
 Heap Min Capacity: 8M
 Heap Initial Capacity: 248M
 Heap Max Capacity: 3940M
 Pre-touch: Disabled
 Parallel Workers: 13
 Concurrent Workers: 3
 Concurrent Refinement Workers: 13
 Periodic GC: Disabled

Heap:
 garbage-first heap   total 225280K, used 82675K [0x0000000709c00000, 0x0000000800000000)
  region size 2048K, 7 young (14336K), 5 survivors (10240K)
 Metaspace       used 88847K, committed 89792K, reserved 1179648K
  class space    used 10853K, committed 11264K, reserved 1048576K

Heap Regions: E=young(eden), S=young(survivor), O=old, HS=humongous(starts), HC=humongous(continues), CS=collection set, F=free, OA=open archive, CA=closed archive, TAMS=top-at-mark-start (previous, next)
|   0|0x0000000709c00000, 0x0000000709e00000, 0x0000000709e00000|100%| O|  |TAMS 0x0000000709e00000, 0x0000000709c00000| Untracked 
|   1|0x0000000709e00000, 0x0000000709fffff8, 0x000000070a000000| 99%| O|  |TAMS 0x0000000709fffff8, 0x0000000709e00000| Untracked 
|   2|0x000000070a000000, 0x000000070a1fffd8, 0x000000070a200000| 99%| O|  |TAMS 0x000000070a1fffd8, 0x000000070a000000| Untracked 
|   3|0x000000070a200000, 0x000000070a3ffff0, 0x000000070a400000| 99%| O|  |TAMS 0x000000070a3ffff0, 0x000000070a200000| Untracked 
|   4|0x000000070a400000, 0x000000070a600000, 0x000000070a600000|100%| O|  |TAMS 0x000000070a600000, 0x000000070a400000| Untracked 
|   5|0x000000070a600000, 0x000000070a7fef98, 0x000000070a800000| 99%| O|  |TAMS 0x000000070a7fef98, 0x000000070a600000| Untracked 
|   6|0x000000070a800000, 0x000000070a9fffe8, 0x000000070aa00000| 99%| O|  |TAMS 0x000000070a9fffe8, 0x000000070a800000| Untracked 
|   7|0x000000070aa00000, 0x000000070abffff8, 0x000000070ac00000| 99%| O|  |TAMS 0x000000070abffff8, 0x000000070aa00000| Untracked 
|   8|0x000000070ac00000, 0x000000070adfca78, 0x000000070ae00000| 99%| O|  |TAMS 0x000000070adfca78, 0x000000070ac00000| Untracked 
|   9|0x000000070ae00000, 0x000000070afff370, 0x000000070b000000| 99%| O|  |TAMS 0x000000070afff370, 0x000000070ae00000| Untracked 
|  10|0x000000070b000000, 0x000000070b1fffa0, 0x000000070b200000| 99%| O|  |TAMS 0x000000070b1fffa0, 0x000000070b000000| Untracked 
|  11|0x000000070b200000, 0x000000070b3fffe8, 0x000000070b400000| 99%| O|  |TAMS 0x000000070b3fffe8, 0x000000070b200000| Untracked 
|  12|0x000000070b400000, 0x000000070b5ffff8, 0x000000070b600000| 99%| O|  |TAMS 0x000000070b5ffff8, 0x000000070b400000| Untracked 
|  13|0x000000070b600000, 0x000000070b7fffc0, 0x000000070b800000| 99%| O|  |TAMS 0x000000070b7fffc0, 0x000000070b600000| Untracked 
|  14|0x000000070b800000, 0x000000070b9fffe0, 0x000000070ba00000| 99%| O|  |TAMS 0x000000070b9fffe0, 0x000000070b800000| Untracked 
|  15|0x000000070ba00000, 0x000000070bbffff8, 0x000000070bc00000| 99%| O|  |TAMS 0x000000070bbffff8, 0x000000070ba00000| Untracked 
|  16|0x000000070bc00000, 0x000000070bdffff8, 0x000000070be00000| 99%| O|  |TAMS 0x000000070bdffff8, 0x000000070bc00000| Untracked 
|  17|0x000000070be00000, 0x000000070bfffff8, 0x000000070c000000| 99%| O|  |TAMS 0x000000070bfffff8, 0x000000070be00000| Untracked 
|  18|0x000000070c000000, 0x000000070c1ff830, 0x000000070c200000| 99%| O|  |TAMS 0x000000070c1ff830, 0x000000070c000000| Untracked 
|  19|0x000000070c200000, 0x000000070c3ffff8, 0x000000070c400000| 99%| O|  |TAMS 0x000000070c3ffff8, 0x000000070c200000| Untracked 
|  20|0x000000070c400000, 0x000000070c5ffff0, 0x000000070c600000| 99%| O|  |TAMS 0x000000070c5ffff0, 0x000000070c400000| Untracked 
|  21|0x000000070c600000, 0x000000070c7fffe8, 0x000000070c800000| 99%| O|  |TAMS 0x000000070c7fffe8, 0x000000070c600000| Untracked 
|  22|0x000000070c800000, 0x000000070c9ffff8, 0x000000070ca00000| 99%| O|  |TAMS 0x000000070c9ffff8, 0x000000070c800000| Untracked 
|  23|0x000000070ca00000, 0x000000070cbffff8, 0x000000070cc00000| 99%| O|  |TAMS 0x000000070cbffff8, 0x000000070ca00000| Untracked 
|  24|0x000000070cc00000, 0x000000070cdffff0, 0x000000070ce00000| 99%| O|  |TAMS 0x000000070cdffff0, 0x000000070cc00000| Untracked 
|  25|0x000000070ce00000, 0x000000070cffffc0, 0x000000070d000000| 99%| O|  |TAMS 0x000000070cffffc0, 0x000000070ce00000| Untracked 
|  26|0x000000070d000000, 0x000000070d1fa8a0, 0x000000070d200000| 98%| O|  |TAMS 0x000000070d1fa8a0, 0x000000070d000000| Untracked 
|  27|0x000000070d200000, 0x000000070d3bf1b0, 0x000000070d400000| 87%| O|  |TAMS 0x000000070d3bf1b0, 0x000000070d200000| Untracked 
|  28|0x000000070d400000, 0x000000070d519698, 0x000000070d600000| 54%| O|  |TAMS 0x000000070d519698, 0x000000070d400000| Untracked 
|  29|0x000000070d600000, 0x000000070d7ffff8, 0x000000070d800000| 99%| O|  |TAMS 0x000000070d7ffff8, 0x000000070d600000| Untracked 
|  30|0x000000070d800000, 0x000000070da00000, 0x000000070da00000|100%| O|  |TAMS 0x000000070d800000, 0x000000070d800000| Untracked 
|  31|0x000000070da00000, 0x000000070dbbd958, 0x000000070dc00000| 87%| O|  |TAMS 0x000000070dbbd958, 0x000000070da00000| Untracked 
|  32|0x000000070dc00000, 0x000000070de00000, 0x000000070de00000|100%| O|  |TAMS 0x000000070dc00000, 0x000000070dc00000| Untracked 
|  33|0x000000070de00000, 0x000000070df338a8, 0x000000070e000000| 60%| O|  |TAMS 0x000000070df338a8, 0x000000070de00000| Untracked 
|  34|0x000000070e000000, 0x000000070e0fce00, 0x000000070e200000| 49%| O|  |TAMS 0x000000070e000000, 0x000000070e000000| Untracked 
|  35|0x000000070e200000, 0x000000070e3ab4f8, 0x000000070e400000| 83%| O|  |TAMS 0x000000070e3ab4f8, 0x000000070e200000| Untracked 
|  36|0x000000070e400000, 0x000000070e400000, 0x000000070e600000|  0%| F|  |TAMS 0x000000070e400000, 0x000000070e400000| Untracked 
|  37|0x000000070e600000, 0x000000070e600000, 0x000000070e800000|  0%| F|  |TAMS 0x000000070e600000, 0x000000070e600000| Untracked 
|  38|0x000000070e800000, 0x000000070e800000, 0x000000070ea00000|  0%| F|  |TAMS 0x000000070e800000, 0x000000070e800000| Untracked 
|  39|0x000000070ea00000, 0x000000070ea00000, 0x000000070ec00000|  0%| F|  |TAMS 0x000000070ea00000, 0x000000070ea00000| Untracked 
|  40|0x000000070ec00000, 0x000000070ec00000, 0x000000070ee00000|  0%| F|  |TAMS 0x000000070ec00000, 0x000000070ec00000| Untracked 
|  41|0x000000070ee00000, 0x000000070ee00000, 0x000000070f000000|  0%| F|  |TAMS 0x000000070ee00000, 0x000000070ee00000| Untracked 
|  42|0x000000070f000000, 0x000000070f000000, 0x000000070f200000|  0%| F|  |TAMS 0x000000070f000000, 0x000000070f000000| Untracked 
|  43|0x000000070f200000, 0x000000070f200000, 0x000000070f400000|  0%| F|  |TAMS 0x000000070f200000, 0x000000070f200000| Untracked 
|  44|0x000000070f400000, 0x000000070f57d390, 0x000000070f600000| 74%| O|  |TAMS 0x000000070f57d390, 0x000000070f400000| Untracked 
|  45|0x000000070f600000, 0x000000070f600000, 0x000000070f800000|  0%| F|  |TAMS 0x000000070f600000, 0x000000070f600000| Untracked 
|  46|0x000000070f800000, 0x000000070f800000, 0x000000070fa00000|  0%| F|  |TAMS 0x000000070f800000, 0x000000070f800000| Untracked 
|  47|0x000000070fa00000, 0x000000070fa00000, 0x000000070fc00000|  0%| F|  |TAMS 0x000000070fa00000, 0x000000070fa00000| Untracked 
|  48|0x000000070fc00000, 0x000000070fc00000, 0x000000070fe00000|  0%| F|  |TAMS 0x000000070fc00000, 0x000000070fc00000| Untracked 
|  49|0x000000070fe00000, 0x000000070fe00000, 0x0000000710000000|  0%| F|  |TAMS 0x000000070fe00000, 0x000000070fe00000| Untracked 
|  50|0x0000000710000000, 0x0000000710000000, 0x0000000710200000|  0%| F|  |TAMS 0x0000000710000000, 0x0000000710000000| Untracked 
|  51|0x0000000710200000, 0x00000007102bcac0, 0x0000000710400000| 36%| S|CS|TAMS 0x0000000710200000, 0x0000000710200000| Complete 
|  52|0x0000000710400000, 0x0000000710600000, 0x0000000710600000|100%| S|CS|TAMS 0x0000000710400000, 0x0000000710400000| Complete 
|  53|0x0000000710600000, 0x0000000710800000, 0x0000000710800000|100%| S|CS|TAMS 0x0000000710600000, 0x0000000710600000| Complete 
|  54|0x0000000710800000, 0x0000000710a00000, 0x0000000710a00000|100%| S|CS|TAMS 0x0000000710800000, 0x0000000710800000| Complete 
|  55|0x0000000710a00000, 0x0000000710a00000, 0x0000000710c00000|  0%| F|  |TAMS 0x0000000710a00000, 0x0000000710a00000| Untracked 
|  56|0x0000000710c00000, 0x0000000710c08ea8, 0x0000000710e00000|  1%| O|  |TAMS 0x0000000710c08ea8, 0x0000000710c00000| Untracked 
|  57|0x0000000710e00000, 0x0000000710e00000, 0x0000000711000000|  0%| F|  |TAMS 0x0000000710e00000, 0x0000000710e00000| Untracked 
|  58|0x0000000711000000, 0x0000000711000000, 0x0000000711200000|  0%| F|  |TAMS 0x0000000711000000, 0x0000000711000000| Untracked 
|  59|0x0000000711200000, 0x0000000711400000, 0x0000000711400000|100%| S|CS|TAMS 0x0000000711200000, 0x0000000711200000| Complete 
|  60|0x0000000711400000, 0x0000000711400000, 0x0000000711600000|  0%| F|  |TAMS 0x0000000711400000, 0x0000000711400000| Untracked 
|  61|0x0000000711600000, 0x0000000711600000, 0x0000000711800000|  0%| F|  |TAMS 0x0000000711600000, 0x0000000711600000| Untracked 
|  62|0x0000000711800000, 0x0000000711800000, 0x0000000711a00000|  0%| F|  |TAMS 0x0000000711800000, 0x0000000711800000| Untracked 
|  63|0x0000000711a00000, 0x0000000711a00000, 0x0000000711c00000|  0%| F|  |TAMS 0x0000000711a00000, 0x0000000711a00000| Untracked 
|  64|0x0000000711c00000, 0x0000000711c00000, 0x0000000711e00000|  0%| F|  |TAMS 0x0000000711c00000, 0x0000000711c00000| Untracked 
|  65|0x0000000711e00000, 0x0000000711e00000, 0x0000000712000000|  0%| F|  |TAMS 0x0000000711e00000, 0x0000000711e00000| Untracked 
|  66|0x0000000712000000, 0x0000000712000000, 0x0000000712200000|  0%| F|  |TAMS 0x0000000712000000, 0x0000000712000000| Untracked 
|  67|0x0000000712200000, 0x0000000712200000, 0x0000000712400000|  0%| F|  |TAMS 0x0000000712200000, 0x0000000712200000| Untracked 
|  68|0x0000000712400000, 0x0000000712400000, 0x0000000712600000|  0%| F|  |TAMS 0x0000000712400000, 0x0000000712400000| Untracked 
|  69|0x0000000712600000, 0x0000000712600000, 0x0000000712800000|  0%| F|  |TAMS 0x0000000712600000, 0x0000000712600000| Untracked 
|  70|0x0000000712800000, 0x0000000712800000, 0x0000000712a00000|  0%| F|  |TAMS 0x0000000712800000, 0x0000000712800000| Untracked 
|  71|0x0000000712a00000, 0x0000000712a00000, 0x0000000712c00000|  0%| F|  |TAMS 0x0000000712a00000, 0x0000000712a00000| Untracked 
|  72|0x0000000712c00000, 0x0000000712c00000, 0x0000000712e00000|  0%| F|  |TAMS 0x0000000712c00000, 0x0000000712c00000| Untracked 
|  73|0x0000000712e00000, 0x0000000712e00000, 0x0000000713000000|  0%| F|  |TAMS 0x0000000712e00000, 0x0000000712e00000| Untracked 
|  74|0x0000000713000000, 0x0000000713000000, 0x0000000713200000|  0%| F|  |TAMS 0x0000000713000000, 0x0000000713000000| Untracked 
|  75|0x0000000713200000, 0x0000000713200000, 0x0000000713400000|  0%| F|  |TAMS 0x0000000713200000, 0x0000000713200000| Untracked 
|  76|0x0000000713400000, 0x0000000713400000, 0x0000000713600000|  0%| F|  |TAMS 0x0000000713400000, 0x0000000713400000| Untracked 
|  77|0x0000000713600000, 0x0000000713600000, 0x0000000713800000|  0%| F|  |TAMS 0x0000000713600000, 0x0000000713600000| Untracked 
|  78|0x0000000713800000, 0x0000000713800000, 0x0000000713a00000|  0%| F|  |TAMS 0x0000000713800000, 0x0000000713800000| Untracked 
|  79|0x0000000713a00000, 0x0000000713a00000, 0x0000000713c00000|  0%| F|  |TAMS 0x0000000713a00000, 0x0000000713a00000| Untracked 
|  80|0x0000000713c00000, 0x0000000713c00000, 0x0000000713e00000|  0%| F|  |TAMS 0x0000000713c00000, 0x0000000713c00000| Untracked 
|  81|0x0000000713e00000, 0x0000000713e00000, 0x0000000714000000|  0%| F|  |TAMS 0x0000000713e00000, 0x0000000713e00000| Untracked 
|  82|0x0000000714000000, 0x0000000714013710, 0x0000000714200000|  3%| O|  |TAMS 0x0000000714013710, 0x0000000714000000| Untracked 
|  83|0x0000000714200000, 0x0000000714200000, 0x0000000714400000|  0%| F|  |TAMS 0x0000000714200000, 0x0000000714200000| Untracked 
|  84|0x0000000714400000, 0x0000000714400000, 0x0000000714600000|  0%| F|  |TAMS 0x0000000714400000, 0x0000000714400000| Untracked 
|  85|0x0000000714600000, 0x0000000714600000, 0x0000000714800000|  0%| F|  |TAMS 0x0000000714600000, 0x0000000714600000| Untracked 
|  86|0x0000000714800000, 0x0000000714800000, 0x0000000714a00000|  0%| F|  |TAMS 0x0000000714800000, 0x0000000714800000| Untracked 
|  87|0x0000000714a00000, 0x0000000714a00000, 0x0000000714c00000|  0%| F|  |TAMS 0x0000000714a00000, 0x0000000714a00000| Untracked 
|  88|0x0000000714c00000, 0x0000000714c00000, 0x0000000714e00000|  0%| F|  |TAMS 0x0000000714c00000, 0x0000000714c00000| Untracked 
|  89|0x0000000714e00000, 0x0000000714e00000, 0x0000000715000000|  0%| F|  |TAMS 0x0000000714e00000, 0x0000000714e00000| Untracked 
|  90|0x0000000715000000, 0x0000000715000000, 0x0000000715200000|  0%| F|  |TAMS 0x0000000715000000, 0x0000000715000000| Untracked 
|  91|0x0000000715200000, 0x0000000715200000, 0x0000000715400000|  0%| F|  |TAMS 0x0000000715200000, 0x0000000715200000| Untracked 
|  92|0x0000000715400000, 0x0000000715400000, 0x0000000715600000|  0%| F|  |TAMS 0x0000000715400000, 0x0000000715400000| Untracked 
|  93|0x0000000715600000, 0x0000000715600000, 0x0000000715800000|  0%| F|  |TAMS 0x0000000715600000, 0x0000000715600000| Untracked 
|  94|0x0000000715800000, 0x0000000715800000, 0x0000000715a00000|  0%| F|  |TAMS 0x0000000715800000, 0x0000000715800000| Untracked 
|  95|0x0000000715a00000, 0x0000000715a00000, 0x0000000715c00000|  0%| F|  |TAMS 0x0000000715a00000, 0x0000000715a00000| Untracked 
|  96|0x0000000715c00000, 0x0000000715c00000, 0x0000000715e00000|  0%| F|  |TAMS 0x0000000715c00000, 0x0000000715c00000| Untracked 
|  97|0x0000000715e00000, 0x0000000715e00000, 0x0000000716000000|  0%| F|  |TAMS 0x0000000715e00000, 0x0000000715e00000| Untracked 
|  98|0x0000000716000000, 0x0000000716000000, 0x0000000716200000|  0%| F|  |TAMS 0x0000000716000000, 0x0000000716000000| Untracked 
|  99|0x0000000716200000, 0x0000000716200000, 0x0000000716400000|  0%| F|  |TAMS 0x0000000716200000, 0x0000000716200000| Untracked 
| 100|0x0000000716400000, 0x0000000716400000, 0x0000000716600000|  0%| F|  |TAMS 0x0000000716400000, 0x0000000716400000| Untracked 
| 101|0x0000000716600000, 0x0000000716600000, 0x0000000716800000|  0%| F|  |TAMS 0x0000000716600000, 0x0000000716600000| Untracked 
| 102|0x0000000716800000, 0x0000000716800000, 0x0000000716a00000|  0%| F|  |TAMS 0x0000000716800000, 0x0000000716800000| Untracked 
| 103|0x0000000716a00000, 0x0000000716a00000, 0x0000000716c00000|  0%| F|  |TAMS 0x0000000716a00000, 0x0000000716a00000| Untracked 
| 104|0x0000000716c00000, 0x0000000716c00000, 0x0000000716e00000|  0%| F|  |TAMS 0x0000000716c00000, 0x0000000716c00000| Untracked 
| 105|0x0000000716e00000, 0x0000000716e00000, 0x0000000717000000|  0%| F|  |TAMS 0x0000000716e00000, 0x0000000716e00000| Untracked 
| 106|0x0000000717000000, 0x0000000717000000, 0x0000000717200000|  0%| F|  |TAMS 0x0000000717000000, 0x0000000717000000| Untracked 
| 107|0x0000000717200000, 0x0000000717200000, 0x0000000717400000|  0%| F|  |TAMS 0x0000000717200000, 0x0000000717200000| Untracked 
| 108|0x0000000717400000, 0x00000007175efe50, 0x0000000717600000| 96%| E|  |TAMS 0x0000000717400000, 0x0000000717400000| Complete 
| 109|0x0000000717600000, 0x0000000717800000, 0x0000000717800000|100%| E|CS|TAMS 0x0000000717600000, 0x0000000717600000| Complete 

Card table byte_map: [0x0000016bb23e0000,0x0000016bb2ba0000] _byte_map_base: 0x0000016baeb92000

Marking Bits (Prev, Next): (CMBitMap*) 0x0000016b9a3fe9c0, (CMBitMap*) 0x0000016b9a3fea00
 Prev Bits: [0x0000016bb3360000, 0x0000016bb70f0000)
 Next Bits: [0x0000016bb70f0000, 0x0000016bbae80000)

Polling page: 0x0000016b988c0000

Metaspace:

Usage:
  Non-class:     76.17 MB used.
      Class:     10.60 MB used.
       Both:     86.77 MB used.

Virtual space:
  Non-class space:      128.00 MB reserved,      76.69 MB ( 60%) committed,  2 nodes.
      Class space:        1.00 GB reserved,      11.00 MB (  1%) committed,  1 nodes.
             Both:        1.12 GB reserved,      87.69 MB (  8%) committed. 

Chunk freelists:
   Non-Class:  2.73 MB
       Class:  4.90 MB
        Both:  7.63 MB

MaxMetaspaceSize: unlimited
CompressedClassSpaceSize: 1.00 GB
Initial GC threshold: 21.00 MB
Current GC threshold: 146.19 MB
CDS: on
MetaspaceReclaimPolicy: balanced
 - commit_granule_bytes: 65536.
 - commit_granule_words: 8192.
 - virtual_space_node_default_size: 8388608.
 - enlarge_chunks_in_place: 1.
 - new_chunks_are_fully_committed: 0.
 - uncommit_free_chunks: 1.
 - use_allocation_guard: 0.
 - handle_deallocations: 1.


Internal statistics:

num_allocs_failed_limit: 9.
num_arena_births: 1262.
num_arena_deaths: 4.
num_vsnodes_births: 3.
num_vsnodes_deaths: 0.
num_space_committed: 1403.
num_space_uncommitted: 0.
num_chunks_returned_to_freelist: 14.
num_chunks_taken_from_freelist: 4562.
num_chunk_merges: 4.
num_chunk_splits: 3110.
num_chunks_enlarged: 2201.
num_inconsistent_stats: 0.

CodeHeap 'non-profiled nmethods': size=119168Kb used=12200Kb max_used=12904Kb free=106967Kb
 bounds [0x0000016ba97f0000, 0x0000016baa490000, 0x0000016bb0c50000]
CodeHeap 'profiled nmethods': size=119104Kb used=24778Kb max_used=25004Kb free=94325Kb
 bounds [0x0000016ba1c50000, 0x0000016ba34c0000, 0x0000016ba90a0000]
CodeHeap 'non-nmethods': size=7488Kb used=1976Kb max_used=3145Kb free=5511Kb
 bounds [0x0000016ba90a0000, 0x0000016ba93c0000, 0x0000016ba97f0000]
 total_blobs=13161 nmethods=12406 adapters=665
 compilation: enabled
              stopped_count=0, restarted_count=0
 full_count=0

Compilation events (20 events):
Event: 2140.881 Thread 0x0000016b8ae34920 15361       3       io.micrometer.core.instrument.distribution.DistributionStatisticConfig::builder (8 bytes)
Event: 2140.881 Thread 0x0000016bbd552980 nmethod 15355 0x0000016ba3356e90 code [0x0000016ba3357260, 0x0000016ba3359278]
Event: 2140.881 Thread 0x0000016bbd552980 15362       3       io.micrometer.core.instrument.distribution.DistributionStatisticConfig$Builder::expiry (11 bytes)
Event: 2140.881 Thread 0x0000016b8ae34920 nmethod 15361 0x0000016ba3356810 code [0x0000016ba33569c0, 0x0000016ba3356d58]
Event: 2140.881 Thread 0x0000016bbd552980 nmethod 15362 0x0000016ba3356390 code [0x0000016ba3356540, 0x0000016ba3356718]
Event: 2140.881 Thread 0x0000016b8ae34920 15363       3       io.micrometer.core.instrument.distribution.DistributionStatisticConfig::access$602 (7 bytes)
Event: 2140.881 Thread 0x0000016b8ae34920 nmethod 15363 0x0000016ba3355f90 code [0x0000016ba3356120, 0x0000016ba3356278]
Event: 2140.882 Thread 0x0000016bbd546f90 nmethod 15304 0x0000016baa122690 code [0x0000016baa1228a0, 0x0000016baa124cd8]
Event: 2140.882 Thread 0x0000016bbd546f90 15352       4       org.springframework.jmx.export.MBeanExporter::isBeanDefinitionAbstract (43 bytes)
Event: 2140.890 Thread 0x0000016bbd552980 15365       3       ch.qos.logback.classic.Level::isGreaterOrEqual (17 bytes)
Event: 2140.891 Thread 0x0000016bbd552980 nmethod 15365 0x0000016ba3355b90 code [0x0000016ba3355d20, 0x0000016ba3355e98]
Event: 2140.893 Thread 0x0000016bbd546f90 nmethod 15352 0x0000016baa121310 code [0x0000016baa121500, 0x0000016baa121ec0]
Event: 2140.893 Thread 0x0000016bbd546f90 15364       4       org.springframework.boot.autoconfigure.condition.ConditionEvaluationReport$$Lambda$1423/0x0000016bbf9967a0::accept (16 bytes)
Event: 2140.901 Thread 0x0000016b8ae34920 15366       3       sun.nio.ch.NioSocketImpl::park (8 bytes)
Event: 2140.902 Thread 0x0000016b8ae34920 nmethod 15366 0x0000016ba2ff2d90 code [0x0000016ba2ff2f20, 0x0000016ba2ff3068]
Event: 2140.902 Thread 0x0000016bbd546f90 nmethod 15364 0x0000016baa11fc90 code [0x0000016baa11fea0, 0x0000016baa120648]
Event: 2140.902 Thread 0x0000016bbd546f90 15307       4       java.lang.reflect.ProxyGenerator$ProxyMethod::codeClassForName (26 bytes)
Event: 2140.909 Thread 0x0000016bbd546f90 nmethod 15307 0x0000016baa260f10 code [0x0000016baa261100, 0x0000016baa261a80]
Event: 2140.957 Thread 0x0000016bbd552980 15367       3       sun.net.www.ParseUtil::encodePath (361 bytes)
Event: 2140.958 Thread 0x0000016bbd552980 nmethod 15367 0x0000016ba3354590 code [0x0000016ba3354840, 0x0000016ba33556b8]

GC Heap History (20 events):
Event: 630.238 GC heap before
{Heap before GC invocations=62 (full 6):
 garbage-first heap   total 135168K, used 108051K [0x0000000709c00000, 0x0000000800000000)
  region size 2048K, 27 young (55296K), 2 survivors (4096K)
 Metaspace       used 75720K, committed 76480K, reserved 1179648K
  class space    used 9722K, committed 10112K, reserved 1048576K
}
Event: 630.240 GC heap after
{Heap after GC invocations=63 (full 6):
 garbage-first heap   total 135168K, used 58505K [0x0000000709c00000, 0x0000000800000000)
  region size 2048K, 3 young (6144K), 3 survivors (6144K)
 Metaspace       used 75720K, committed 76480K, reserved 1179648K
  class space    used 9722K, committed 10112K, reserved 1048576K
}
Event: 630.379 GC heap before
{Heap before GC invocations=64 (full 6):
 garbage-first heap   total 135168K, used 107657K [0x0000000709c00000, 0x0000000800000000)
  region size 2048K, 27 young (55296K), 3 survivors (6144K)
 Metaspace       used 75834K, committed 76608K, reserved 1179648K
  class space    used 9725K, committed 10112K, reserved 1048576K
}
Event: 630.382 GC heap after
{Heap after GC invocations=65 (full 6):
 garbage-first heap   total 135168K, used 60864K [0x0000000709c00000, 0x0000000800000000)
  region size 2048K, 3 young (6144K), 3 survivors (6144K)
 Metaspace       used 75834K, committed 76608K, reserved 1179648K
  class space    used 9725K, committed 10112K, reserved 1048576K
}
Event: 659.738 GC heap before
{Heap before GC invocations=65 (full 6):
 garbage-first heap   total 135168K, used 103872K [0x0000000709c00000, 0x0000000800000000)
  region size 2048K, 25 young (51200K), 3 survivors (6144K)
 Metaspace       used 85343K, committed 86144K, reserved 1179648K
  class space    used 10562K, committed 10944K, reserved 1048576K
}
Event: 659.742 GC heap after
{Heap after GC invocations=66 (full 6):
 garbage-first heap   total 391168K, used 63287K [0x0000000709c00000, 0x0000000800000000)
  region size 2048K, 3 young (6144K), 3 survivors (6144K)
 Metaspace       used 85343K, committed 86144K, reserved 1179648K
  class space    used 10562K, committed 10944K, reserved 1048576K
}
Event: 2127.098 GC heap before
{Heap before GC invocations=67 (full 6):
 garbage-first heap   total 245760K, used 139063K [0x0000000709c00000, 0x0000000800000000)
  region size 2048K, 41 young (83968K), 3 survivors (6144K)
 Metaspace       used 87888K, committed 88704K, reserved 1179648K
  class space    used 10799K, committed 11200K, reserved 1048576K
}
Event: 2127.167 GC heap after
{Heap after GC invocations=68 (full 7):
 garbage-first heap   total 225280K, used 59534K [0x0000000709c00000, 0x0000000800000000)
  region size 2048K, 0 young (0K), 0 survivors (0K)
 Metaspace       used 87863K, committed 88704K, reserved 1179648K
  class space    used 10797K, committed 11200K, reserved 1048576K
}
Event: 2129.751 GC heap before
{Heap before GC invocations=68 (full 7):
 garbage-first heap   total 225280K, used 172174K [0x0000000709c00000, 0x0000000800000000)
  region size 2048K, 56 young (114688K), 0 survivors (0K)
 Metaspace       used 87985K, committed 88832K, reserved 1179648K
  class space    used 10807K, committed 11200K, reserved 1048576K
}
Event: 2129.754 GC heap after
{Heap after GC invocations=69 (full 7):
 garbage-first heap   total 225280K, used 66282K [0x0000000709c00000, 0x0000000800000000)
  region size 2048K, 4 young (8192K), 4 survivors (8192K)
 Metaspace       used 87985K, committed 88832K, reserved 1179648K
  class space    used 10807K, committed 11200K, reserved 1048576K
}
Event: 2130.319 GC heap before
{Heap before GC invocations=70 (full 7):
 garbage-first heap   total 225280K, used 168682K [0x0000000709c00000, 0x0000000800000000)
  region size 2048K, 55 young (112640K), 4 survivors (8192K)
 Metaspace       used 88137K, committed 88960K, reserved 1179648K
  class space    used 10814K, committed 11200K, reserved 1048576K
}
Event: 2130.324 GC heap after
{Heap after GC invocations=71 (full 7):
 garbage-first heap   total 225280K, used 69965K [0x0000000709c00000, 0x0000000800000000)
  region size 2048K, 6 young (12288K), 6 survivors (12288K)
 Metaspace       used 88137K, committed 88960K, reserved 1179648K
  class space    used 10814K, committed 11200K, reserved 1048576K
}
Event: 2135.902 GC heap before
{Heap before GC invocations=71 (full 7):
 garbage-first heap   total 225280K, used 90445K [0x0000000709c00000, 0x0000000800000000)
  region size 2048K, 17 young (34816K), 6 survivors (12288K)
 Metaspace       used 88240K, committed 89152K, reserved 1179648K
  class space    used 10819K, committed 11264K, reserved 1048576K
}
Event: 2135.956 GC heap after
{Heap after GC invocations=72 (full 8):
 garbage-first heap   total 225280K, used 66573K [0x0000000709c00000, 0x0000000800000000)
  region size 2048K, 0 young (0K), 0 survivors (0K)
 Metaspace       used 88240K, committed 89152K, reserved 1179648K
  class space    used 10819K, committed 11264K, reserved 1048576K
}
Event: 2138.367 GC heap before
{Heap before GC invocations=72 (full 8):
 garbage-first heap   total 225280K, used 175117K [0x0000000709c00000, 0x0000000800000000)
  region size 2048K, 53 young (108544K), 0 survivors (0K)
 Metaspace       used 88416K, committed 89344K, reserved 1179648K
  class space    used 10838K, committed 11264K, reserved 1048576K
}
Event: 2138.372 GC heap after
{Heap after GC invocations=73 (full 8):
 garbage-first heap   total 225280K, used 73224K [0x0000000709c00000, 0x0000000800000000)
  region size 2048K, 4 young (8192K), 4 survivors (8192K)
 Metaspace       used 88416K, committed 89344K, reserved 1179648K
  class space    used 10838K, committed 11264K, reserved 1048576K
}
Event: 2140.494 GC heap before
{Heap before GC invocations=74 (full 8):
 garbage-first heap   total 225280K, used 173576K [0x0000000709c00000, 0x0000000800000000)
  region size 2048K, 54 young (110592K), 4 survivors (8192K)
 Metaspace       used 88578K, committed 89472K, reserved 1179648K
  class space    used 10846K, committed 11264K, reserved 1048576K
}
Event: 2140.497 GC heap after
{Heap after GC invocations=75 (full 8):
 garbage-first heap   total 225280K, used 77032K [0x0000000709c00000, 0x0000000800000000)
  region size 2048K, 6 young (12288K), 6 survivors (12288K)
 Metaspace       used 88578K, committed 89472K, reserved 1179648K
  class space    used 10846K, committed 11264K, reserved 1048576K
}
Event: 2140.875 GC heap before
{Heap before GC invocations=75 (full 8):
 garbage-first heap   total 225280K, used 177384K [0x0000000709c00000, 0x0000000800000000)
  region size 2048K, 55 young (112640K), 6 survivors (12288K)
 Metaspace       used 88846K, committed 89792K, reserved 1179648K
  class space    used 10853K, committed 11264K, reserved 1048576K
}
Event: 2140.880 GC heap after
{Heap after GC invocations=76 (full 8):
 garbage-first heap   total 225280K, used 80627K [0x0000000709c00000, 0x0000000800000000)
  region size 2048K, 5 young (10240K), 5 survivors (10240K)
 Metaspace       used 88846K, committed 89792K, reserved 1179648K
  class space    used 10853K, committed 11264K, reserved 1048576K
}

Deoptimization events (20 events):
Event: 2136.523 Thread 0x0000016b8d2a0b40 DEOPT PACKING pc=0x0000016ba242c0ef sp=0x00000061516fc7c0
Event: 2136.523 Thread 0x0000016b8d2a0b40 DEOPT UNPACKING pc=0x0000016ba90f2b43 sp=0x00000061516fbc88 mode 0
Event: 2136.631 Thread 0x0000016b8d2a0b40 Uncommon trap: trap_request=0xffffffd6 fr.pc=0x0000016ba9c2fb8c relative=0x000000000000046c
Event: 2136.631 Thread 0x0000016b8d2a0b40 Uncommon trap: reason=array_check action=maybe_recompile pc=0x0000016ba9c2fb8c method=java.util.HashMap.valuesToArray([Ljava/lang/Object;)[Ljava/lang/Object; @ 62 c2
Event: 2136.631 Thread 0x0000016b8d2a0b40 DEOPT PACKING pc=0x0000016ba9c2fb8c sp=0x00000061516fd1a0
Event: 2136.631 Thread 0x0000016b8d2a0b40 DEOPT UNPACKING pc=0x0000016ba90f23a3 sp=0x00000061516fd138 mode 2
Event: 2136.632 Thread 0x0000016b8d2a0b40 Uncommon trap: trap_request=0xffffffd6 fr.pc=0x0000016ba9c2fb8c relative=0x000000000000046c
Event: 2136.632 Thread 0x0000016b8d2a0b40 Uncommon trap: reason=array_check action=maybe_recompile pc=0x0000016ba9c2fb8c method=java.util.HashMap.valuesToArray([Ljava/lang/Object;)[Ljava/lang/Object; @ 62 c2
Event: 2136.632 Thread 0x0000016b8d2a0b40 DEOPT PACKING pc=0x0000016ba9c2fb8c sp=0x00000061516fda10
Event: 2136.632 Thread 0x0000016b8d2a0b40 DEOPT UNPACKING pc=0x0000016ba90f23a3 sp=0x00000061516fd9a8 mode 2
Event: 2136.632 Thread 0x0000016b8d2a0b40 Uncommon trap: trap_request=0xffffffd6 fr.pc=0x0000016ba9c2fb8c relative=0x000000000000046c
Event: 2136.632 Thread 0x0000016b8d2a0b40 Uncommon trap: reason=array_check action=maybe_recompile pc=0x0000016ba9c2fb8c method=java.util.HashMap.valuesToArray([Ljava/lang/Object;)[Ljava/lang/Object; @ 62 c2
Event: 2136.632 Thread 0x0000016b8d2a0b40 DEOPT PACKING pc=0x0000016ba9c2fb8c sp=0x00000061516fda60
Event: 2136.632 Thread 0x0000016b8d2a0b40 DEOPT UNPACKING pc=0x0000016ba90f23a3 sp=0x00000061516fd9f8 mode 2
Event: 2136.632 Thread 0x0000016b8d2a0b40 Uncommon trap: trap_request=0xffffffd6 fr.pc=0x0000016ba9c2fb8c relative=0x000000000000046c
Event: 2136.632 Thread 0x0000016b8d2a0b40 Uncommon trap: reason=array_check action=maybe_recompile pc=0x0000016ba9c2fb8c method=java.util.HashMap.valuesToArray([Ljava/lang/Object;)[Ljava/lang/Object; @ 62 c2
Event: 2136.632 Thread 0x0000016b8d2a0b40 DEOPT PACKING pc=0x0000016ba9c2fb8c sp=0x00000061516fd9d0
Event: 2136.632 Thread 0x0000016b8d2a0b40 DEOPT UNPACKING pc=0x0000016ba90f23a3 sp=0x00000061516fd968 mode 2
Event: 2140.809 Thread 0x0000016b8d2a6660 DEOPT PACKING pc=0x0000016ba2f6b716 sp=0x0000006152dfdfd0
Event: 2140.809 Thread 0x0000016b8d2a6660 DEOPT UNPACKING pc=0x0000016ba90f2b43 sp=0x0000006152dfd498 mode 0

Classes unloaded (2 events):
Event: 2127.118 Thread 0x0000016bbd527e50 Unloading class 0x0000016bbfafb800 'org/apache/jsp/WEB_002dINF/view/admin/user/create_jsp'
Event: 2127.118 Thread 0x0000016bbd527e50 Unloading class 0x0000016bbfadc000 'org/apache/jsp/WEB_002dINF/view/hello_jsp'

Classes redefined (0 events):
No events

Internal exceptions (20 events):
Event: 2140.140 Thread 0x0000016b8d2a29a0 Exception <a 'sun/nio/fs/WindowsException'{0x0000000714877d80}> (0x0000000714877d80) 
thrown [s\open\src\hotspot\share\prims\jni.cpp, line 516]
Event: 2140.153 Thread 0x0000016b8d2a29a0 Exception <a 'sun/nio/fs/WindowsException'{0x00000007146e8c88}> (0x00000007146e8c88) 
thrown [s\open\src\hotspot\share\prims\jni.cpp, line 516]
Event: 2140.174 Thread 0x0000016b8d2a33c0 Exception <a 'java/lang/NoClassDefFoundError'{0x00000007145a0410}: org/glassfish/jersey/server/monitoring/ApplicationEventListener> (0x00000007145a0410) 
thrown [s\open\src\hotspot\share\classfile\systemDictionary.cpp, line 245]
Event: 2140.344 Thread 0x0000016b8d2a29a0 Exception <a 'sun/nio/fs/WindowsException'{0x0000000712483a60}> (0x0000000712483a60) 
thrown [s\open\src\hotspot\share\prims\jni.cpp, line 516]
Event: 2140.371 Thread 0x0000016b8d2a29a0 Exception <a 'java/lang/NoClassDefFoundError'{0x0000000712010ed0}: org/flywaydb/core/Flyway> (0x0000000712010ed0) 
thrown [s\open\src\hotspot\share\oops\constantPool.cpp, line 837]
Event: 2140.371 Thread 0x0000016b8d2a29a0 Exception <a 'java/lang/NoClassDefFoundError'{0x0000000712011520}: liquibase/integration/spring/SpringLiquibase> (0x0000000712011520) 
thrown [s\open\src\hotspot\share\oops\constantPool.cpp, line 837]
Event: 2140.374 Thread 0x0000016b8d2a29a0 Exception <a 'java/lang/NoClassDefFoundError'{0x0000000712079070}: org/jooq/DSLContext> (0x0000000712079070) 
thrown [s\open\src\hotspot\share\oops\constantPool.cpp, line 837]
Event: 2140.374 Thread 0x0000016b8d2a29a0 Exception <a 'java/lang/NoClassDefFoundError'{0x0000000712081380}: org/springframework/batch/core/repository/JobRepository> (0x0000000712081380) 
thrown [s\open\src\hotspot\share\oops\constantPool.cpp, line 837]
Event: 2140.374 Thread 0x0000016b8d2a29a0 Exception <a 'java/lang/NoClassDefFoundError'{0x00000007120819c8}: org/quartz/Scheduler> (0x00000007120819c8) 
thrown [s\open\src\hotspot\share\oops\constantPool.cpp, line 837]
Event: 2140.374 Thread 0x0000016b8d2a29a0 Exception <a 'java/lang/NoClassDefFoundError'{0x0000000712082038}: org/springframework/session/jdbc/JdbcIndexedSessionRepository> (0x0000000712082038) 
thrown [s\open\src\hotspot\share\oops\constantPool.cpp, line 837]
Event: 2140.387 Thread 0x0000016b8d2a29a0 Exception <a 'java/lang/ArrayIndexOutOfBoundsException'{0x000000071215a0a8}> (0x000000071215a0a8) 
thrown [s\open\src\hotspot\share\runtime\sharedRuntime.cpp, line 631]
Event: 2140.387 Thread 0x0000016b8d2a29a0 Exception <a 'java/lang/ArrayIndexOutOfBoundsException'{0x000000071215a670}> (0x000000071215a670) 
thrown [s\open\src\hotspot\share\runtime\sharedRuntime.cpp, line 631]
Event: 2140.395 Thread 0x0000016b8d2a29a0 Exception <a 'java/lang/ArrayIndexOutOfBoundsException'{0x00000007121a2220}> (0x00000007121a2220) 
thrown [s\open\src\hotspot\share\runtime\sharedRuntime.cpp, line 631]
Event: 2140.395 Thread 0x0000016b8d2a29a0 Exception <a 'java/lang/ArrayIndexOutOfBoundsException'{0x00000007121a27e8}> (0x00000007121a27e8) 
thrown [s\open\src\hotspot\share\runtime\sharedRuntime.cpp, line 631]
Event: 2140.481 Thread 0x0000016b8d2a29a0 Exception <a 'sun/nio/fs/WindowsException'{0x000000071127cb30}> (0x000000071127cb30) 
thrown [s\open\src\hotspot\share\prims\jni.cpp, line 516]
Event: 2140.481 Thread 0x0000016b8d2a29a0 Exception <a 'sun/nio/fs/WindowsException'{0x000000071127d110}> (0x000000071127d110) 
thrown [s\open\src\hotspot\share\prims\jni.cpp, line 516]
Event: 2140.481 Thread 0x0000016b8d2a29a0 Exception <a 'sun/nio/fs/WindowsException'{0x000000071127d7d8}> (0x000000071127d7d8) 
thrown [s\open\src\hotspot\share\prims\jni.cpp, line 516]
Event: 2140.487 Thread 0x0000016b8d2a29a0 Exception <a 'java/io/FileNotFoundException'{0x00000007112bdd40}> (0x00000007112bdd40) 
thrown [s\open\src\hotspot\share\prims\jni.cpp, line 516]
Event: 2140.586 Thread 0x0000016b8d2a29a0 Exception <a 'sun/nio/fs/WindowsException'{0x0000000715c605a8}> (0x0000000715c605a8) 
thrown [s\open\src\hotspot\share\prims\jni.cpp, line 516]
Event: 2140.705 Thread 0x0000016b8d2a29a0 Exception <a 'sun/nio/fs/WindowsException'{0x00000007144ded60}> (0x00000007144ded60) 
thrown [s\open\src\hotspot\share\prims\jni.cpp, line 516]

VM Operations (20 events):
Event: 2137.387 Executing VM operation: Cleanup
Event: 2137.387 Executing VM operation: Cleanup done
Event: 2138.367 Executing VM operation: G1CollectForAllocation
Event: 2138.372 Executing VM operation: G1CollectForAllocation done
Event: 2138.431 Executing VM operation: G1Concurrent
Event: 2138.436 Executing VM operation: G1Concurrent done
Event: 2138.457 Executing VM operation: G1Concurrent
Event: 2138.457 Executing VM operation: G1Concurrent done
Event: 2139.464 Executing VM operation: Cleanup
Event: 2139.464 Executing VM operation: Cleanup done
Event: 2140.475 Executing VM operation: Cleanup
Event: 2140.475 Executing VM operation: Cleanup done
Event: 2140.494 Executing VM operation: G1CollectForAllocation
Event: 2140.498 Executing VM operation: G1CollectForAllocation done
Event: 2140.875 Executing VM operation: G1CollectForAllocation
Event: 2140.880 Executing VM operation: G1CollectForAllocation done
Event: 2140.917 Executing VM operation: G1Concurrent
Event: 2140.921 Executing VM operation: G1Concurrent done
Event: 2140.935 Executing VM operation: G1Concurrent
Event: 2140.935 Executing VM operation: G1Concurrent done

Events (20 events):
Event: 2140.566 Thread 0x0000016b8d2a0b40 Thread added: 0x0000016b8d2a0b40
Event: 2140.566 Thread 0x0000016b8d2a6150 Thread added: 0x0000016b8d2a6150
Event: 2140.566 Thread 0x0000016b8d2a4d10 Thread added: 0x0000016b8d2a4d10
Event: 2140.600 Thread 0x0000016b8d2a5220 Thread added: 0x0000016b8d2a5220
Event: 2140.710 Thread 0x0000016b8d2a6660 Thread added: 0x0000016b8d2a6660
Event: 2140.856 Thread 0x0000016b8d2a6b70 Thread added: 0x0000016b8d2a6b70
Event: 2140.874 Thread 0x0000016b8d2a5730 Thread added: 0x0000016b8d2a5730
Event: 2140.874 Thread 0x0000016b8d2a33c0 Thread added: 0x0000016b8d2a33c0
Event: 2140.875 Thread 0x0000016b8d2a7080 Thread added: 0x0000016b8d2a7080
Event: 2140.875 Thread 0x0000016b8d2a5c40 Thread added: 0x0000016b8d2a5c40
Event: 2140.875 Thread 0x0000016b8d2a38d0 Thread added: 0x0000016b8d2a38d0
Event: 2140.875 Thread 0x0000016b8d2a7590 Thread added: 0x0000016b8d2a7590
Event: 2140.875 Thread 0x0000016b8d2a7aa0 Thread added: 0x0000016b8d2a7aa0
Event: 2140.875 Thread 0x0000016b88215690 Thread added: 0x0000016b88215690
Event: 2140.875 Thread 0x0000016b88216fe0 Thread added: 0x0000016b88216fe0
Event: 2140.875 Thread 0x0000016b88215ba0 Thread added: 0x0000016b88215ba0
Event: 2140.883 Thread 0x0000016b882160b0 Thread added: 0x0000016b882160b0
Event: 2140.883 Thread 0x0000016b8821b1b0 Thread added: 0x0000016b8821b1b0
Event: 2140.891 Thread 0x0000016b8d2a29a0 Thread exited: 0x0000016b8d2a29a0
Event: 2140.891 Thread 0x0000016b8d2a7fb0 Thread exited: 0x0000016b8d2a7fb0


Dynamic libraries:
0x00007ff629e00000 - 0x00007ff629e10000 	C:\Program Files\Java\jdk-17\bin\java.exe
0x00007ffdf3020000 - 0x00007ffdf3283000 	C:\WINDOWS\SYSTEM32\ntdll.dll
0x00007ffdf1ec0000 - 0x00007ffdf1f87000 	C:\WINDOWS\System32\KERNEL32.DLL
0x00007ffdf07e0000 - 0x00007ffdf0ba7000 	C:\WINDOWS\System32\KERNELBASE.dll
0x00007ffdf0be0000 - 0x00007ffdf0d2c000 	C:\WINDOWS\System32\ucrtbase.dll
0x00007ffdccec0000 - 0x00007ffdccedb000 	C:\Program Files\Java\jdk-17\bin\VCRUNTIME140.dll
0x00007ffddf7a0000 - 0x00007ffddf7b9000 	C:\Program Files\Java\jdk-17\bin\jli.dll
0x00007ffdf1bc0000 - 0x00007ffdf1c74000 	C:\WINDOWS\System32\ADVAPI32.dll
0x00007ffdf2f10000 - 0x00007ffdf2fb9000 	C:\WINDOWS\System32\msvcrt.dll
0x00007ffdf2740000 - 0x00007ffdf27e6000 	C:\WINDOWS\System32\sechost.dll
0x00007ffdf0e60000 - 0x00007ffdf0f76000 	C:\WINDOWS\System32\RPCRT4.dll
0x00007ffdf28b0000 - 0x00007ffdf2a79000 	C:\WINDOWS\System32\USER32.dll
0x00007ffddc510000 - 0x00007ffddc7a0000 	C:\WINDOWS\WinSxS\amd64_microsoft.windows.common-controls_6595b64144ccf1df_6.0.26100.3037_none_3e09262ce333c378\COMCTL32.dll
0x00007ffdf0bb0000 - 0x00007ffdf0bd7000 	C:\WINDOWS\System32\win32u.dll
0x00007ffdf27f0000 - 0x00007ffdf281a000 	C:\WINDOWS\System32\GDI32.dll
0x00007ffdf0530000 - 0x00007ffdf065b000 	C:\WINDOWS\System32\gdi32full.dll
0x00007ffdf03c0000 - 0x00007ffdf0463000 	C:\WINDOWS\System32\msvcp_win.dll
0x00007ffdea3c0000 - 0x00007ffdea3cb000 	C:\WINDOWS\SYSTEM32\VERSION.dll
0x00007ffdf16e0000 - 0x00007ffdf170f000 	C:\WINDOWS\System32\IMM32.DLL
0x00007ffde3bd0000 - 0x00007ffde3bdc000 	C:\Program Files\Java\jdk-17\bin\vcruntime140_1.dll
0x00007ffdccda0000 - 0x00007ffdcce2e000 	C:\Program Files\Java\jdk-17\bin\msvcp140.dll
0x00007ffd82640000 - 0x00007ffd83220000 	C:\Program Files\Java\jdk-17\bin\server\jvm.dll
0x00007ffdf16d0000 - 0x00007ffdf16d8000 	C:\WINDOWS\System32\PSAPI.DLL
0x00007ffdea380000 - 0x00007ffdea3b6000 	C:\WINDOWS\SYSTEM32\WINMM.dll
0x00007ffde5b40000 - 0x00007ffde5b4a000 	C:\WINDOWS\SYSTEM32\WSOCK32.dll
0x00007ffdf1f90000 - 0x00007ffdf2004000 	C:\WINDOWS\System32\WS2_32.dll
0x00007ffdef1f0000 - 0x00007ffdef20a000 	C:\WINDOWS\SYSTEM32\kernel.appcore.dll
0x00007ffde3b80000 - 0x00007ffde3b8a000 	C:\Program Files\Java\jdk-17\bin\jimage.dll
0x00007ffde4f90000 - 0x00007ffde51d1000 	C:\WINDOWS\SYSTEM32\DBGHELP.DLL
0x00007ffdf2260000 - 0x00007ffdf25de000 	C:\WINDOWS\System32\combase.dll
0x00007ffdf18f0000 - 0x00007ffdf19c6000 	C:\WINDOWS\System32\OLEAUT32.dll
0x00007ffdd77f0000 - 0x00007ffdd7829000 	C:\WINDOWS\SYSTEM32\dbgcore.DLL
0x00007ffdf0d30000 - 0x00007ffdf0dc9000 	C:\WINDOWS\System32\bcryptPrimitives.dll
0x00007ffdcce90000 - 0x00007ffdcceb5000 	C:\Program Files\Java\jdk-17\bin\java.dll
0x00007ffd94c10000 - 0x00007ffd94ce7000 	C:\Program Files\Java\jdk-17\bin\jsvml.dll
0x00007ffdf0f90000 - 0x00007ffdf1694000 	C:\WINDOWS\System32\SHELL32.dll
0x00007ffdee090000 - 0x00007ffdee8c7000 	C:\WINDOWS\SYSTEM32\windows.storage.dll
0x00007ffdf2650000 - 0x00007ffdf2739000 	C:\WINDOWS\System32\SHCORE.dll
0x00007ffdf21f0000 - 0x00007ffdf224d000 	C:\WINDOWS\System32\shlwapi.dll
0x00007ffdf02d0000 - 0x00007ffdf02fe000 	C:\WINDOWS\SYSTEM32\profapi.dll
0x00007ffdccd80000 - 0x00007ffdccd99000 	C:\Program Files\Java\jdk-17\bin\net.dll
0x00007ffde79d0000 - 0x00007ffde7aee000 	C:\WINDOWS\SYSTEM32\WINHTTP.dll
0x00007ffdef700000 - 0x00007ffdef76a000 	C:\WINDOWS\system32\mswsock.dll
0x00007ffdccd60000 - 0x00007ffdccd76000 	C:\Program Files\Java\jdk-17\bin\nio.dll
0x00007ffdccd40000 - 0x00007ffdccd58000 	C:\Program Files\Java\jdk-17\bin\zip.dll
0x00007ffddd430000 - 0x00007ffddd43a000 	C:\Program Files\Java\jdk-17\bin\management.dll
0x00007ffddbcc0000 - 0x00007ffddbccb000 	C:\Program Files\Java\jdk-17\bin\management_ext.dll
0x00007ffdd1780000 - 0x00007ffdd1798000 	C:\WINDOWS\system32\napinsp.dll
0x00007ffdeece0000 - 0x00007ffdeee05000 	C:\WINDOWS\SYSTEM32\DNSAPI.dll
0x00007ffdeec40000 - 0x00007ffdeec72000 	C:\WINDOWS\SYSTEM32\IPHLPAPI.DLL
0x00007ffdf1e00000 - 0x00007ffdf1e0a000 	C:\WINDOWS\System32\NSI.dll
0x00007ffdd1760000 - 0x00007ffdd1772000 	C:\WINDOWS\System32\winrnr.dll
0x00007ffdd1730000 - 0x00007ffdd1752000 	C:\WINDOWS\system32\nlansp_c.dll
0x00007ffdd1710000 - 0x00007ffdd1726000 	C:\WINDOWS\system32\wshbth.dll
0x00007ffde7810000 - 0x00007ffde781b000 	C:\Windows\System32\rasadhlp.dll
0x00007ffdea7f0000 - 0x00007ffdea875000 	C:\WINDOWS\System32\fwpuclnt.dll
0x00007ffdef9a0000 - 0x00007ffdef9bc000 	C:\WINDOWS\SYSTEM32\CRYPTSP.dll
0x00007ffdef150000 - 0x00007ffdef188000 	C:\WINDOWS\system32\rsaenh.dll
0x00007ffdef7a0000 - 0x00007ffdef7cb000 	C:\WINDOWS\SYSTEM32\USERENV.dll
0x00007ffdefbe0000 - 0x00007ffdefc06000 	C:\WINDOWS\SYSTEM32\bcrypt.dll
0x00007ffdef9c0000 - 0x00007ffdef9cc000 	C:\WINDOWS\SYSTEM32\CRYPTBASE.dll
0x00007ffdea3d0000 - 0x00007ffdea3ef000 	C:\WINDOWS\SYSTEM32\dhcpcsvc6.DLL
0x00007ffdea350000 - 0x00007ffdea375000 	C:\WINDOWS\SYSTEM32\dhcpcsvc.DLL
0x00007ffdcf320000 - 0x00007ffdcf32e000 	C:\Program Files\Java\jdk-17\bin\sunmscapi.dll
0x00007ffdf0660000 - 0x00007ffdf07d6000 	C:\WINDOWS\System32\CRYPT32.dll
0x00007ffdefba0000 - 0x00007ffdefbd0000 	C:\WINDOWS\SYSTEM32\ncrypt.dll
0x00007ffdefb50000 - 0x00007ffdefb8f000 	C:\WINDOWS\SYSTEM32\NTASN1.dll
0x00007ffdcd3d0000 - 0x00007ffdcd3e0000 	C:\Program Files\Java\jdk-17\bin\verify.dll
0x00007ffdd1660000 - 0x00007ffdd1668000 	C:\WINDOWS\system32\wshunix.dll

dbghelp: loaded successfully - version: 4.0.5 - missing functions: none
symbol engine: initialized successfully - sym options: 0x614 - pdb path: .;C:\Program Files\Java\jdk-17\bin;C:\WINDOWS\SYSTEM32;C:\WINDOWS\WinSxS\amd64_microsoft.windows.common-controls_6595b64144ccf1df_6.0.26100.3037_none_3e09262ce333c378;C:\Program Files\Java\jdk-17\bin\server

VM Arguments:
jvm_args: -Dcom.sun.management.jmxremote -Dcom.sun.management.jmxremote.port=62116 -Dcom.sun.management.jmxremote.authenticate=false -Dcom.sun.management.jmxremote.ssl=false -Dspring.jmx.enabled=true -Djava.rmi.server.hostname=localhost -Dspring.application.admin.enabled=true -Dspring.boot.project.name=laptopshop -XX:+ShowCodeDetailsInExceptionMessages -Dmanagement.endpoints.jmx.exposure.include=* 
java_command: vn.hoidanit.laptopshop.LaptopshopApplication
java_class_path (initial): C:\Users\MSI\Downloads\Compressed\01-java-spring-laptopshop-starter-master\01-java-spring-laptopshop-starter-master\target\classes;C:\Users\MSI\.m2\repository\org\springframework\boot\spring-boot-starter-actuator\3.2.2\spring-boot-starter-actuator-3.2.2.jar;C:\Users\MSI\.m2\repository\org\springframework\boot\spring-boot-actuator-autoconfigure\3.2.2\spring-boot-actuator-autoconfigure-3.2.2.jar;C:\Users\MSI\.m2\repository\org\springframework\boot\spring-boot-actuator\3.2.2\spring-boot-actuator-3.2.2.jar;C:\Users\MSI\.m2\repository\com\fasterxml\jackson\core\jackson-databind\2.15.3\jackson-databind-2.15.3.jar;C:\Users\MSI\.m2\repository\com\fasterxml\jackson\core\jackson-annotations\2.15.3\jackson-annotations-2.15.3.jar;C:\Users\MSI\.m2\repository\com\fasterxml\jackson\core\jackson-core\2.15.3\jackson-core-2.15.3.jar;C:\Users\MSI\.m2\repository\com\fasterxml\jackson\datatype\jackson-datatype-jsr310\2.15.3\jackson-datatype-jsr310-2.15.3.jar;C:\Users\MSI\.m2\repository\io\micrometer\micrometer-observation\1.12.2\micrometer-observation-1.12.2.jar;C:\Users\MSI\.m2\repository\io\micrometer\micrometer-commons\1.12.2\micrometer-commons-1.12.2.jar;C:\Users\MSI\.m2\repository\io\micrometer\micrometer-jakarta9\1.12.2\micrometer-jakarta9-1.12.2.jar;C:\Users\MSI\.m2\repository\io\micrometer\micrometer-core\1.12.2\micrometer-core-1.12.2.jar;C:\Users\MSI\.m2\repository\org\hdrhistogram\HdrHistogram\2.1.12\HdrHistogram-2.1.12.jar;C:\Users\MSI\.m2\repository\org\latencyutils\LatencyUtils\2.0.3\LatencyUtils-2.0.3.jar;C:\Users\MSI\.m2\repository\org\springframework\boot\spring-boot-starter-web\3.2.2\spring-boot-starter-web-3.2.2.jar;C:\Users\MSI\.m2\repository\org\springframework\boot\spring-boot-starter-json\3.2.2\spring-boot-starter-json-3.2.2.jar;C:\Users\MSI\.m2\repository\com\fasterxml\jackson\datatype\jackson-datatype-jdk8\2.15.3\jackson-datatype-jdk8-2.15.3.jar;C:\Users\MSI\.m2\repository\com\fasterxml\jackson\module\jackson-module-parameter-names\2.
Launcher Type: SUN_STANDARD

[Global flags]
     intx CICompilerCount                          = 12                                        {product} {ergonomic}
     uint ConcGCThreads                            = 3                                         {product} {ergonomic}
     uint G1ConcRefinementThreads                  = 13                                        {product} {ergonomic}
   size_t G1HeapRegionSize                         = 2097152                                   {product} {ergonomic}
    uintx GCDrainStackTargetSize                   = 64                                        {product} {ergonomic}
   size_t InitialHeapSize                          = 260046848                                 {product} {ergonomic}
     bool ManagementServer                         = true                                      {product} {command line}
   size_t MarkStackSize                            = 4194304                                   {product} {ergonomic}
   size_t MaxHeapSize                              = 4131389440                                {product} {ergonomic}
   size_t MaxNewSize                               = 2478833664                                {product} {ergonomic}
   size_t MinHeapDeltaBytes                        = 2097152                                   {product} {ergonomic}
   size_t MinHeapSize                              = 8388608                                   {product} {ergonomic}
    uintx NonNMethodCodeHeapSize                   = 7602480                                {pd product} {ergonomic}
    uintx NonProfiledCodeHeapSize                  = 122027880                              {pd product} {ergonomic}
    uintx ProfiledCodeHeapSize                     = 122027880                              {pd product} {ergonomic}
    uintx ReservedCodeCacheSize                    = 251658240                              {pd product} {ergonomic}
     bool SegmentedCodeCache                       = true                                      {product} {ergonomic}
     bool ShowCodeDetailsInExceptionMessages       = true                                   {manageable} {command line}
   size_t SoftMaxHeapSize                          = 4131389440                             {manageable} {ergonomic}
     bool UseCompressedClassPointers               = true                           {product lp64_product} {ergonomic}
     bool UseCompressedOops                        = true                           {product lp64_product} {ergonomic}
     bool UseG1GC                                  = true                                      {product} {ergonomic}
     bool UseLargePagesIndividualAllocation        = false                                  {pd product} {ergonomic}

Logging:
Log output configuration:
 #0: stdout all=warning uptime,level,tags
 #1: stderr all=off uptime,level,tags

Environment Variables:
PATH=C:\Program Files\Microsoft MPI\Bin\;C:\WINDOWS\system32;C:\WINDOWS;C:\WINDOWS\System32\Wbem;C:\WINDOWS\System32\WindowsPowerShell\v1.0\;C:\WINDOWS\System32\OpenSSH\;C:\Program Files\nodejs\;C:\Program Files (x86)\Microsoft SQL Server\160\Tools\Binn\;C:\Program Files\Microsoft SQL Server\160\Tools\Binn\;C:\Program Files\Microsoft SQL Server\Client SDK\ODBC\170\Tools\Binn\;C:\Program Files\Microsoft SQL Server\160\DTS\Binn\;C:\Program Files (x86)\Microsoft SQL Server\160\DTS\Binn\;C:\Program Files\PowerShell\7\;C:\Program Files\Git LFS;C:\Program Files\Git\cmd;C:\Program Files\Java\jdk-17\bin;C:\Program Files\MySQL\MySQL Shell 8.0\bin\;C:\Users\MSI\AppData\Local\Programs\Python\Python313;C:\Users\MSI\AppData\Local\Microsoft\WindowsApps;C:\Users\MSI\AppData\Local\Programs\Microsoft VS Code\bin;C:\Users\MSI\AppData\Roaming\npm;C:\Program Files\JetBrains\IntelliJ IDEA 2024.3.1.1\bin;;C:\Program Files\Java\jdk-17\bin;
USERNAME=MSI
LANG=en_US.UTF-8
OS=Windows_NT
PROCESSOR_IDENTIFIER=AMD64 Family 25 Model 80 Stepping 0, AuthenticAMD



---------------  S Y S T E M  ---------------

OS:
 Windows 11 , 64 bit Build 26100 (10.0.26100.3037)
OS uptime: 1 days 3:45 hours
Hyper-V role detected

CPU: total 16 (initial active 16) (16 cores per cpu, 2 threads per core) family 25 model 80 stepping 0 microcode 0xa50000c, cx8, cmov, fxsr, ht, mmx, 3dnowpref, sse, sse2, sse3, ssse3, sse4a, sse4.1, sse4.2, popcnt, lzcnt, tsc, tscinvbit, avx, avx2, aes, erms, clmul, bmi1, bmi2, adx, sha, fma, vzeroupper, clflush, clflushopt, hv

Memory: 4k page, system-wide physical 15752M (6441M free)
TotalPageFile size 15752M (AvailPageFile size 6M)
current process WorkingSet (physical memory assigned to process): 503M, peak: 543M
current process commit charge ("private bytes"): 557M, peak: 733M

vm_info: Java HotSpot(TM) 64-Bit Server VM (17.0.11+7-LTS-207) for windows-amd64 JRE (17.0.11+7-LTS-207), built on Mar 11 2024 19:01:50 by "mach5one" with MS VC++ 17.6 (VS2022)

END.
