#
# There is insufficient memory for the Java Runtime Environment to continue.
# Native memory allocation (malloc) failed to allocate 1248656 bytes for Chunk::new
# Possible reasons:
#   The system is out of physical RAM or swap space
#   The process is running with CompressedOops enabled, and the Java Heap may be blocking the growth of the native heap
# Possible solutions:
#   Reduce memory load on the system
#   Increase physical memory or swap space
#   Check if swap backing store is full
#   Decrease Java heap size (-Xmx/-Xms)
#   Decrease number of Java threads
#   Decrease Java thread stack sizes (-Xss)
#   Set larger code cache with -XX:ReservedCodeCacheSize=
#   JVM is running with Zero Based Compressed Oops mode in which the Java heap is
#     placed in the first 32GB address space. The Java Heap base address is the
#     maximum limit for the native heap growth. Please use -XX:HeapBaseMinAddress
#     to set the Java Heap base and to place the Java Heap above 32GB virtual address.
# This output file may be truncated or incomplete.
#
#  Out of Memory Error (arena.cpp:189), pid=11704, tid=5916
#
# JRE version: Java(TM) SE Runtime Environment (17.0.11+7) (build 17.0.11+7-LTS-207)
# Java VM: Java HotSpot(TM) 64-Bit Server VM (17.0.11+7-LTS-207, mixed mode, sharing, tiered, compressed oops, compressed class ptrs, g1 gc, windows-amd64)
# No core dump will be written. Minidumps are not enabled by default on client versions of Windows
#

---------------  S U M M A R Y ------------

Command Line: -XX:+ShowCodeDetailsInExceptionMessages -Dspring.jmx.enabled=true -Dmanagement.endpoints.jmx.exposure.include=* -Dspring.application.admin.enabled=true -Dspring.boot.project.name=laptopshop -Djava.rmi.server.hostname=localhost -Dcom.sun.management.jmxremote.port=45556 -Dcom.sun.management.jmxremote.authenticate=false -Dcom.sun.management.jmxremote.ssl=false vn.Hieu.laptopshop.LaptopshopApplication

Host: AMD Ryzen 7 5800H with Radeon Graphics         , 16 cores, 15G,  Windows 11 , 64 bit Build 26100 (10.0.26100.3912)
Time: Thu May  1 22:04:24 2025 SE Asia Standard Time elapsed time: 71.801869 seconds (0d 0h 1m 11s)

---------------  T H R E A D  ---------------

Current thread (0x000001f40aba9fb0):  JavaThread "C2 CompilerThread3" daemon [_thread_in_native, id=5916, stack(0x0000004ca8000000,0x0000004ca8100000)]


Current CompileTask:
C2:  71801 10659       4       org.eclipse.jdt.internal.compiler.lookup.BinaryTypeBinding::createMethod (1719 bytes)

Stack: [0x0000004ca8000000,0x0000004ca8100000]
Native frames: (J=compiled Java code, j=interpreted, Vv=VM code, C=native code)
V  [jvm.dll+0x679cca]
V  [jvm.dll+0x7da13d]
V  [jvm.dll+0x7dba83]
V  [jvm.dll+0x7dc0f3]
V  [jvm.dll+0x2449af]
V  [jvm.dll+0xab83b]
V  [jvm.dll+0xabe1c]
V  [jvm.dll+0x2a9e6f]
V  [jvm.dll+0x5818d9]
V  [jvm.dll+0x21ed62]
V  [jvm.dll+0x21f13f]
V  [jvm.dll+0x218331]
V  [jvm.dll+0x215505]
V  [jvm.dll+0x1a2040]
V  [jvm.dll+0x225a2b]
V  [jvm.dll+0x223bcb]
V  [jvm.dll+0x7903ec]
V  [jvm.dll+0x78a85a]
V  [jvm.dll+0x678bb5]
C  [ucrtbase.dll+0x37b0]
C  [KERNEL32.DLL+0x2e8d7]
C  [ntdll.dll+0x9c5dc]


---------------  P R O C E S S  ---------------

Threads class SMR info:
_java_thread_list=0x000001f40c855c80, length=46, elements={
0x000001f3c1e912d0, 0x000001f3c1e93ca0, 0x000001f3c21d7980, 0x000001f3c21d8340,
0x000001f3c21d8d00, 0x000001f3c21d9ad0, 0x000001f3c21da870, 0x000001f3c21e6830,
0x000001f3c21e8150, 0x000001f3c1e7f700, 0x000001f3c23ccb60, 0x000001f3c29777a0,
0x000001f3c28fca20, 0x000001f3c25c9190, 0x000001f4088b3560, 0x000001f4088b58d0,
0x000001f4088b4490, 0x000001f4088b3a70, 0x000001f4088b49a0, 0x000001f4088b4eb0,
0x000001f4088b53c0, 0x000001f4088b5de0, 0x000001f4088b62f0, 0x000001f40acbe1f0,
0x000001f40acbf630, 0x000001f40acbe700, 0x000001f40acbfb40, 0x000001f40acbcdb0,
0x000001f40acc0050, 0x000001f40acc0560, 0x000001f40acc0a70, 0x000001f40acbd2c0,
0x000001f40acc4730, 0x000001f40acc19a0, 0x000001f40acc1eb0, 0x000001f40acc0f80,
0x000001f40acc4220, 0x000001f40acc1490, 0x000001f40ababf90, 0x000001f40abaaa50,
0x000001f40abaafa0, 0x000001f40abad4d0, 0x000001f40aba9fb0, 0x000001f40abafa00,
0x000001f40abb1490, 0x000001f40abaea10
}

Java Threads: ( => current thread )
  0x000001f3c1e912d0 JavaThread "Reference Handler" daemon [_thread_blocked, id=13568, stack(0x0000004ca7300000,0x0000004ca7400000)]
  0x000001f3c1e93ca0 JavaThread "Finalizer" daemon [_thread_blocked, id=16928, stack(0x0000004ca7400000,0x0000004ca7500000)]
  0x000001f3c21d7980 JavaThread "Signal Dispatcher" daemon [_thread_blocked, id=15076, stack(0x0000004ca7500000,0x0000004ca7600000)]
  0x000001f3c21d8340 JavaThread "Attach Listener" daemon [_thread_blocked, id=16456, stack(0x0000004ca7600000,0x0000004ca7700000)]
  0x000001f3c21d8d00 JavaThread "Service Thread" daemon [_thread_blocked, id=2408, stack(0x0000004ca7700000,0x0000004ca7800000)]
  0x000001f3c21d9ad0 JavaThread "Monitor Deflation Thread" daemon [_thread_blocked, id=16308, stack(0x0000004ca7800000,0x0000004ca7900000)]
  0x000001f3c21da870 JavaThread "C2 CompilerThread0" daemon [_thread_in_native, id=18716, stack(0x0000004ca7900000,0x0000004ca7a00000)]
  0x000001f3c21e6830 JavaThread "C1 CompilerThread0" daemon [_thread_blocked, id=18948, stack(0x0000004ca7a00000,0x0000004ca7b00000)]
  0x000001f3c21e8150 JavaThread "Sweeper thread" daemon [_thread_blocked, id=7412, stack(0x0000004ca7b00000,0x0000004ca7c00000)]
  0x000001f3c1e7f700 JavaThread "Common-Cleaner" daemon [_thread_blocked, id=20956, stack(0x0000004ca7c00000,0x0000004ca7d00000)]
  0x000001f3c23ccb60 JavaThread "Notification Thread" daemon [_thread_blocked, id=4400, stack(0x0000004ca8100000,0x0000004ca8200000)]
  0x000001f3c29777a0 JavaThread "RMI TCP Accept-0" daemon [_thread_in_native, id=20424, stack(0x0000004ca8200000,0x0000004ca8300000)]
  0x000001f3c28fca20 JavaThread "RMI TCP Accept-45556" daemon [_thread_in_native, id=16536, stack(0x0000004ca8300000,0x0000004ca8400000)]
  0x000001f3c25c9190 JavaThread "RMI TCP Accept-0" daemon [_thread_in_native, id=22636, stack(0x0000004ca8400000,0x0000004ca8500000)]
  0x000001f4088b3560 JavaThread "RMI TCP Connection(idle)" daemon [_thread_blocked, id=12452, stack(0x0000004ca8f00000,0x0000004ca9000000)]
  0x000001f4088b58d0 JavaThread "RMI TCP Connection(2)-127.0.0.1" daemon [_thread_in_native, id=8416, stack(0x0000004ca9000000,0x0000004ca9100000)]
  0x000001f4088b4490 JavaThread "RMI Scheduler(0)" daemon [_thread_blocked, id=8456, stack(0x0000004ca9100000,0x0000004ca9200000)]
  0x000001f4088b3a70 JavaThread "JMX server connection timeout 33" daemon [_thread_blocked, id=6572, stack(0x0000004ca9200000,0x0000004ca9300000)]
  0x000001f4088b49a0 JavaThread "Catalina-utility-1" [_thread_blocked, id=22776, stack(0x0000004caa000000,0x0000004caa100000)]
  0x000001f4088b4eb0 JavaThread "Catalina-utility-2" [_thread_blocked, id=4828, stack(0x0000004caa100000,0x0000004caa200000)]
  0x000001f4088b53c0 JavaThread "container-0" [_thread_blocked, id=20868, stack(0x0000004caa200000,0x0000004caa300000)]
  0x000001f4088b5de0 JavaThread "mysql-cj-abandoned-connection-cleanup" daemon [_thread_blocked, id=3208, stack(0x0000004caa300000,0x0000004caa400000)]
  0x000001f4088b62f0 JavaThread "HikariPool-1 housekeeper" daemon [_thread_blocked, id=23724, stack(0x0000004caa500000,0x0000004caa600000)]
  0x000001f40acbe1f0 JavaThread "File Watcher" daemon [_thread_blocked, id=15428, stack(0x0000004caa700000,0x0000004caa800000)]
  0x000001f40acbf630 JavaThread "Live Reload Server" daemon [_thread_in_native, id=16776, stack(0x0000004caa900000,0x0000004caaa00000)]
  0x000001f40acbe700 JavaThread "http-nio-8080-exec-1" daemon [_thread_blocked, id=17440, stack(0x0000004caa800000,0x0000004caa900000)]
  0x000001f40acbfb40 JavaThread "http-nio-8080-exec-2" daemon [_thread_blocked, id=19984, stack(0x0000004caaa00000,0x0000004caab00000)]
  0x000001f40acbcdb0 JavaThread "http-nio-8080-exec-3" daemon [_thread_blocked, id=22340, stack(0x0000004caab00000,0x0000004caac00000)]
  0x000001f40acc0050 JavaThread "http-nio-8080-exec-4" daemon [_thread_blocked, id=10812, stack(0x0000004caac00000,0x0000004caad00000)]
  0x000001f40acc0560 JavaThread "http-nio-8080-exec-5" daemon [_thread_blocked, id=23172, stack(0x0000004caad00000,0x0000004caae00000)]
  0x000001f40acc0a70 JavaThread "http-nio-8080-exec-6" daemon [_thread_blocked, id=15592, stack(0x0000004caae00000,0x0000004caaf00000)]
  0x000001f40acbd2c0 JavaThread "http-nio-8080-exec-7" daemon [_thread_blocked, id=23536, stack(0x0000004caaf00000,0x0000004cab000000)]
  0x000001f40acc4730 JavaThread "http-nio-8080-exec-8" daemon [_thread_blocked, id=9596, stack(0x0000004cab000000,0x0000004cab100000)]
  0x000001f40acc19a0 JavaThread "http-nio-8080-exec-9" daemon [_thread_blocked, id=22432, stack(0x0000004cab100000,0x0000004cab200000)]
  0x000001f40acc1eb0 JavaThread "http-nio-8080-exec-10" daemon [_thread_blocked, id=15220, stack(0x0000004cab200000,0x0000004cab300000)]
  0x000001f40acc0f80 JavaThread "http-nio-8080-Poller" daemon [_thread_in_native, id=10788, stack(0x0000004cab300000,0x0000004cab400000)]
  0x000001f40acc4220 JavaThread "http-nio-8080-Acceptor" daemon [_thread_in_native, id=3296, stack(0x0000004cab400000,0x0000004cab500000)]
  0x000001f40acc1490 JavaThread "DestroyJavaVM" [_thread_blocked, id=23608, stack(0x0000004ca6c00000,0x0000004ca6d00000)]
  0x000001f40ababf90 JavaThread "C1 CompilerThread1" daemon [_thread_blocked, id=16196, stack(0x0000004ca6900000,0x0000004ca6a00000)]
  0x000001f40abaaa50 JavaThread "C1 CompilerThread2" daemon [_thread_blocked, id=21236, stack(0x0000004ca6a00000,0x0000004ca6b00000)]
  0x000001f40abaafa0 JavaThread "C2 CompilerThread1" daemon [_thread_blocked, id=10216, stack(0x0000004ca6b00000,0x0000004ca6c00000)]
  0x000001f40abad4d0 JavaThread "C2 CompilerThread2" daemon [_thread_in_native, id=21948, stack(0x0000004ca7f00000,0x0000004ca8000000)]
=>0x000001f40aba9fb0 JavaThread "C2 CompilerThread3" daemon [_thread_in_native, id=5916, stack(0x0000004ca8000000,0x0000004ca8100000)]
  0x000001f40abafa00 JavaThread "C2 CompilerThread4" daemon [_thread_blocked, id=12904, stack(0x0000004ca8c00000,0x0000004ca8d00000)]
  0x000001f40abb1490 JavaThread "C2 CompilerThread5" daemon [_thread_blocked, id=18688, stack(0x0000004ca8d00000,0x0000004ca8e00000)]
  0x000001f40abaea10 JavaThread "C2 CompilerThread6" daemon [_thread_blocked, id=20416, stack(0x0000004ca8e00000,0x0000004ca8f00000)]

Other Threads:
  0x000001f3c1e8e930 VMThread "VM Thread" [stack: 0x0000004ca7200000,0x0000004ca7300000] [id=700]
  0x000001f39e510b20 WatcherThread [stack: 0x0000004ca8500000,0x0000004ca8600000] [id=16648]
  0x000001f39e4e67f0 GCTaskThread "GC Thread#0" [stack: 0x0000004ca6d00000,0x0000004ca6e00000] [id=8080]
  0x000001f3c2dcecb0 GCTaskThread "GC Thread#1" [stack: 0x0000004ca8600000,0x0000004ca8700000] [id=21676]
  0x000001f3c2b636a0 GCTaskThread "GC Thread#2" [stack: 0x0000004ca8700000,0x0000004ca8800000] [id=19976]
  0x000001f4086bd440 GCTaskThread "GC Thread#3" [stack: 0x0000004ca8800000,0x0000004ca8900000] [id=6768]
  0x000001f4086bd700 GCTaskThread "GC Thread#4" [stack: 0x0000004ca8900000,0x0000004ca8a00000] [id=9236]
  0x000001f4083baa20 GCTaskThread "GC Thread#5" [stack: 0x0000004ca8a00000,0x0000004ca8b00000] [id=11332]
  0x000001f3c2c6cbd0 GCTaskThread "GC Thread#6" [stack: 0x0000004ca8b00000,0x0000004ca8c00000] [id=3628]
  0x000001f408b60290 GCTaskThread "GC Thread#7" [stack: 0x0000004ca9400000,0x0000004ca9500000] [id=8732]
  0x000001f408d7bce0 GCTaskThread "GC Thread#8" [stack: 0x0000004ca9500000,0x0000004ca9600000] [id=4616]
  0x000001f40a145b80 GCTaskThread "GC Thread#9" [stack: 0x0000004ca9300000,0x0000004ca9400000] [id=8084]
  0x000001f409487d10 GCTaskThread "GC Thread#10" [stack: 0x0000004ca9700000,0x0000004ca9800000] [id=15020]
  0x000001f40965b8c0 GCTaskThread "GC Thread#11" [stack: 0x0000004ca9800000,0x0000004ca9900000] [id=3256]
  0x000001f4091aa940 GCTaskThread "GC Thread#12" [stack: 0x0000004ca9900000,0x0000004ca9a00000] [id=16764]
  0x000001f39e4f8c90 ConcurrentGCThread "G1 Main Marker" [stack: 0x0000004ca6e00000,0x0000004ca6f00000] [id=8836]
  0x000001f39e4fa270 ConcurrentGCThread "G1 Conc#0" [stack: 0x0000004ca6f00000,0x0000004ca7000000] [id=13752]
  0x000001f409f3cd40 ConcurrentGCThread "G1 Conc#1" [stack: 0x0000004ca9a00000,0x0000004ca9b00000] [id=23528]
  0x000001f409b7c680 ConcurrentGCThread "G1 Conc#2" [stack: 0x0000004ca9b00000,0x0000004ca9c00000] [id=23464]
  0x000001f39e52ecb0 ConcurrentGCThread "G1 Refine#0" [stack: 0x0000004ca7000000,0x0000004ca7100000] [id=18764]
  0x000001f3c1d44c20 ConcurrentGCThread "G1 Service" [stack: 0x0000004ca7100000,0x0000004ca7200000] [id=10724]

Threads with active compile tasks:
C2 CompilerThread0    71822 10664 % !   4       org.eclipse.jdt.internal.compiler.classfmt.ClassFileReader::<init> @ 63 (2113 bytes)
C2 CompilerThread2    71822 10653       4       org.eclipse.jdt.internal.compiler.parser.Parser::consumeToken (2309 bytes)
C2 CompilerThread3    71822 10659       4       org.eclipse.jdt.internal.compiler.lookup.BinaryTypeBinding::createMethod (1719 bytes)

VM state: not at safepoint (normal execution)

VM Mutex/Monitor currently owned by a thread: None

Heap address: 0x0000000709c00000, size: 3940 MB, Compressed Oops mode: Zero based, Oop shift amount: 3

CDS archive(s) mapped at: [0x000001f3c3000000-0x000001f3c3bd0000-0x000001f3c3bd0000), size 12386304, SharedBaseAddress: 0x000001f3c3000000, ArchiveRelocationMode: 1.
Compressed class space mapped at: 0x000001f3c4000000-0x000001f404000000, reserved size: 1073741824
Narrow klass base: 0x000001f3c3000000, Narrow klass shift: 0, Narrow klass range: 0x100000000

GC Precious Log:
 CPUs: 16 total, 16 available
 Memory: 15752M
 Large Page Support: Disabled
 NUMA Support: Disabled
 Compressed Oops: Enabled (Zero based)
 Heap Region Size: 2M
 Heap Min Capacity: 8M
 Heap Initial Capacity: 248M
 Heap Max Capacity: 3940M
 Pre-touch: Disabled
 Parallel Workers: 13
 Concurrent Workers: 3
 Concurrent Refinement Workers: 13
 Periodic GC: Disabled

Heap:
 garbage-first heap   total 141312K, used 58409K [0x0000000709c00000, 0x0000000800000000)
  region size 2048K, 11 young (22528K), 1 survivors (2048K)
 Metaspace       used 91258K, committed 91968K, reserved 1179648K
  class space    used 11614K, committed 11968K, reserved 1048576K

Heap Regions: E=young(eden), S=young(survivor), O=old, HS=humongous(starts), HC=humongous(continues), CS=collection set, F=free, OA=open archive, CA=closed archive, TAMS=top-at-mark-start (previous, next)
|   0|0x0000000709c00000, 0x0000000709e00000, 0x0000000709e00000|100%| O|  |TAMS 0x0000000709e00000, 0x0000000709c00000| Untracked 
|   1|0x0000000709e00000, 0x000000070a000000, 0x000000070a000000|100%| O|  |TAMS 0x000000070a000000, 0x0000000709e00000| Untracked 
|   2|0x000000070a000000, 0x000000070a200000, 0x000000070a200000|100%| O|  |TAMS 0x000000070a200000, 0x000000070a000000| Untracked 
|   3|0x000000070a200000, 0x000000070a400000, 0x000000070a400000|100%| O|  |TAMS 0x000000070a400000, 0x000000070a200000| Untracked 
|   4|0x000000070a400000, 0x000000070a600000, 0x000000070a600000|100%| O|  |TAMS 0x000000070a600000, 0x000000070a400000| Untracked 
|   5|0x000000070a600000, 0x000000070a800000, 0x000000070a800000|100%| O|  |TAMS 0x000000070a800000, 0x000000070a600000| Untracked 
|   6|0x000000070a800000, 0x000000070a800000, 0x000000070aa00000|  0%| F|  |TAMS 0x000000070a800000, 0x000000070a800000| Untracked 
|   7|0x000000070aa00000, 0x000000070ac00000, 0x000000070ac00000|100%| O|  |TAMS 0x000000070ac00000, 0x000000070aa00000| Untracked 
|   8|0x000000070ac00000, 0x000000070ae00000, 0x000000070ae00000|100%| O|  |TAMS 0x000000070ac00000, 0x000000070ac00000| Untracked 
|   9|0x000000070ae00000, 0x000000070b000000, 0x000000070b000000|100%| O|  |TAMS 0x000000070b000000, 0x000000070ae00000| Untracked 
|  10|0x000000070b000000, 0x000000070b200000, 0x000000070b200000|100%| O|  |TAMS 0x000000070b200000, 0x000000070b000000| Untracked 
|  11|0x000000070b200000, 0x000000070b400000, 0x000000070b400000|100%| O|  |TAMS 0x000000070b400000, 0x000000070b200000| Untracked 
|  12|0x000000070b400000, 0x000000070b600000, 0x000000070b600000|100%| O|  |TAMS 0x000000070b600000, 0x000000070b400000| Untracked 
|  13|0x000000070b600000, 0x000000070b800000, 0x000000070b800000|100%| O|  |TAMS 0x000000070b800000, 0x000000070b600000| Untracked 
|  14|0x000000070b800000, 0x000000070ba00000, 0x000000070ba00000|100%| O|  |TAMS 0x000000070ba00000, 0x000000070b800000| Untracked 
|  15|0x000000070ba00000, 0x000000070bc00000, 0x000000070bc00000|100%| O|  |TAMS 0x000000070bc00000, 0x000000070ba00000| Untracked 
|  16|0x000000070bc00000, 0x000000070be00000, 0x000000070be00000|100%| O|  |TAMS 0x000000070be00000, 0x000000070bc00000| Untracked 
|  17|0x000000070be00000, 0x000000070c000000, 0x000000070c000000|100%| O|  |TAMS 0x000000070c000000, 0x000000070be00000| Untracked 
|  18|0x000000070c000000, 0x000000070c200000, 0x000000070c200000|100%| O|  |TAMS 0x000000070c200000, 0x000000070c000000| Untracked 
|  19|0x000000070c200000, 0x000000070c400000, 0x000000070c400000|100%| O|  |TAMS 0x000000070c400000, 0x000000070c200000| Untracked 
|  20|0x000000070c400000, 0x000000070c600000, 0x000000070c600000|100%| O|  |TAMS 0x000000070c41e400, 0x000000070c400000| Untracked 
|  21|0x000000070c600000, 0x000000070c67b000, 0x000000070c800000| 24%| O|  |TAMS 0x000000070c600000, 0x000000070c600000| Untracked 
|  22|0x000000070c800000, 0x000000070c800000, 0x000000070ca00000|  0%| F|  |TAMS 0x000000070c800000, 0x000000070c800000| Untracked 
|  23|0x000000070ca00000, 0x000000070ca00000, 0x000000070cc00000|  0%| F|  |TAMS 0x000000070ca00000, 0x000000070ca00000| Untracked 
|  24|0x000000070cc00000, 0x000000070cc00000, 0x000000070ce00000|  0%| F|  |TAMS 0x000000070cc00000, 0x000000070cc00000| Untracked 
|  25|0x000000070ce00000, 0x000000070ce00000, 0x000000070d000000|  0%| F|  |TAMS 0x000000070ce00000, 0x000000070ce00000| Untracked 
|  26|0x000000070d000000, 0x000000070d000000, 0x000000070d200000|  0%| F|  |TAMS 0x000000070d000000, 0x000000070d000000| Untracked 
|  27|0x000000070d200000, 0x000000070d200000, 0x000000070d400000|  0%| F|  |TAMS 0x000000070d200000, 0x000000070d200000| Untracked 
|  28|0x000000070d400000, 0x000000070d400000, 0x000000070d600000|  0%| F|  |TAMS 0x000000070d400000, 0x000000070d400000| Untracked 
|  29|0x000000070d600000, 0x000000070d600000, 0x000000070d800000|  0%| F|  |TAMS 0x000000070d600000, 0x000000070d600000| Untracked 
|  30|0x000000070d800000, 0x000000070d800000, 0x000000070da00000|  0%| F|  |TAMS 0x000000070d800000, 0x000000070d800000| Untracked 
|  31|0x000000070da00000, 0x000000070da00000, 0x000000070dc00000|  0%| F|  |TAMS 0x000000070da00000, 0x000000070da00000| Untracked 
|  32|0x000000070dc00000, 0x000000070dc00000, 0x000000070de00000|  0%| F|  |TAMS 0x000000070dc00000, 0x000000070dc00000| Untracked 
|  33|0x000000070de00000, 0x000000070de00000, 0x000000070e000000|  0%| F|  |TAMS 0x000000070de00000, 0x000000070de00000| Untracked 
|  34|0x000000070e000000, 0x000000070e000000, 0x000000070e200000|  0%| F|  |TAMS 0x000000070e000000, 0x000000070e000000| Untracked 
|  35|0x000000070e200000, 0x000000070e200000, 0x000000070e400000|  0%| F|  |TAMS 0x000000070e200000, 0x000000070e200000| Untracked 
|  36|0x000000070e400000, 0x000000070e400000, 0x000000070e600000|  0%| F|  |TAMS 0x000000070e400000, 0x000000070e400000| Untracked 
|  37|0x000000070e600000, 0x000000070e600000, 0x000000070e800000|  0%| F|  |TAMS 0x000000070e600000, 0x000000070e600000| Untracked 
|  38|0x000000070e800000, 0x000000070e800000, 0x000000070ea00000|  0%| F|  |TAMS 0x000000070e800000, 0x000000070e800000| Untracked 
|  39|0x000000070ea00000, 0x000000070ea00000, 0x000000070ec00000|  0%| F|  |TAMS 0x000000070ea00000, 0x000000070ea00000| Untracked 
|  40|0x000000070ec00000, 0x000000070ec00000, 0x000000070ee00000|  0%| F|  |TAMS 0x000000070ec00000, 0x000000070ec00000| Untracked 
|  41|0x000000070ee00000, 0x000000070ee00000, 0x000000070f000000|  0%| F|  |TAMS 0x000000070ee00000, 0x000000070ee00000| Untracked 
|  42|0x000000070f000000, 0x000000070f000000, 0x000000070f200000|  0%| F|  |TAMS 0x000000070f000000, 0x000000070f000000| Untracked 
|  43|0x000000070f200000, 0x000000070f200000, 0x000000070f400000|  0%| F|  |TAMS 0x000000070f200000, 0x000000070f200000| Untracked 
|  44|0x000000070f400000, 0x000000070f400000, 0x000000070f600000|  0%| F|  |TAMS 0x000000070f400000, 0x000000070f400000| Untracked 
|  45|0x000000070f600000, 0x000000070f600000, 0x000000070f800000|  0%| F|  |TAMS 0x000000070f600000, 0x000000070f600000| Untracked 
|  46|0x000000070f800000, 0x000000070f800000, 0x000000070fa00000|  0%| F|  |TAMS 0x000000070f800000, 0x000000070f800000| Untracked 
|  47|0x000000070fa00000, 0x000000070fa00000, 0x000000070fc00000|  0%| F|  |TAMS 0x000000070fa00000, 0x000000070fa00000| Untracked 
|  48|0x000000070fc00000, 0x000000070fc00000, 0x000000070fe00000|  0%| F|  |TAMS 0x000000070fc00000, 0x000000070fc00000| Untracked 
|  49|0x000000070fe00000, 0x000000070fe00000, 0x0000000710000000|  0%| F|  |TAMS 0x000000070fe00000, 0x000000070fe00000| Untracked 
|  50|0x0000000710000000, 0x0000000710000000, 0x0000000710200000|  0%| F|  |TAMS 0x0000000710000000, 0x0000000710000000| Untracked 
|  51|0x0000000710200000, 0x0000000710200000, 0x0000000710400000|  0%| F|  |TAMS 0x0000000710200000, 0x0000000710200000| Untracked 
|  52|0x0000000710400000, 0x0000000710400000, 0x0000000710600000|  0%| F|  |TAMS 0x0000000710400000, 0x0000000710400000| Untracked 
|  53|0x0000000710600000, 0x0000000710600000, 0x0000000710800000|  0%| F|  |TAMS 0x0000000710600000, 0x0000000710600000| Untracked 
|  54|0x0000000710800000, 0x0000000710800000, 0x0000000710a00000|  0%| F|  |TAMS 0x0000000710800000, 0x0000000710800000| Untracked 
|  55|0x0000000710a00000, 0x0000000710a00000, 0x0000000710c00000|  0%| F|  |TAMS 0x0000000710a00000, 0x0000000710a00000| Untracked 
|  56|0x0000000710c00000, 0x0000000710c00000, 0x0000000710e00000|  0%| F|  |TAMS 0x0000000710c00000, 0x0000000710c00000| Untracked 
|  57|0x0000000710e00000, 0x0000000710e00000, 0x0000000711000000|  0%| F|  |TAMS 0x0000000710e00000, 0x0000000710e00000| Untracked 
|  58|0x0000000711000000, 0x0000000711087548, 0x0000000711200000| 26%| E|  |TAMS 0x0000000711000000, 0x0000000711000000| Complete 
|  59|0x0000000711200000, 0x0000000711400000, 0x0000000711400000|100%| E|CS|TAMS 0x0000000711200000, 0x0000000711200000| Complete 
|  60|0x0000000711400000, 0x0000000711600000, 0x0000000711600000|100%| E|CS|TAMS 0x0000000711400000, 0x0000000711400000| Complete 
|  61|0x0000000711600000, 0x0000000711800000, 0x0000000711800000|100%| E|CS|TAMS 0x0000000711600000, 0x0000000711600000| Complete 
|  62|0x0000000711800000, 0x0000000711a00000, 0x0000000711a00000|100%| E|CS|TAMS 0x0000000711800000, 0x0000000711800000| Complete 
|  63|0x0000000711a00000, 0x0000000711c00000, 0x0000000711c00000|100%| E|  |TAMS 0x0000000711a00000, 0x0000000711a00000| Complete 
|  64|0x0000000711c00000, 0x0000000711e00000, 0x0000000711e00000|100%| E|CS|TAMS 0x0000000711c00000, 0x0000000711c00000| Complete 
|  99|0x0000000716200000, 0x0000000716400000, 0x0000000716400000|100%| E|CS|TAMS 0x0000000716200000, 0x0000000716200000| Complete 
| 100|0x0000000716400000, 0x0000000716600000, 0x0000000716600000|100%| E|CS|TAMS 0x0000000716400000, 0x0000000716400000| Complete 
| 101|0x0000000716600000, 0x000000071668f740, 0x0000000716800000| 28%| S|CS|TAMS 0x0000000716600000, 0x0000000716600000| Complete 
| 123|0x0000000719200000, 0x0000000719400000, 0x0000000719400000|100%| E|CS|TAMS 0x0000000719200000, 0x0000000719200000| Complete 

Card table byte_map: [0x000001f3b6580000,0x000001f3b6d40000] _byte_map_base: 0x000001f3b2d32000

Marking Bits (Prev, Next): (CMBitMap*) 0x000001f39e4e8d60, (CMBitMap*) 0x000001f39e4e8d20
 Prev Bits: [0x000001f3bb290000, 0x000001f3bf020000)
 Next Bits: [0x000001f3b7500000, 0x000001f3bb290000)

Polling page: 0x000001f39e530000

Metaspace:

Usage:
  Non-class:     77.78 MB used.
      Class:     11.34 MB used.
       Both:     89.12 MB used.

Virtual space:
  Non-class space:      128.00 MB reserved,      78.12 MB ( 61%) committed,  2 nodes.
      Class space:        1.00 GB reserved,      11.69 MB (  1%) committed,  1 nodes.
             Both:        1.12 GB reserved,      89.81 MB (  8%) committed. 

Chunk freelists:
   Non-Class:  1.57 MB
       Class:  4.26 MB
        Both:  5.84 MB

MaxMetaspaceSize: unlimited
CompressedClassSpaceSize: 1.00 GB
Initial GC threshold: 21.00 MB
Current GC threshold: 133.88 MB
CDS: on
MetaspaceReclaimPolicy: balanced
 - commit_granule_bytes: 65536.
 - commit_granule_words: 8192.
 - virtual_space_node_default_size: 8388608.
 - enlarge_chunks_in_place: 1.
 - new_chunks_are_fully_committed: 0.
 - uncommit_free_chunks: 1.
 - use_allocation_guard: 0.
 - handle_deallocations: 1.


Internal statistics:

num_allocs_failed_limit: 9.
num_arena_births: 1126.
num_arena_deaths: 0.
num_vsnodes_births: 3.
num_vsnodes_deaths: 0.
num_space_committed: 1437.
num_space_uncommitted: 0.
num_chunks_returned_to_freelist: 9.
num_chunks_taken_from_freelist: 4303.
num_chunk_merges: 9.
num_chunk_splits: 3096.
num_chunks_enlarged: 2369.
num_inconsistent_stats: 0.

CodeHeap 'non-profiled nmethods': size=119168Kb used=7162Kb max_used=7162Kb free=112006Kb
 bounds [0x000001f3ad9a0000, 0x000001f3ae0a0000, 0x000001f3b4e00000]
CodeHeap 'profiled nmethods': size=119104Kb used=20318Kb max_used=20318Kb free=98785Kb
 bounds [0x000001f3a5e00000, 0x000001f3a71e0000, 0x000001f3ad250000]
CodeHeap 'non-nmethods': size=7488Kb used=2556Kb max_used=3186Kb free=4931Kb
 bounds [0x000001f3ad250000, 0x000001f3ad580000, 0x000001f3ad9a0000]
 total_blobs=9756 nmethods=8979 adapters=686
 compilation: enabled
              stopped_count=0, restarted_count=0
 full_count=0

Compilation events (20 events):
Event: 70.725 Thread 0x000001f40abb1490 nmethod 10709 0x000001f3ae087d10 code [0x000001f3ae087e80, 0x000001f3ae087f18]
Event: 70.725 Thread 0x000001f40abb1490 10666       4       org.eclipse.jdt.internal.compiler.lookup.MethodBinding::<init> (141 bytes)
Event: 70.725 Thread 0x000001f40abafa00 10669       4       org.eclipse.jdt.internal.compiler.classfmt.MethodInfo::initialize (35 bytes)
Event: 70.735 Thread 0x000001f40abb1490 nmethod 10666 0x000001f3ae088010 code [0x000001f3ae0881a0, 0x000001f3ae0889b8]
Event: 70.735 Thread 0x000001f40abb1490 10650       4       java.io.PrintWriter::write (11 bytes)
Event: 70.740 Thread 0x000001f40abb1490 nmethod 10650 0x000001f3ae088a90 code [0x000001f3ae088c20, 0x000001f3ae089028]
Event: 70.740 Thread 0x000001f40abb1490 10651   !   4       java.io.PrintWriter::write (58 bytes)
Event: 70.741 Thread 0x000001f40abaef60 nmethod 10667 0x000001f3ae089290 code [0x000001f3ae0894c0, 0x000001f3ae08b898]
Event: 70.741 Thread 0x000001f40abaef60 10644   !   4       java.nio.CharBuffer::wrap (21 bytes)
Event: 70.742 Thread 0x000001f40abb1490 nmethod 10651 0x000001f3ae08c910 code [0x000001f3ae08caa0, 0x000001f3ae08ce48]
Event: 70.742 Thread 0x000001f40abb1490 10645       4       java.nio.HeapCharBuffer::<init> (23 bytes)
Event: 70.744 Thread 0x000001f40abaef60 nmethod 10644 0x000001f3ae08d010 code [0x000001f3ae08d1a0, 0x000001f3ae08d418]
Event: 70.744 Thread 0x000001f40abaef60 10630       4       org.apache.jasper.compiler.JspReader::isDelimiter (99 bytes)
Event: 70.745 Thread 0x000001f40abb1490 nmethod 10645 0x000001f3ae08d710 code [0x000001f3ae08d8a0, 0x000001f3ae08dc38]
Event: 70.745 Thread 0x000001f40abb1490 10763       4       jdk.internal.misc.Unsafe::weakCompareAndSetInt (11 bytes)
Event: 70.745 Thread 0x000001f40abb1490 nmethod 10763 0x000001f3ae08de90 code [0x000001f3ae08e000, 0x000001f3ae08e098]
Event: 70.749 Thread 0x000001f40abafa00 nmethod 10669 0x000001f3ae08e190 code [0x000001f3ae08e380, 0x000001f3ae08f368]
Event: 70.750 Thread 0x000001f40abaef60 nmethod 10630 0x000001f3ae08fc10 code [0x000001f3ae08fdc0, 0x000001f3ae090438]
Event: 70.762 Thread 0x000001f40abaea10 nmethod 10665 0x000001f3ae090710 code [0x000001f3ae090980, 0x000001f3ae093b60]
Event: 71.660 Thread 0x000001f40abaaa50 10764       3       java.io.DataOutputStream::incCount (20 bytes)

GC Heap History (20 events):
Event: 7.129 GC heap before
{Heap before GC invocations=27 (full 0):
 garbage-first heap   total 65536K, used 49863K [0x0000000709c00000, 0x0000000800000000)
  region size 2048K, 10 young (20480K), 2 survivors (4096K)
 Metaspace       used 71691K, committed 72256K, reserved 1114112K
  class space    used 9508K, committed 9792K, reserved 1048576K
}
Event: 7.132 GC heap after
{Heap after GC invocations=28 (full 0):
 garbage-first heap   total 65536K, used 34568K [0x0000000709c00000, 0x0000000800000000)
  region size 2048K, 2 young (4096K), 2 survivors (4096K)
 Metaspace       used 71691K, committed 72256K, reserved 1114112K
  class space    used 9508K, committed 9792K, reserved 1048576K
}
Event: 7.315 GC heap before
{Heap before GC invocations=29 (full 0):
 garbage-first heap   total 65536K, used 50952K [0x0000000709c00000, 0x0000000800000000)
  region size 2048K, 10 young (20480K), 2 survivors (4096K)
 Metaspace       used 72274K, committed 72832K, reserved 1114112K
  class space    used 9597K, committed 9856K, reserved 1048576K
}
Event: 7.318 GC heap after
{Heap after GC invocations=30 (full 0):
 garbage-first heap   total 65536K, used 35858K [0x0000000709c00000, 0x0000000800000000)
  region size 2048K, 2 young (4096K), 2 survivors (4096K)
 Metaspace       used 72274K, committed 72832K, reserved 1114112K
  class space    used 9597K, committed 9856K, reserved 1048576K
}
Event: 7.571 GC heap before
{Heap before GC invocations=30 (full 0):
 garbage-first heap   total 65536K, used 52242K [0x0000000709c00000, 0x0000000800000000)
  region size 2048K, 10 young (20480K), 2 survivors (4096K)
 Metaspace       used 73079K, committed 73728K, reserved 1114112K
  class space    used 9719K, committed 10048K, reserved 1048576K
}
Event: 7.574 GC heap after
{Heap after GC invocations=31 (full 0):
 garbage-first heap   total 65536K, used 36985K [0x0000000709c00000, 0x0000000800000000)
  region size 2048K, 2 young (4096K), 2 survivors (4096K)
 Metaspace       used 73079K, committed 73728K, reserved 1114112K
  class space    used 9719K, committed 10048K, reserved 1048576K
}
Event: 7.786 GC heap before
{Heap before GC invocations=32 (full 0):
 garbage-first heap   total 69632K, used 51321K [0x0000000709c00000, 0x0000000800000000)
  region size 2048K, 9 young (18432K), 2 survivors (4096K)
 Metaspace       used 73666K, committed 74304K, reserved 1114112K
  class space    used 9808K, committed 10112K, reserved 1048576K
}
Event: 7.789 GC heap after
{Heap after GC invocations=33 (full 0):
 garbage-first heap   total 69632K, used 38096K [0x0000000709c00000, 0x0000000800000000)
  region size 2048K, 2 young (4096K), 2 survivors (4096K)
 Metaspace       used 73666K, committed 74304K, reserved 1114112K
  class space    used 9808K, committed 10112K, reserved 1048576K
}
Event: 8.453 GC heap before
{Heap before GC invocations=33 (full 0):
 garbage-first heap   total 69632K, used 54480K [0x0000000709c00000, 0x0000000800000000)
  region size 2048K, 10 young (20480K), 2 survivors (4096K)
 Metaspace       used 75129K, committed 75776K, reserved 1114112K
  class space    used 10020K, committed 10304K, reserved 1048576K
}
Event: 8.455 GC heap after
{Heap after GC invocations=34 (full 0):
 garbage-first heap   total 69632K, used 39252K [0x0000000709c00000, 0x0000000800000000)
  region size 2048K, 2 young (4096K), 2 survivors (4096K)
 Metaspace       used 75129K, committed 75776K, reserved 1114112K
  class space    used 10020K, committed 10304K, reserved 1048576K
}
Event: 18.377 GC heap before
{Heap before GC invocations=35 (full 0):
 garbage-first heap   total 71680K, used 53588K [0x0000000709c00000, 0x0000000800000000)
  region size 2048K, 10 young (20480K), 2 survivors (4096K)
 Metaspace       used 78031K, committed 78720K, reserved 1179648K
  class space    used 10393K, committed 10688K, reserved 1048576K
}
Event: 18.379 GC heap after
{Heap after GC invocations=36 (full 0):
 garbage-first heap   total 71680K, used 40300K [0x0000000709c00000, 0x0000000800000000)
  region size 2048K, 2 young (4096K), 2 survivors (4096K)
 Metaspace       used 78031K, committed 78720K, reserved 1179648K
  class space    used 10393K, committed 10688K, reserved 1048576K
}
Event: 18.386 GC heap before
{Heap before GC invocations=36 (full 0):
 garbage-first heap   total 71680K, used 42348K [0x0000000709c00000, 0x0000000800000000)
  region size 2048K, 3 young (6144K), 2 survivors (4096K)
 Metaspace       used 78121K, committed 78784K, reserved 1179648K
  class space    used 10400K, committed 10688K, reserved 1048576K
}
Event: 18.390 GC heap after
{Heap after GC invocations=37 (full 0):
 garbage-first heap   total 71680K, used 40080K [0x0000000709c00000, 0x0000000800000000)
  region size 2048K, 1 young (2048K), 1 survivors (2048K)
 Metaspace       used 78121K, committed 78784K, reserved 1179648K
  class space    used 10400K, committed 10688K, reserved 1048576K
}
Event: 18.578 GC heap before
{Heap before GC invocations=37 (full 0):
 garbage-first heap   total 71680K, used 54416K [0x0000000709c00000, 0x0000000800000000)
  region size 2048K, 9 young (18432K), 1 survivors (2048K)
 Metaspace       used 81138K, committed 81792K, reserved 1179648K
  class space    used 10625K, committed 10944K, reserved 1048576K
}
Event: 18.579 GC heap after
{Heap after GC invocations=38 (full 0):
 garbage-first heap   total 141312K, used 40631K [0x0000000709c00000, 0x0000000800000000)
  region size 2048K, 1 young (2048K), 1 survivors (2048K)
 Metaspace       used 81138K, committed 81792K, reserved 1179648K
  class space    used 10625K, committed 10944K, reserved 1048576K
}
Event: 21.384 GC heap before
{Heap before GC invocations=39 (full 0):
 garbage-first heap   total 141312K, used 108215K [0x0000000709c00000, 0x0000000800000000)
  region size 2048K, 35 young (71680K), 1 survivors (2048K)
 Metaspace       used 90803K, committed 91520K, reserved 1179648K
  class space    used 11597K, committed 11968K, reserved 1048576K
}
Event: 21.386 GC heap after
{Heap after GC invocations=40 (full 0):
 garbage-first heap   total 141312K, used 42414K [0x0000000709c00000, 0x0000000800000000)
  region size 2048K, 2 young (4096K), 2 survivors (4096K)
 Metaspace       used 90803K, committed 91520K, reserved 1179648K
  class space    used 11597K, committed 11968K, reserved 1048576K
}
Event: 21.399 GC heap before
{Heap before GC invocations=40 (full 0):
 garbage-first heap   total 141312K, used 42414K [0x0000000709c00000, 0x0000000800000000)
  region size 2048K, 3 young (6144K), 2 survivors (4096K)
 Metaspace       used 90804K, committed 91520K, reserved 1179648K
  class space    used 11597K, committed 11968K, reserved 1048576K
}
Event: 21.403 GC heap after
{Heap after GC invocations=41 (full 0):
 garbage-first heap   total 141312K, used 42025K [0x0000000709c00000, 0x0000000800000000)
  region size 2048K, 1 young (2048K), 1 survivors (2048K)
 Metaspace       used 90804K, committed 91520K, reserved 1179648K
  class space    used 11597K, committed 11968K, reserved 1048576K
}

Deoptimization events (20 events):
Event: 21.465 Thread 0x000001f40acc0a70 DEOPT PACKING pc=0x000001f3adb44c40 sp=0x0000004caaefcc00
Event: 21.465 Thread 0x000001f40acc0a70 DEOPT UNPACKING pc=0x000001f3ad2a23a3 sp=0x0000004caaefcba8 mode 2
Event: 63.731 Thread 0x000001f4088b4eb0 Uncommon trap: trap_request=0xffffffde fr.pc=0x000001f3adcc1594 relative=0x0000000000001414
Event: 63.731 Thread 0x000001f4088b4eb0 Uncommon trap: reason=class_check action=maybe_recompile pc=0x000001f3adcc1594 method=java.util.concurrent.ConcurrentHashMap$CollectionView.toArray([Ljava/lang/Object;)[Ljava/lang/Object; @ 53 c2
Event: 63.731 Thread 0x000001f4088b4eb0 DEOPT PACKING pc=0x000001f3adcc1594 sp=0x0000004caa1fea60
Event: 63.731 Thread 0x000001f4088b4eb0 DEOPT UNPACKING pc=0x000001f3ad2a23a3 sp=0x0000004caa1fea10 mode 2
Event: 70.621 Thread 0x000001f40acbd2c0 DEOPT PACKING pc=0x000001f3a662b4a9 sp=0x0000004caaffc9f0
Event: 70.621 Thread 0x000001f40acbd2c0 DEOPT UNPACKING pc=0x000001f3ad2a2b43 sp=0x0000004caaffbe78 mode 0
Event: 70.621 Thread 0x000001f40acbd2c0 DEOPT PACKING pc=0x000001f3a662b4a9 sp=0x0000004caaffc9f0
Event: 70.621 Thread 0x000001f40acbd2c0 DEOPT UNPACKING pc=0x000001f3ad2a2b43 sp=0x0000004caaffbe78 mode 0
Event: 70.624 Thread 0x000001f40acbd2c0 Uncommon trap: trap_request=0xffffff6e fr.pc=0x000001f3addace70 relative=0x00000000000010f0
Event: 70.624 Thread 0x000001f40acbd2c0 Uncommon trap: reason=loop_limit_check action=maybe_recompile pc=0x000001f3addace70 method=com.sun.org.apache.xerces.internal.parsers.AbstractSAXParser.startElement(Lcom/sun/org/apache/xerces/internal/xni/QName;Lcom/sun/org/apache/xerces/internal/xni/XMLA
Event: 70.624 Thread 0x000001f40acbd2c0 DEOPT PACKING pc=0x000001f3addace70 sp=0x0000004caaffc500
Event: 70.624 Thread 0x000001f40acbd2c0 DEOPT UNPACKING pc=0x000001f3ad2a23a3 sp=0x0000004caaffc4d0 mode 2
Event: 70.627 Thread 0x000001f40acbd2c0 Uncommon trap: trap_request=0xffffff6e fr.pc=0x000001f3adf964f8 relative=0x0000000000002258
Event: 70.627 Thread 0x000001f40acbd2c0 Uncommon trap: reason=loop_limit_check action=maybe_recompile pc=0x000001f3adf964f8 method=org.eclipse.jdt.internal.compiler.util.CharDeduplication.optimizedCurrentTokenSource6([CI)[C @ 244 c2
Event: 70.627 Thread 0x000001f40acbd2c0 DEOPT PACKING pc=0x000001f3adf964f8 sp=0x0000004caaffc880
Event: 70.627 Thread 0x000001f40acbd2c0 DEOPT UNPACKING pc=0x000001f3ad2a23a3 sp=0x0000004caaffc650 mode 2
Event: 70.638 Thread 0x000001f40acbd2c0 DEOPT PACKING pc=0x000001f3a6efd419 sp=0x0000004caaffc6d0
Event: 70.638 Thread 0x000001f40acbd2c0 DEOPT UNPACKING pc=0x000001f3ad2a2b43 sp=0x0000004caaffbb90 mode 0

Classes unloaded (0 events):
No events

Classes redefined (0 events):
No events

Internal exceptions (20 events):
Event: 20.537 Thread 0x000001f40acc0560 Exception <a 'java/lang/ClassNotFoundException'{0x000000070ee97e70}: org/apache/taglibs/standard/tag/rt/core/ForEachTagCustomizer> (0x000000070ee97e70) 
thrown [s\open\src\hotspot\share\classfile\systemDictionary.cpp, line 256]
Event: 20.541 Thread 0x000001f40acc0560 Exception <a 'java/lang/NoSuchMethodError'{0x000000070ef11e20}: 'java.lang.Object java.lang.invoke.Invokers$Holder.linkToTargetMethod(java.lang.Object, int, int, java.lang.Object)'> (0x000000070ef11e20) 
thrown [s\open\src\hotspot\share\interpreter\linkResolver.cpp, line 759]
Event: 20.659 Thread 0x000001f40acc0560 Exception <a 'java/lang/ClassNotFoundException'{0x000000070e4524e0}: vn/Hieu/laptopshop/domain/UserBeanInfo> (0x000000070e4524e0) 
thrown [s\open\src\hotspot\share\classfile\systemDictionary.cpp, line 256]
Event: 20.660 Thread 0x000001f40acc0560 Exception <a 'java/lang/ClassNotFoundException'{0x000000070e4596e0}: vn/Hieu/laptopshop/domain/UserCustomizer> (0x000000070e4596e0) 
thrown [s\open\src\hotspot\share\classfile\systemDictionary.cpp, line 256]
Event: 21.362 Thread 0x000001f40acc0a70 Exception <a 'java/lang/ClassNotFoundException'{0x000000070e2195c0}: org/springframework/web/servlet/tags/form/FormTagBeanInfo> (0x000000070e2195c0) 
thrown [s\open\src\hotspot\share\classfile\systemDictionary.cpp, line 256]
Event: 21.363 Thread 0x000001f40acc0a70 Exception <a 'java/lang/ClassNotFoundException'{0x000000070e2205e0}: org/springframework/web/servlet/tags/form/AbstractHtmlElementTagBeanInfo> (0x000000070e2205e0) 
thrown [s\open\src\hotspot\share\classfile\systemDictionary.cpp, line 256]
Event: 21.363 Thread 0x000001f40acc0a70 Exception <a 'java/lang/ClassNotFoundException'{0x000000070e227be8}: org/springframework/web/servlet/tags/form/AbstractDataBoundFormElementTagBeanInfo> (0x000000070e227be8) 
thrown [s\open\src\hotspot\share\classfile\systemDictionary.cpp, line 256]
Event: 21.363 Thread 0x000001f40acc0a70 Exception <a 'java/lang/ClassNotFoundException'{0x000000070e22ef30}: org/springframework/web/servlet/tags/form/AbstractFormTagBeanInfo> (0x000000070e22ef30) 
thrown [s\open\src\hotspot\share\classfile\systemDictionary.cpp, line 256]
Event: 21.364 Thread 0x000001f40acc0a70 Exception <a 'java/lang/ClassNotFoundException'{0x000000070e236238}: org/springframework/web/servlet/tags/HtmlEscapingAwareTagBeanInfo> (0x000000070e236238) 
thrown [s\open\src\hotspot\share\classfile\systemDictionary.cpp, line 256]
Event: 21.364 Thread 0x000001f40acc0a70 Exception <a 'java/lang/ClassNotFoundException'{0x000000070e23dba8}: org/springframework/web/servlet/tags/RequestContextAwareTagBeanInfo> (0x000000070e23dba8) 
thrown [s\open\src\hotspot\share\classfile\systemDictionary.cpp, line 256]
Event: 21.365 Thread 0x000001f40acc0a70 Exception <a 'java/lang/ClassNotFoundException'{0x000000070e244f98}: org/springframework/web/servlet/tags/RequestContextAwareTagCustomizer> (0x000000070e244f98) 
thrown [s\open\src\hotspot\share\classfile\systemDictionary.cpp, line 256]
Event: 21.366 Thread 0x000001f40acc0a70 Exception <a 'java/lang/ClassNotFoundException'{0x000000070e253bd0}: org/springframework/web/servlet/tags/HtmlEscapingAwareTagCustomizer> (0x000000070e253bd0) 
thrown [s\open\src\hotspot\share\classfile\systemDictionary.cpp, line 256]
Event: 21.366 Thread 0x000001f40acc0a70 Exception <a 'java/lang/ClassNotFoundException'{0x000000070e25f620}: org/springframework/web/servlet/tags/form/AbstractFormTagCustomizer> (0x000000070e25f620) 
thrown [s\open\src\hotspot\share\classfile\systemDictionary.cpp, line 256]
Event: 21.367 Thread 0x000001f40acc0a70 Exception <a 'java/lang/ClassNotFoundException'{0x000000070e269e98}: org/springframework/web/servlet/tags/form/AbstractDataBoundFormElementTagCustomizer> (0x000000070e269e98) 
thrown [s\open\src\hotspot\share\classfile\systemDictionary.cpp, line 256]
Event: 21.369 Thread 0x000001f40acc0a70 Exception <a 'java/lang/ClassNotFoundException'{0x000000070e27b908}: org/springframework/web/servlet/tags/form/AbstractHtmlElementTagCustomizer> (0x000000070e27b908) 
thrown [s\open\src\hotspot\share\classfile\systemDictionary.cpp, line 256]
Event: 21.370 Thread 0x000001f40acc0a70 Exception <a 'java/lang/ClassNotFoundException'{0x000000070e295968}: org/springframework/web/servlet/tags/form/FormTagCustomizer> (0x000000070e295968) 
thrown [s\open\src\hotspot\share\classfile\systemDictionary.cpp, line 256]
Event: 21.371 Thread 0x000001f40acc0a70 Exception <a 'java/lang/ClassNotFoundException'{0x000000070e2b7ac8}: org/springframework/web/servlet/tags/form/InputTagBeanInfo> (0x000000070e2b7ac8) 
thrown [s\open\src\hotspot\share\classfile\systemDictionary.cpp, line 256]
Event: 21.372 Thread 0x000001f40acc0a70 Exception <a 'java/lang/ClassNotFoundException'{0x000000070e2bef30}: org/springframework/web/servlet/tags/form/AbstractHtmlInputElementTagBeanInfo> (0x000000070e2bef30) 
thrown [s\open\src\hotspot\share\classfile\systemDictionary.cpp, line 256]
Event: 21.372 Thread 0x000001f40acc0a70 Exception <a 'java/lang/ClassNotFoundException'{0x000000070e2c61d8}: org/springframework/web/servlet/tags/form/AbstractHtmlInputElementTagCustomizer> (0x000000070e2c61d8) 
thrown [s\open\src\hotspot\share\classfile\systemDictionary.cpp, line 256]
Event: 21.373 Thread 0x000001f40acc0a70 Exception <a 'java/lang/ClassNotFoundException'{0x000000070e2d77b8}: org/springframework/web/servlet/tags/form/InputTagCustomizer> (0x000000070e2d77b8) 
thrown [s\open\src\hotspot\share\classfile\systemDictionary.cpp, line 256]

VM Operations (20 events):
Event: 20.679 Executing VM operation: HandshakeAllThreads
Event: 20.679 Executing VM operation: HandshakeAllThreads done
Event: 20.693 Executing VM operation: ICBufferFull
Event: 20.693 Executing VM operation: ICBufferFull done
Event: 21.344 Executing VM operation: HandshakeAllThreads
Event: 21.344 Executing VM operation: HandshakeAllThreads done
Event: 21.384 Executing VM operation: G1CollectForAllocation
Event: 21.386 Executing VM operation: G1CollectForAllocation done
Event: 21.399 Executing VM operation: G1CollectForAllocation
Event: 21.403 Executing VM operation: G1CollectForAllocation done
Event: 21.428 Executing VM operation: HandshakeAllThreads
Event: 21.428 Executing VM operation: HandshakeAllThreads done
Event: 22.442 Executing VM operation: Cleanup
Event: 22.442 Executing VM operation: Cleanup done
Event: 35.571 Executing VM operation: Cleanup
Event: 35.572 Executing VM operation: Cleanup done
Event: 60.012 Executing VM operation: HandshakeAllThreads
Event: 60.012 Executing VM operation: HandshakeAllThreads done
Event: 71.100 Executing VM operation: Cleanup
Event: 71.100 Executing VM operation: Cleanup done

Events (20 events):
Event: 21.456 Thread 0x000001f40abaff50 Thread added: 0x000001f40abaff50
Event: 21.458 loading class java/lang/StringEditor
Event: 21.458 loading class java/lang/StringEditor done
Event: 21.647 Thread 0x000001f40abaff50 Thread exited: 0x000001f40abaff50
Event: 23.674 Thread 0x000001f40abaafa0 Thread exited: 0x000001f40abaafa0
Event: 23.674 Thread 0x000001f40aba9fb0 Thread exited: 0x000001f40aba9fb0
Event: 25.702 Thread 0x000001f40abad4d0 Thread exited: 0x000001f40abad4d0
Event: 28.608 Thread 0x000001f40abaea10 Thread exited: 0x000001f40abaea10
Event: 29.767 Thread 0x000001f40ababf90 Thread exited: 0x000001f40ababf90
Event: 39.010 Thread 0x000001f40abaaa50 Thread exited: 0x000001f40abaaa50
Event: 70.623 Thread 0x000001f40ababf90 Thread added: 0x000001f40ababf90
Event: 70.623 Thread 0x000001f40abaaa50 Thread added: 0x000001f40abaaa50
Event: 70.625 Thread 0x000001f40abaafa0 Thread added: 0x000001f40abaafa0
Event: 70.626 Thread 0x000001f40abad4d0 Thread added: 0x000001f40abad4d0
Event: 70.639 Thread 0x000001f40aba9fb0 Thread added: 0x000001f40aba9fb0
Event: 70.646 Thread 0x000001f40abafa00 Thread added: 0x000001f40abafa00
Event: 70.650 Thread 0x000001f40abb1490 Thread added: 0x000001f40abb1490
Event: 70.672 Thread 0x000001f40abaea10 Thread added: 0x000001f40abaea10
Event: 70.677 Thread 0x000001f40abaef60 Thread added: 0x000001f40abaef60
Event: 71.661 Thread 0x000001f40abaef60 Thread exited: 0x000001f40abaef60


Dynamic libraries:
0x00007ff733240000 - 0x00007ff733250000 	C:\Program Files\Java\jdk-17\bin\java.exe
0x00007ff871220000 - 0x00007ff871486000 	C:\WINDOWS\SYSTEM32\ntdll.dll
0x00007ff8710e0000 - 0x00007ff8711a9000 	C:\WINDOWS\System32\KERNEL32.DLL
0x00007ff86e3b0000 - 0x00007ff86e77c000 	C:\WINDOWS\System32\KERNELBASE.dll
0x00007ff86e8c0000 - 0x00007ff86ea0b000 	C:\WINDOWS\System32\ucrtbase.dll
0x00007ff8659d0000 - 0x00007ff8659e9000 	C:\Program Files\Java\jdk-17\bin\jli.dll
0x00007ff8706c0000 - 0x00007ff870772000 	C:\WINDOWS\System32\ADVAPI32.dll
0x00007ff864660000 - 0x00007ff86467b000 	C:\Program Files\Java\jdk-17\bin\VCRUNTIME140.dll
0x00007ff871020000 - 0x00007ff8710c9000 	C:\WINDOWS\System32\msvcrt.dll
0x00007ff870360000 - 0x00007ff870406000 	C:\WINDOWS\System32\sechost.dll
0x00007ff86fa10000 - 0x00007ff86fb26000 	C:\WINDOWS\System32\RPCRT4.dll
0x00007ff86f000000 - 0x00007ff86f1ca000 	C:\WINDOWS\System32\USER32.dll
0x00007ff859530000 - 0x00007ff8597ca000 	C:\WINDOWS\WinSxS\amd64_microsoft.windows.common-controls_6595b64144ccf1df_6.0.26100.3912_none_3e07963ce335137e\COMCTL32.dll
0x00007ff86ec30000 - 0x00007ff86ec57000 	C:\WINDOWS\System32\win32u.dll
0x00007ff870790000 - 0x00007ff8707bb000 	C:\WINDOWS\System32\GDI32.dll
0x00007ff86e780000 - 0x00007ff86e8b2000 	C:\WINDOWS\System32\gdi32full.dll
0x00007ff86eea0000 - 0x00007ff86ef43000 	C:\WINDOWS\System32\msvcp_win.dll
0x00007ff868490000 - 0x00007ff86849b000 	C:\WINDOWS\SYSTEM32\VERSION.dll
0x00007ff870680000 - 0x00007ff8706b0000 	C:\WINDOWS\System32\IMM32.DLL
0x00007ff8692c0000 - 0x00007ff8692cc000 	C:\Program Files\Java\jdk-17\bin\vcruntime140_1.dll
0x00007ff863190000 - 0x00007ff86321e000 	C:\Program Files\Java\jdk-17\bin\msvcp140.dll
0x00007ff81a210000 - 0x00007ff81adf0000 	C:\Program Files\Java\jdk-17\bin\server\jvm.dll
0x00007ff870780000 - 0x00007ff870788000 	C:\WINDOWS\System32\PSAPI.DLL
0x00007ff869160000 - 0x00007ff86916a000 	C:\WINDOWS\SYSTEM32\WSOCK32.dll
0x00007ff868450000 - 0x00007ff868486000 	C:\WINDOWS\SYSTEM32\WINMM.dll
0x00007ff86fbe0000 - 0x00007ff86fc54000 	C:\WINDOWS\System32\WS2_32.dll
0x00007ff86d170000 - 0x00007ff86d18a000 	C:\WINDOWS\SYSTEM32\kernel.appcore.dll
0x00007ff869270000 - 0x00007ff86927a000 	C:\Program Files\Java\jdk-17\bin\jimage.dll
0x00007ff861e90000 - 0x00007ff8620d1000 	C:\WINDOWS\SYSTEM32\DBGHELP.DLL
0x00007ff870b20000 - 0x00007ff870ea4000 	C:\WINDOWS\System32\combase.dll
0x00007ff86fc60000 - 0x00007ff86fd40000 	C:\WINDOWS\System32\OLEAUT32.dll
0x00007ff857ea0000 - 0x00007ff857ed9000 	C:\WINDOWS\SYSTEM32\dbgcore.DLL
0x00007ff86ea10000 - 0x00007ff86eaa9000 	C:\WINDOWS\System32\bcryptPrimitives.dll
0x00007ff863160000 - 0x00007ff863185000 	C:\Program Files\Java\jdk-17\bin\java.dll
0x00007ff83ee80000 - 0x00007ff83ef57000 	C:\Program Files\Java\jdk-17\bin\jsvml.dll
0x00007ff86f260000 - 0x00007ff86f98d000 	C:\WINDOWS\System32\SHELL32.dll
0x00007ff86eab0000 - 0x00007ff86ec24000 	C:\WINDOWS\System32\wintypes.dll
0x00007ff86c000000 - 0x00007ff86c856000 	C:\WINDOWS\SYSTEM32\windows.storage.dll
0x00007ff870a20000 - 0x00007ff870b0f000 	C:\WINDOWS\System32\SHCORE.dll
0x00007ff86f9a0000 - 0x00007ff86fa09000 	C:\WINDOWS\System32\shlwapi.dll
0x00007ff86e2c0000 - 0x00007ff86e2ef000 	C:\WINDOWS\SYSTEM32\profapi.dll
0x00007ff863590000 - 0x00007ff8635a9000 	C:\Program Files\Java\jdk-17\bin\net.dll
0x00007ff865e70000 - 0x00007ff865f8e000 	C:\WINDOWS\SYSTEM32\WINHTTP.dll
0x00007ff86d6e0000 - 0x00007ff86d74a000 	C:\WINDOWS\system32\mswsock.dll
0x00007ff863140000 - 0x00007ff863156000 	C:\Program Files\Java\jdk-17\bin\nio.dll
0x00007ff863120000 - 0x00007ff863138000 	C:\Program Files\Java\jdk-17\bin\zip.dll
0x00007ff8691b0000 - 0x00007ff8691ba000 	C:\Program Files\Java\jdk-17\bin\management.dll
0x00007ff8659c0000 - 0x00007ff8659cb000 	C:\Program Files\Java\jdk-17\bin\management_ext.dll
0x00007ff850350000 - 0x00007ff850368000 	C:\WINDOWS\system32\napinsp.dll
0x00007ff86cc60000 - 0x00007ff86cd87000 	C:\WINDOWS\SYSTEM32\DNSAPI.dll
0x00007ff86cbc0000 - 0x00007ff86cbf3000 	C:\WINDOWS\SYSTEM32\IPHLPAPI.DLL
0x00007ff870610000 - 0x00007ff87061a000 	C:\WINDOWS\System32\NSI.dll
0x00007ff850330000 - 0x00007ff850342000 	C:\WINDOWS\System32\winrnr.dll
0x00007ff8502f0000 - 0x00007ff850320000 	C:\WINDOWS\system32\nlansp_c.dll
0x00007ff8502d0000 - 0x00007ff8502e6000 	C:\WINDOWS\system32\wshbth.dll
0x00007ff8658a0000 - 0x00007ff8658ab000 	C:\Windows\System32\rasadhlp.dll
0x00007ff8680e0000 - 0x00007ff868166000 	C:\WINDOWS\System32\fwpuclnt.dll
0x00007ff86d980000 - 0x00007ff86d99c000 	C:\WINDOWS\SYSTEM32\CRYPTSP.dll
0x00007ff86d0d0000 - 0x00007ff86d10a000 	C:\WINDOWS\system32\rsaenh.dll
0x00007ff86d780000 - 0x00007ff86d7ab000 	C:\WINDOWS\SYSTEM32\USERENV.dll
0x00007ff86e290000 - 0x00007ff86e2b6000 	C:\WINDOWS\SYSTEM32\bcrypt.dll
0x00007ff86d9a0000 - 0x00007ff86d9ac000 	C:\WINDOWS\SYSTEM32\CRYPTBASE.dll
0x00007ff8660a0000 - 0x00007ff8660bf000 	C:\WINDOWS\SYSTEM32\dhcpcsvc6.DLL
0x00007ff866050000 - 0x00007ff866075000 	C:\WINDOWS\SYSTEM32\dhcpcsvc.DLL
0x00007ff864d70000 - 0x00007ff864d7e000 	C:\Program Files\Java\jdk-17\bin\sunmscapi.dll
0x00007ff86ec60000 - 0x00007ff86edd7000 	C:\WINDOWS\System32\CRYPT32.dll
0x00007ff86db90000 - 0x00007ff86dbc0000 	C:\WINDOWS\SYSTEM32\ncrypt.dll
0x00007ff86db40000 - 0x00007ff86db7f000 	C:\WINDOWS\SYSTEM32\NTASN1.dll
0x00007ff8639a0000 - 0x00007ff8639b0000 	C:\Program Files\Java\jdk-17\bin\verify.dll
0x00007ff861850000 - 0x00007ff861858000 	C:\WINDOWS\system32\wshunix.dll

dbghelp: loaded successfully - version: 4.0.5 - missing functions: none
symbol engine: initialized successfully - sym options: 0x614 - pdb path: .;C:\Program Files\Java\jdk-17\bin;C:\WINDOWS\SYSTEM32;C:\WINDOWS\WinSxS\amd64_microsoft.windows.common-controls_6595b64144ccf1df_6.0.26100.3912_none_3e07963ce335137e;C:\Program Files\Java\jdk-17\bin\server

VM Arguments:
jvm_args: -XX:+ShowCodeDetailsInExceptionMessages -Dspring.jmx.enabled=true -Dmanagement.endpoints.jmx.exposure.include=* -Dspring.application.admin.enabled=true -Dspring.boot.project.name=laptopshop -Djava.rmi.server.hostname=localhost -Dcom.sun.management.jmxremote.port=45556 -Dcom.sun.management.jmxremote.authenticate=false -Dcom.sun.management.jmxremote.ssl=false 
java_command: vn.Hieu.laptopshop.LaptopshopApplication
java_class_path (initial): F:\Spring_MVC\Spring_MVC\target\classes;C:\Users\MSI\.m2\repository\org\springframework\boot\spring-boot-starter-actuator\3.2.2\spring-boot-starter-actuator-3.2.2.jar;C:\Users\MSI\.m2\repository\org\springframework\boot\spring-boot-actuator-autoconfigure\3.2.2\spring-boot-actuator-autoconfigure-3.2.2.jar;C:\Users\MSI\.m2\repository\org\springframework\boot\spring-boot-actuator\3.2.2\spring-boot-actuator-3.2.2.jar;C:\Users\MSI\.m2\repository\com\fasterxml\jackson\core\jackson-databind\2.15.3\jackson-databind-2.15.3.jar;C:\Users\MSI\.m2\repository\com\fasterxml\jackson\core\jackson-annotations\2.15.3\jackson-annotations-2.15.3.jar;C:\Users\MSI\.m2\repository\com\fasterxml\jackson\core\jackson-core\2.15.3\jackson-core-2.15.3.jar;C:\Users\MSI\.m2\repository\com\fasterxml\jackson\datatype\jackson-datatype-jsr310\2.15.3\jackson-datatype-jsr310-2.15.3.jar;C:\Users\MSI\.m2\repository\io\micrometer\micrometer-observation\1.12.2\micrometer-observation-1.12.2.jar;C:\Users\MSI\.m2\repository\io\micrometer\micrometer-commons\1.12.2\micrometer-commons-1.12.2.jar;C:\Users\MSI\.m2\repository\io\micrometer\micrometer-jakarta9\1.12.2\micrometer-jakarta9-1.12.2.jar;C:\Users\MSI\.m2\repository\io\micrometer\micrometer-core\1.12.2\micrometer-core-1.12.2.jar;C:\Users\MSI\.m2\repository\org\hdrhistogram\HdrHistogram\2.1.12\HdrHistogram-2.1.12.jar;C:\Users\MSI\.m2\repository\org\latencyutils\LatencyUtils\2.0.3\LatencyUtils-2.0.3.jar;C:\Users\MSI\.m2\repository\org\springframework\boot\spring-boot-starter-web\3.2.2\spring-boot-starter-web-3.2.2.jar;C:\Users\MSI\.m2\repository\org\springframework\boot\spring-boot-starter-json\3.2.2\spring-boot-starter-json-3.2.2.jar;C:\Users\MSI\.m2\repository\com\fasterxml\jackson\datatype\jackson-datatype-jdk8\2.15.3\jackson-datatype-jdk8-2.15.3.jar;C:\Users\MSI\.m2\repository\com\fasterxml\jackson\module\jackson-module-parameter-names\2.15.3\jackson-module-parameter-names-2.15.3.jar;C:\Users\MSI\.m2\repository\org\springframew
Launcher Type: SUN_STANDARD

[Global flags]
     intx CICompilerCount                          = 12                                        {product} {ergonomic}
     uint ConcGCThreads                            = 3                                         {product} {ergonomic}
     uint G1ConcRefinementThreads                  = 13                                        {product} {ergonomic}
   size_t G1HeapRegionSize                         = 2097152                                   {product} {ergonomic}
    uintx GCDrainStackTargetSize                   = 64                                        {product} {ergonomic}
   size_t InitialHeapSize                          = 260046848                                 {product} {ergonomic}
     bool ManagementServer                         = true                                      {product} {command line}
   size_t MarkStackSize                            = 4194304                                   {product} {ergonomic}
   size_t MaxHeapSize                              = 4131389440                                {product} {ergonomic}
   size_t MaxNewSize                               = 2478833664                                {product} {ergonomic}
   size_t MinHeapDeltaBytes                        = 2097152                                   {product} {ergonomic}
   size_t MinHeapSize                              = 8388608                                   {product} {ergonomic}
    uintx NonNMethodCodeHeapSize                   = 7602480                                {pd product} {ergonomic}
    uintx NonProfiledCodeHeapSize                  = 122027880                              {pd product} {ergonomic}
    uintx ProfiledCodeHeapSize                     = 122027880                              {pd product} {ergonomic}
    uintx ReservedCodeCacheSize                    = 251658240                              {pd product} {ergonomic}
     bool SegmentedCodeCache                       = true                                      {product} {ergonomic}
     bool ShowCodeDetailsInExceptionMessages       = true                                   {manageable} {command line}
   size_t SoftMaxHeapSize                          = 4131389440                             {manageable} {ergonomic}
     bool UseCompressedClassPointers               = true                           {product lp64_product} {ergonomic}
     bool UseCompressedOops                        = true                           {product lp64_product} {ergonomic}
     bool UseG1GC                                  = true                                      {product} {ergonomic}
     bool UseLargePagesIndividualAllocation        = false                                  {pd product} {ergonomic}

Logging:
Log output configuration:
 #0: stdout all=warning uptime,level,tags
 #1: stderr all=off uptime,level,tags

Environment Variables:
JAVA_HOME=C:\Program Files\Java\jdk-21
PATH=C:\Program Files (x86)\Common Files\Oracle\Java\javapath;C:\Program Files (x86)\VMware\VMware Workstation\bin\;C:\Program Files\Microsoft MPI\Bin\;C:\WINDOWS\system32;C:\WINDOWS;C:\WINDOWS\System32\Wbem;C:\WINDOWS\System32\WindowsPowerShell\v1.0\;C:\WINDOWS\System32\OpenSSH\;C:\Program Files\nodejs\;C:\Program Files (x86)\Microsoft SQL Server\160\Tools\Binn\;C:\Program Files\Microsoft SQL Server\160\Tools\Binn\;C:\Program Files\Microsoft SQL Server\Client SDK\ODBC\170\Tools\Binn\;C:\Program Files\Microsoft SQL Server\160\DTS\Binn\;C:\Program Files (x86)\Microsoft SQL Server\160\DTS\Binn\;C:\Program Files\Git LFS;C:\Program Files\Git\cmd;C:\Program Files\PowerShell\7\;C:\Program Files\Microsoft SQL Server\150\Tools\Binn\;C:\Program Files\dotnet\;C:\Program Files\Java\jdk-21\bin;C:\Program Files\Java\apache-maven-4.0.0-rc-3\bin;C:\Program Files (x86)\Windows Kits\10\Windows Performance Toolkit\;C:\Program Files\MySQL\MySQL Shell 8.0\bin\;C:\Users\MSI\AppData\Local\Programs\Python\Python313;C:\Users\MSI\AppData\Local\Microsoft\WindowsApps;C:\Users\MSI\AppData\Local\Programs\Microsoft VS Code\bin;C:\Users\MSI\AppData\Roaming\npm;C:\Program Files\JetBrains\IntelliJ IDEA 2024.3.1.1\bin;;C:\Users\MSI\.dotnet\tools;
USERNAME=MSI
LANG=en_US.UTF-8
OS=Windows_NT
PROCESSOR_IDENTIFIER=AMD64 Family 25 Model 80 Stepping 0, AuthenticAMD



---------------  S Y S T E M  ---------------

OS:
 Windows 11 , 64 bit Build 26100 (10.0.26100.3912)
OS uptime: 1 days 1:10 hours
Hyper-V role detected

CPU: total 16 (initial active 16) (16 cores per cpu, 2 threads per core) family 25 model 80 stepping 0 microcode 0xa50000c, cx8, cmov, fxsr, ht, mmx, 3dnowpref, sse, sse2, sse3, ssse3, sse4a, sse4.1, sse4.2, popcnt, lzcnt, tsc, tscinvbit, avx, avx2, aes, erms, clmul, bmi1, bmi2, adx, sha, fma, vzeroupper, clflush, clflushopt, hv

Memory: 4k page, system-wide physical 15752M (6121M free)
TotalPageFile size 15752M (AvailPageFile size 48M)
current process WorkingSet (physical memory assigned to process): 420M, peak: 453M
current process commit charge ("private bytes"): 475M, peak: 511M

vm_info: Java HotSpot(TM) 64-Bit Server VM (17.0.11+7-LTS-207) for windows-amd64 JRE (17.0.11+7-LTS-207), built on Mar 11 2024 19:01:50 by "mach5one" with MS VC++ 17.6 (VS2022)

END.
