#
# There is insufficient memory for the Java Runtime Environment to continue.
# Native memory allocation (malloc) failed to allocate 2236976 bytes for Chunk::new
# Possible reasons:
#   The system is out of physical RAM or swap space
#   The process is running with CompressedOops enabled, and the Java Heap may be blocking the growth of the native heap
# Possible solutions:
#   Reduce memory load on the system
#   Increase physical memory or swap space
#   Check if swap backing store is full
#   Decrease Java heap size (-Xmx/-Xms)
#   Decrease number of Java threads
#   Decrease Java thread stack sizes (-Xss)
#   Set larger code cache with -XX:ReservedCodeCacheSize=
#   JVM is running with Zero Based Compressed Oops mode in which the Java heap is
#     placed in the first 32GB address space. The Java Heap base address is the
#     maximum limit for the native heap growth. Please use -XX:HeapBaseMinAddress
#     to set the Java Heap base and to place the Java Heap above 32GB virtual address.
# This output file may be truncated or incomplete.
#
#  Out of Memory Error (arena.cpp:189), pid=9004, tid=12736
#
# JRE version: Java(TM) SE Runtime Environment (17.0.11+7) (build 17.0.11+7-LTS-207)
# Java VM: Java HotSpot(TM) 64-Bit Server VM (17.0.11+7-LTS-207, mixed mode, sharing, tiered, compressed oops, compressed class ptrs, g1 gc, windows-amd64)
# No core dump will be written. Minidumps are not enabled by default on client versions of Windows
#

---------------  S U M M A R Y ------------

Command Line: -XX:+ShowCodeDetailsInExceptionMessages -Dspring.jmx.enabled=true -Dmanagement.endpoints.jmx.exposure.include=* -Dspring.application.admin.enabled=true -Dspring.boot.project.name=laptopshop -Djava.rmi.server.hostname=localhost -Dcom.sun.management.jmxremote.port=45557 -Dcom.sun.management.jmxremote.authenticate=false -Dcom.sun.management.jmxremote.ssl=false vn.hoidanit.laptopshop.LaptopshopApplication

Host: AMD Ryzen 7 5800H with Radeon Graphics         , 16 cores, 15G,  Windows 11 , 64 bit Build 26100 (10.0.26100.3323)
Time: Sun Mar 16 17:34:30 2025 SE Asia Standard Time elapsed time: 8.796628 seconds (0d 0h 0m 8s)

---------------  T H R E A D  ---------------

Current thread (0x0000017ea34a1a60):  JavaThread "C2 CompilerThread6" daemon [_thread_in_native, id=12736, stack(0x0000004a8db00000,0x0000004a8dc00000)]


Current CompileTask:
C2:   8796 6814       4       org.aspectj.weaver.reflect.Java15ReflectionBasedReferenceTypeDelegate::getSuperclass (63 bytes)

Stack: [0x0000004a8db00000,0x0000004a8dc00000]
Native frames: (J=compiled Java code, j=interpreted, Vv=VM code, C=native code)
V  [jvm.dll+0x679cca]
V  [jvm.dll+0x7da13d]
V  [jvm.dll+0x7dba83]
V  [jvm.dll+0x7dc0f3]
V  [jvm.dll+0x2449af]
V  [jvm.dll+0xab83b]
V  [jvm.dll+0xabe1c]
V  [jvm.dll+0x36155f]
V  [jvm.dll+0x32bd61]
V  [jvm.dll+0x32b1fa]
V  [jvm.dll+0x2161df]
V  [jvm.dll+0x21560f]
V  [jvm.dll+0x1a2040]
V  [jvm.dll+0x225a2b]
V  [jvm.dll+0x223bcb]
V  [jvm.dll+0x7903ec]
V  [jvm.dll+0x78a85a]
V  [jvm.dll+0x678bb5]
C  [ucrtbase.dll+0x37b0]
C  [KERNEL32.DLL+0x2e8d7]
C  [ntdll.dll+0xbbf6c]


---------------  P R O C E S S  ---------------

Threads class SMR info:
_java_thread_list=0x0000017ea269cf00, length=31, elements={
0x0000017e36b91ed0, 0x0000017e5a72b600, 0x0000017e5a72cb30, 0x0000017e5a73e580,
0x0000017e5a851090, 0x0000017e5a8525c0, 0x0000017e5a854b00, 0x0000017e5a857ea0,
0x0000017e5a85d590, 0x0000017e5a890f40, 0x0000017e5a717660, 0x0000017e5a992da0,
0x0000017e5a949a10, 0x0000017e5aa3c810, 0x0000017ea03b8960, 0x0000017ea055b2e0,
0x0000017ea0531e90, 0x0000017ea0b368d0, 0x0000017ea0af9060, 0x0000017ea0c92520,
0x0000017ea0c91b00, 0x0000017ea0c93450, 0x0000017ea0c93960, 0x0000017ea28cd040,
0x0000017ea28cc620, 0x0000017ea349efe0, 0x0000017ea34a2500, 0x0000017ea349f530,
0x0000017ea349ea90, 0x0000017ea34a1510, 0x0000017ea34a1a60
}

Java Threads: ( => current thread )
  0x0000017e36b91ed0 JavaThread "main" [_thread_blocked, id=15840, stack(0x0000004a8ad00000,0x0000004a8ae00000)]
  0x0000017e5a72b600 JavaThread "Reference Handler" daemon [_thread_blocked, id=15496, stack(0x0000004a8b400000,0x0000004a8b500000)]
  0x0000017e5a72cb30 JavaThread "Finalizer" daemon [_thread_blocked, id=13448, stack(0x0000004a8b500000,0x0000004a8b600000)]
  0x0000017e5a73e580 JavaThread "Signal Dispatcher" daemon [_thread_blocked, id=18260, stack(0x0000004a8b600000,0x0000004a8b700000)]
  0x0000017e5a851090 JavaThread "Attach Listener" daemon [_thread_blocked, id=16020, stack(0x0000004a8b700000,0x0000004a8b800000)]
  0x0000017e5a8525c0 JavaThread "Service Thread" daemon [_thread_blocked, id=7680, stack(0x0000004a8b800000,0x0000004a8b900000)]
  0x0000017e5a854b00 JavaThread "Monitor Deflation Thread" daemon [_thread_blocked, id=19436, stack(0x0000004a8b900000,0x0000004a8ba00000)]
  0x0000017e5a857ea0 JavaThread "C2 CompilerThread0" daemon [_thread_in_native, id=13572, stack(0x0000004a8ba00000,0x0000004a8bb00000)]
  0x0000017e5a85d590 JavaThread "C1 CompilerThread0" daemon [_thread_blocked, id=4752, stack(0x0000004a8bb00000,0x0000004a8bc00000)]
  0x0000017e5a890f40 JavaThread "Sweeper thread" daemon [_thread_blocked, id=21448, stack(0x0000004a8bc00000,0x0000004a8bd00000)]
  0x0000017e5a717660 JavaThread "Common-Cleaner" daemon [_thread_blocked, id=9148, stack(0x0000004a8bd00000,0x0000004a8be00000)]
  0x0000017e5a992da0 JavaThread "C1 CompilerThread1" daemon [_thread_blocked, id=11032, stack(0x0000004a8be00000,0x0000004a8bf00000)]
  0x0000017e5a949a10 JavaThread "C1 CompilerThread2" daemon [_thread_blocked, id=19596, stack(0x0000004a8bf00000,0x0000004a8c000000)]
  0x0000017e5aa3c810 JavaThread "Notification Thread" daemon [_thread_blocked, id=13796, stack(0x0000004a8c100000,0x0000004a8c200000)]
  0x0000017ea03b8960 JavaThread "RMI TCP Accept-0" daemon [_thread_in_native, id=20664, stack(0x0000004a8c200000,0x0000004a8c300000)]
  0x0000017ea055b2e0 JavaThread "RMI TCP Accept-45557" daemon [_thread_in_native, id=6252, stack(0x0000004a8c300000,0x0000004a8c400000)]
  0x0000017ea0531e90 JavaThread "RMI TCP Accept-0" daemon [_thread_in_native, id=19008, stack(0x0000004a8c400000,0x0000004a8c500000)]
  0x0000017ea0b368d0 JavaThread "Thread-0" [_thread_blocked, id=10300, stack(0x0000004a8cc00000,0x0000004a8cd00000)]
  0x0000017ea0af9060 JavaThread "restartedMain" [_thread_in_vm, id=3396, stack(0x0000004a8cd00000,0x0000004a8ce00000)]
  0x0000017ea0c92520 JavaThread "Catalina-utility-1" [_thread_blocked, id=8476, stack(0x0000004a8dd00000,0x0000004a8de00000)]
  0x0000017ea0c91b00 JavaThread "Catalina-utility-2" [_thread_blocked, id=18780, stack(0x0000004a8de00000,0x0000004a8df00000)]
  0x0000017ea0c93450 JavaThread "container-0" [_thread_blocked, id=17448, stack(0x0000004a8df00000,0x0000004a8e000000)]
  0x0000017ea0c93960 JavaThread "mysql-cj-abandoned-connection-cleanup" daemon [_thread_blocked, id=696, stack(0x0000004a8e000000,0x0000004a8e100000)]
  0x0000017ea28cd040 JavaThread "HikariPool-1 housekeeper" daemon [_thread_blocked, id=17628, stack(0x0000004a8e200000,0x0000004a8e300000)]
  0x0000017ea28cc620 JavaThread "HikariPool-1 connection adder" daemon [_thread_blocked, id=9940, stack(0x0000004a8e300000,0x0000004a8e400000)]
  0x0000017ea349efe0 JavaThread "C2 CompilerThread1" daemon [_thread_in_native, id=18576, stack(0x0000004a8c000000,0x0000004a8c100000)]
  0x0000017ea34a2500 JavaThread "C2 CompilerThread2" daemon [_thread_in_native, id=14912, stack(0x0000004a8cf00000,0x0000004a8d000000)]
  0x0000017ea349f530 JavaThread "C2 CompilerThread3" daemon [_thread_in_native, id=16988, stack(0x0000004a8d300000,0x0000004a8d400000)]
  0x0000017ea349ea90 JavaThread "C2 CompilerThread4" daemon [_thread_in_native, id=21432, stack(0x0000004a8d900000,0x0000004a8da00000)]
  0x0000017ea34a1510 JavaThread "C2 CompilerThread5" daemon [_thread_in_native, id=7880, stack(0x0000004a8da00000,0x0000004a8db00000)]
=>0x0000017ea34a1a60 JavaThread "C2 CompilerThread6" daemon [_thread_in_native, id=12736, stack(0x0000004a8db00000,0x0000004a8dc00000)]

Other Threads:
  0x0000017e5a7270f0 VMThread "VM Thread" [stack: 0x0000004a8b300000,0x0000004a8b400000] [id=13508]
  0x0000017e36b93d60 WatcherThread [stack: 0x0000004a8c500000,0x0000004a8c600000] [id=19584]
  0x0000017e36c05630 GCTaskThread "GC Thread#0" [stack: 0x0000004a8ae00000,0x0000004a8af00000] [id=3896]
  0x0000017ea0a3dee0 GCTaskThread "GC Thread#1" [stack: 0x0000004a8c600000,0x0000004a8c700000] [id=5776]
  0x0000017ea0a685a0 GCTaskThread "GC Thread#2" [stack: 0x0000004a8c700000,0x0000004a8c800000] [id=15516]
  0x0000017ea0a68860 GCTaskThread "GC Thread#3" [stack: 0x0000004a8c800000,0x0000004a8c900000] [id=21056]
  0x0000017ea0a68b20 GCTaskThread "GC Thread#4" [stack: 0x0000004a8c900000,0x0000004a8ca00000] [id=17516]
  0x0000017ea060b1e0 GCTaskThread "GC Thread#5" [stack: 0x0000004a8ca00000,0x0000004a8cb00000] [id=16160]
  0x0000017ea0a46c00 GCTaskThread "GC Thread#6" [stack: 0x0000004a8cb00000,0x0000004a8cc00000] [id=9092]
  0x0000017ea0d9c650 GCTaskThread "GC Thread#7" [stack: 0x0000004a8d100000,0x0000004a8d200000] [id=6064]
  0x0000017ea0b7b490 GCTaskThread "GC Thread#8" [stack: 0x0000004a8d200000,0x0000004a8d300000] [id=18572]
  0x0000017ea2544bf0 GCTaskThread "GC Thread#9" [stack: 0x0000004a8d000000,0x0000004a8d100000] [id=20856]
  0x0000017ea1cdfbf0 GCTaskThread "GC Thread#10" [stack: 0x0000004a8d400000,0x0000004a8d500000] [id=11316]
  0x0000017ea2166430 GCTaskThread "GC Thread#11" [stack: 0x0000004a8d500000,0x0000004a8d600000] [id=8904]
  0x0000017ea16451a0 GCTaskThread "GC Thread#12" [stack: 0x0000004a8d600000,0x0000004a8d700000] [id=10184]
  0x0000017e36c17ad0 ConcurrentGCThread "G1 Main Marker" [stack: 0x0000004a8af00000,0x0000004a8b000000] [id=3188]
  0x0000017e36c183e0 ConcurrentGCThread "G1 Conc#0" [stack: 0x0000004a8b000000,0x0000004a8b100000] [id=17248]
  0x0000017ea0e28660 ConcurrentGCThread "G1 Conc#1" [stack: 0x0000004a8d700000,0x0000004a8d800000] [id=444]
  0x0000017ea1fd7060 ConcurrentGCThread "G1 Conc#2" [stack: 0x0000004a8d800000,0x0000004a8d900000] [id=11064]
  0x0000017e5a5de1b0 ConcurrentGCThread "G1 Refine#0" [stack: 0x0000004a8b100000,0x0000004a8b200000] [id=10824]
  0x0000017e5a5deae0 ConcurrentGCThread "G1 Service" [stack: 0x0000004a8b200000,0x0000004a8b300000] [id=19952]

Threads with active compile tasks:
C2 CompilerThread0     8828 6664       4       org.springframework.aop.aspectj.AspectJExpressionPointcut::matches (74 bytes)
C2 CompilerThread1     8828 6809       4       org.aspectj.weaver.World::resolve (7 bytes)
C2 CompilerThread2     8828 6813   !   4       org.aspectj.weaver.ReferenceType::getSuperclass (170 bytes)
C2 CompilerThread3     8828 6666   !   4       org.springframework.aop.aspectj.AspectJExpressionPointcut::getShadowMatch (292 bytes)
C2 CompilerThread4     8828 6665   !   4       org.springframework.aop.aspectj.AspectJExpressionPointcut::getTargetShadowMatch (98 bytes)
C2 CompilerThread5     8828 6835       4       org.aspectj.weaver.reflect.ReflectionBasedReferenceTypeDelegateFactory::toResolvedTypeArray (37 bytes)
C2 CompilerThread6     8829 6814       4       org.aspectj.weaver.reflect.Java15ReflectionBasedReferenceTypeDelegate::getSuperclass (63 bytes)

VM state: not at safepoint (normal execution)

VM Mutex/Monitor currently owned by a thread: None

Heap address: 0x0000000709c00000, size: 3940 MB, Compressed Oops mode: Zero based, Oop shift amount: 3

CDS archive(s) mapped at: [0x0000017e5b000000-0x0000017e5bbd0000-0x0000017e5bbd0000), size 12386304, SharedBaseAddress: 0x0000017e5b000000, ArchiveRelocationMode: 1.
Compressed class space mapped at: 0x0000017e5c000000-0x0000017e9c000000, reserved size: 1073741824
Narrow klass base: 0x0000017e5b000000, Narrow klass shift: 0, Narrow klass range: 0x100000000

GC Precious Log:
 CPUs: 16 total, 16 available
 Memory: 15752M
 Large Page Support: Disabled
 NUMA Support: Disabled
 Compressed Oops: Enabled (Zero based)
 Heap Region Size: 2M
 Heap Min Capacity: 8M
 Heap Initial Capacity: 248M
 Heap Max Capacity: 3940M
 Pre-touch: Disabled
 Parallel Workers: 13
 Concurrent Workers: 3
 Concurrent Refinement Workers: 13
 Periodic GC: Disabled

Heap:
 garbage-first heap   total 116736K, used 59885K [0x0000000709c00000, 0x0000000800000000)
  region size 2048K, 21 young (43008K), 5 survivors (10240K)
 Metaspace       used 68667K, committed 69184K, reserved 1114112K
  class space    used 9114K, committed 9344K, reserved 1048576K

Heap Regions: E=young(eden), S=young(survivor), O=old, HS=humongous(starts), HC=humongous(continues), CS=collection set, F=free, OA=open archive, CA=closed archive, TAMS=top-at-mark-start (previous, next)
|   0|0x0000000709c00000, 0x0000000709e00000, 0x0000000709e00000|100%| O|  |TAMS 0x0000000709e00000, 0x0000000709c00000| Untracked 
|   1|0x0000000709e00000, 0x000000070a000000, 0x000000070a000000|100%| O|  |TAMS 0x000000070a000000, 0x0000000709e00000| Untracked 
|   2|0x000000070a000000, 0x000000070a200000, 0x000000070a200000|100%| O|  |TAMS 0x000000070a200000, 0x000000070a000000| Untracked 
|   3|0x000000070a200000, 0x000000070a400000, 0x000000070a400000|100%| O|  |TAMS 0x000000070a400000, 0x000000070a200000| Untracked 
|   4|0x000000070a400000, 0x000000070a600000, 0x000000070a600000|100%| O|  |TAMS 0x000000070a600000, 0x000000070a400000| Untracked 
|   5|0x000000070a600000, 0x000000070a800000, 0x000000070a800000|100%| O|  |TAMS 0x000000070a800000, 0x000000070a600000| Untracked 
|   6|0x000000070a800000, 0x000000070aa00000, 0x000000070aa00000|100%| O|  |TAMS 0x000000070aa00000, 0x000000070a800000| Untracked 
|   7|0x000000070aa00000, 0x000000070aa00000, 0x000000070ac00000|  0%| F|  |TAMS 0x000000070aa00000, 0x000000070aa00000| Untracked 
|   8|0x000000070ac00000, 0x000000070ae00000, 0x000000070ae00000|100%| O|  |TAMS 0x000000070ae00000, 0x000000070ac00000| Untracked 
|   9|0x000000070ae00000, 0x000000070b000000, 0x000000070b000000|100%| O|  |TAMS 0x000000070b000000, 0x000000070ae00000| Untracked 
|  10|0x000000070b000000, 0x000000070b200000, 0x000000070b200000|100%| O|  |TAMS 0x000000070b200000, 0x000000070b000000| Untracked 
|  11|0x000000070b200000, 0x000000070b210e00, 0x000000070b400000|  3%| O|  |TAMS 0x000000070b210e00, 0x000000070b200000| Untracked 
|  12|0x000000070b400000, 0x000000070b400000, 0x000000070b600000|  0%| F|  |TAMS 0x000000070b400000, 0x000000070b400000| Untracked 
|  13|0x000000070b600000, 0x000000070b600000, 0x000000070b800000|  0%| F|  |TAMS 0x000000070b600000, 0x000000070b600000| Untracked 
|  14|0x000000070b800000, 0x000000070b800000, 0x000000070ba00000|  0%| F|  |TAMS 0x000000070b800000, 0x000000070b800000| Untracked 
|  15|0x000000070ba00000, 0x000000070ba00000, 0x000000070bc00000|  0%| F|  |TAMS 0x000000070ba00000, 0x000000070ba00000| Untracked 
|  16|0x000000070bc00000, 0x000000070bc00000, 0x000000070be00000|  0%| F|  |TAMS 0x000000070bc00000, 0x000000070bc00000| Untracked 
|  17|0x000000070be00000, 0x000000070be00000, 0x000000070c000000|  0%| F|  |TAMS 0x000000070be00000, 0x000000070be00000| Untracked 
|  18|0x000000070c000000, 0x000000070c000000, 0x000000070c200000|  0%| F|  |TAMS 0x000000070c000000, 0x000000070c000000| Untracked 
|  19|0x000000070c200000, 0x000000070c200000, 0x000000070c400000|  0%| F|  |TAMS 0x000000070c200000, 0x000000070c200000| Untracked 
|  20|0x000000070c400000, 0x000000070c400000, 0x000000070c600000|  0%| F|  |TAMS 0x000000070c400000, 0x000000070c400000| Untracked 
|  21|0x000000070c600000, 0x000000070c600000, 0x000000070c800000|  0%| F|  |TAMS 0x000000070c600000, 0x000000070c600000| Untracked 
|  22|0x000000070c800000, 0x000000070c800000, 0x000000070ca00000|  0%| F|  |TAMS 0x000000070c800000, 0x000000070c800000| Untracked 
|  23|0x000000070ca00000, 0x000000070ca00000, 0x000000070cc00000|  0%| F|  |TAMS 0x000000070ca00000, 0x000000070ca00000| Untracked 
|  24|0x000000070cc00000, 0x000000070cc00000, 0x000000070ce00000|  0%| F|  |TAMS 0x000000070cc00000, 0x000000070cc00000| Untracked 
|  25|0x000000070ce00000, 0x000000070ce00000, 0x000000070d000000|  0%| F|  |TAMS 0x000000070ce00000, 0x000000070ce00000| Untracked 
|  26|0x000000070d000000, 0x000000070d000000, 0x000000070d200000|  0%| F|  |TAMS 0x000000070d000000, 0x000000070d000000| Untracked 
|  27|0x000000070d200000, 0x000000070d200000, 0x000000070d400000|  0%| F|  |TAMS 0x000000070d200000, 0x000000070d200000| Untracked 
|  28|0x000000070d400000, 0x000000070d400000, 0x000000070d600000|  0%| F|  |TAMS 0x000000070d400000, 0x000000070d400000| Untracked 
|  29|0x000000070d600000, 0x000000070d66a818, 0x000000070d800000| 20%| S|CS|TAMS 0x000000070d600000, 0x000000070d600000| Complete 
|  30|0x000000070d800000, 0x000000070da00000, 0x000000070da00000|100%| S|CS|TAMS 0x000000070d800000, 0x000000070d800000| Complete 
|  31|0x000000070da00000, 0x000000070dc00000, 0x000000070dc00000|100%| S|CS|TAMS 0x000000070da00000, 0x000000070da00000| Complete 
|  32|0x000000070dc00000, 0x000000070de00000, 0x000000070de00000|100%| S|CS|TAMS 0x000000070dc00000, 0x000000070dc00000| Complete 
|  33|0x000000070de00000, 0x000000070e000000, 0x000000070e000000|100%| S|CS|TAMS 0x000000070de00000, 0x000000070de00000| Complete 
|  34|0x000000070e000000, 0x000000070e000000, 0x000000070e200000|  0%| F|  |TAMS 0x000000070e000000, 0x000000070e000000| Untracked 
|  35|0x000000070e200000, 0x000000070e200000, 0x000000070e400000|  0%| F|  |TAMS 0x000000070e200000, 0x000000070e200000| Untracked 
|  36|0x000000070e400000, 0x000000070e400000, 0x000000070e600000|  0%| F|  |TAMS 0x000000070e400000, 0x000000070e400000| Untracked 
|  37|0x000000070e600000, 0x000000070e600000, 0x000000070e800000|  0%| F|  |TAMS 0x000000070e600000, 0x000000070e600000| Untracked 
|  38|0x000000070e800000, 0x000000070e800000, 0x000000070ea00000|  0%| F|  |TAMS 0x000000070e800000, 0x000000070e800000| Untracked 
|  39|0x000000070ea00000, 0x000000070ea00000, 0x000000070ec00000|  0%| F|  |TAMS 0x000000070ea00000, 0x000000070ea00000| Untracked 
|  40|0x000000070ec00000, 0x000000070ec00000, 0x000000070ee00000|  0%| F|  |TAMS 0x000000070ec00000, 0x000000070ec00000| Untracked 
|  41|0x000000070ee00000, 0x000000070f000000, 0x000000070f000000|100%| E|  |TAMS 0x000000070ee00000, 0x000000070ee00000| Complete 
|  42|0x000000070f000000, 0x000000070f200000, 0x000000070f200000|100%| E|CS|TAMS 0x000000070f000000, 0x000000070f000000| Complete 
|  43|0x000000070f200000, 0x000000070f400000, 0x000000070f400000|100%| E|CS|TAMS 0x000000070f200000, 0x000000070f200000| Complete 
|  44|0x000000070f400000, 0x000000070f600000, 0x000000070f600000|100%| E|CS|TAMS 0x000000070f400000, 0x000000070f400000| Complete 
|  45|0x000000070f600000, 0x000000070f800000, 0x000000070f800000|100%| E|CS|TAMS 0x000000070f600000, 0x000000070f600000| Complete 
|  46|0x000000070f800000, 0x000000070fa00000, 0x000000070fa00000|100%| E|CS|TAMS 0x000000070f800000, 0x000000070f800000| Complete 
|  47|0x000000070fa00000, 0x000000070fc00000, 0x000000070fc00000|100%| E|CS|TAMS 0x000000070fa00000, 0x000000070fa00000| Complete 
|  48|0x000000070fc00000, 0x000000070fe00000, 0x000000070fe00000|100%| E|CS|TAMS 0x000000070fc00000, 0x000000070fc00000| Complete 
|  49|0x000000070fe00000, 0x0000000710000000, 0x0000000710000000|100%| E|CS|TAMS 0x000000070fe00000, 0x000000070fe00000| Complete 
|  50|0x0000000710000000, 0x0000000710200000, 0x0000000710200000|100%| E|CS|TAMS 0x0000000710000000, 0x0000000710000000| Complete 
|  51|0x0000000710200000, 0x0000000710400000, 0x0000000710400000|100%| E|CS|TAMS 0x0000000710200000, 0x0000000710200000| Complete 
|  52|0x0000000710400000, 0x0000000710600000, 0x0000000710600000|100%| E|CS|TAMS 0x0000000710400000, 0x0000000710400000| Complete 
|  53|0x0000000710600000, 0x0000000710800000, 0x0000000710800000|100%| E|CS|TAMS 0x0000000710600000, 0x0000000710600000| Complete 
|  54|0x0000000710800000, 0x0000000710a00000, 0x0000000710a00000|100%| E|CS|TAMS 0x0000000710800000, 0x0000000710800000| Complete 
|  55|0x0000000710a00000, 0x0000000710c00000, 0x0000000710c00000|100%| E|CS|TAMS 0x0000000710a00000, 0x0000000710a00000| Complete 
| 123|0x0000000719200000, 0x0000000719400000, 0x0000000719400000|100%| E|CS|TAMS 0x0000000719200000, 0x0000000719200000| Complete 

Card table byte_map: [0x0000017e4ec10000,0x0000017e4f3d0000] _byte_map_base: 0x0000017e4b3c2000

Marking Bits (Prev, Next): (CMBitMap*) 0x0000017e36c07b60, (CMBitMap*) 0x0000017e36c07ba0
 Prev Bits: [0x0000017e4fb90000, 0x0000017e53920000)
 Next Bits: [0x0000017e53920000, 0x0000017e576b0000)

Polling page: 0x0000017e35170000

Metaspace:

Usage:
  Non-class:     58.17 MB used.
      Class:      8.90 MB used.
       Both:     67.07 MB used.

Virtual space:
  Non-class space:       64.00 MB reserved,      58.50 MB ( 91%) committed,  1 nodes.
      Class space:        1.00 GB reserved,       9.12 MB ( <1%) committed,  1 nodes.
             Both:        1.06 GB reserved,      67.62 MB (  6%) committed. 

Chunk freelists:
   Non-Class:  5.48 MB
       Class:  6.83 MB
        Both:  12.31 MB

MaxMetaspaceSize: unlimited
CompressedClassSpaceSize: 1.00 GB
Initial GC threshold: 21.00 MB
Current GC threshold: 108.12 MB
CDS: on
MetaspaceReclaimPolicy: balanced
 - commit_granule_bytes: 65536.
 - commit_granule_words: 8192.
 - virtual_space_node_default_size: 8388608.
 - enlarge_chunks_in_place: 1.
 - new_chunks_are_fully_committed: 0.
 - uncommit_free_chunks: 1.
 - use_allocation_guard: 0.
 - handle_deallocations: 1.


Internal statistics:

num_allocs_failed_limit: 15.
num_arena_births: 726.
num_arena_deaths: 0.
num_vsnodes_births: 2.
num_vsnodes_deaths: 0.
num_space_committed: 1082.
num_space_uncommitted: 0.
num_chunks_returned_to_freelist: 15.
num_chunks_taken_from_freelist: 3032.
num_chunk_merges: 9.
num_chunk_splits: 2199.
num_chunks_enlarged: 1708.
num_inconsistent_stats: 0.

CodeHeap 'non-profiled nmethods': size=119168Kb used=4780Kb max_used=4780Kb free=114387Kb
 bounds [0x0000017e46040000, 0x0000017e464f0000, 0x0000017e4d4a0000]
CodeHeap 'profiled nmethods': size=119104Kb used=13436Kb max_used=13436Kb free=105667Kb
 bounds [0x0000017e3e4a0000, 0x0000017e3f1d0000, 0x0000017e458f0000]
CodeHeap 'non-nmethods': size=7488Kb used=2533Kb max_used=3086Kb free=4955Kb
 bounds [0x0000017e458f0000, 0x0000017e45c00000, 0x0000017e46040000]
 total_blobs=6854 nmethods=6163 adapters=599
 compilation: enabled
              stopped_count=0, restarted_count=0
 full_count=0

Compilation events (20 events):
Event: 7.775 Thread 0x0000017e5a992da0 nmethod 6890 0x0000017e3f1b1210 code [0x0000017e3f1b1420, 0x0000017e3f1b1bb8]
Event: 7.775 Thread 0x0000017e5a992da0 6900       3       org.springframework.core.ResolvableType::forMethodParameter (40 bytes)
Event: 7.776 Thread 0x0000017e5a85d590 nmethod 6892 0x0000017e3f1b1e10 code [0x0000017e3f1b2060, 0x0000017e3f1b2c38]
Event: 7.776 Thread 0x0000017e5a85d590 6893       3       org.springframework.core.SimpleAliasRegistry::lambda$retrieveAliases$0 (24 bytes)
Event: 7.777 Thread 0x0000017e5a992da0 nmethod 6900 0x0000017e3f1b3010 code [0x0000017e3f1b3240, 0x0000017e3f1b3ba8]
Event: 7.777 Thread 0x0000017e5a992da0 6895   !   3       org.springframework.core.SimpleAliasRegistry::getAliases (38 bytes)
Event: 7.777 Thread 0x0000017e5a85d590 nmethod 6893 0x0000017e3f1b3f10 code [0x0000017e3f1b4140, 0x0000017e3f1b4a98]
Event: 7.777 Thread 0x0000017e5a85d590 6897       3       org.springframework.context.support.AbstractApplicationContext::getAliases (11 bytes)
Event: 7.778 Thread 0x0000017e5a85d590 nmethod 6897 0x0000017e3f1b7190 code [0x0000017e3f1b7340, 0x0000017e3f1b7528]
Event: 7.778 Thread 0x0000017e5a85d590 6901       3       org.springframework.core.MethodParameter::getParameterType (48 bytes)
Event: 7.778 Thread 0x0000017ea0ba78d0 nmethod 6896 0x0000017e3f1b4e10 code [0x0000017e3f1b5140, 0x0000017e3f1b68d8]
Event: 7.778 Thread 0x0000017ea0ba78d0 6899       3       org.springframework.core.ResolvableType::forMethodReturnType (20 bytes)
Event: 7.779 Thread 0x0000017e5a992da0 nmethod 6895 0x0000017e3f1b7610 code [0x0000017e3f1b78a0, 0x0000017e3f1b88a8]
Event: 7.779 Thread 0x0000017e5a85d590 nmethod 6901 0x0000017e3f1b8d90 code [0x0000017e3f1b8f80, 0x0000017e3f1b9598]
Event: 7.779 Thread 0x0000017e5a992da0 6902       3       org.springframework.beans.factory.InjectionPoint::getAnnotations (39 bytes)
Event: 7.779 Thread 0x0000017ea0ba78d0 nmethod 6899 0x0000017e3f1b9710 code [0x0000017e3f1b9940, 0x0000017e3f1ba158]
Event: 7.780 Thread 0x0000017e5a992da0 nmethod 6902 0x0000017e3f1bf090 code [0x0000017e3f1bf2c0, 0x0000017e3f1bfc68]
Event: 7.780 Thread 0x0000017e5a949a10 nmethod 6894 0x0000017e3f1ba490 code [0x0000017e3f1ba9e0, 0x0000017e3f1bde08]
Event: 7.781 Thread 0x0000017e5a992da0 6904       1       jdk.xml.internal.XMLSecurityManager$Limit::systemProperty (5 bytes)
Event: 7.782 Thread 0x0000017e5a992da0 nmethod 6904 0x0000017e464ea490 code [0x0000017e464ea620, 0x0000017e464ea6f8]

GC Heap History (20 events):
Event: 2.802 GC heap before
{Heap before GC invocations=6 (full 0):
 garbage-first heap   total 55296K, used 33539K [0x0000000709c00000, 0x0000000800000000)
  region size 2048K, 10 young (20480K), 1 survivors (2048K)
 Metaspace       used 25263K, committed 25600K, reserved 1114112K
  class space    used 3144K, committed 3328K, reserved 1048576K
}
Event: 2.803 GC heap after
{Heap after GC invocations=7 (full 0):
 garbage-first heap   total 55296K, used 16126K [0x0000000709c00000, 0x0000000800000000)
  region size 2048K, 1 young (2048K), 1 survivors (2048K)
 Metaspace       used 25263K, committed 25600K, reserved 1114112K
  class space    used 3144K, committed 3328K, reserved 1048576K
}
Event: 3.233 GC heap before
{Heap before GC invocations=7 (full 0):
 garbage-first heap   total 55296K, used 36606K [0x0000000709c00000, 0x0000000800000000)
  region size 2048K, 11 young (22528K), 1 survivors (2048K)
 Metaspace       used 28771K, committed 29120K, reserved 1114112K
  class space    used 3606K, committed 3776K, reserved 1048576K
}
Event: 3.235 GC heap after
{Heap after GC invocations=8 (full 0):
 garbage-first heap   total 55296K, used 17779K [0x0000000709c00000, 0x0000000800000000)
  region size 2048K, 2 young (4096K), 2 survivors (4096K)
 Metaspace       used 28771K, committed 29120K, reserved 1114112K
  class space    used 3606K, committed 3776K, reserved 1048576K
}
Event: 3.649 GC heap before
{Heap before GC invocations=8 (full 0):
 garbage-first heap   total 55296K, used 36211K [0x0000000709c00000, 0x0000000800000000)
  region size 2048K, 11 young (22528K), 2 survivors (4096K)
 Metaspace       used 31447K, committed 31808K, reserved 1114112K
  class space    used 3990K, committed 4160K, reserved 1048576K
}
Event: 3.652 GC heap after
{Heap after GC invocations=9 (full 0):
 garbage-first heap   total 55296K, used 19274K [0x0000000709c00000, 0x0000000800000000)
  region size 2048K, 2 young (4096K), 2 survivors (4096K)
 Metaspace       used 31447K, committed 31808K, reserved 1114112K
  class space    used 3990K, committed 4160K, reserved 1048576K
}
Event: 4.083 GC heap before
{Heap before GC invocations=9 (full 0):
 garbage-first heap   total 55296K, used 37706K [0x0000000709c00000, 0x0000000800000000)
  region size 2048K, 12 young (24576K), 2 survivors (4096K)
 Metaspace       used 34758K, committed 35136K, reserved 1114112K
  class space    used 4313K, committed 4480K, reserved 1048576K
}
Event: 4.087 GC heap after
{Heap after GC invocations=10 (full 0):
 garbage-first heap   total 55296K, used 21082K [0x0000000709c00000, 0x0000000800000000)
  region size 2048K, 2 young (4096K), 2 survivors (4096K)
 Metaspace       used 34758K, committed 35136K, reserved 1114112K
  class space    used 4313K, committed 4480K, reserved 1048576K
}
Event: 4.183 GC heap before
{Heap before GC invocations=10 (full 0):
 garbage-first heap   total 55296K, used 23130K [0x0000000709c00000, 0x0000000800000000)
  region size 2048K, 4 young (8192K), 2 survivors (4096K)
 Metaspace       used 35583K, committed 35968K, reserved 1114112K
  class space    used 4404K, committed 4608K, reserved 1048576K
}
Event: 4.186 GC heap after
{Heap after GC invocations=11 (full 0):
 garbage-first heap   total 55296K, used 21364K [0x0000000709c00000, 0x0000000800000000)
  region size 2048K, 2 young (4096K), 2 survivors (4096K)
 Metaspace       used 35583K, committed 35968K, reserved 1114112K
  class space    used 4404K, committed 4608K, reserved 1048576K
}
Event: 4.491 GC heap before
{Heap before GC invocations=12 (full 0):
 garbage-first heap   total 55296K, used 39796K [0x0000000709c00000, 0x0000000800000000)
  region size 2048K, 11 young (22528K), 2 survivors (4096K)
 Metaspace       used 36882K, committed 37312K, reserved 1114112K
  class space    used 4556K, committed 4736K, reserved 1048576K
}
Event: 4.493 GC heap after
{Heap after GC invocations=13 (full 0):
 garbage-first heap   total 55296K, used 22090K [0x0000000709c00000, 0x0000000800000000)
  region size 2048K, 2 young (4096K), 2 survivors (4096K)
 Metaspace       used 36882K, committed 37312K, reserved 1114112K
  class space    used 4556K, committed 4736K, reserved 1048576K
}
Event: 4.569 GC heap before
{Heap before GC invocations=13 (full 0):
 garbage-first heap   total 55296K, used 22090K [0x0000000709c00000, 0x0000000800000000)
  region size 2048K, 3 young (6144K), 2 survivors (4096K)
 Metaspace       used 37017K, committed 37504K, reserved 1114112K
  class space    used 4586K, committed 4800K, reserved 1048576K
}
Event: 4.574 GC heap after
{Heap after GC invocations=14 (full 0):
 garbage-first heap   total 55296K, used 21757K [0x0000000709c00000, 0x0000000800000000)
  region size 2048K, 1 young (2048K), 1 survivors (2048K)
 Metaspace       used 37017K, committed 37504K, reserved 1114112K
  class space    used 4586K, committed 4800K, reserved 1048576K
}
Event: 5.046 GC heap before
{Heap before GC invocations=14 (full 0):
 garbage-first heap   total 55296K, used 40189K [0x0000000709c00000, 0x0000000800000000)
  region size 2048K, 10 young (20480K), 1 survivors (2048K)
 Metaspace       used 39091K, committed 39616K, reserved 1114112K
  class space    used 4862K, committed 5120K, reserved 1048576K
}
Event: 5.048 GC heap after
{Heap after GC invocations=15 (full 0):
 garbage-first heap   total 55296K, used 22588K [0x0000000709c00000, 0x0000000800000000)
  region size 2048K, 1 young (2048K), 1 survivors (2048K)
 Metaspace       used 39091K, committed 39616K, reserved 1114112K
  class space    used 4862K, committed 5120K, reserved 1048576K
}
Event: 5.608 GC heap before
{Heap before GC invocations=16 (full 0):
 garbage-first heap   total 55296K, used 41020K [0x0000000709c00000, 0x0000000800000000)
  region size 2048K, 10 young (20480K), 1 survivors (2048K)
 Metaspace       used 43159K, committed 43648K, reserved 1114112K
  class space    used 5530K, committed 5760K, reserved 1048576K
}
Event: 5.610 GC heap after
{Heap after GC invocations=17 (full 0):
 garbage-first heap   total 155648K, used 23511K [0x0000000709c00000, 0x0000000800000000)
  region size 2048K, 2 young (4096K), 2 survivors (4096K)
 Metaspace       used 43159K, committed 43648K, reserved 1114112K
  class space    used 5530K, committed 5760K, reserved 1048576K
}
Event: 7.309 GC heap before
{Heap before GC invocations=17 (full 0):
 garbage-first heap   total 155648K, used 107479K [0x0000000709c00000, 0x0000000800000000)
  region size 2048K, 44 young (90112K), 2 survivors (4096K)
 Metaspace       used 65568K, committed 66048K, reserved 1114112K
  class space    used 8621K, committed 8832K, reserved 1048576K
}
Event: 7.315 GC heap after
{Heap after GC invocations=18 (full 0):
 garbage-first heap   total 155648K, used 29165K [0x0000000709c00000, 0x0000000800000000)
  region size 2048K, 5 young (10240K), 5 survivors (10240K)
 Metaspace       used 65568K, committed 66048K, reserved 1114112K
  class space    used 8621K, committed 8832K, reserved 1048576K
}

Deoptimization events (20 events):
Event: 7.631 Thread 0x0000017ea0af9060 Uncommon trap: trap_request=0xffffffde fr.pc=0x0000017e464779f0 relative=0x0000000000000150
Event: 7.631 Thread 0x0000017ea0af9060 Uncommon trap: reason=class_check action=maybe_recompile pc=0x0000017e464779f0 method=java.lang.reflect.Method.equals(Ljava/lang/Object;)Z @ 1 c2
Event: 7.631 Thread 0x0000017ea0af9060 DEOPT PACKING pc=0x0000017e464779f0 sp=0x0000004a8cdfcb30
Event: 7.631 Thread 0x0000017ea0af9060 DEOPT UNPACKING pc=0x0000017e459423a3 sp=0x0000004a8cdfcab8 mode 2
Event: 7.650 Thread 0x0000017ea0af9060 Uncommon trap: trap_request=0xffffffc6 fr.pc=0x0000017e462057cc relative=0x000000000000184c
Event: 7.650 Thread 0x0000017ea0af9060 Uncommon trap: reason=bimorphic_or_optimized_type_check action=maybe_recompile pc=0x0000017e462057cc method=org.springframework.core.annotation.TypeMappedAnnotation.getValue(IZZ)Ljava/lang/Object; @ 121 c2
Event: 7.650 Thread 0x0000017ea0af9060 DEOPT PACKING pc=0x0000017e462057cc sp=0x0000004a8cdfd270
Event: 7.650 Thread 0x0000017ea0af9060 DEOPT UNPACKING pc=0x0000017e459423a3 sp=0x0000004a8cdfd1b8 mode 2
Event: 7.658 Thread 0x0000017ea0af9060 Uncommon trap: trap_request=0xffffffc6 fr.pc=0x0000017e462057cc relative=0x000000000000184c
Event: 7.658 Thread 0x0000017ea0af9060 Uncommon trap: reason=bimorphic_or_optimized_type_check action=maybe_recompile pc=0x0000017e462057cc method=org.springframework.core.annotation.TypeMappedAnnotation.getValue(IZZ)Ljava/lang/Object; @ 121 c2
Event: 7.658 Thread 0x0000017ea0af9060 DEOPT PACKING pc=0x0000017e462057cc sp=0x0000004a8cdfd270
Event: 7.658 Thread 0x0000017ea0af9060 DEOPT UNPACKING pc=0x0000017e459423a3 sp=0x0000004a8cdfd1b8 mode 2
Event: 7.674 Thread 0x0000017ea0af9060 Uncommon trap: trap_request=0xffffffc6 fr.pc=0x0000017e462057cc relative=0x000000000000184c
Event: 7.674 Thread 0x0000017ea0af9060 Uncommon trap: reason=bimorphic_or_optimized_type_check action=maybe_recompile pc=0x0000017e462057cc method=org.springframework.core.annotation.TypeMappedAnnotation.getValue(IZZ)Ljava/lang/Object; @ 121 c2
Event: 7.674 Thread 0x0000017ea0af9060 DEOPT PACKING pc=0x0000017e462057cc sp=0x0000004a8cdfd270
Event: 7.674 Thread 0x0000017ea0af9060 DEOPT UNPACKING pc=0x0000017e459423a3 sp=0x0000004a8cdfd1b8 mode 2
Event: 7.769 Thread 0x0000017ea0af9060 Uncommon trap: trap_request=0xffffffc6 fr.pc=0x0000017e462057cc relative=0x000000000000184c
Event: 7.769 Thread 0x0000017ea0af9060 Uncommon trap: reason=bimorphic_or_optimized_type_check action=maybe_recompile pc=0x0000017e462057cc method=org.springframework.core.annotation.TypeMappedAnnotation.getValue(IZZ)Ljava/lang/Object; @ 121 c2
Event: 7.769 Thread 0x0000017ea0af9060 DEOPT PACKING pc=0x0000017e462057cc sp=0x0000004a8cdfd270
Event: 7.769 Thread 0x0000017ea0af9060 DEOPT UNPACKING pc=0x0000017e459423a3 sp=0x0000004a8cdfd1b8 mode 2

Classes unloaded (0 events):
No events

Classes redefined (0 events):
No events

Internal exceptions (20 events):
Event: 6.964 Thread 0x0000017ea0af9060 Exception <a 'java/lang/NoSuchMethodError'{0x000000070f42a578}: 'java.lang.Object java.lang.invoke.DirectMethodHandle$Holder.newInvokeSpecial(java.lang.Object, java.lang.Object, int)'> (0x000000070f42a578) 
thrown [s\open\src\hotspot\share\interpreter\linkResolver.cpp, line 759]
Event: 6.990 Thread 0x0000017ea0af9060 Exception <a 'java/lang/NoSuchMethodError'{0x000000070f59f660}: 'int java.lang.invoke.DirectMethodHandle$Holder.invokeStatic(java.lang.Object, int, java.lang.Object)'> (0x000000070f59f660) 
thrown [s\open\src\hotspot\share\interpreter\linkResolver.cpp, line 759]
Event: 6.991 Thread 0x0000017ea0af9060 Exception <a 'java/lang/NoSuchMethodError'{0x000000070f5c2860}: 'java.lang.Object java.lang.invoke.DirectMethodHandle$Holder.newInvokeSpecial(java.lang.Object, java.lang.Object, java.lang.Object, java.lang.Object, java.lang.Object, int, java.lang.Object)'> (0x000000070f5c2860) 
thrown [s\open\src\hotspot\share\interpreter\linkResolver.cpp, line 759]
Event: 6.994 Thread 0x0000017ea0af9060 Exception <a 'java/lang/NoSuchMethodError'{0x000000070f5fe438}: 'java.lang.Object java.lang.invoke.DirectMethodHandle$Holder.newInvokeSpecial(java.lang.Object, java.lang.Object, java.lang.Object, java.lang.Object, java.lang.Object, java.lang.Object, java.lang.Object, java.lang.Object, java.lang.Object, java.lang.Object, java.lang.Object, java.lang.Object)'> (0x000000070f5fe438) 
thrown [s\open\src\hotspot\share\interpreter\linkResolver.cpp, line 759]
Event: 6.994 Thread 0x0000017ea0af9060 Exception <a 'java/lang/NoSuchMethodError'{0x000000070f203478}: 'java.lang.Object java.lang.invoke.DirectMethodHandle$Holder.invokeSpecial(java.lang.Object, java.lang.Object, java.lang.Object, java.lang.Object, java.lang.Object, java.lang.Object, java.lang.Object, java.lang.Object, java.lang.Object, java.lang.Object, java.lang.Object, java.lang.Object, java.lang.Object)'> (0x000000070f203478) 
thrown [s\open\src\hotspot\share\interpreter\linkResolver.cpp, line 759]
Event: 6.995 Thread 0x0000017ea0af9060 Exception <a 'java/lang/NoSuchMethodError'{0x000000070f207b90}: 'java.lang.Object java.lang.invoke.Invokers$Holder.linkToTargetMethod(java.lang.Object, java.lang.Object, java.lang.Object, java.lang.Object, java.lang.Object, java.lang.Object, java.lang.Object, java.lang.Object, java.lang.Object, java.lang.Object, java.lang.Object, java.lang.Object)'> (0x000000070f207b90) 
thrown [s\open\src\hotspot\share\interpreter\linkResolver.cpp, line 759]
Event: 7.026 Thread 0x0000017ea0af9060 Exception <a 'java/lang/NoSuchMethodError'{0x000000070f3daeb0}: 'java.lang.Object java.lang.invoke.DirectMethodHandle$Holder.newInvokeSpecial(java.lang.Object, java.lang.Object, java.lang.Object, java.lang.Object, java.lang.Object, java.lang.Object)'> (0x000000070f3daeb0) 
thrown [s\open\src\hotspot\share\interpreter\linkResolver.cpp, line 759]
Event: 7.034 Thread 0x0000017ea0af9060 Exception <a 'java/lang/NoSuchMethodError'{0x000000070f054708}: 'java.lang.Object java.lang.invoke.DirectMethodHandle$Holder.newInvokeSpecial(java.lang.Object, java.lang.Object, java.lang.Object, java.lang.Object, java.lang.Object, java.lang.Object, java.lang.Object, int)'> (0x000000070f054708) 
thrown [s\open\src\hotspot\share\interpreter\linkResolver.cpp, line 759]
Event: 7.034 Thread 0x0000017ea0af9060 Exception <a 'java/lang/NoSuchMethodError'{0x000000070f0599a8}: 'java.lang.Object java.lang.invoke.DirectMethodHandle$Holder.invokeSpecial(java.lang.Object, java.lang.Object, java.lang.Object, java.lang.Object, java.lang.Object, java.lang.Object, java.lang.Object, java.lang.Object, int)'> (0x000000070f0599a8) 
thrown [s\open\src\hotspot\share\interpreter\linkResolver.cpp, line 759]
Event: 7.034 Thread 0x0000017ea0af9060 Exception <a 'java/lang/NoSuchMethodError'{0x000000070f05e470}: 'java.lang.Object java.lang.invoke.Invokers$Holder.linkToTargetMethod(java.lang.Object, java.lang.Object, java.lang.Object, java.lang.Object, java.lang.Object, java.lang.Object, int, java.lang.Object)'> (0x000000070f05e470) 
thrown [s\open\src\hotspot\share\interpreter\linkResolver.cpp, line 759]
Event: 7.052 Thread 0x0000017ea0af9060 Exception <a 'java/lang/NoSuchMethodError'{0x000000070f146170}: 'void java.lang.invoke.DirectMethodHandle$Holder.invokeInterface(java.lang.Object, java.lang.Object)'> (0x000000070f146170) 
thrown [s\open\src\hotspot\share\interpreter\linkResolver.cpp, line 759]
Event: 7.218 Thread 0x0000017ea0af9060 Exception <a 'java/lang/IncompatibleClassChangeError'{0x000000070e4343a0}: Found class java.lang.Object, but interface was expected> (0x000000070e4343a0) 
thrown [s\open\src\hotspot\share\interpreter\linkResolver.cpp, line 826]
Event: 7.239 Thread 0x0000017ea0af9060 Exception <a 'java/lang/IncompatibleClassChangeError'{0x000000070e2e29b8}: Found class java.lang.Object, but interface was expected> (0x000000070e2e29b8) 
thrown [s\open\src\hotspot\share\interpreter\linkResolver.cpp, line 826]
Event: 7.290 Thread 0x0000017ea0af9060 Exception <a 'java/lang/IncompatibleClassChangeError'{0x000000070e148588}: Found class java.lang.Object, but interface was expected> (0x000000070e148588) 
thrown [s\open\src\hotspot\share\interpreter\linkResolver.cpp, line 826]
Event: 7.443 Thread 0x0000017ea0af9060 Exception <a 'java/lang/IncompatibleClassChangeError'{0x0000000710766dd0}: Found class java.lang.Object, but interface was expected> (0x0000000710766dd0) 
thrown [s\open\src\hotspot\share\interpreter\linkResolver.cpp, line 826]
Event: 7.523 Thread 0x0000017ea0af9060 Exception <a 'java/lang/reflect/InvocationTargetException'{0x000000070fe66a98}> (0x000000070fe66a98) 
thrown [s\open\src\hotspot\share\runtime\reflection.cpp, line 1121]
Event: 7.533 Thread 0x0000017ea0af9060 Exception <a 'java/lang/NoSuchMethodError'{0x000000070fed0190}: 'int java.lang.invoke.DirectMethodHandle$Holder.invokeStatic(java.lang.Object, java.lang.Object, int)'> (0x000000070fed0190) 
thrown [s\open\src\hotspot\share\interpreter\linkResolver.cpp, line 759]
Event: 7.539 Thread 0x0000017ea0af9060 Exception <a 'java/lang/IncompatibleClassChangeError'{0x000000070ff19830}: Found class java.lang.Object, but interface was expected> (0x000000070ff19830) 
thrown [s\open\src\hotspot\share\interpreter\linkResolver.cpp, line 826]
Event: 7.587 Thread 0x0000017ea0af9060 Exception <a 'java/lang/NoSuchMethodError'{0x000000070fce7e10}: 'java.lang.Object java.lang.invoke.DirectMethodHandle$Holder.invokeStatic(java.lang.Object, int, java.lang.Object)'> (0x000000070fce7e10) 
thrown [s\open\src\hotspot\share\interpreter\linkResolver.cpp, line 759]
Event: 7.789 Thread 0x0000017ea0af9060 Exception <a 'java/lang/IncompatibleClassChangeError'{0x000000070f1c02c8}: Found class java.lang.Object, but interface was expected> (0x000000070f1c02c8) 
thrown [s\open\src\hotspot\share\interpreter\linkResolver.cpp, line 826]

VM Operations (20 events):
Event: 7.308 Executing VM operation: CollectForMetadataAllocation
Event: 7.315 Executing VM operation: CollectForMetadataAllocation done
Event: 7.322 Executing VM operation: CollectForMetadataAllocation
Event: 7.323 Executing VM operation: CollectForMetadataAllocation done
Event: 7.326 Executing VM operation: G1Concurrent
Event: 7.329 Executing VM operation: G1Concurrent done
Event: 7.333 Executing VM operation: G1Concurrent
Event: 7.333 Executing VM operation: G1Concurrent done
Event: 7.403 Executing VM operation: HandshakeAllThreads
Event: 7.403 Executing VM operation: HandshakeAllThreads done
Event: 7.469 Executing VM operation: HandshakeAllThreads
Event: 7.469 Executing VM operation: HandshakeAllThreads done
Event: 7.470 Executing VM operation: HandshakeAllThreads
Event: 7.470 Executing VM operation: HandshakeAllThreads done
Event: 7.696 Executing VM operation: HandshakeAllThreads
Event: 7.696 Executing VM operation: HandshakeAllThreads done
Event: 7.736 Executing VM operation: HandshakeAllThreads
Event: 7.736 Executing VM operation: HandshakeAllThreads done
Event: 8.743 Executing VM operation: Cleanup
Event: 8.744 Executing VM operation: Cleanup done

Events (20 events):
Event: 7.447 loading class java/lang/Package$1PackageInfoProxy
Event: 7.447 loading class java/lang/Package$1PackageInfoProxy done
Event: 7.466 Thread 0x0000017ea34a1510 Thread added: 0x0000017ea34a1510
Event: 7.466 Thread 0x0000017ea34a1a60 Thread added: 0x0000017ea34a1a60
Event: 7.488 loading class java/util/stream/ReduceOps$5
Event: 7.488 loading class java/util/stream/ReduceOps$5 done
Event: 7.488 loading class java/util/stream/ReduceOps$CountingSink$OfRef
Event: 7.488 loading class java/util/stream/ReduceOps$CountingSink
Event: 7.488 loading class java/util/stream/ReduceOps$CountingSink done
Event: 7.489 loading class java/util/stream/ReduceOps$CountingSink$OfRef done
Event: 7.538 loading class java/util/regex/Pattern$1
Event: 7.538 loading class java/util/regex/Pattern$1 done
Event: 7.572 loading class java/util/regex/Pattern$Bound
Event: 7.572 loading class java/util/regex/Pattern$Bound done
Event: 7.574 loading class java/util/regex/Pattern$Behind
Event: 7.574 loading class java/util/regex/Pattern$Behind done
Event: 7.721 loading class java/util/regex/PatternSyntaxException
Event: 7.721 loading class java/util/regex/PatternSyntaxException done
Event: 7.727 loading class java/util/Comparators$NullComparator
Event: 7.727 loading class java/util/Comparators$NullComparator done


Dynamic libraries:
0x00007ff7c5b50000 - 0x00007ff7c5b60000 	C:\Program Files\Java\jdk-17\bin\java.exe
0x00007ffec1100000 - 0x00007ffec1363000 	C:\WINDOWS\SYSTEM32\ntdll.dll
0x00007ffebef50000 - 0x00007ffebf017000 	C:\WINDOWS\System32\KERNEL32.DLL
0x00007ffebe470000 - 0x00007ffebe839000 	C:\WINDOWS\System32\KERNELBASE.dll
0x00007ffebe9c0000 - 0x00007ffebeb0c000 	C:\WINDOWS\System32\ucrtbase.dll
0x00007ffeb43d0000 - 0x00007ffeb43e9000 	C:\Program Files\Java\jdk-17\bin\jli.dll
0x00007ffeb3540000 - 0x00007ffeb355b000 	C:\Program Files\Java\jdk-17\bin\VCRUNTIME140.dll
0x00007ffebf350000 - 0x00007ffebf402000 	C:\WINDOWS\System32\ADVAPI32.dll
0x00007ffec0870000 - 0x00007ffec0919000 	C:\WINDOWS\System32\msvcrt.dll
0x00007ffebf020000 - 0x00007ffebf0c6000 	C:\WINDOWS\System32\sechost.dll
0x00007ffec0200000 - 0x00007ffec0316000 	C:\WINDOWS\System32\RPCRT4.dll
0x00007ffebf7a0000 - 0x00007ffebf96a000 	C:\WINDOWS\System32\USER32.dll
0x00007ffebee60000 - 0x00007ffebee87000 	C:\WINDOWS\System32\win32u.dll
0x00007ffea2020000 - 0x00007ffea22b0000 	C:\WINDOWS\WinSxS\amd64_microsoft.windows.common-controls_6595b64144ccf1df_6.0.26100.3323_none_3e088096e3344490\COMCTL32.dll
0x00007ffebff90000 - 0x00007ffebffba000 	C:\WINDOWS\System32\GDI32.dll
0x00007ffebebb0000 - 0x00007ffebece1000 	C:\WINDOWS\System32\gdi32full.dll
0x00007ffebedb0000 - 0x00007ffebee53000 	C:\WINDOWS\System32\msvcp_win.dll
0x00007ffeb8430000 - 0x00007ffeb843b000 	C:\WINDOWS\SYSTEM32\VERSION.dll
0x00007ffebf970000 - 0x00007ffebf99f000 	C:\WINDOWS\System32\IMM32.DLL
0x00007ffeb3420000 - 0x00007ffeb342c000 	C:\Program Files\Java\jdk-17\bin\vcruntime140_1.dll
0x00007ffeafcf0000 - 0x00007ffeafd7e000 	C:\Program Files\Java\jdk-17\bin\msvcp140.dll
0x00007ffe1c740000 - 0x00007ffe1d320000 	C:\Program Files\Java\jdk-17\bin\server\jvm.dll
0x00007ffebf340000 - 0x00007ffebf348000 	C:\WINDOWS\System32\PSAPI.DLL
0x00007ffeb9440000 - 0x00007ffeb944a000 	C:\WINDOWS\SYSTEM32\WSOCK32.dll
0x00007ffeb83f0000 - 0x00007ffeb8426000 	C:\WINDOWS\SYSTEM32\WINMM.dll
0x00007ffebf0e0000 - 0x00007ffebf154000 	C:\WINDOWS\System32\WS2_32.dll
0x00007ffebd120000 - 0x00007ffebd13a000 	C:\WINDOWS\SYSTEM32\kernel.appcore.dll
0x00007ffeb32e0000 - 0x00007ffeb32ea000 	C:\Program Files\Java\jdk-17\bin\jimage.dll
0x00007ffeb2100000 - 0x00007ffeb2341000 	C:\WINDOWS\SYSTEM32\DBGHELP.DLL
0x00007ffebf410000 - 0x00007ffebf792000 	C:\WINDOWS\System32\combase.dll
0x00007ffec0020000 - 0x00007ffec00f6000 	C:\WINDOWS\System32\OLEAUT32.dll
0x00007ffea82c0000 - 0x00007ffea82f9000 	C:\WINDOWS\SYSTEM32\dbgcore.DLL
0x00007ffebeb10000 - 0x00007ffebeba9000 	C:\WINDOWS\System32\bcryptPrimitives.dll
0x00007ffeb3260000 - 0x00007ffeb3285000 	C:\Program Files\Java\jdk-17\bin\java.dll
0x00007ffe73d10000 - 0x00007ffe73de7000 	C:\Program Files\Java\jdk-17\bin\jsvml.dll
0x00007ffec0920000 - 0x00007ffec1035000 	C:\WINDOWS\System32\SHELL32.dll
0x00007ffebe300000 - 0x00007ffebe468000 	C:\WINDOWS\System32\wintypes.dll
0x00007ffebbfc0000 - 0x00007ffebc805000 	C:\WINDOWS\SYSTEM32\windows.storage.dll
0x00007ffebf160000 - 0x00007ffebf24b000 	C:\WINDOWS\System32\SHCORE.dll
0x00007ffebff30000 - 0x00007ffebff8d000 	C:\WINDOWS\System32\shlwapi.dll
0x00007ffebe210000 - 0x00007ffebe23f000 	C:\WINDOWS\SYSTEM32\profapi.dll
0x00007ffeb3240000 - 0x00007ffeb3259000 	C:\Program Files\Java\jdk-17\bin\net.dll
0x00007ffeb5950000 - 0x00007ffeb5a6e000 	C:\WINDOWS\SYSTEM32\WINHTTP.dll
0x00007ffebd640000 - 0x00007ffebd6aa000 	C:\WINDOWS\system32\mswsock.dll
0x00007ffeb0330000 - 0x00007ffeb0346000 	C:\Program Files\Java\jdk-17\bin\nio.dll
0x00007ffeafcd0000 - 0x00007ffeafce8000 	C:\Program Files\Java\jdk-17\bin\zip.dll
0x00007ffeb3230000 - 0x00007ffeb323a000 	C:\Program Files\Java\jdk-17\bin\management.dll
0x00007ffeafcc0000 - 0x00007ffeafccb000 	C:\Program Files\Java\jdk-17\bin\management_ext.dll
0x00007ffe9fc50000 - 0x00007ffe9fc68000 	C:\WINDOWS\system32\napinsp.dll
0x00007ffebcc10000 - 0x00007ffebcd35000 	C:\WINDOWS\SYSTEM32\DNSAPI.dll
0x00007ffebcb70000 - 0x00007ffebcba3000 	C:\WINDOWS\SYSTEM32\IPHLPAPI.DLL
0x00007ffec03d0000 - 0x00007ffec03da000 	C:\WINDOWS\System32\NSI.dll
0x00007ffe9fc70000 - 0x00007ffe9fc82000 	C:\WINDOWS\System32\winrnr.dll
0x00007ffe9fc20000 - 0x00007ffe9fc42000 	C:\WINDOWS\system32\nlansp_c.dll
0x00007ffe9fc00000 - 0x00007ffe9fc16000 	C:\WINDOWS\system32\wshbth.dll
0x00007ffeb5270000 - 0x00007ffeb527b000 	C:\Windows\System32\rasadhlp.dll
0x00007ffeb88c0000 - 0x00007ffeb8945000 	C:\WINDOWS\System32\fwpuclnt.dll
0x00007ffebd8e0000 - 0x00007ffebd8fc000 	C:\WINDOWS\SYSTEM32\CRYPTSP.dll
0x00007ffebd080000 - 0x00007ffebd0ba000 	C:\WINDOWS\system32\rsaenh.dll
0x00007ffebd6e0000 - 0x00007ffebd70b000 	C:\WINDOWS\SYSTEM32\USERENV.dll
0x00007ffebdb20000 - 0x00007ffebdb46000 	C:\WINDOWS\SYSTEM32\bcrypt.dll
0x00007ffebd900000 - 0x00007ffebd90c000 	C:\WINDOWS\SYSTEM32\CRYPTBASE.dll
0x00007ffeb8600000 - 0x00007ffeb861f000 	C:\WINDOWS\SYSTEM32\dhcpcsvc6.DLL
0x00007ffeb83c0000 - 0x00007ffeb83e5000 	C:\WINDOWS\SYSTEM32\dhcpcsvc.DLL
0x00007ffeafcb0000 - 0x00007ffeafcbe000 	C:\Program Files\Java\jdk-17\bin\sunmscapi.dll
0x00007ffebe840000 - 0x00007ffebe9b7000 	C:\WINDOWS\System32\CRYPT32.dll
0x00007ffebdae0000 - 0x00007ffebdb10000 	C:\WINDOWS\SYSTEM32\ncrypt.dll
0x00007ffebda90000 - 0x00007ffebdacf000 	C:\WINDOWS\SYSTEM32\NTASN1.dll
0x00007ffeafca0000 - 0x00007ffeafcb0000 	C:\Program Files\Java\jdk-17\bin\verify.dll

dbghelp: loaded successfully - version: 4.0.5 - missing functions: none
symbol engine: initialized successfully - sym options: 0x614 - pdb path: .;C:\Program Files\Java\jdk-17\bin;C:\WINDOWS\SYSTEM32;C:\WINDOWS\WinSxS\amd64_microsoft.windows.common-controls_6595b64144ccf1df_6.0.26100.3323_none_3e088096e3344490;C:\Program Files\Java\jdk-17\bin\server

VM Arguments:
jvm_args: -XX:+ShowCodeDetailsInExceptionMessages -Dspring.jmx.enabled=true -Dmanagement.endpoints.jmx.exposure.include=* -Dspring.application.admin.enabled=true -Dspring.boot.project.name=laptopshop -Djava.rmi.server.hostname=localhost -Dcom.sun.management.jmxremote.port=45557 -Dcom.sun.management.jmxremote.authenticate=false -Dcom.sun.management.jmxremote.ssl=false 
java_command: vn.hoidanit.laptopshop.LaptopshopApplication
java_class_path (initial): C:\Users\MSI\Downloads\Compressed\01-java-spring-laptopshop-starter-master\01-java-spring-laptopshop-starter-master\target\classes;C:\Users\MSI\.m2\repository\org\springframework\boot\spring-boot-starter-actuator\3.2.2\spring-boot-starter-actuator-3.2.2.jar;C:\Users\MSI\.m2\repository\org\springframework\boot\spring-boot-actuator-autoconfigure\3.2.2\spring-boot-actuator-autoconfigure-3.2.2.jar;C:\Users\MSI\.m2\repository\org\springframework\boot\spring-boot-actuator\3.2.2\spring-boot-actuator-3.2.2.jar;C:\Users\MSI\.m2\repository\com\fasterxml\jackson\core\jackson-databind\2.15.3\jackson-databind-2.15.3.jar;C:\Users\MSI\.m2\repository\com\fasterxml\jackson\core\jackson-annotations\2.15.3\jackson-annotations-2.15.3.jar;C:\Users\MSI\.m2\repository\com\fasterxml\jackson\core\jackson-core\2.15.3\jackson-core-2.15.3.jar;C:\Users\MSI\.m2\repository\com\fasterxml\jackson\datatype\jackson-datatype-jsr310\2.15.3\jackson-datatype-jsr310-2.15.3.jar;C:\Users\MSI\.m2\repository\io\micrometer\micrometer-observation\1.12.2\micrometer-observation-1.12.2.jar;C:\Users\MSI\.m2\repository\io\micrometer\micrometer-commons\1.12.2\micrometer-commons-1.12.2.jar;C:\Users\MSI\.m2\repository\io\micrometer\micrometer-jakarta9\1.12.2\micrometer-jakarta9-1.12.2.jar;C:\Users\MSI\.m2\repository\io\micrometer\micrometer-core\1.12.2\micrometer-core-1.12.2.jar;C:\Users\MSI\.m2\repository\org\hdrhistogram\HdrHistogram\2.1.12\HdrHistogram-2.1.12.jar;C:\Users\MSI\.m2\repository\org\latencyutils\LatencyUtils\2.0.3\LatencyUtils-2.0.3.jar;C:\Users\MSI\.m2\repository\org\springframework\boot\spring-boot-starter-web\3.2.2\spring-boot-starter-web-3.2.2.jar;C:\Users\MSI\.m2\repository\org\springframework\boot\spring-boot-starter-json\3.2.2\spring-boot-starter-json-3.2.2.jar;C:\Users\MSI\.m2\repository\com\fasterxml\jackson\datatype\jackson-datatype-jdk8\2.15.3\jackson-datatype-jdk8-2.15.3.jar;C:\Users\MSI\.m2\repository\com\fasterxml\jackson\module\jackson-module-parameter-names\2.
Launcher Type: SUN_STANDARD

[Global flags]
     intx CICompilerCount                          = 12                                        {product} {ergonomic}
     uint ConcGCThreads                            = 3                                         {product} {ergonomic}
     uint G1ConcRefinementThreads                  = 13                                        {product} {ergonomic}
   size_t G1HeapRegionSize                         = 2097152                                   {product} {ergonomic}
    uintx GCDrainStackTargetSize                   = 64                                        {product} {ergonomic}
   size_t InitialHeapSize                          = 260046848                                 {product} {ergonomic}
     bool ManagementServer                         = true                                      {product} {command line}
   size_t MarkStackSize                            = 4194304                                   {product} {ergonomic}
   size_t MaxHeapSize                              = 4131389440                                {product} {ergonomic}
   size_t MaxNewSize                               = 2478833664                                {product} {ergonomic}
   size_t MinHeapDeltaBytes                        = 2097152                                   {product} {ergonomic}
   size_t MinHeapSize                              = 8388608                                   {product} {ergonomic}
    uintx NonNMethodCodeHeapSize                   = 7602480                                {pd product} {ergonomic}
    uintx NonProfiledCodeHeapSize                  = 122027880                              {pd product} {ergonomic}
    uintx ProfiledCodeHeapSize                     = 122027880                              {pd product} {ergonomic}
    uintx ReservedCodeCacheSize                    = 251658240                              {pd product} {ergonomic}
     bool SegmentedCodeCache                       = true                                      {product} {ergonomic}
     bool ShowCodeDetailsInExceptionMessages       = true                                   {manageable} {command line}
   size_t SoftMaxHeapSize                          = 4131389440                             {manageable} {ergonomic}
     bool UseCompressedClassPointers               = true                           {product lp64_product} {ergonomic}
     bool UseCompressedOops                        = true                           {product lp64_product} {ergonomic}
     bool UseG1GC                                  = true                                      {product} {ergonomic}
     bool UseLargePagesIndividualAllocation        = false                                  {pd product} {ergonomic}

Logging:
Log output configuration:
 #0: stdout all=warning uptime,level,tags
 #1: stderr all=off uptime,level,tags

Environment Variables:
PATH=C:\Program Files\Microsoft MPI\Bin\;C:\WINDOWS\system32;C:\WINDOWS;C:\WINDOWS\System32\Wbem;C:\WINDOWS\System32\WindowsPowerShell\v1.0\;C:\WINDOWS\System32\OpenSSH\;C:\Program Files\nodejs\;C:\Program Files (x86)\Microsoft SQL Server\160\Tools\Binn\;C:\Program Files\Microsoft SQL Server\160\Tools\Binn\;C:\Program Files\Microsoft SQL Server\Client SDK\ODBC\170\Tools\Binn\;C:\Program Files\Microsoft SQL Server\160\DTS\Binn\;C:\Program Files (x86)\Microsoft SQL Server\160\DTS\Binn\;C:\Program Files\Git LFS;C:\Program Files\Git\cmd;C:\Program Files\Java\jdk-17\bin;C:\Program Files\PowerShell\7\;C:\Program Files\MySQL\MySQL Shell 8.0\bin\;C:\Users\MSI\AppData\Local\Programs\Python\Python313;C:\Users\MSI\AppData\Local\Microsoft\WindowsApps;C:\Users\MSI\AppData\Local\Programs\Microsoft VS Code\bin;C:\Users\MSI\AppData\Roaming\npm;C:\Program Files\JetBrains\IntelliJ IDEA 2024.3.1.1\bin;;C:\Program Files\Java\jdk-17\bin;
USERNAME=MSI
LANG=en_US.UTF-8
OS=Windows_NT
PROCESSOR_IDENTIFIER=AMD64 Family 25 Model 80 Stepping 0, AuthenticAMD



---------------  S Y S T E M  ---------------

OS:
 Windows 11 , 64 bit Build 26100 (10.0.26100.3323)
OS uptime: 1 days 18:25 hours
Hyper-V role detected

CPU: total 16 (initial active 16) (16 cores per cpu, 2 threads per core) family 25 model 80 stepping 0 microcode 0xa50000c, cx8, cmov, fxsr, ht, mmx, 3dnowpref, sse, sse2, sse3, ssse3, sse4a, sse4.1, sse4.2, popcnt, lzcnt, tsc, tscinvbit, avx, avx2, aes, erms, clmul, bmi1, bmi2, adx, sha, fma, vzeroupper, clflush, clflushopt, hv

Memory: 4k page, system-wide physical 15752M (5461M free)
TotalPageFile size 15752M (AvailPageFile size 71M)
current process WorkingSet (physical memory assigned to process): 416M, peak: 422M
current process commit charge ("private bytes"): 481M, peak: 487M

vm_info: Java HotSpot(TM) 64-Bit Server VM (17.0.11+7-LTS-207) for windows-amd64 JRE (17.0.11+7-LTS-207), built on Mar 11 2024 19:01:50 by "mach5one" with MS VC++ 17.6 (VS2022)

END.
