#
# There is insufficient memory for the Java Runtime Environment to continue.
# Native memory allocation (malloc) failed to allocate 341936 bytes. Error detail: Chunk::new
# Possible reasons:
#   The system is out of physical RAM or swap space
#   This process is running with CompressedOops enabled, and the Java Heap may be blocking the growth of the native heap
# Possible solutions:
#   Reduce memory load on the system
#   Increase physical memory or swap space
#   Check if swap backing store is full
#   Decrease Java heap size (-Xmx/-Xms)
#   Decrease number of Java threads
#   Decrease Java thread stack sizes (-Xss)
#   Set larger code cache with -XX:ReservedCodeCacheSize=
#   JVM is running with Unscaled Compressed Oops mode in which the Java heap is
#     placed in the first 4GB address space. The Java Heap base address is the
#     maximum limit for the native heap growth. Please use -XX:HeapBaseMinAddress
#     to set the Java Heap base and to place the Java Heap above 4GB virtual address.
# This output file may be truncated or incomplete.
#
#  Out of Memory Error (arena.cpp:168), pid=16052, tid=3732
#
# JRE version: OpenJDK Runtime Environment Temurin-21.0.6+7 (21.0.6+7) (build 21.0.6+7-LTS)
# Java VM: OpenJDK 64-Bit Server VM Temurin-21.0.6+7 (21.0.6+7-LTS, mixed mode, sharing, tiered, compressed oops, compressed class ptrs, parallel gc, windows-amd64)
# No core dump will be written. Minidumps are not enabled by default on client versions of Windows
#

---------------  S U M M A R Y ------------

Command Line: --add-modules=ALL-SYSTEM --add-opens=java.base/java.util=ALL-UNNAMED --add-opens=java.base/java.lang=ALL-UNNAMED --add-opens=java.base/sun.nio.fs=ALL-UNNAMED -Declipse.application=org.eclipse.jdt.ls.core.id1 -Dosgi.bundles.defaultStartLevel=4 -Declipse.product=org.eclipse.jdt.ls.core.product -Djava.import.generatesMetadataFilesAtProjectRoot=false -DDetectVMInstallationsJob.disabled=true -Dfile.encoding=utf8 -XX:+UseParallelGC -XX:GCTimeRatio=4 -XX:AdaptiveSizePolicyWeight=90 -Dsun.zip.disableMemoryMapping=true -Xmx1G -Xms100m -Xlog:disable -javaagent:c:\Users\MSI\.vscode\extensions\redhat.java-1.41.1-win32-x64\lombok\lombok-1.18.36.jar -XX:+HeapDumpOnOutOfMemoryError -XX:HeapDumpPath=c:\Users\MSI\AppData\Roaming\Code\User\workspaceStorage\8482fc1a365055af0af7aefc8016a7e7\redhat.java -Daether.dependencyCollector.impl=bf c:\Users\MSI\.vscode\extensions\redhat.java-1.41.1-win32-x64\server\plugins\org.eclipse.equinox.launcher_1.7.0.v20250331-1702.jar -configuration c:\Users\MSI\AppData\Roaming\Code\User\globalStorage\redhat.java\1.41.1\config_win -data c:\Users\MSI\AppData\Roaming\Code\User\workspaceStorage\8482fc1a365055af0af7aefc8016a7e7\redhat.java\jdt_ws --pipe=\\.\pipe\lsp-a100c1426523317b58ed383119ca61dd-sock

Host: AMD Ryzen 7 5800H with Radeon Graphics         , 16 cores, 15G,  Windows 11 , 64 bit Build 26100 (10.0.26100.3912)
Time: Thu May  1 18:25:33 2025 SE Asia Standard Time elapsed time: 33.383277 seconds (0d 0h 0m 33s)

---------------  T H R E A D  ---------------

Current thread (0x0000016593d4e030):  JavaThread "C2 CompilerThread2" daemon [_thread_in_native, id=3732, stack(0x0000000879300000,0x0000000879400000) (1024K)]


Current CompileTask:
C2:33383 13782 %     4       org.eclipse.jdt.internal.compiler.lookup.BinaryTypeBinding::createMethod @ 370 (1720 bytes)

Stack: [0x0000000879300000,0x0000000879400000]
Native frames: (J=compiled Java code, j=interpreted, Vv=VM code, C=native code)
V  [jvm.dll+0x6cdee9]
V  [jvm.dll+0x8a83d1]
V  [jvm.dll+0x8aa8fe]
V  [jvm.dll+0x8aafe3]
V  [jvm.dll+0x27f706]
V  [jvm.dll+0xc500d]
V  [jvm.dll+0xc5543]
V  [jvm.dll+0x3b6752]
V  [jvm.dll+0x1dfe13]
V  [jvm.dll+0x247b42]
V  [jvm.dll+0x246fcf]
V  [jvm.dll+0x1c75ee]
V  [jvm.dll+0x25685a]
V  [jvm.dll+0x254dfa]
V  [jvm.dll+0x3f0256]
V  [jvm.dll+0x851f8b]
V  [jvm.dll+0x6cc5ed]
C  [ucrtbase.dll+0x37b0]
C  [KERNEL32.DLL+0x2e8d7]
C  [ntdll.dll+0x9c5dc]


---------------  P R O C E S S  ---------------

Threads class SMR info:
_java_thread_list=0x00000165a1588610, length=112, elements={
0x0000016536c1b730, 0x000001658c1f3610, 0x000001658c1fa0b0, 0x000001658c1fe2b0,
0x000001658d7e3f90, 0x000001658d7e60a0, 0x000001658d7ef6f0, 0x000001658d7fbd70,
0x000001658d7fd370, 0x000001658d9000e0, 0x000001658d8fe6a0, 0x000001658d8fed30,
0x000001658d901490, 0x000001658d900e00, 0x000001658d8ffa50, 0x000001658d8fe010,
0x000001658d8ff3c0, 0x0000016593e99690, 0x0000016593e99d20, 0x0000016593e9b760,
0x0000016593e9aa40, 0x0000016593e99000, 0x0000016593e9a3b0, 0x0000016593e9b0d0,
0x0000016593e98970, 0x0000016593e9f270, 0x0000016593e9ebe0, 0x0000016593e9d1a0,
0x0000016593e9d830, 0x0000016593e9bdf0, 0x0000016593e9f900, 0x0000016593e9dec0,
0x0000016593e9cb10, 0x0000016593e9c480, 0x0000016593e9ff90, 0x0000016593e9e550,
0x0000016594d4ae40, 0x0000016594d4c1f0, 0x0000016594d4b4d0, 0x0000016594d4bb60,
0x0000016594d4c880, 0x0000016594d4cf10, 0x0000016594d4d5a0, 0x0000016594d4a120,
0x0000016594d4dc30, 0x0000016594d4a7b0, 0x0000016594d50a20, 0x0000016594d4fd00,
0x0000016594d510b0, 0x0000016594d50390, 0x0000016594d51740, 0x0000016594d4e2c0,
0x0000016594d4e950, 0x0000016594d4efe0, 0x0000016594533490, 0x0000016594533b20,
0x0000016594534840, 0x0000016594535560, 0x00000165945341b0, 0x0000016594532e00,
0x0000016594535bf0, 0x0000016594534ed0, 0x0000016594538350, 0x0000016594536280,
0x0000016594537cc0, 0x00000165945389e0, 0x0000016594539070, 0x0000016594539700,
0x0000016594537630, 0x0000016594539d90, 0x0000016594536910, 0x0000016594536fa0,
0x0000016596240a70, 0x000001659623e9a0, 0x000001659623fd50, 0x00000165962403e0,
0x0000016596241100, 0x000001659623dc80, 0x000001659623f6c0, 0x0000016596241790,
0x000001659623e310, 0x00000165962424b0, 0x0000016596244580, 0x0000016596243ef0,
0x0000016596244c10, 0x00000165962431d0, 0x0000016596242b40, 0x0000016594532770,
0x00000165a3bc1b10, 0x00000165a3bc21a0, 0x00000165a3bc1480, 0x00000165a3bc2ec0,
0x00000165a3bc3550, 0x00000165a3bc3be0, 0x00000165a3bc0760, 0x00000165a3bc0df0,
0x00000165a3bc4270, 0x00000165a3bc4900, 0x00000165a3bc4f90, 0x00000165a3bc5620,
0x00000165a3bc5cb0, 0x00000165a3bc2830, 0x0000016595899840, 0x0000016595899ed0,
0x000001659589a560, 0x0000016595898b20, 0x000001659589abf0, 0x0000016598466370,
0x0000016593d4cbc0, 0x0000016593d4fb70, 0x0000016593d4e030, 0x0000016593d4e700
}

Java Threads: ( => current thread )
  0x0000016536c1b730 JavaThread "main"                              [_thread_blocked, id=2664, stack(0x0000000874d00000,0x0000000874e00000) (1024K)]
  0x000001658c1f3610 JavaThread "Reference Handler"          daemon [_thread_blocked, id=6212, stack(0x0000000875100000,0x0000000875200000) (1024K)]
  0x000001658c1fa0b0 JavaThread "Finalizer"                  daemon [_thread_blocked, id=21168, stack(0x0000000875200000,0x0000000875300000) (1024K)]
  0x000001658c1fe2b0 JavaThread "Signal Dispatcher"          daemon [_thread_blocked, id=23064, stack(0x0000000875300000,0x0000000875400000) (1024K)]
  0x000001658d7e3f90 JavaThread "Attach Listener"            daemon [_thread_blocked, id=11760, stack(0x0000000875400000,0x0000000875500000) (1024K)]
  0x000001658d7e60a0 JavaThread "Service Thread"             daemon [_thread_blocked, id=10708, stack(0x0000000875500000,0x0000000875600000) (1024K)]
  0x000001658d7ef6f0 JavaThread "Monitor Deflation Thread"   daemon [_thread_blocked, id=19284, stack(0x0000000875600000,0x0000000875700000) (1024K)]
  0x000001658d7fbd70 JavaThread "C2 CompilerThread0"         daemon [_thread_in_native, id=19244, stack(0x0000000875700000,0x0000000875800000) (1024K)]
  0x000001658d7fd370 JavaThread "C1 CompilerThread0"         daemon [_thread_blocked, id=18276, stack(0x0000000875800000,0x0000000875900000) (1024K)]
  0x000001658d9000e0 JavaThread "Common-Cleaner"             daemon [_thread_blocked, id=18708, stack(0x0000000875900000,0x0000000875a00000) (1024K)]
  0x000001658d8fe6a0 JavaThread "Notification Thread"        daemon [_thread_blocked, id=15504, stack(0x0000000875d00000,0x0000000875e00000) (1024K)]
  0x000001658d8fed30 JavaThread "Active Thread: Equinox Container: e6254ae4-d555-4e7a-9cc1-ced5777ee68b"        [_thread_blocked, id=10284, stack(0x0000000876600000,0x0000000876700000) (1024K)]
  0x000001658d901490 JavaThread "Refresh Thread: Equinox Container: e6254ae4-d555-4e7a-9cc1-ced5777ee68b" daemon [_thread_blocked, id=15224, stack(0x0000000876800000,0x0000000876900000) (1024K)]
  0x000001658d900e00 JavaThread "Framework Event Dispatcher: Equinox Container: e6254ae4-d555-4e7a-9cc1-ced5777ee68b" daemon [_thread_blocked, id=1324, stack(0x0000000876900000,0x0000000876a00000) (1024K)]
  0x000001658d8ffa50 JavaThread "Start Level: Equinox Container: e6254ae4-d555-4e7a-9cc1-ced5777ee68b" daemon [_thread_blocked, id=2164, stack(0x0000000876a00000,0x0000000876b00000) (1024K)]
  0x000001658d8fe010 JavaThread "Bundle File Closer"         daemon [_thread_blocked, id=20856, stack(0x0000000876b00000,0x0000000876c00000) (1024K)]
  0x000001658d8ff3c0 JavaThread "SCR Component Actor"        daemon [_thread_blocked, id=22280, stack(0x0000000876e00000,0x0000000876f00000) (1024K)]
  0x0000016593e99690 JavaThread "Worker-JM"                         [_thread_blocked, id=24056, stack(0x0000000877300000,0x0000000877400000) (1024K)]
  0x0000016593e99d20 JavaThread "JNA Cleaner"                daemon [_thread_blocked, id=9144, stack(0x0000000877400000,0x0000000877500000) (1024K)]
  0x0000016593e9b760 JavaThread "Worker-0"                          [_thread_blocked, id=4172, stack(0x0000000877500000,0x0000000877600000) (1024K)]
  0x0000016593e9aa40 JavaThread "Worker-1"                          [_thread_blocked, id=19248, stack(0x0000000877600000,0x0000000877700000) (1024K)]
  0x0000016593e99000 JavaThread "Java indexing"              daemon [_thread_blocked, id=11040, stack(0x0000000875f00000,0x0000000876000000) (1024K)]
  0x0000016593e9a3b0 JavaThread "Worker-2"                          [_thread_blocked, id=23488, stack(0x0000000877b00000,0x0000000877c00000) (1024K)]
  0x0000016593e9b0d0 JavaThread "Worker-3"                          [_thread_blocked, id=3416, stack(0x0000000877c00000,0x0000000877d00000) (1024K)]
  0x0000016593e98970 JavaThread "Worker-4"                          [_thread_blocked, id=2404, stack(0x0000000877d00000,0x0000000877e00000) (1024K)]
  0x0000016593e9f270 JavaThread "Thread-2"                   daemon [_thread_in_native, id=7184, stack(0x0000000877e00000,0x0000000877f00000) (1024K)]
  0x0000016593e9ebe0 JavaThread "Thread-3"                   daemon [_thread_in_native, id=20404, stack(0x0000000877f00000,0x0000000878000000) (1024K)]
  0x0000016593e9d1a0 JavaThread "Thread-4"                   daemon [_thread_in_native, id=21424, stack(0x0000000878000000,0x0000000878100000) (1024K)]
  0x0000016593e9d830 JavaThread "Thread-5"                   daemon [_thread_in_native, id=11824, stack(0x0000000878100000,0x0000000878200000) (1024K)]
  0x0000016593e9bdf0 JavaThread "Thread-6"                   daemon [_thread_in_native, id=23684, stack(0x0000000878200000,0x0000000878300000) (1024K)]
  0x0000016593e9f900 JavaThread "Thread-7"                   daemon [_thread_in_native, id=21580, stack(0x0000000878300000,0x0000000878400000) (1024K)]
  0x0000016593e9dec0 JavaThread "Thread-8"                   daemon [_thread_in_native, id=21560, stack(0x0000000878400000,0x0000000878500000) (1024K)]
  0x0000016593e9cb10 JavaThread "Thread-9"                   daemon [_thread_in_native, id=8220, stack(0x0000000878500000,0x0000000878600000) (1024K)]
  0x0000016593e9c480 JavaThread "Thread-10"                  daemon [_thread_in_native, id=15644, stack(0x0000000878700000,0x0000000878800000) (1024K)]
  0x0000016593e9ff90 JavaThread "Thread-11"                  daemon [_thread_in_native, id=16048, stack(0x0000000878800000,0x0000000878900000) (1024K)]
  0x0000016593e9e550 JavaThread "Thread-12"                  daemon [_thread_in_native, id=7276, stack(0x0000000878900000,0x0000000878a00000) (1024K)]
  0x0000016594d4ae40 JavaThread "Thread-13"                  daemon [_thread_in_native, id=13388, stack(0x0000000878a00000,0x0000000878b00000) (1024K)]
  0x0000016594d4c1f0 JavaThread "Thread-14"                  daemon [_thread_in_native, id=11456, stack(0x0000000878b00000,0x0000000878c00000) (1024K)]
  0x0000016594d4b4d0 JavaThread "Thread-15"                  daemon [_thread_in_native, id=10120, stack(0x0000000878c00000,0x0000000878d00000) (1024K)]
  0x0000016594d4bb60 JavaThread "Thread-16"                  daemon [_thread_in_native, id=20784, stack(0x0000000878d00000,0x0000000878e00000) (1024K)]
  0x0000016594d4c880 JavaThread "Thread-17"                  daemon [_thread_in_native, id=24476, stack(0x0000000878e00000,0x0000000878f00000) (1024K)]
  0x0000016594d4cf10 JavaThread "Thread-18"                  daemon [_thread_in_native, id=15564, stack(0x0000000878f00000,0x0000000879000000) (1024K)]
  0x0000016594d4d5a0 JavaThread "pool-2-thread-1"                   [_thread_blocked, id=9392, stack(0x0000000879100000,0x0000000879200000) (1024K)]
  0x0000016594d4a120 JavaThread "WorkspaceEventsHandler"            [_thread_blocked, id=24220, stack(0x0000000879400000,0x0000000879500000) (1024K)]
  0x0000016594d4dc30 JavaThread "pool-1-thread-1"                   [_thread_blocked, id=20460, stack(0x0000000879500000,0x0000000879600000) (1024K)]
  0x0000016594d4a7b0 JavaThread "Worker-5"                          [_thread_blocked, id=24392, stack(0x0000000879600000,0x0000000879700000) (1024K)]
  0x0000016594d50a20 JavaThread "LocalFile Deleter"          daemon [_thread_blocked, id=5744, stack(0x0000000879700000,0x0000000879800000) (1024K)]
  0x0000016594d4fd00 JavaThread "LocalFile Deleter"          daemon [_thread_blocked, id=11780, stack(0x0000000879800000,0x0000000879900000) (1024K)]
  0x0000016594d510b0 JavaThread "LocalFile Deleter"          daemon [_thread_blocked, id=14208, stack(0x0000000879900000,0x0000000879a00000) (1024K)]
  0x0000016594d50390 JavaThread "LocalFile Deleter"          daemon [_thread_blocked, id=22632, stack(0x0000000879a00000,0x0000000879b00000) (1024K)]
  0x0000016594d51740 JavaThread "LocalFile Deleter"          daemon [_thread_blocked, id=12332, stack(0x0000000879b00000,0x0000000879c00000) (1024K)]
  0x0000016594d4e2c0 JavaThread "LocalFile Deleter"          daemon [_thread_blocked, id=22204, stack(0x0000000879c00000,0x0000000879d00000) (1024K)]
  0x0000016594d4e950 JavaThread "LocalFile Deleter"          daemon [_thread_blocked, id=21368, stack(0x0000000879d00000,0x0000000879e00000) (1024K)]
  0x0000016594d4efe0 JavaThread "LocalFile Deleter"          daemon [_thread_blocked, id=16632, stack(0x0000000879e00000,0x0000000879f00000) (1024K)]
  0x0000016594533490 JavaThread "LocalFile Deleter"          daemon [_thread_blocked, id=23212, stack(0x0000000879f00000,0x000000087a000000) (1024K)]
  0x0000016594533b20 JavaThread "LocalFile Deleter"          daemon [_thread_blocked, id=3816, stack(0x000000087a000000,0x000000087a100000) (1024K)]
  0x0000016594534840 JavaThread "LocalFile Deleter"          daemon [_thread_blocked, id=12196, stack(0x000000087a100000,0x000000087a200000) (1024K)]
  0x0000016594535560 JavaThread "LocalFile Deleter"          daemon [_thread_blocked, id=13656, stack(0x000000087a200000,0x000000087a300000) (1024K)]
  0x00000165945341b0 JavaThread "LocalFile Deleter"          daemon [_thread_blocked, id=23832, stack(0x000000087a300000,0x000000087a400000) (1024K)]
  0x0000016594532e00 JavaThread "LocalFile Deleter"          daemon [_thread_blocked, id=18816, stack(0x000000087a400000,0x000000087a500000) (1024K)]
  0x0000016594535bf0 JavaThread "LocalFile Deleter"          daemon [_thread_blocked, id=12568, stack(0x000000087a500000,0x000000087a600000) (1024K)]
  0x0000016594534ed0 JavaThread "LocalFile Deleter"          daemon [_thread_blocked, id=23256, stack(0x000000087a600000,0x000000087a700000) (1024K)]
  0x0000016594538350 JavaThread "Compiler Source File Reader" daemon [_thread_blocked, id=164, stack(0x000000087a700000,0x000000087a800000) (1024K)]
  0x0000016594536280 JavaThread "Compiler Source File Reader" daemon [_thread_blocked, id=13524, stack(0x000000087a800000,0x000000087a900000) (1024K)]
  0x0000016594537cc0 JavaThread "Compiler Source File Reader" daemon [_thread_blocked, id=23536, stack(0x000000087a900000,0x000000087aa00000) (1024K)]
  0x00000165945389e0 JavaThread "Compiler Source File Reader" daemon [_thread_blocked, id=22976, stack(0x000000087aa00000,0x000000087ab00000) (1024K)]
  0x0000016594539070 JavaThread "Compiler Source File Reader" daemon [_thread_blocked, id=9528, stack(0x000000087ab00000,0x000000087ac00000) (1024K)]
  0x0000016594539700 JavaThread "Compiler Source File Reader" daemon [_thread_blocked, id=21660, stack(0x000000087ac00000,0x000000087ad00000) (1024K)]
  0x0000016594537630 JavaThread "Compiler Source File Reader" daemon [_thread_blocked, id=16108, stack(0x000000087ad00000,0x000000087ae00000) (1024K)]
  0x0000016594539d90 JavaThread "Compiler Source File Reader" daemon [_thread_blocked, id=19628, stack(0x000000087ae00000,0x000000087af00000) (1024K)]
  0x0000016594536910 JavaThread "Compiler Source File Reader" daemon [_thread_blocked, id=21024, stack(0x000000087af00000,0x000000087b000000) (1024K)]
  0x0000016594536fa0 JavaThread "Compiler Source File Reader" daemon [_thread_blocked, id=11312, stack(0x000000087b000000,0x000000087b100000) (1024K)]
  0x0000016596240a70 JavaThread "Compiler Source File Reader" daemon [_thread_blocked, id=13608, stack(0x000000087b100000,0x000000087b200000) (1024K)]
  0x000001659623e9a0 JavaThread "Compiler Processing Task"   daemon [_thread_blocked, id=276, stack(0x000000087b200000,0x000000087b300000) (1024K)]
  0x000001659623fd50 JavaThread "Compiler Class File Writer" daemon [_thread_blocked, id=1672, stack(0x0000000876f00000,0x0000000877000000) (1024K)]
  0x00000165962403e0 JavaThread "Compiler Class File Writer" daemon [_thread_blocked, id=3172, stack(0x000000087b300000,0x000000087b400000) (1024K)]
  0x0000016596241100 JavaThread "Compiler Class File Writer" daemon [_thread_blocked, id=21296, stack(0x000000087b400000,0x000000087b500000) (1024K)]
  0x000001659623dc80 JavaThread "Compiler Class File Writer" daemon [_thread_blocked, id=804, stack(0x000000087b500000,0x000000087b600000) (1024K)]
  0x000001659623f6c0 JavaThread "Compiler Class File Writer" daemon [_thread_blocked, id=22504, stack(0x000000087b600000,0x000000087b700000) (1024K)]
  0x0000016596241790 JavaThread "Compiler Class File Writer" daemon [_thread_blocked, id=7088, stack(0x000000087b700000,0x000000087b800000) (1024K)]
  0x000001659623e310 JavaThread "Compiler Class File Writer" daemon [_thread_blocked, id=19440, stack(0x000000087b800000,0x000000087b900000) (1024K)]
  0x00000165962424b0 JavaThread "Compiler Class File Writer" daemon [_thread_blocked, id=20252, stack(0x000000087b900000,0x000000087ba00000) (1024K)]
  0x0000016596244580 JavaThread "Compiler Class File Writer" daemon [_thread_blocked, id=12844, stack(0x000000087ba00000,0x000000087bb00000) (1024K)]
  0x0000016596243ef0 JavaThread "Compiler Class File Writer" daemon [_thread_blocked, id=7444, stack(0x000000087bb00000,0x000000087bc00000) (1024K)]
  0x0000016596244c10 JavaThread "Compiler Class File Writer" daemon [_thread_blocked, id=23644, stack(0x000000087bc00000,0x000000087bd00000) (1024K)]
  0x00000165962431d0 JavaThread "Compiler Source File Reader" daemon [_thread_blocked, id=20432, stack(0x000000087bd00000,0x000000087be00000) (1024K)]
  0x0000016596242b40 JavaThread "Compiler Class File Writer" daemon [_thread_blocked, id=21000, stack(0x000000087be00000,0x000000087bf00000) (1024K)]
  0x0000016594532770 JavaThread "ForkJoinPool.commonPool-worker-1" daemon [_thread_blocked, id=2608, stack(0x0000000875c00000,0x0000000875d00000) (1024K)]
  0x00000165a3bc1b10 JavaThread "ForkJoinPool.commonPool-worker-2" daemon [_thread_blocked, id=9868, stack(0x0000000875e00000,0x0000000875f00000) (1024K)]
  0x00000165a3bc21a0 JavaThread "ForkJoinPool.commonPool-worker-3" daemon [_thread_blocked, id=24068, stack(0x0000000877700000,0x0000000877800000) (1024K)]
  0x00000165a3bc1480 JavaThread "ForkJoinPool.commonPool-worker-4" daemon [_thread_blocked, id=11248, stack(0x0000000879000000,0x0000000879100000) (1024K)]
  0x00000165a3bc2ec0 JavaThread "ForkJoinPool.commonPool-worker-5" daemon [_thread_blocked, id=20056, stack(0x000000087bf00000,0x000000087c000000) (1024K)]
  0x00000165a3bc3550 JavaThread "ForkJoinPool.commonPool-worker-6" daemon [_thread_blocked, id=18512, stack(0x000000087c000000,0x000000087c100000) (1024K)]
  0x00000165a3bc3be0 JavaThread "ForkJoinPool.commonPool-worker-7" daemon [_thread_blocked, id=10184, stack(0x000000087c100000,0x000000087c200000) (1024K)]
  0x00000165a3bc0760 JavaThread "ForkJoinPool.commonPool-worker-8" daemon [_thread_blocked, id=5752, stack(0x000000087c200000,0x000000087c300000) (1024K)]
  0x00000165a3bc0df0 JavaThread "ForkJoinPool.commonPool-worker-9" daemon [_thread_blocked, id=22508, stack(0x000000087c300000,0x000000087c400000) (1024K)]
  0x00000165a3bc4270 JavaThread "ForkJoinPool.commonPool-worker-10" daemon [_thread_blocked, id=22824, stack(0x000000087c400000,0x000000087c500000) (1024K)]
  0x00000165a3bc4900 JavaThread "ForkJoinPool.commonPool-worker-11" daemon [_thread_blocked, id=12760, stack(0x000000087c500000,0x000000087c600000) (1024K)]
  0x00000165a3bc4f90 JavaThread "ForkJoinPool.commonPool-worker-12" daemon [_thread_blocked, id=4580, stack(0x000000087c600000,0x000000087c700000) (1024K)]
  0x00000165a3bc5620 JavaThread "ForkJoinPool.commonPool-worker-13" daemon [_thread_blocked, id=15276, stack(0x000000087c700000,0x000000087c800000) (1024K)]
  0x00000165a3bc5cb0 JavaThread "ForkJoinPool.commonPool-worker-14" daemon [_thread_blocked, id=15876, stack(0x000000087c800000,0x000000087c900000) (1024K)]
  0x00000165a3bc2830 JavaThread "ForkJoinPool.commonPool-worker-15" daemon [_thread_blocked, id=13260, stack(0x000000087c900000,0x000000087ca00000) (1024K)]
  0x0000016595899840 JavaThread "Cleaner-0"                  daemon [_thread_blocked, id=11736, stack(0x000000087cf00000,0x000000087d000000) (1024K)]
  0x0000016595899ed0 JavaThread "Java Debug Server"          daemon [_thread_in_native, id=14884, stack(0x0000000875b00000,0x0000000875c00000) (1024K)]
  0x000001659589a560 JavaThread "pool-5-thread-1"                   [_thread_blocked, id=19224, stack(0x0000000878600000,0x0000000878700000) (1024K)]
  0x0000016595898b20 JavaThread "RxSchedulerPurge-1"         daemon [_thread_blocked, id=20824, stack(0x0000000879200000,0x0000000879300000) (1024K)]
  0x000001659589abf0 JavaThread "RxCachedWorkerPoolEvictor-1" daemon [_thread_blocked, id=22792, stack(0x000000087cb00000,0x000000087cc00000) (1024K)]
  0x0000016598466370 JavaThread "process reaper"             daemon [_thread_blocked, id=22264, stack(0x00000008747a0000,0x00000008747c0000) (128K)]
  0x0000016593d4cbc0 JavaThread "C1 CompilerThread1"         daemon [_thread_blocked, id=15096, stack(0x0000000874c00000,0x0000000874d00000) (1024K)]
  0x0000016593d4fb70 JavaThread "C2 CompilerThread1"         daemon [_thread_blocked, id=22468, stack(0x0000000877a00000,0x0000000877b00000) (1024K)]
=>0x0000016593d4e030 JavaThread "C2 CompilerThread2"         daemon [_thread_in_native, id=3732, stack(0x0000000879300000,0x0000000879400000) (1024K)]
  0x0000016593d4e700 JavaThread "C2 CompilerThread3"         daemon [_thread_blocked, id=11708, stack(0x000000087ca00000,0x000000087cb00000) (1024K)]
Total: 112

Other Threads:
  0x0000016536cde4c0 VMThread "VM Thread"                           [id=23380, stack(0x0000000875000000,0x0000000875100000) (1024K)]
  0x000001658c0dca00 WatcherThread "VM Periodic Task Thread"        [id=7744, stack(0x0000000874f00000,0x0000000875000000) (1024K)]
  0x0000016536c3a810 WorkerThread "GC Thread#0"                     [id=13000, stack(0x0000000874e00000,0x0000000874f00000) (1024K)]
  0x0000016593a4a800 WorkerThread "GC Thread#1"                     [id=3724, stack(0x0000000876000000,0x0000000876100000) (1024K)]
  0x0000016593aeea40 WorkerThread "GC Thread#2"                     [id=9380, stack(0x0000000876100000,0x0000000876200000) (1024K)]
  0x0000016593b59d90 WorkerThread "GC Thread#3"                     [id=20760, stack(0x0000000876200000,0x0000000876300000) (1024K)]
  0x0000016593b5a130 WorkerThread "GC Thread#4"                     [id=22712, stack(0x0000000876300000,0x0000000876400000) (1024K)]
  0x0000016593390440 WorkerThread "GC Thread#5"                     [id=22868, stack(0x0000000876400000,0x0000000876500000) (1024K)]
  0x00000165933907e0 WorkerThread "GC Thread#6"                     [id=9736, stack(0x0000000876500000,0x0000000876600000) (1024K)]
  0x0000016593ecd5b0 WorkerThread "GC Thread#7"                     [id=8484, stack(0x0000000876700000,0x0000000876800000) (1024K)]
  0x0000016593ecd950 WorkerThread "GC Thread#8"                     [id=24384, stack(0x0000000876c00000,0x0000000876d00000) (1024K)]
  0x0000016593ece430 WorkerThread "GC Thread#9"                     [id=23364, stack(0x0000000876d00000,0x0000000876e00000) (1024K)]
  0x0000016593ecdcf0 WorkerThread "GC Thread#10"                    [id=24364, stack(0x0000000877000000,0x0000000877100000) (1024K)]
  0x0000016593ecd210 WorkerThread "GC Thread#11"                    [id=8260, stack(0x0000000877100000,0x0000000877200000) (1024K)]
  0x00000165942abee0 WorkerThread "GC Thread#12"                    [id=4704, stack(0x0000000877200000,0x0000000877300000) (1024K)]
Total: 15

Threads with active compile tasks:
C2 CompilerThread0  34402 13819       4       java.lang.reflect.Field::get (39 bytes)
C2 CompilerThread2  34402 13782 %     4       org.eclipse.jdt.internal.compiler.lookup.BinaryTypeBinding::createMethod @ 370 (1720 bytes)
Total: 2

VM state: not at safepoint (normal execution)

VM Mutex/Monitor currently owned by a thread: None

Heap address: 0x00000000c0000000, size: 1024 MB, Compressed Oops mode: 32-bit

CDS archive(s) mapped at: [0x000001654b000000-0x000001654bba0000-0x000001654bba0000), size 12189696, SharedBaseAddress: 0x000001654b000000, ArchiveRelocationMode: 1.
Compressed class space mapped at: 0x000001654c000000-0x000001658c000000, reserved size: 1073741824
Narrow klass base: 0x000001654b000000, Narrow klass shift: 0, Narrow klass range: 0x100000000

GC Precious Log:
 CardTable entry size: 512
 CPUs: 16 total, 16 available
 Memory: 15752M
 Large Page Support: Disabled
 NUMA Support: Disabled
 Compressed Oops: Enabled (32-bit)
 Alignments: Space 512K, Generation 512K, Heap 2M
 Heap Min Capacity: 100M
 Heap Initial Capacity: 100M
 Heap Max Capacity: 1G
 Pre-touch: Disabled
 Parallel Workers: 13

Heap:
 PSYoungGen      total 13824K, used 7996K [0x00000000eab00000, 0x00000000ebc00000, 0x0000000100000000)
  eden space 12800K, 54% used [0x00000000eab00000,0x00000000eb1d3130,0x00000000eb780000)
  from space 1024K, 98% used [0x00000000eba80000,0x00000000ebb7c020,0x00000000ebb80000)
  to   space 512K, 0% used [0x00000000ebb80000,0x00000000ebb80000,0x00000000ebc00000)
 ParOldGen       total 361984K, used 361934K [0x00000000c0000000, 0x00000000d6180000, 0x00000000eab00000)
  object space 361984K, 99% used [0x00000000c0000000,0x00000000d6173888,0x00000000d6180000)
 Metaspace       used 72825K, committed 74624K, reserved 1179648K
  class space    used 7523K, committed 8320K, reserved 1048576K

Card table byte_map: [0x00000165365c0000,0x00000165367d0000] _byte_map_base: 0x0000016535fc0000

Marking Bits: (ParMarkBitMap*) 0x00007ff803ac3260
 Begin Bits: [0x0000016548e10000, 0x0000016549e10000)
 End Bits:   [0x0000016549e10000, 0x000001654ae10000)

Polling page: 0x00000165361d0000

Metaspace:

Usage:
  Non-class:     63.77 MB used.
      Class:      7.35 MB used.
       Both:     71.12 MB used.

Virtual space:
  Non-class space:      128.00 MB reserved,      64.75 MB ( 51%) committed,  2 nodes.
      Class space:        1.00 GB reserved,       8.12 MB ( <1%) committed,  1 nodes.
             Both:        1.12 GB reserved,      72.88 MB (  6%) committed. 

Chunk freelists:
   Non-Class:  14.48 MB
       Class:  7.92 MB
        Both:  22.40 MB

MaxMetaspaceSize: unlimited
CompressedClassSpaceSize: 1.00 GB
Initial GC threshold: 21.00 MB
Current GC threshold: 102.94 MB
CDS: on
 - commit_granule_bytes: 65536.
 - commit_granule_words: 8192.
 - virtual_space_node_default_size: 8388608.
 - enlarge_chunks_in_place: 1.
 - use_allocation_guard: 0.


Internal statistics:

num_allocs_failed_limit: 9.
num_arena_births: 1426.
num_arena_deaths: 22.
num_vsnodes_births: 3.
num_vsnodes_deaths: 0.
num_space_committed: 1165.
num_space_uncommitted: 0.
num_chunks_returned_to_freelist: 35.
num_chunks_taken_from_freelist: 5029.
num_chunk_merges: 18.
num_chunk_splits: 3010.
num_chunks_enlarged: 1562.
num_inconsistent_stats: 0.

CodeHeap 'non-profiled nmethods': size=119168Kb used=10999Kb max_used=10999Kb free=108168Kb
 bounds [0x00000165419b0000, 0x0000016542470000, 0x0000016548e10000]
CodeHeap 'profiled nmethods': size=119104Kb used=26201Kb max_used=26201Kb free=92902Kb
 bounds [0x0000016539e10000, 0x000001653b7b0000, 0x0000016541260000]
CodeHeap 'non-nmethods': size=7488Kb used=2050Kb max_used=3248Kb free=5438Kb
 bounds [0x0000016541260000, 0x0000016541590000, 0x00000165419b0000]
 total_blobs=12599 nmethods=11785 adapters=718
 compilation: enabled
              stopped_count=0, restarted_count=0
 full_count=0

Compilation events (20 events):
Event: 31.359 Thread 0x000001658d7fd370 13823       1       org.eclipse.lsp4j.TextDocumentClientCapabilities::getCodeAction (5 bytes)
Event: 31.360 Thread 0x0000016593d50240 nmethod 13826 0x000001653b79f110 code [0x000001653b79f380, 0x000001653b79fe58]
Event: 31.360 Thread 0x000001658d7fd370 nmethod 13823 0x0000016542466990 code [0x0000016542466b20, 0x0000016542466be8]
Event: 31.360 Thread 0x000001658d7fd370 13830       3       org.eclipse.jdt.internal.corext.dom.GenericVisitor::visit (6 bytes)
Event: 31.360 Thread 0x0000016593d50240 13831       3       org.eclipse.jdt.internal.corext.dom.GenericVisitor::endVisit (6 bytes)
Event: 31.360 Thread 0x000001658d7fd370 nmethod 13830 0x000001653b7a0510 code [0x000001653b7a06c0, 0x000001653b7a0888]
Event: 31.360 Thread 0x0000016593d50240 nmethod 13831 0x000001653b7a0910 code [0x000001653b7a0ac0, 0x000001653b7a0ca0]
Event: 31.361 Thread 0x0000016593d4cbc0 nmethod 13828 0x000001653b7a0d90 code [0x000001653b7a1300, 0x000001653b7a4560]
Event: 31.362 Thread 0x0000016593d4fb70 nmethod 13773 0x0000016542466c90 code [0x0000016542466ea0, 0x00000165424673e8]
Event: 31.363 Thread 0x0000016593d4fb70 13794       4       java.util.stream.Nodes$ArrayNode::<init> (43 bytes)
Event: 31.363 Thread 0x0000016593d50240 13834       3       java.util.regex.Pattern$Branch::add (61 bytes)
Event: 31.363 Thread 0x000001658d7fd370 13835       3       java.util.regex.Pattern$Branch::study (162 bytes)
Event: 31.363 Thread 0x0000016593d4fb70 nmethod 13794 0x0000016542467990 code [0x0000016542467b20, 0x0000016542467c78]
Event: 31.364 Thread 0x0000016593d50240 nmethod 13834 0x000001653b7a5410 code [0x000001653b7a55e0, 0x000001653b7a5a00]
Event: 31.364 Thread 0x0000016593d4fb70 13805       4       org.eclipse.jdt.internal.compiler.lookup.LookupEnvironment::convertUnresolvedBinaryToRawType (291 bytes)
Event: 31.364 Thread 0x000001658d7fd370 nmethod 13835 0x000001653b7a5b90 code [0x000001653b7a5da0, 0x000001653b7a6460]
Event: 31.372 Thread 0x0000016593d4fb70 nmethod 13805 0x0000016542467d90 code [0x0000016542467fe0, 0x0000016542468680]
Event: 31.384 Thread 0x000001658d7fd370 13836       3       java.lang.StackWalker::hasOption (11 bytes)
Event: 31.384 Thread 0x0000016593d4cbc0 13837       3       java.lang.StackFrameInfo::declaringClass (13 bytes)
Event: 31.384 Thread 0x0000016593d50240 13838       3       java.lang.invoke.MethodHandleImpl$1::getDeclaringClass (10 bytes)

GC Heap History (20 events):
Event: 21.376 GC heap before
{Heap before GC invocations=1395 (full 4):
 PSYoungGen      total 13312K, used 13184K [0x00000000eab00000, 0x00000000eb900000, 0x0000000100000000)
  eden space 12800K, 100% used [0x00000000eab00000,0x00000000eb780000,0x00000000eb780000)
  from space 512K, 75% used [0x00000000eb800000,0x00000000eb860000,0x00000000eb880000)
  to   space 512K, 0% used [0x00000000eb880000,0x00000000eb880000,0x00000000eb900000)
 ParOldGen       total 348160K, used 347847K [0x00000000c0000000, 0x00000000d5400000, 0x00000000eab00000)
  object space 348160K, 99% used [0x00000000c0000000,0x00000000d53b1fb8,0x00000000d5400000)
 Metaspace       used 66083K, committed 67584K, reserved 1114112K
  class space    used 6747K, committed 7424K, reserved 1048576K
}
Event: 21.376 GC heap after
{Heap after GC invocations=1395 (full 4):
 PSYoungGen      total 13312K, used 379K [0x00000000eab00000, 0x00000000eb900000, 0x0000000100000000)
  eden space 12800K, 0% used [0x00000000eab00000,0x00000000eab00000,0x00000000eb780000)
  from space 512K, 74% used [0x00000000eb880000,0x00000000eb8ded08,0x00000000eb900000)
  to   space 512K, 0% used [0x00000000eb800000,0x00000000eb800000,0x00000000eb880000)
 ParOldGen       total 348160K, used 348071K [0x00000000c0000000, 0x00000000d5400000, 0x00000000eab00000)
  object space 348160K, 99% used [0x00000000c0000000,0x00000000d53e9fb8,0x00000000d5400000)
 Metaspace       used 66083K, committed 67584K, reserved 1114112K
  class space    used 6747K, committed 7424K, reserved 1048576K
}
Event: 21.413 GC heap before
{Heap before GC invocations=1396 (full 4):
 PSYoungGen      total 13312K, used 13179K [0x00000000eab00000, 0x00000000eb900000, 0x0000000100000000)
  eden space 12800K, 100% used [0x00000000eab00000,0x00000000eb780000,0x00000000eb780000)
  from space 512K, 74% used [0x00000000eb880000,0x00000000eb8ded08,0x00000000eb900000)
  to   space 512K, 0% used [0x00000000eb800000,0x00000000eb800000,0x00000000eb880000)
 ParOldGen       total 348160K, used 348071K [0x00000000c0000000, 0x00000000d5400000, 0x00000000eab00000)
  object space 348160K, 99% used [0x00000000c0000000,0x00000000d53e9fb8,0x00000000d5400000)
 Metaspace       used 66327K, committed 67904K, reserved 1114112K
  class space    used 6796K, committed 7488K, reserved 1048576K
}
Event: 21.415 GC heap after
{Heap after GC invocations=1396 (full 4):
 PSYoungGen      total 13312K, used 512K [0x00000000eab00000, 0x00000000ebc80000, 0x0000000100000000)
  eden space 12800K, 0% used [0x00000000eab00000,0x00000000eab00000,0x00000000eb780000)
  from space 512K, 100% used [0x00000000eb800000,0x00000000eb880000,0x00000000eb880000)
  to   space 2560K, 0% used [0x00000000eba00000,0x00000000eba00000,0x00000000ebc80000)
 ParOldGen       total 350208K, used 349779K [0x00000000c0000000, 0x00000000d5600000, 0x00000000eab00000)
  object space 350208K, 99% used [0x00000000c0000000,0x00000000d5594cc0,0x00000000d5600000)
 Metaspace       used 66327K, committed 67904K, reserved 1114112K
  class space    used 6796K, committed 7488K, reserved 1048576K
}
Event: 21.463 GC heap before
{Heap before GC invocations=1397 (full 4):
 PSYoungGen      total 13312K, used 13312K [0x00000000eab00000, 0x00000000ebc80000, 0x0000000100000000)
  eden space 12800K, 100% used [0x00000000eab00000,0x00000000eb780000,0x00000000eb780000)
  from space 512K, 100% used [0x00000000eb800000,0x00000000eb880000,0x00000000eb880000)
  to   space 2560K, 0% used [0x00000000eba00000,0x00000000eba00000,0x00000000ebc80000)
 ParOldGen       total 350208K, used 349779K [0x00000000c0000000, 0x00000000d5600000, 0x00000000eab00000)
  object space 350208K, 99% used [0x00000000c0000000,0x00000000d5594cc0,0x00000000d5600000)
 Metaspace       used 66572K, committed 68096K, reserved 1114112K
  class space    used 6817K, committed 7488K, reserved 1048576K
}
Event: 21.465 GC heap after
{Heap after GC invocations=1397 (full 4):
 PSYoungGen      total 14336K, used 1460K [0x00000000eab00000, 0x00000000ebb80000, 0x0000000100000000)
  eden space 12800K, 0% used [0x00000000eab00000,0x00000000eab00000,0x00000000eb780000)
  from space 1536K, 95% used [0x00000000eba00000,0x00000000ebb6d200,0x00000000ebb80000)
  to   space 2048K, 0% used [0x00000000eb780000,0x00000000eb780000,0x00000000eb980000)
 ParOldGen       total 350720K, used 350267K [0x00000000c0000000, 0x00000000d5680000, 0x00000000eab00000)
  object space 350720K, 99% used [0x00000000c0000000,0x00000000d560ef00,0x00000000d5680000)
 Metaspace       used 66572K, committed 68096K, reserved 1114112K
  class space    used 6817K, committed 7488K, reserved 1048576K
}
Event: 21.558 GC heap before
{Heap before GC invocations=1398 (full 4):
 PSYoungGen      total 14336K, used 14260K [0x00000000eab00000, 0x00000000ebb80000, 0x0000000100000000)
  eden space 12800K, 100% used [0x00000000eab00000,0x00000000eb780000,0x00000000eb780000)
  from space 1536K, 95% used [0x00000000eba00000,0x00000000ebb6d200,0x00000000ebb80000)
  to   space 2048K, 0% used [0x00000000eb780000,0x00000000eb780000,0x00000000eb980000)
 ParOldGen       total 350720K, used 350267K [0x00000000c0000000, 0x00000000d5680000, 0x00000000eab00000)
  object space 350720K, 99% used [0x00000000c0000000,0x00000000d560ef00,0x00000000d5680000)
 Metaspace       used 66990K, committed 68608K, reserved 1114112K
  class space    used 6852K, committed 7552K, reserved 1048576K
}
Event: 21.561 GC heap after
{Heap after GC invocations=1398 (full 4):
 PSYoungGen      total 14848K, used 2042K [0x00000000eab00000, 0x00000000ec580000, 0x0000000100000000)
  eden space 12800K, 0% used [0x00000000eab00000,0x00000000eab00000,0x00000000eb780000)
  from space 2048K, 99% used [0x00000000eb780000,0x00000000eb97ea00,0x00000000eb980000)
  to   space 7168K, 0% used [0x00000000ebe80000,0x00000000ebe80000,0x00000000ec580000)
 ParOldGen       total 354816K, used 354482K [0x00000000c0000000, 0x00000000d5a80000, 0x00000000eab00000)
  object space 354816K, 99% used [0x00000000c0000000,0x00000000d5a2cb18,0x00000000d5a80000)
 Metaspace       used 66990K, committed 68608K, reserved 1114112K
  class space    used 6852K, committed 7552K, reserved 1048576K
}
Event: 21.642 GC heap before
{Heap before GC invocations=1399 (full 4):
 PSYoungGen      total 14848K, used 14842K [0x00000000eab00000, 0x00000000ec580000, 0x0000000100000000)
  eden space 12800K, 99% used [0x00000000eab00000,0x00000000eb77ffc0,0x00000000eb780000)
  from space 2048K, 99% used [0x00000000eb780000,0x00000000eb97ea00,0x00000000eb980000)
  to   space 7168K, 0% used [0x00000000ebe80000,0x00000000ebe80000,0x00000000ec580000)
 ParOldGen       total 354816K, used 354482K [0x00000000c0000000, 0x00000000d5a80000, 0x00000000eab00000)
  object space 354816K, 99% used [0x00000000c0000000,0x00000000d5a2cb18,0x00000000d5a80000)
 Metaspace       used 67683K, committed 69312K, reserved 1114112K
  class space    used 6926K, committed 7680K, reserved 1048576K
}
Event: 21.645 GC heap after
{Heap after GC invocations=1399 (full 4):
 PSYoungGen      total 16896K, used 3619K [0x00000000eab00000, 0x00000000ec280000, 0x0000000100000000)
  eden space 12800K, 0% used [0x00000000eab00000,0x00000000eab00000,0x00000000eb780000)
  from space 4096K, 88% used [0x00000000ebe80000,0x00000000ec208ca8,0x00000000ec280000)
  to   space 4608K, 0% used [0x00000000eb980000,0x00000000eb980000,0x00000000ebe00000)
 ParOldGen       total 356864K, used 356353K [0x00000000c0000000, 0x00000000d5c80000, 0x00000000eab00000)
  object space 356864K, 99% used [0x00000000c0000000,0x00000000d5c00428,0x00000000d5c80000)
 Metaspace       used 67683K, committed 69312K, reserved 1114112K
  class space    used 6926K, committed 7680K, reserved 1048576K
}
Event: 21.867 GC heap before
{Heap before GC invocations=1400 (full 4):
 PSYoungGen      total 16896K, used 16419K [0x00000000eab00000, 0x00000000ec280000, 0x0000000100000000)
  eden space 12800K, 100% used [0x00000000eab00000,0x00000000eb780000,0x00000000eb780000)
  from space 4096K, 88% used [0x00000000ebe80000,0x00000000ec208ca8,0x00000000ec280000)
  to   space 4608K, 0% used [0x00000000eb980000,0x00000000eb980000,0x00000000ebe00000)
 ParOldGen       total 356864K, used 356353K [0x00000000c0000000, 0x00000000d5c80000, 0x00000000eab00000)
  object space 356864K, 99% used [0x00000000c0000000,0x00000000d5c00428,0x00000000d5c80000)
 Metaspace       used 68402K, committed 70080K, reserved 1114112K
  class space    used 6963K, committed 7744K, reserved 1048576K
}
Event: 21.869 GC heap after
{Heap after GC invocations=1400 (full 4):
 PSYoungGen      total 14848K, used 1828K [0x00000000eab00000, 0x00000000ebf00000, 0x0000000100000000)
  eden space 12800K, 0% used [0x00000000eab00000,0x00000000eab00000,0x00000000eb780000)
  from space 2048K, 89% used [0x00000000eb980000,0x00000000ebb49230,0x00000000ebb80000)
  to   space 3072K, 0% used [0x00000000ebc00000,0x00000000ebc00000,0x00000000ebf00000)
 ParOldGen       total 359936K, used 359772K [0x00000000c0000000, 0x00000000d5f80000, 0x00000000eab00000)
  object space 359936K, 99% used [0x00000000c0000000,0x00000000d5f57258,0x00000000d5f80000)
 Metaspace       used 68402K, committed 70080K, reserved 1114112K
  class space    used 6963K, committed 7744K, reserved 1048576K
}
Event: 23.992 GC heap before
{Heap before GC invocations=1401 (full 4):
 PSYoungGen      total 14848K, used 14584K [0x00000000eab00000, 0x00000000ebf00000, 0x0000000100000000)
  eden space 12800K, 99% used [0x00000000eab00000,0x00000000eb774e90,0x00000000eb780000)
  from space 2048K, 89% used [0x00000000eb980000,0x00000000ebb49230,0x00000000ebb80000)
  to   space 3072K, 0% used [0x00000000ebc00000,0x00000000ebc00000,0x00000000ebf00000)
 ParOldGen       total 359936K, used 359772K [0x00000000c0000000, 0x00000000d5f80000, 0x00000000eab00000)
  object space 359936K, 99% used [0x00000000c0000000,0x00000000d5f57258,0x00000000d5f80000)
 Metaspace       used 69476K, committed 71168K, reserved 1114112K
  class space    used 7082K, committed 7872K, reserved 1048576K
}
Event: 23.993 GC heap after
{Heap after GC invocations=1401 (full 4):
 PSYoungGen      total 13824K, used 656K [0x00000000eab00000, 0x00000000ebd00000, 0x0000000100000000)
  eden space 12800K, 0% used [0x00000000eab00000,0x00000000eab00000,0x00000000eb780000)
  from space 1024K, 64% used [0x00000000ebc00000,0x00000000ebca4010,0x00000000ebd00000)
  to   space 1536K, 0% used [0x00000000eba00000,0x00000000eba00000,0x00000000ebb80000)
 ParOldGen       total 361472K, used 361012K [0x00000000c0000000, 0x00000000d6100000, 0x00000000eab00000)
  object space 361472K, 99% used [0x00000000c0000000,0x00000000d608d278,0x00000000d6100000)
 Metaspace       used 69476K, committed 71168K, reserved 1114112K
  class space    used 7082K, committed 7872K, reserved 1048576K
}
Event: 24.092 GC heap before
{Heap before GC invocations=1402 (full 4):
 PSYoungGen      total 13824K, used 13444K [0x00000000eab00000, 0x00000000ebd00000, 0x0000000100000000)
  eden space 12800K, 99% used [0x00000000eab00000,0x00000000eb77d038,0x00000000eb780000)
  from space 1024K, 64% used [0x00000000ebc00000,0x00000000ebca4010,0x00000000ebd00000)
  to   space 1536K, 0% used [0x00000000eba00000,0x00000000eba00000,0x00000000ebb80000)
 ParOldGen       total 361472K, used 361012K [0x00000000c0000000, 0x00000000d6100000, 0x00000000eab00000)
  object space 361472K, 99% used [0x00000000c0000000,0x00000000d608d278,0x00000000d6100000)
 Metaspace       used 69600K, committed 71232K, reserved 1114112K
  class space    used 7100K, committed 7872K, reserved 1048576K
}
Event: 24.093 GC heap after
{Heap after GC invocations=1402 (full 4):
 PSYoungGen      total 14336K, used 491K [0x00000000eab00000, 0x00000000ebc80000, 0x0000000100000000)
  eden space 12800K, 0% used [0x00000000eab00000,0x00000000eab00000,0x00000000eb780000)
  from space 1536K, 32% used [0x00000000eba00000,0x00000000eba7ae98,0x00000000ebb80000)
  to   space 1024K, 0% used [0x00000000ebb80000,0x00000000ebb80000,0x00000000ebc80000)
 ParOldGen       total 361472K, used 361404K [0x00000000c0000000, 0x00000000d6100000, 0x00000000eab00000)
  object space 361472K, 99% used [0x00000000c0000000,0x00000000d60ef288,0x00000000d6100000)
 Metaspace       used 69600K, committed 71232K, reserved 1114112K
  class space    used 7100K, committed 7872K, reserved 1048576K
}
Event: 24.225 GC heap before
{Heap before GC invocations=1403 (full 4):
 PSYoungGen      total 14336K, used 13291K [0x00000000eab00000, 0x00000000ebc80000, 0x0000000100000000)
  eden space 12800K, 100% used [0x00000000eab00000,0x00000000eb780000,0x00000000eb780000)
  from space 1536K, 32% used [0x00000000eba00000,0x00000000eba7ae98,0x00000000ebb80000)
  to   space 1024K, 0% used [0x00000000ebb80000,0x00000000ebb80000,0x00000000ebc80000)
 ParOldGen       total 361472K, used 361404K [0x00000000c0000000, 0x00000000d6100000, 0x00000000eab00000)
  object space 361472K, 99% used [0x00000000c0000000,0x00000000d60ef288,0x00000000d6100000)
 Metaspace       used 71384K, committed 73088K, reserved 1179648K
  class space    used 7309K, committed 8064K, reserved 1048576K
}
Event: 24.226 GC heap after
{Heap after GC invocations=1403 (full 4):
 PSYoungGen      total 13824K, used 561K [0x00000000eab00000, 0x00000000ebc80000, 0x0000000100000000)
  eden space 12800K, 0% used [0x00000000eab00000,0x00000000eab00000,0x00000000eb780000)
  from space 1024K, 54% used [0x00000000ebb80000,0x00000000ebc0c5d0,0x00000000ebc80000)
  to   space 1024K, 0% used [0x00000000eba80000,0x00000000eba80000,0x00000000ebb80000)
 ParOldGen       total 361984K, used 361532K [0x00000000c0000000, 0x00000000d6180000, 0x00000000eab00000)
  object space 361984K, 99% used [0x00000000c0000000,0x00000000d610f288,0x00000000d6180000)
 Metaspace       used 71384K, committed 73088K, reserved 1179648K
  class space    used 7309K, committed 8064K, reserved 1048576K
}
Event: 31.163 GC heap before
{Heap before GC invocations=1404 (full 4):
 PSYoungGen      total 13824K, used 13361K [0x00000000eab00000, 0x00000000ebc80000, 0x0000000100000000)
  eden space 12800K, 100% used [0x00000000eab00000,0x00000000eb780000,0x00000000eb780000)
  from space 1024K, 54% used [0x00000000ebb80000,0x00000000ebc0c5d0,0x00000000ebc80000)
  to   space 1024K, 0% used [0x00000000eba80000,0x00000000eba80000,0x00000000ebb80000)
 ParOldGen       total 361984K, used 361532K [0x00000000c0000000, 0x00000000d6180000, 0x00000000eab00000)
  object space 361984K, 99% used [0x00000000c0000000,0x00000000d610f288,0x00000000d6180000)
 Metaspace       used 72630K, committed 74368K, reserved 1179648K
  class space    used 7507K, committed 8320K, reserved 1048576K
}
Event: 31.167 GC heap after
{Heap after GC invocations=1404 (full 4):
 PSYoungGen      total 13824K, used 1008K [0x00000000eab00000, 0x00000000ebc00000, 0x0000000100000000)
  eden space 12800K, 0% used [0x00000000eab00000,0x00000000eab00000,0x00000000eb780000)
  from space 1024K, 98% used [0x00000000eba80000,0x00000000ebb7c020,0x00000000ebb80000)
  to   space 512K, 0% used [0x00000000ebb80000,0x00000000ebb80000,0x00000000ebc00000)
 ParOldGen       total 361984K, used 361934K [0x00000000c0000000, 0x00000000d6180000, 0x00000000eab00000)
  object space 361984K, 99% used [0x00000000c0000000,0x00000000d6173888,0x00000000d6180000)
 Metaspace       used 72630K, committed 74368K, reserved 1179648K
  class space    used 7507K, committed 8320K, reserved 1048576K
}

Dll operation events (11 events):
Event: 0.008 Loaded shared library c:\Users\MSI\.vscode\extensions\redhat.java-1.41.1-win32-x64\jre\21.0.6-win32-x86_64\bin\java.dll
Event: 0.028 Loaded shared library c:\Users\MSI\.vscode\extensions\redhat.java-1.41.1-win32-x64\jre\21.0.6-win32-x86_64\bin\zip.dll
Event: 0.089 Loaded shared library C:\Users\MSI\.vscode\extensions\redhat.java-1.41.1-win32-x64\jre\21.0.6-win32-x86_64\bin\instrument.dll
Event: 0.096 Loaded shared library C:\Users\MSI\.vscode\extensions\redhat.java-1.41.1-win32-x64\jre\21.0.6-win32-x86_64\bin\net.dll
Event: 0.098 Loaded shared library C:\Users\MSI\.vscode\extensions\redhat.java-1.41.1-win32-x64\jre\21.0.6-win32-x86_64\bin\nio.dll
Event: 0.102 Loaded shared library C:\Users\MSI\.vscode\extensions\redhat.java-1.41.1-win32-x64\jre\21.0.6-win32-x86_64\bin\zip.dll
Event: 0.121 Loaded shared library C:\Users\MSI\.vscode\extensions\redhat.java-1.41.1-win32-x64\jre\21.0.6-win32-x86_64\bin\jimage.dll
Event: 0.204 Loaded shared library c:\Users\MSI\.vscode\extensions\redhat.java-1.41.1-win32-x64\jre\21.0.6-win32-x86_64\bin\verify.dll
Event: 1.040 Loaded shared library C:\Users\MSI\AppData\Roaming\Code\User\globalStorage\redhat.java\1.41.1\config_win\org.eclipse.equinox.launcher\org.eclipse.equinox.launcher.win32.win32.x86_64_1.2.1300.v20250331-1702\eclipse_11911.dll
Event: 2.302 Loaded shared library C:\Users\MSI\AppData\Local\Temp\jna-76643\jna6011444836462053455.dll
Event: 24.118 Loaded shared library C:\Users\MSI\.vscode\extensions\redhat.java-1.41.1-win32-x64\jre\21.0.6-win32-x86_64\bin\extnet.dll

Deoptimization events (20 events):
Event: 31.160 Thread 0x000001658d8fed30 Uncommon trap: trap_request=0xffffff45 fr.pc=0x00000165424500a0 relative=0x00000000000002a0
Event: 31.160 Thread 0x000001658d8fed30 Uncommon trap: reason=unstable_if action=reinterpret pc=0x00000165424500a0 method=java.io.BufferedOutputStream.implWrite(I)V @ 14 c2
Event: 31.160 Thread 0x000001658d8fed30 DEOPT PACKING pc=0x00000165424500a0 sp=0x00000008766fece0
Event: 31.160 Thread 0x000001658d8fed30 DEOPT UNPACKING pc=0x00000165412b3aa2 sp=0x00000008766fec10 mode 2
Event: 31.170 Thread 0x000001658d8fed30 Uncommon trap: trap_request=0xffffff45 fr.pc=0x000001654245092c relative=0x000000000000010c
Event: 31.170 Thread 0x000001658d8fed30 Uncommon trap: reason=unstable_if action=reinterpret pc=0x000001654245092c method=java.io.BufferedOutputStream.implWrite(I)V @ 14 c2
Event: 31.170 Thread 0x000001658d8fed30 DEOPT PACKING pc=0x000001654245092c sp=0x00000008766fecf0
Event: 31.170 Thread 0x000001658d8fed30 DEOPT UNPACKING pc=0x00000165412b3aa2 sp=0x00000008766fec88 mode 2
Event: 31.323 Thread 0x00000165a3bc4f90 Uncommon trap: trap_request=0xffffffc6 fr.pc=0x00000165420afa90 relative=0x00000000000001b0
Event: 31.323 Thread 0x00000165a3bc4f90 Uncommon trap: reason=bimorphic_or_optimized_type_check action=maybe_recompile pc=0x00000165420afa90 method=java.util.stream.ReduceOps$ReduceOp.evaluateSequential(Ljava/util/stream/PipelineHelper;Ljava/util/Spliterator;)Ljava/lang/Object; @ 2 c2
Event: 31.323 Thread 0x00000165a3bc4f90 DEOPT PACKING pc=0x00000165420afa90 sp=0x000000087c6fe6d0
Event: 31.324 Thread 0x00000165a3bc4f90 DEOPT UNPACKING pc=0x00000165412b3aa2 sp=0x000000087c6fe650 mode 2
Event: 31.357 Thread 0x00000165a3bc4f90 Uncommon trap: trap_request=0xffffffde fr.pc=0x00000165421cc718 relative=0x0000000000000078
Event: 31.358 Thread 0x00000165a3bc4f90 Uncommon trap: reason=class_check action=maybe_recompile pc=0x00000165421cc718 method=java.util.LinkedHashMap.afterNodeInsertion(Z)V @ 15 c2
Event: 31.358 Thread 0x00000165a3bc4f90 DEOPT PACKING pc=0x00000165421cc718 sp=0x000000087c6fe980
Event: 31.358 Thread 0x00000165a3bc4f90 DEOPT UNPACKING pc=0x00000165412b3aa2 sp=0x000000087c6fe8f8 mode 2
Event: 31.363 Thread 0x000001659589a560 Uncommon trap: trap_request=0xffffffde fr.pc=0x0000016541dda0c4 relative=0x0000000000000284
Event: 31.363 Thread 0x000001659589a560 Uncommon trap: reason=class_check action=maybe_recompile pc=0x0000016541dda0c4 method=java.nio.ByteBuffer.getArray(I[BII)Ljava/nio/ByteBuffer; @ 49 c2
Event: 31.363 Thread 0x000001659589a560 DEOPT PACKING pc=0x0000016541dda0c4 sp=0x00000008786fe520
Event: 31.363 Thread 0x000001659589a560 DEOPT UNPACKING pc=0x00000165412b3aa2 sp=0x00000008786fe4c0 mode 2

Classes loaded (20 events):
Event: 25.219 Loading class java/util/concurrent/ScheduledThreadPoolExecutor$DelayedWorkQueue$Itr
Event: 25.220 Loading class java/util/concurrent/ScheduledThreadPoolExecutor$DelayedWorkQueue$Itr done
Event: 25.261 Loading class java/util/stream/IntPipeline$1
Event: 25.261 Loading class java/util/stream/IntPipeline$1 done
Event: 25.261 Loading class java/util/stream/IntPipeline$1$1
Event: 25.261 Loading class java/util/stream/Sink$ChainedInt
Event: 25.261 Loading class java/util/stream/Sink$ChainedInt done
Event: 25.261 Loading class java/util/stream/IntPipeline$1$1 done
Event: 25.311 Loading class java/lang/ProcessHandleImpl$ExitCompletion
Event: 25.312 Loading class java/lang/ProcessHandleImpl$ExitCompletion done
Event: 25.312 Loading class java/lang/ProcessHandleImpl$1
Event: 25.312 Loading class java/lang/ProcessHandleImpl$1 done
Event: 25.312 Loading class java/util/concurrent/CompletableFuture$UniHandle
Event: 25.312 Loading class java/util/concurrent/CompletableFuture$UniHandle done
Event: 31.246 Loading class sun/nio/cs/ISO_8859_1$Encoder
Event: 31.246 Loading class sun/nio/cs/ISO_8859_1$Encoder done
Event: 31.250 Loading class sun/nio/cs/Surrogate$Parser
Event: 31.250 Loading class sun/nio/cs/Surrogate$Parser done
Event: 31.250 Loading class sun/nio/cs/Surrogate
Event: 31.250 Loading class sun/nio/cs/Surrogate done

Classes unloaded (11 events):
Event: 2.853 Thread 0x0000016536cde4c0 Unloading class 0x000001654c194800 'java/lang/invoke/LambdaForm$MH+0x000001654c194800'
Event: 2.853 Thread 0x0000016536cde4c0 Unloading class 0x000001654c194400 'java/lang/invoke/LambdaForm$MH+0x000001654c194400'
Event: 2.853 Thread 0x0000016536cde4c0 Unloading class 0x000001654c194000 'java/lang/invoke/LambdaForm$MH+0x000001654c194000'
Event: 2.853 Thread 0x0000016536cde4c0 Unloading class 0x000001654c193c00 'java/lang/invoke/LambdaForm$MH+0x000001654c193c00'
Event: 2.853 Thread 0x0000016536cde4c0 Unloading class 0x000001654c193800 'java/lang/invoke/LambdaForm$BMH+0x000001654c193800'
Event: 2.853 Thread 0x0000016536cde4c0 Unloading class 0x000001654c193400 'java/lang/invoke/LambdaForm$DMH+0x000001654c193400'
Event: 2.853 Thread 0x0000016536cde4c0 Unloading class 0x000001654c192400 'java/lang/invoke/LambdaForm$DMH+0x000001654c192400'
Event: 19.582 Thread 0x0000016536cde4c0 Unloading class 0x000001654c670c00 'java/lang/invoke/LambdaForm$DMH+0x000001654c670c00'
Event: 19.582 Thread 0x0000016536cde4c0 Unloading class 0x000001654c670800 'java/lang/invoke/LambdaForm$DMH+0x000001654c670800'
Event: 19.582 Thread 0x0000016536cde4c0 Unloading class 0x000001654c670400 'java/lang/invoke/LambdaForm$DMH+0x000001654c670400'
Event: 19.582 Thread 0x0000016536cde4c0 Unloading class 0x000001654c670000 'java/lang/invoke/LambdaForm$DMH+0x000001654c670000'

Classes redefined (0 events):
No events

Internal exceptions (20 events):
Event: 23.988 Thread 0x00000165a3bc4f90 Exception <a 'sun/nio/fs/WindowsException'{0x00000000eb6fb9d0}> (0x00000000eb6fb9d0) 
thrown [s\src\hotspot\share\prims\jni.cpp, line 520]
Event: 23.988 Thread 0x00000165a3bc4f90 Exception <a 'sun/nio/fs/WindowsException'{0x00000000eb6fc2b0}> (0x00000000eb6fc2b0) 
thrown [s\src\hotspot\share\prims\jni.cpp, line 520]
Event: 23.988 Thread 0x00000165a3bc4f90 Exception <a 'sun/nio/fs/WindowsException'{0x00000000eb6fda28}> (0x00000000eb6fda28) 
thrown [s\src\hotspot\share\prims\jni.cpp, line 520]
Event: 23.988 Thread 0x00000165a3bc4f90 Exception <a 'sun/nio/fs/WindowsException'{0x00000000eb6fe058}> (0x00000000eb6fe058) 
thrown [s\src\hotspot\share\prims\jni.cpp, line 520]
Event: 23.990 Thread 0x00000165a3bc4f90 Exception <a 'sun/nio/fs/WindowsException'{0x00000000eb71c3a0}> (0x00000000eb71c3a0) 
thrown [s\src\hotspot\share\prims\jni.cpp, line 520]
Event: 23.990 Thread 0x00000165a3bc4f90 Exception <a 'sun/nio/fs/WindowsException'{0x00000000eb71cc80}> (0x00000000eb71cc80) 
thrown [s\src\hotspot\share\prims\jni.cpp, line 520]
Event: 24.137 Thread 0x000001659589a560 Exception <a 'java/io/FileNotFoundException'{0x00000000ead51038}> (0x00000000ead51038) 
thrown [s\src\hotspot\share\prims\jni.cpp, line 520]
Event: 24.262 Thread 0x000001659589a560 Exception <a 'java/lang/NoSuchMethodError'{0x00000000eaf6ad68}: 'java.lang.Object java.lang.invoke.DirectMethodHandle$Holder.invokeVirtual(java.lang.Object, java.lang.Object, java.lang.Object, java.lang.Object)'> (0x00000000eaf6ad68) 
thrown [s\src\hotspot\share\interpreter\linkResolver.cpp, line 773]
Event: 24.290 Thread 0x0000016595897770 Exception <a 'java/lang/NoSuchMethodError'{0x00000000eb375f90}: 'java.lang.Object java.lang.invoke.DirectMethodHandle$Holder.invokeStatic(java.lang.Object, long, java.lang.Object, java.lang.Object)'> (0x00000000eb375f90) 
thrown [s\src\hotspot\share\interpreter\linkResolver.cpp, line 773]
Event: 24.300 Thread 0x0000016595897770 Exception <a 'sun/nio/fs/WindowsException'{0x00000000eb417e80}> (0x00000000eb417e80) 
thrown [s\src\hotspot\share\prims\jni.cpp, line 520]
Event: 24.300 Thread 0x0000016595897770 Exception <a 'sun/nio/fs/WindowsException'{0x00000000eb418eb8}> (0x00000000eb418eb8) 
thrown [s\src\hotspot\share\prims\jni.cpp, line 520]
Event: 24.310 Thread 0x0000016595897770 Exception <a 'java/lang/NoSuchMethodError'{0x00000000eb48de30}: 'void java.lang.invoke.DirectMethodHandle$Holder.invokeStatic(java.lang.Object, java.lang.Object, java.lang.Object, java.lang.Object, java.lang.Object, java.lang.Object, java.lang.Object)'> (0x00000000eb48de30) 
thrown [s\src\hotspot\share\interpreter\linkResolver.cpp, line 773]
Event: 25.239 Thread 0x0000016598465ce0 Exception <a 'java/lang/NoSuchMethodError'{0x00000000eb4cbc70}: 'long java.lang.invoke.DelegatingMethodHandle$Holder.reinvoke_L(java.lang.Object, java.lang.Object)'> (0x00000000eb4cbc70) 
thrown [s\src\hotspot\share\interpreter\linkResolver.cpp, line 773]
Event: 25.239 Thread 0x0000016598465ce0 Exception <a 'java/lang/NoSuchMethodError'{0x00000000eb4d5ef0}: 'void java.lang.invoke.DelegatingMethodHandle$Holder.reinvoke_L(java.lang.Object, java.lang.Object, long)'> (0x00000000eb4d5ef0) 
thrown [s\src\hotspot\share\interpreter\linkResolver.cpp, line 773]
Event: 25.313 Thread 0x0000016598465ce0 Exception <a 'java/lang/NoSuchMethodError'{0x00000000eb59aab8}: 'long java.lang.invoke.Invokers$Holder.invokeExact_MT(java.lang.Object, java.lang.Object, java.lang.Object)'> (0x00000000eb59aab8) 
thrown [s\src\hotspot\share\interpreter\linkResolver.cpp, line 773]
Event: 30.930 Thread 0x000001658d8fed30 Implicit null exception at 0x0000016541f9c745 to 0x0000016541f9ca5e
Event: 31.316 Thread 0x0000016594d4dc30 Exception <a 'java/lang/IncompatibleClassChangeError'{0x00000000eabecad8}: Found class java.lang.Object, but interface was expected> (0x00000000eabecad8) 
thrown [s\src\hotspot\share\interpreter\linkResolver.cpp, line 840]
Event: 31.335 Thread 0x00000165a3bc1b10 Exception <a 'java/lang/NoSuchMethodError'{0x00000000eae6a2c0}: 'java.lang.Object java.lang.invoke.DirectMethodHandle$Holder.newInvokeSpecial(java.lang.Object, java.lang.Object, java.lang.Object, java.lang.Object, int)'> (0x00000000eae6a2c0) 
thrown [s\src\hotspot\share\interpreter\linkResolver.cpp, line 773]
Event: 31.336 Thread 0x00000165a3bc1b10 Exception <a 'java/lang/NoSuchMethodError'{0x00000000eae6e878}: 'java.lang.Object java.lang.invoke.DirectMethodHandle$Holder.invokeSpecial(java.lang.Object, java.lang.Object, java.lang.Object, java.lang.Object, java.lang.Object, int)'> (0x00000000eae6e878) 
thrown [s\src\hotspot\share\interpreter\linkResolver.cpp, line 773]
Event: 31.336 Thread 0x00000165a3bc1b10 Exception <a 'java/lang/NoSuchMethodError'{0x00000000eae72520}: 'java.lang.Object java.lang.invoke.Invokers$Holder.linkToTargetMethod(java.lang.Object, java.lang.Object, java.lang.Object, int, java.lang.Object)'> (0x00000000eae72520) 
thrown [s\src\hotspot\share\interpreter\linkResolver.cpp, line 773]

ZGC Phase Switch (0 events):
No events

VM Operations (20 events):
Event: 24.253 Executing VM operation: HandshakeAllThreads (Deoptimize) done
Event: 24.255 Executing VM operation: HandshakeAllThreads (Deoptimize)
Event: 24.255 Executing VM operation: HandshakeAllThreads (Deoptimize) done
Event: 24.287 Executing VM operation: HandshakeAllThreads (Deoptimize)
Event: 24.287 Executing VM operation: HandshakeAllThreads (Deoptimize) done
Event: 24.303 Executing VM operation: HandshakeAllThreads (Deoptimize)
Event: 24.303 Executing VM operation: HandshakeAllThreads (Deoptimize) done
Event: 24.305 Executing VM operation: HandshakeAllThreads (Deoptimize)
Event: 24.305 Executing VM operation: HandshakeAllThreads (Deoptimize) done
Event: 24.308 Executing VM operation: HandshakeAllThreads (Deoptimize)
Event: 24.309 Executing VM operation: HandshakeAllThreads (Deoptimize) done
Event: 25.313 Executing VM operation: Cleanup
Event: 25.313 Executing VM operation: Cleanup done
Event: 26.316 Executing VM operation: Cleanup
Event: 26.316 Executing VM operation: Cleanup done
Event: 31.163 Executing VM operation: ParallelGCFailedAllocation (Allocation Failure)
Event: 31.167 Executing VM operation: ParallelGCFailedAllocation (Allocation Failure) done
Event: 31.249 Executing VM operation: HandshakeAllThreads (Deoptimize)
Event: 31.250 Executing VM operation: HandshakeAllThreads (Deoptimize) done
Event: 32.251 Executing VM operation: Cleanup

Memory protections (0 events):
No events

Nmethod flushes (20 events):
Event: 19.602 Thread 0x0000016536cde4c0 flushing  nmethod 0x000001653b1b1710
Event: 19.602 Thread 0x0000016536cde4c0 flushing  nmethod 0x000001653b1bba10
Event: 19.602 Thread 0x0000016536cde4c0 flushing  nmethod 0x000001653b1e8710
Event: 19.602 Thread 0x0000016536cde4c0 flushing  nmethod 0x000001653b1f8e90
Event: 19.602 Thread 0x0000016536cde4c0 flushing  nmethod 0x000001653b201610
Event: 19.602 Thread 0x0000016536cde4c0 flushing osr nmethod 0x000001653b201e90
Event: 19.602 Thread 0x0000016536cde4c0 flushing  nmethod 0x000001653b20ed90
Event: 19.602 Thread 0x0000016536cde4c0 flushing  nmethod 0x000001653b219990
Event: 19.602 Thread 0x0000016536cde4c0 flushing  nmethod 0x000001653b249b90
Event: 19.602 Thread 0x0000016536cde4c0 flushing  nmethod 0x000001653b24b610
Event: 19.602 Thread 0x0000016536cde4c0 flushing  nmethod 0x000001653b24bb10
Event: 19.602 Thread 0x0000016536cde4c0 flushing  nmethod 0x000001653b2b0e10
Event: 19.602 Thread 0x0000016536cde4c0 flushing  nmethod 0x000001653b2b1690
Event: 19.602 Thread 0x0000016536cde4c0 flushing  nmethod 0x000001653b2c6e10
Event: 19.602 Thread 0x0000016536cde4c0 flushing  nmethod 0x000001653b2d8910
Event: 19.602 Thread 0x0000016536cde4c0 flushing  nmethod 0x000001653b2db090
Event: 19.602 Thread 0x0000016536cde4c0 flushing  nmethod 0x000001653b2dbc10
Event: 19.602 Thread 0x0000016536cde4c0 flushing  nmethod 0x000001653b2dde10
Event: 19.602 Thread 0x0000016536cde4c0 flushing  nmethod 0x000001653b33ca10
Event: 19.602 Thread 0x0000016536cde4c0 flushing  nmethod 0x000001653b357890

Events (20 events):
Event: 24.207 Thread 0x000001659589a560 Thread added: 0x0000016595898b20
Event: 24.210 Thread 0x000001659589a560 Thread added: 0x000001659589abf0
Event: 24.288 Thread 0x000001659589a560 Thread added: 0x0000016595897770
Event: 24.309 Thread 0x0000016595897770 Thread added: 0x0000016595897e00
Event: 25.238 Thread 0x00000165a1f0e940 Thread exited: 0x00000165a1f0e940
Event: 25.238 Thread 0x00000165a1f10480 Thread exited: 0x00000165a1f10480
Event: 25.238 Thread 0x00000165a1f0b2c0 Thread exited: 0x00000165a1f0b2c0
Event: 25.238 Thread 0x00000165a1f0d4d0 Thread exited: 0x00000165a1f0d4d0
Event: 25.238 Thread 0x000001659589a560 Thread added: 0x0000016598465ce0
Event: 25.238 Thread 0x0000016595897e00 Thread exited: 0x0000016595897e00
Event: 25.312 Thread 0x0000016598465ce0 Thread added: 0x0000016598466370
Event: 25.314 Thread 0x0000016598465ce0 Thread exited: 0x0000016598465ce0
Event: 25.337 Thread 0x00000165a3bc00d0 Thread exited: 0x00000165a3bc00d0
Event: 30.925 Thread 0x000001658d7fd370 Thread added: 0x0000016593d4cbc0
Event: 30.925 Thread 0x000001658d7fd370 Thread added: 0x0000016593d50240
Event: 31.146 Thread 0x0000016593d50240 Thread added: 0x0000016593d4fb70
Event: 31.146 Thread 0x0000016593d50240 Thread added: 0x0000016593d4e030
Event: 31.146 Thread 0x0000016593d50240 Thread added: 0x0000016593d4e700
Event: 31.147 Thread 0x0000016593d50240 Thread added: 0x00000165a1f0a520
Event: 31.324 Thread 0x00000165a1f0a520 Thread exited: 0x00000165a1f0a520


Dynamic libraries:
0x00007ff7f1450000 - 0x00007ff7f145e000 	c:\Users\MSI\.vscode\extensions\redhat.java-1.41.1-win32-x64\jre\21.0.6-win32-x86_64\bin\java.exe
0x00007ff871220000 - 0x00007ff871486000 	C:\WINDOWS\SYSTEM32\ntdll.dll
0x00007ff8710e0000 - 0x00007ff8711a9000 	C:\WINDOWS\System32\KERNEL32.DLL
0x00007ff86e3b0000 - 0x00007ff86e77c000 	C:\WINDOWS\System32\KERNELBASE.dll
0x00007ff86e8c0000 - 0x00007ff86ea0b000 	C:\WINDOWS\System32\ucrtbase.dll
0x00007ff8630e0000 - 0x00007ff8630f8000 	c:\Users\MSI\.vscode\extensions\redhat.java-1.41.1-win32-x64\jre\21.0.6-win32-x86_64\bin\jli.dll
0x00007ff852180000 - 0x00007ff85219e000 	c:\Users\MSI\.vscode\extensions\redhat.java-1.41.1-win32-x64\jre\21.0.6-win32-x86_64\bin\VCRUNTIME140.dll
0x00007ff86f000000 - 0x00007ff86f1ca000 	C:\WINDOWS\System32\USER32.dll
0x00007ff859530000 - 0x00007ff8597ca000 	C:\WINDOWS\WinSxS\amd64_microsoft.windows.common-controls_6595b64144ccf1df_6.0.26100.3912_none_3e07963ce335137e\COMCTL32.dll
0x00007ff86ec30000 - 0x00007ff86ec57000 	C:\WINDOWS\System32\win32u.dll
0x00007ff871020000 - 0x00007ff8710c9000 	C:\WINDOWS\System32\msvcrt.dll
0x00007ff870790000 - 0x00007ff8707bb000 	C:\WINDOWS\System32\GDI32.dll
0x00007ff86e780000 - 0x00007ff86e8b2000 	C:\WINDOWS\System32\gdi32full.dll
0x00007ff86eea0000 - 0x00007ff86ef43000 	C:\WINDOWS\System32\msvcp_win.dll
0x00007ff870680000 - 0x00007ff8706b0000 	C:\WINDOWS\System32\IMM32.DLL
0x00007ff8659c0000 - 0x00007ff8659cc000 	c:\Users\MSI\.vscode\extensions\redhat.java-1.41.1-win32-x64\jre\21.0.6-win32-x86_64\bin\vcruntime140_1.dll
0x00007ff83ace0000 - 0x00007ff83ad6d000 	c:\Users\MSI\.vscode\extensions\redhat.java-1.41.1-win32-x64\jre\21.0.6-win32-x86_64\bin\msvcp140.dll
0x00007ff802e10000 - 0x00007ff803ba0000 	c:\Users\MSI\.vscode\extensions\redhat.java-1.41.1-win32-x64\jre\21.0.6-win32-x86_64\bin\server\jvm.dll
0x00007ff8706c0000 - 0x00007ff870772000 	C:\WINDOWS\System32\ADVAPI32.dll
0x00007ff870360000 - 0x00007ff870406000 	C:\WINDOWS\System32\sechost.dll
0x00007ff86fa10000 - 0x00007ff86fb26000 	C:\WINDOWS\System32\RPCRT4.dll
0x00007ff86fbe0000 - 0x00007ff86fc54000 	C:\WINDOWS\System32\WS2_32.dll
0x00007ff86e200000 - 0x00007ff86e25e000 	C:\WINDOWS\SYSTEM32\POWRPROF.dll
0x00007ff868490000 - 0x00007ff86849b000 	C:\WINDOWS\SYSTEM32\VERSION.dll
0x00007ff868450000 - 0x00007ff868486000 	C:\WINDOWS\SYSTEM32\WINMM.dll
0x00007ff86e1e0000 - 0x00007ff86e1f4000 	C:\WINDOWS\SYSTEM32\UMPDC.dll
0x00007ff86d170000 - 0x00007ff86d18a000 	C:\WINDOWS\SYSTEM32\kernel.appcore.dll
0x00007ff85e9d0000 - 0x00007ff85e9da000 	c:\Users\MSI\.vscode\extensions\redhat.java-1.41.1-win32-x64\jre\21.0.6-win32-x86_64\bin\jimage.dll
0x00007ff861e90000 - 0x00007ff8620d1000 	C:\WINDOWS\SYSTEM32\DBGHELP.DLL
0x00007ff870b20000 - 0x00007ff870ea4000 	C:\WINDOWS\System32\combase.dll
0x00007ff86fc60000 - 0x00007ff86fd40000 	C:\WINDOWS\System32\OLEAUT32.dll
0x00007ff857ea0000 - 0x00007ff857ed9000 	C:\WINDOWS\SYSTEM32\dbgcore.DLL
0x00007ff86ea10000 - 0x00007ff86eaa9000 	C:\WINDOWS\System32\bcryptPrimitives.dll
0x00007ff85e330000 - 0x00007ff85e33f000 	c:\Users\MSI\.vscode\extensions\redhat.java-1.41.1-win32-x64\jre\21.0.6-win32-x86_64\bin\instrument.dll
0x00007ff84f490000 - 0x00007ff84f4af000 	c:\Users\MSI\.vscode\extensions\redhat.java-1.41.1-win32-x64\jre\21.0.6-win32-x86_64\bin\java.dll
0x00007ff86f260000 - 0x00007ff86f98d000 	C:\WINDOWS\System32\SHELL32.dll
0x00007ff86eab0000 - 0x00007ff86ec24000 	C:\WINDOWS\System32\wintypes.dll
0x00007ff86c000000 - 0x00007ff86c856000 	C:\WINDOWS\SYSTEM32\windows.storage.dll
0x00007ff870a20000 - 0x00007ff870b0f000 	C:\WINDOWS\System32\SHCORE.dll
0x00007ff86f9a0000 - 0x00007ff86fa09000 	C:\WINDOWS\System32\shlwapi.dll
0x00007ff86e2c0000 - 0x00007ff86e2ef000 	C:\WINDOWS\SYSTEM32\profapi.dll
0x00007ff84ebe0000 - 0x00007ff84ebf8000 	c:\Users\MSI\.vscode\extensions\redhat.java-1.41.1-win32-x64\jre\21.0.6-win32-x86_64\bin\zip.dll
0x00007ff85e270000 - 0x00007ff85e280000 	C:\Users\MSI\.vscode\extensions\redhat.java-1.41.1-win32-x64\jre\21.0.6-win32-x86_64\bin\net.dll
0x00007ff865e70000 - 0x00007ff865f8e000 	C:\WINDOWS\SYSTEM32\WINHTTP.dll
0x00007ff86d6e0000 - 0x00007ff86d74a000 	C:\WINDOWS\system32\mswsock.dll
0x00007ff849210000 - 0x00007ff849226000 	C:\Users\MSI\.vscode\extensions\redhat.java-1.41.1-win32-x64\jre\21.0.6-win32-x86_64\bin\nio.dll
0x00007ff85e030000 - 0x00007ff85e040000 	c:\Users\MSI\.vscode\extensions\redhat.java-1.41.1-win32-x64\jre\21.0.6-win32-x86_64\bin\verify.dll
0x00007ff8354f0000 - 0x00007ff835535000 	C:\Users\MSI\AppData\Roaming\Code\User\globalStorage\redhat.java\1.41.1\config_win\org.eclipse.equinox.launcher\org.eclipse.equinox.launcher.win32.win32.x86_64_1.2.1300.v20250331-1702\eclipse_11911.dll
0x00007ff870410000 - 0x00007ff8705af000 	C:\WINDOWS\System32\ole32.dll
0x00007ff86d980000 - 0x00007ff86d99c000 	C:\WINDOWS\SYSTEM32\CRYPTSP.dll
0x00007ff86d0d0000 - 0x00007ff86d10a000 	C:\WINDOWS\system32\rsaenh.dll
0x00007ff86d780000 - 0x00007ff86d7ab000 	C:\WINDOWS\SYSTEM32\USERENV.dll
0x00007ff86e290000 - 0x00007ff86e2b6000 	C:\WINDOWS\SYSTEM32\bcrypt.dll
0x00007ff86d9a0000 - 0x00007ff86d9ac000 	C:\WINDOWS\SYSTEM32\CRYPTBASE.dll
0x00007ff86cbc0000 - 0x00007ff86cbf3000 	C:\WINDOWS\SYSTEM32\IPHLPAPI.DLL
0x00007ff870610000 - 0x00007ff87061a000 	C:\WINDOWS\System32\NSI.dll
0x00007ff83e290000 - 0x00007ff83e2d9000 	C:\Users\MSI\AppData\Local\Temp\jna-76643\jna6011444836462053455.dll
0x00007ff870780000 - 0x00007ff870788000 	C:\WINDOWS\System32\PSAPI.DLL
0x00007ff8660a0000 - 0x00007ff8660bf000 	C:\WINDOWS\SYSTEM32\dhcpcsvc6.DLL
0x00007ff866050000 - 0x00007ff866075000 	C:\WINDOWS\SYSTEM32\dhcpcsvc.DLL
0x00007ff85dd10000 - 0x00007ff85dd19000 	C:\Users\MSI\.vscode\extensions\redhat.java-1.41.1-win32-x64\jre\21.0.6-win32-x86_64\bin\extnet.dll

dbghelp: loaded successfully - version: 4.0.5 - missing functions: none
symbol engine: initialized successfully - sym options: 0x614 - pdb path: .;c:\Users\MSI\.vscode\extensions\redhat.java-1.41.1-win32-x64\jre\21.0.6-win32-x86_64\bin;C:\WINDOWS\SYSTEM32;C:\WINDOWS\WinSxS\amd64_microsoft.windows.common-controls_6595b64144ccf1df_6.0.26100.3912_none_3e07963ce335137e;c:\Users\MSI\.vscode\extensions\redhat.java-1.41.1-win32-x64\jre\21.0.6-win32-x86_64\bin\server;C:\Users\MSI\AppData\Roaming\Code\User\globalStorage\redhat.java\1.41.1\config_win\org.eclipse.equinox.launcher\org.eclipse.equinox.launcher.win32.win32.x86_64_1.2.1300.v20250331-1702;C:\Users\MSI\AppData\Local\Temp\jna-76643

VM Arguments:
jvm_args: --add-modules=ALL-SYSTEM --add-opens=java.base/java.util=ALL-UNNAMED --add-opens=java.base/java.lang=ALL-UNNAMED --add-opens=java.base/sun.nio.fs=ALL-UNNAMED -Declipse.application=org.eclipse.jdt.ls.core.id1 -Dosgi.bundles.defaultStartLevel=4 -Declipse.product=org.eclipse.jdt.ls.core.product -Djava.import.generatesMetadataFilesAtProjectRoot=false -DDetectVMInstallationsJob.disabled=true -Dfile.encoding=utf8 -XX:+UseParallelGC -XX:GCTimeRatio=4 -XX:AdaptiveSizePolicyWeight=90 -Dsun.zip.disableMemoryMapping=true -Xmx1G -Xms100m -Xlog:disable -javaagent:c:\Users\MSI\.vscode\extensions\redhat.java-1.41.1-win32-x64\lombok\lombok-1.18.36.jar -XX:+HeapDumpOnOutOfMemoryError -XX:HeapDumpPath=c:\Users\MSI\AppData\Roaming\Code\User\workspaceStorage\8482fc1a365055af0af7aefc8016a7e7\redhat.java -Daether.dependencyCollector.impl=bf 
java_command: c:\Users\MSI\.vscode\extensions\redhat.java-1.41.1-win32-x64\server\plugins\org.eclipse.equinox.launcher_1.7.0.v20250331-1702.jar -configuration c:\Users\MSI\AppData\Roaming\Code\User\globalStorage\redhat.java\1.41.1\config_win -data c:\Users\MSI\AppData\Roaming\Code\User\workspaceStorage\8482fc1a365055af0af7aefc8016a7e7\redhat.java\jdt_ws --pipe=\\.\pipe\lsp-a100c1426523317b58ed383119ca61dd-sock
java_class_path (initial): c:\Users\MSI\.vscode\extensions\redhat.java-1.41.1-win32-x64\server\plugins\org.eclipse.equinox.launcher_1.7.0.v20250331-1702.jar
Launcher Type: SUN_STANDARD

[Global flags]
    uintx AdaptiveSizePolicyWeight                 = 90                                        {product} {command line}
     intx CICompilerCount                          = 12                                        {product} {ergonomic}
    uintx GCTimeRatio                              = 4                                         {product} {command line}
     bool HeapDumpOnOutOfMemoryError               = true                                   {manageable} {command line}
    ccstr HeapDumpPath                             = c:\Users\MSI\AppData\Roaming\Code\User\workspaceStorage\8482fc1a365055af0af7aefc8016a7e7\redhat.java         {manageable} {command line}
   size_t InitialHeapSize                          = 104857600                                 {product} {command line}
   size_t MaxHeapSize                              = 1073741824                                {product} {command line}
   size_t MaxNewSize                               = 357564416                                 {product} {ergonomic}
   size_t MinHeapDeltaBytes                        = 524288                                    {product} {ergonomic}
   size_t MinHeapSize                              = 104857600                                 {product} {command line}
   size_t NewSize                                  = 34603008                                  {product} {ergonomic}
    uintx NonNMethodCodeHeapSize                   = 7602480                                {pd product} {ergonomic}
    uintx NonProfiledCodeHeapSize                  = 122027880                              {pd product} {ergonomic}
   size_t OldSize                                  = 70254592                                  {product} {ergonomic}
    uintx ProfiledCodeHeapSize                     = 122027880                              {pd product} {ergonomic}
    uintx ReservedCodeCacheSize                    = 251658240                              {pd product} {ergonomic}
     bool SegmentedCodeCache                       = true                                      {product} {ergonomic}
   size_t SoftMaxHeapSize                          = 1073741824                             {manageable} {ergonomic}
     bool UseCompressedOops                        = true                           {product lp64_product} {ergonomic}
     bool UseLargePagesIndividualAllocation        = false                                  {pd product} {ergonomic}
     bool UseParallelGC                            = true                                      {product} {command line}

Logging:
Log output configuration:
 #0: stdout all=off uptime,level,tags foldmultilines=false
 #1: stderr all=off uptime,level,tags foldmultilines=false

Environment Variables:
JAVA_HOME=C:\Program Files\Java\jdk-21
PATH=C:\Program Files (x86)\Common Files\Oracle\Java\javapath;C:\Program Files (x86)\VMware\VMware Workstation\bin\;C:\Program Files\Microsoft MPI\Bin\;C:\WINDOWS\system32;C:\WINDOWS;C:\WINDOWS\System32\Wbem;C:\WINDOWS\System32\WindowsPowerShell\v1.0\;C:\WINDOWS\System32\OpenSSH\;C:\Program Files\nodejs\;C:\Program Files (x86)\Microsoft SQL Server\160\Tools\Binn\;C:\Program Files\Microsoft SQL Server\160\Tools\Binn\;C:\Program Files\Microsoft SQL Server\Client SDK\ODBC\170\Tools\Binn\;C:\Program Files\Microsoft SQL Server\160\DTS\Binn\;C:\Program Files (x86)\Microsoft SQL Server\160\DTS\Binn\;C:\Program Files\Git LFS;C:\Program Files\Git\cmd;C:\Program Files\PowerShell\7\;C:\Program Files\Microsoft SQL Server\150\Tools\Binn\;C:\Program Files\dotnet\;C:\Program Files\Java\jdk-21\bin;C:\Program Files\Java\apache-maven-4.0.0-rc-3\bin;C:\Program Files (x86)\Windows Kits\10\Windows Performance Toolkit\;C:\Program Files\MySQL\MySQL Shell 8.0\bin\;C:\Users\MSI\AppData\Local\Programs\Python\Python313;C:\Users\MSI\AppData\Local\Microsoft\WindowsApps;C:\Users\MSI\AppData\Local\Programs\Microsoft VS Code\bin;C:\Users\MSI\AppData\Roaming\npm;C:\Program Files\JetBrains\IntelliJ IDEA 2024.3.1.1\bin;;C:\Users\MSI\.dotnet\tools;
USERNAME=MSI
OS=Windows_NT
PROCESSOR_IDENTIFIER=AMD64 Family 25 Model 80 Stepping 0, AuthenticAMD
TMP=C:\Users\MSI\AppData\Local\Temp
TEMP=C:\Users\MSI\AppData\Local\Temp




Periodic native trim disabled

---------------  S Y S T E M  ---------------

OS:
 Windows 11 , 64 bit Build 26100 (10.0.26100.3912)
OS uptime: 0 days 21:31 hours
Hyper-V role detected

CPU: total 16 (initial active 16) (16 cores per cpu, 2 threads per core) family 25 model 80 stepping 0 microcode 0xa50000c, cx8, cmov, fxsr, ht, mmx, 3dnowpref, sse, sse2, sse3, ssse3, sse4a, sse4.1, sse4.2, popcnt, lzcnt, tsc, tscinvbit, avx, avx2, aes, erms, clmul, bmi1, bmi2, adx, sha, fma, vzeroupper, clflush, clflushopt, hv, rdtscp, rdpid, fsrm, f16c, cet_ss
Processor Information for the first 16 processors :
  Max Mhz: 3201, Current Mhz: 3201, Mhz Limit: 3201

Memory: 4k page, system-wide physical 15752M (5521M free)
TotalPageFile size 15752M (AvailPageFile size 5M)
current process WorkingSet (physical memory assigned to process): 759M, peak: 1051M
current process commit charge ("private bytes"): 674M, peak: 972M

vm_info: OpenJDK 64-Bit Server VM (21.0.6+7-LTS) for windows-amd64 JRE (21.0.6+7-LTS), built on 2025-01-21T00:00:00Z by "admin" with MS VC++ 17.7 (VS2022)

END.
