#
# There is insufficient memory for the Java Runtime Environment to continue.
# Native memory allocation (malloc) failed to allocate 815376 bytes for Chunk::new
# Possible reasons:
#   The system is out of physical RAM or swap space
#   The process is running with CompressedOops enabled, and the Java Heap may be blocking the growth of the native heap
# Possible solutions:
#   Reduce memory load on the system
#   Increase physical memory or swap space
#   Check if swap backing store is full
#   Decrease Java heap size (-Xmx/-Xms)
#   Decrease number of Java threads
#   Decrease Java thread stack sizes (-Xss)
#   Set larger code cache with -XX:ReservedCodeCacheSize=
#   JVM is running with Zero Based Compressed Oops mode in which the Java heap is
#     placed in the first 32GB address space. The Java Heap base address is the
#     maximum limit for the native heap growth. Please use -XX:HeapBaseMinAddress
#     to set the Java Heap base and to place the Java Heap above 32GB virtual address.
# This output file may be truncated or incomplete.
#
#  Out of Memory Error (arena.cpp:189), pid=4304, tid=18788
#
# JRE version: Java(TM) SE Runtime Environment (17.0.11+7) (build 17.0.11+7-LTS-207)
# Java VM: Java HotSpot(TM) 64-Bit Server VM (17.0.11+7-LTS-207, mixed mode, sharing, tiered, compressed oops, compressed class ptrs, g1 gc, windows-amd64)
# No core dump will be written. Minidumps are not enabled by default on client versions of Windows
#

---------------  S U M M A R Y ------------

Command Line: -Dcom.sun.management.jmxremote -Dcom.sun.management.jmxremote.port=64758 -Dcom.sun.management.jmxremote.authenticate=false -Dcom.sun.management.jmxremote.ssl=false -Dspring.jmx.enabled=true -Djava.rmi.server.hostname=localhost -Dspring.application.admin.enabled=true -Dspring.boot.project.name=laptopshop -XX:+ShowCodeDetailsInExceptionMessages -Dmanagement.endpoints.jmx.exposure.include=* vn.hoidanit.laptopshop.LaptopshopApplication

Host: AMD Ryzen 7 5800H with Radeon Graphics         , 16 cores, 15G,  Windows 11 , 64 bit Build 26100 (10.0.26100.3037)
Time: Fri Feb 28 20:47:53 2025 SE Asia Standard Time elapsed time: 6.898606 seconds (0d 0h 0m 6s)

---------------  T H R E A D  ---------------

Current thread (0x000002e35d2a0b30):  JavaThread "C2 CompilerThread0" daemon [_thread_in_native, id=18788, stack(0x000000e891600000,0x000000e891700000)]


Current CompileTask:
C2:   6898 5408       4       java.util.function.BiPredicate$$Lambda$197/0x000002e35f0be038::test (16 bytes)

Stack: [0x000000e891600000,0x000000e891700000]
Native frames: (J=compiled Java code, j=interpreted, Vv=VM code, C=native code)
V  [jvm.dll+0x679cca]
V  [jvm.dll+0x7da13d]
V  [jvm.dll+0x7dba83]
V  [jvm.dll+0x7dc0f3]
V  [jvm.dll+0x2449af]
V  [jvm.dll+0xab83b]
V  [jvm.dll+0xabe1c]
V  [jvm.dll+0x2a9e6f]
V  [jvm.dll+0x5818d9]
V  [jvm.dll+0x21ed62]
V  [jvm.dll+0x21f13f]
V  [jvm.dll+0x218331]
V  [jvm.dll+0x215505]
V  [jvm.dll+0x1a2040]
V  [jvm.dll+0x225a2b]
V  [jvm.dll+0x223bcb]
V  [jvm.dll+0x7903ec]
V  [jvm.dll+0x78a85a]
V  [jvm.dll+0x678bb5]
C  [ucrtbase.dll+0x37b0]
C  [KERNEL32.DLL+0x2e8d7]
C  [ntdll.dll+0xbbf2c]


---------------  P R O C E S S  ---------------

Threads class SMR info:
_java_thread_list=0x000002e3a485ee90, length=30, elements={
0x000002e339df0910, 0x000002e35cd35600, 0x000002e35cd37af0, 0x000002e35d29b3c0,
0x000002e35d29b8a0, 0x000002e35d29bd80, 0x000002e35d2a0270, 0x000002e35d2a0b30,
0x000002e35d2ac470, 0x000002e35d2acba0, 0x000002e35d3dd600, 0x000002e35d3e71a0,
0x000002e35d461f20, 0x000002e35d4a69d0, 0x000002e35d60d6b0, 0x000002e35da50be0,
0x000002e35d9b7860, 0x000002e3a3472270, 0x000002e3a3cca910, 0x000002e3a3924a50,
0x000002e3a3c0df40, 0x000002e3a3793a30, 0x000002e3a3794450, 0x000002e3a3793520,
0x000002e3a429c3a0, 0x000002e3a600d850, 0x000002e3a51ee7b0, 0x000002e3a5f42c00,
0x000002e3a828ecd0, 0x000002e3a3794960
}

Java Threads: ( => current thread )
  0x000002e339df0910 JavaThread "main" [_thread_blocked, id=4464, stack(0x000000e890900000,0x000000e890a00000)]
  0x000002e35cd35600 JavaThread "Reference Handler" daemon [_thread_blocked, id=1688, stack(0x000000e891000000,0x000000e891100000)]
  0x000002e35cd37af0 JavaThread "Finalizer" daemon [_thread_blocked, id=9604, stack(0x000000e891100000,0x000000e891200000)]
  0x000002e35d29b3c0 JavaThread "Signal Dispatcher" daemon [_thread_blocked, id=11760, stack(0x000000e891200000,0x000000e891300000)]
  0x000002e35d29b8a0 JavaThread "Attach Listener" daemon [_thread_blocked, id=17532, stack(0x000000e891300000,0x000000e891400000)]
  0x000002e35d29bd80 JavaThread "Service Thread" daemon [_thread_blocked, id=21052, stack(0x000000e891400000,0x000000e891500000)]
  0x000002e35d2a0270 JavaThread "Monitor Deflation Thread" daemon [_thread_blocked, id=22276, stack(0x000000e891500000,0x000000e891600000)]
=>0x000002e35d2a0b30 JavaThread "C2 CompilerThread0" daemon [_thread_in_native, id=18788, stack(0x000000e891600000,0x000000e891700000)]
  0x000002e35d2ac470 JavaThread "C1 CompilerThread0" daemon [_thread_in_vm, id=11808, stack(0x000000e891700000,0x000000e891800000)]
  0x000002e35d2acba0 JavaThread "Sweeper thread" daemon [_thread_blocked, id=20132, stack(0x000000e891800000,0x000000e891900000)]
  0x000002e35d3dd600 JavaThread "Common-Cleaner" daemon [_thread_blocked, id=5704, stack(0x000000e891900000,0x000000e891a00000)]
  0x000002e35d3e71a0 JavaThread "C1 CompilerThread1" daemon [_thread_blocked, id=18752, stack(0x000000e891a00000,0x000000e891b00000)]
  0x000002e35d461f20 JavaThread "C2 CompilerThread1" daemon [_thread_in_native, id=19532, stack(0x000000e891d00000,0x000000e891e00000)]
  0x000002e35d4a69d0 JavaThread "Notification Thread" daemon [_thread_blocked, id=22408, stack(0x000000e891e00000,0x000000e891f00000)]
  0x000002e35d60d6b0 JavaThread "RMI TCP Accept-0" daemon [_thread_in_native, id=20188, stack(0x000000e891f00000,0x000000e892000000)]
  0x000002e35da50be0 JavaThread "RMI TCP Accept-64758" daemon [_thread_in_native, id=4700, stack(0x000000e892000000,0x000000e892100000)]
  0x000002e35d9b7860 JavaThread "RMI TCP Accept-0" daemon [_thread_in_native, id=19904, stack(0x000000e892100000,0x000000e892200000)]
  0x000002e3a3472270 JavaThread "C2 CompilerThread2" daemon [_thread_in_native, id=17424, stack(0x000000e892300000,0x000000e892400000)]
  0x000002e3a3cca910 JavaThread "RMI TCP Connection(1)-127.0.0.1" daemon [_thread_in_native, id=17548, stack(0x000000e892a00000,0x000000e892b00000)]
  0x000002e3a3924a50 JavaThread "Thread-0" [_thread_blocked, id=1756, stack(0x000000e892b00000,0x000000e892c00000)]
  0x000002e3a3c0df40 JavaThread "RMI Scheduler(0)" daemon [_thread_blocked, id=19180, stack(0x000000e892c00000,0x000000e892d00000)]
  0x000002e3a3793a30 JavaThread "RMI TCP Connection(2)-127.0.0.1" daemon [_thread_in_native, id=11680, stack(0x000000e892d00000,0x000000e892e00000)]
  0x000002e3a3794450 JavaThread "restartedMain" [_thread_in_vm, id=16284, stack(0x000000e892e00000,0x000000e892f00000)]
  0x000002e3a3793520 JavaThread "JMX server connection timeout 33" daemon [_thread_blocked, id=12980, stack(0x000000e892f00000,0x000000e893000000)]
  0x000002e3a429c3a0 JavaThread "C2 CompilerThread3" daemon [_thread_in_native, id=428, stack(0x000000e893200000,0x000000e893300000)]
  0x000002e3a600d850 JavaThread "C2 CompilerThread4" daemon [_thread_in_native, id=7184, stack(0x000000e893900000,0x000000e893a00000)]
  0x000002e3a51ee7b0 JavaThread "C2 CompilerThread5" daemon [_thread_in_native, id=17228, stack(0x000000e893a00000,0x000000e893b00000)]
  0x000002e3a5f42c00 JavaThread "C2 CompilerThread6" daemon [_thread_in_native, id=20920, stack(0x000000e893b00000,0x000000e893c00000)]
  0x000002e3a828ecd0 JavaThread "C2 CompilerThread7" daemon [_thread_in_native, id=12956, stack(0x000000e893c00000,0x000000e893d00000)]
  0x000002e3a3794960 JavaThread "RMI TCP Connection(3)-127.0.0.1" daemon [_thread_in_vm, id=5320, stack(0x000000e891c00000,0x000000e891d00000)]

Other Threads:
  0x000002e35cd31d50 VMThread "VM Thread" [stack: 0x000000e890f00000,0x000000e891000000] [id=1072]
  0x000002e339eab1e0 WatcherThread [stack: 0x000000e892200000,0x000000e892300000] [id=19440]
  0x000002e339e65d20 GCTaskThread "GC Thread#0" [stack: 0x000000e890a00000,0x000000e890b00000] [id=15916]
  0x000002e3a3c16a30 GCTaskThread "GC Thread#1" [stack: 0x000000e892400000,0x000000e892500000] [id=6656]
  0x000002e3a3c16cf0 GCTaskThread "GC Thread#2" [stack: 0x000000e892500000,0x000000e892600000] [id=5328]
  0x000002e3a4077820 GCTaskThread "GC Thread#3" [stack: 0x000000e892600000,0x000000e892700000] [id=21976]
  0x000002e3a4077ae0 GCTaskThread "GC Thread#4" [stack: 0x000000e892700000,0x000000e892800000] [id=17904]
  0x000002e3a33d09f0 GCTaskThread "GC Thread#5" [stack: 0x000000e892800000,0x000000e892900000] [id=1068]
  0x000002e3a3466920 GCTaskThread "GC Thread#6" [stack: 0x000000e892900000,0x000000e892a00000] [id=21284]
  0x000002e3a3d73670 GCTaskThread "GC Thread#7" [stack: 0x000000e893000000,0x000000e893100000] [id=13860]
  0x000002e3a3cc3900 GCTaskThread "GC Thread#8" [stack: 0x000000e893100000,0x000000e893200000] [id=22288]
  0x000002e3a40d16e0 GCTaskThread "GC Thread#9" [stack: 0x000000e893300000,0x000000e893400000] [id=16288]
  0x000002e3a3b25cf0 GCTaskThread "GC Thread#10" [stack: 0x000000e893400000,0x000000e893500000] [id=13144]
  0x000002e3a452c140 GCTaskThread "GC Thread#11" [stack: 0x000000e893500000,0x000000e893600000] [id=2600]
  0x000002e3a3b76df0 GCTaskThread "GC Thread#12" [stack: 0x000000e893600000,0x000000e893700000] [id=5368]
  0x000002e339e77420 ConcurrentGCThread "G1 Main Marker" [stack: 0x000000e890b00000,0x000000e890c00000] [id=21104]
  0x000002e339e7a860 ConcurrentGCThread "G1 Conc#0" [stack: 0x000000e890c00000,0x000000e890d00000] [id=14940]
  0x000002e3a4217c50 ConcurrentGCThread "G1 Conc#1" [stack: 0x000000e893700000,0x000000e893800000] [id=10872]
  0x000002e3a45242f0 ConcurrentGCThread "G1 Conc#2" [stack: 0x000000e893800000,0x000000e893900000] [id=21352]
  0x000002e339eaec70 ConcurrentGCThread "G1 Refine#0" [stack: 0x000000e890d00000,0x000000e890e00000] [id=3904]
  0x000002e35cbed770 ConcurrentGCThread "G1 Service" [stack: 0x000000e890e00000,0x000000e890f00000] [id=18040]

Threads with active compile tasks:
C2 CompilerThread0     6919 5408       4       java.util.function.BiPredicate$$Lambda$197/0x000002e35f0be038::test (16 bytes)
C1 CompilerThread0     6919 5488       3       java.io.ObjectStreamClass::forClass (52 bytes)
C2 CompilerThread1     6920 5457       4       java.lang.Class::getDeclaredAnnotations (11 bytes)
C2 CompilerThread2     6920 5411       4       org.springframework.boot.context.properties.source.SystemEnvironmentPropertyMapper::isLegacyAncestorOf (34 bytes)
C2 CompilerThread3     6920 5431       4       java.lang.reflect.Method::<init> (68 bytes)
C2 CompilerThread4     6920 5409       4       org.springframework.boot.context.properties.source.PropertyMapper$$Lambda$191/0x000002e35f13b180::test (12 bytes)
C2 CompilerThread5     6920 5410       4       org.springframework.boot.context.properties.source.SystemEnvironmentPropertyMapper$$Lambda$196/0x000002e35f13c960::test (16 bytes)
C2 CompilerThread6     6920 5406       4       org.springframework.beans.factory.support.AbstractBeanFactory::isTypeMatch (619 bytes)
C2 CompilerThread7     6920 5489       4       java.lang.StringBuilder::<init> (6 bytes)

VM state: not at safepoint (normal execution)

VM Mutex/Monitor currently owned by a thread: None

Heap address: 0x0000000709c00000, size: 3940 MB, Compressed Oops mode: Zero based, Oop shift amount: 3

CDS archive(s) mapped at: [0x000002e35e000000-0x000002e35ebd0000-0x000002e35ebd0000), size 12386304, SharedBaseAddress: 0x000002e35e000000, ArchiveRelocationMode: 1.
Compressed class space mapped at: 0x000002e35f000000-0x000002e39f000000, reserved size: 1073741824
Narrow klass base: 0x000002e35e000000, Narrow klass shift: 0, Narrow klass range: 0x100000000

GC Precious Log:
 CPUs: 16 total, 16 available
 Memory: 15752M
 Large Page Support: Disabled
 NUMA Support: Disabled
 Compressed Oops: Enabled (Zero based)
 Heap Region Size: 2M
 Heap Min Capacity: 8M
 Heap Initial Capacity: 248M
 Heap Max Capacity: 3940M
 Pre-touch: Disabled
 Parallel Workers: 13
 Concurrent Workers: 3
 Concurrent Refinement Workers: 13
 Periodic GC: Disabled

Heap:
 garbage-first heap   total 155648K, used 33045K [0x0000000709c00000, 0x0000000800000000)
  region size 2048K, 7 young (14336K), 1 survivors (2048K)
 Metaspace       used 37404K, committed 37888K, reserved 1114112K
  class space    used 4638K, committed 4864K, reserved 1048576K

Heap Regions: E=young(eden), S=young(survivor), O=old, HS=humongous(starts), HC=humongous(continues), CS=collection set, F=free, OA=open archive, CA=closed archive, TAMS=top-at-mark-start (previous, next)
|   0|0x0000000709c00000, 0x0000000709e00000, 0x0000000709e00000|100%| O|  |TAMS 0x0000000709e00000, 0x0000000709c00000| Untracked 
|   1|0x0000000709e00000, 0x000000070a000000, 0x000000070a000000|100%| O|  |TAMS 0x000000070a000000, 0x0000000709e00000| Untracked 
|   2|0x000000070a000000, 0x000000070a200000, 0x000000070a200000|100%| O|  |TAMS 0x000000070a200000, 0x000000070a000000| Untracked 
|   3|0x000000070a200000, 0x000000070a400000, 0x000000070a400000|100%| O|  |TAMS 0x000000070a3c7e00, 0x000000070a200000| Untracked 
|   4|0x000000070a400000, 0x000000070a600000, 0x000000070a600000|100%| O|  |TAMS 0x000000070a600000, 0x000000070a400000| Untracked 
|   5|0x000000070a600000, 0x000000070a800000, 0x000000070a800000|100%| O|  |TAMS 0x000000070a800000, 0x000000070a600000| Untracked 
|   6|0x000000070a800000, 0x000000070aa00000, 0x000000070aa00000|100%| O|  |TAMS 0x000000070aa00000, 0x000000070a800000| Untracked 
|   7|0x000000070aa00000, 0x000000070ac00000, 0x000000070ac00000|100%| O|  |TAMS 0x000000070ac00000, 0x000000070aa00000| Untracked 
|   8|0x000000070ac00000, 0x000000070ae00000, 0x000000070ae00000|100%| O|  |TAMS 0x000000070ae00000, 0x000000070ac00000| Untracked 
|   9|0x000000070ae00000, 0x000000070b000000, 0x000000070b000000|100%| O|  |TAMS 0x000000070ae00000, 0x000000070ae00000| Untracked 
|  10|0x000000070b000000, 0x000000070b0b1200, 0x000000070b200000| 34%| O|  |TAMS 0x000000070b000000, 0x000000070b000000| Untracked 
|  11|0x000000070b200000, 0x000000070b200000, 0x000000070b400000|  0%| F|  |TAMS 0x000000070b200000, 0x000000070b200000| Untracked 
|  12|0x000000070b400000, 0x000000070b400000, 0x000000070b600000|  0%| F|  |TAMS 0x000000070b400000, 0x000000070b400000| Untracked 
|  13|0x000000070b600000, 0x000000070b600000, 0x000000070b800000|  0%| F|  |TAMS 0x000000070b600000, 0x000000070b600000| Untracked 
|  14|0x000000070b800000, 0x000000070b800000, 0x000000070ba00000|  0%| F|  |TAMS 0x000000070b800000, 0x000000070b800000| Untracked 
|  15|0x000000070ba00000, 0x000000070ba00000, 0x000000070bc00000|  0%| F|  |TAMS 0x000000070ba00000, 0x000000070ba00000| Untracked 
|  16|0x000000070bc00000, 0x000000070bd945f8, 0x000000070be00000| 78%| S|CS|TAMS 0x000000070bc00000, 0x000000070bc00000| Complete 
|  17|0x000000070be00000, 0x000000070be00000, 0x000000070c000000|  0%| F|  |TAMS 0x000000070be00000, 0x000000070be00000| Untracked 
|  18|0x000000070c000000, 0x000000070c000000, 0x000000070c200000|  0%| F|  |TAMS 0x000000070c000000, 0x000000070c000000| Untracked 
|  19|0x000000070c200000, 0x000000070c200000, 0x000000070c400000|  0%| F|  |TAMS 0x000000070c200000, 0x000000070c200000| Untracked 
|  20|0x000000070c400000, 0x000000070c400000, 0x000000070c600000|  0%| F|  |TAMS 0x000000070c400000, 0x000000070c400000| Untracked 
|  21|0x000000070c600000, 0x000000070c600000, 0x000000070c800000|  0%| F|  |TAMS 0x000000070c600000, 0x000000070c600000| Untracked 
|  22|0x000000070c800000, 0x000000070c800000, 0x000000070ca00000|  0%| F|  |TAMS 0x000000070c800000, 0x000000070c800000| Untracked 
|  23|0x000000070ca00000, 0x000000070ca00000, 0x000000070cc00000|  0%| F|  |TAMS 0x000000070ca00000, 0x000000070ca00000| Untracked 
|  24|0x000000070cc00000, 0x000000070cc00000, 0x000000070ce00000|  0%| F|  |TAMS 0x000000070cc00000, 0x000000070cc00000| Untracked 
|  25|0x000000070ce00000, 0x000000070ce00000, 0x000000070d000000|  0%| F|  |TAMS 0x000000070ce00000, 0x000000070ce00000| Untracked 
|  26|0x000000070d000000, 0x000000070d000000, 0x000000070d200000|  0%| F|  |TAMS 0x000000070d000000, 0x000000070d000000| Untracked 
|  27|0x000000070d200000, 0x000000070d200000, 0x000000070d400000|  0%| F|  |TAMS 0x000000070d200000, 0x000000070d200000| Untracked 
|  28|0x000000070d400000, 0x000000070d400000, 0x000000070d600000|  0%| F|  |TAMS 0x000000070d400000, 0x000000070d400000| Untracked 
|  29|0x000000070d600000, 0x000000070d600000, 0x000000070d800000|  0%| F|  |TAMS 0x000000070d600000, 0x000000070d600000| Untracked 
|  30|0x000000070d800000, 0x000000070d800000, 0x000000070da00000|  0%| F|  |TAMS 0x000000070d800000, 0x000000070d800000| Untracked 
|  31|0x000000070da00000, 0x000000070da00000, 0x000000070dc00000|  0%| F|  |TAMS 0x000000070da00000, 0x000000070da00000| Untracked 
|  32|0x000000070dc00000, 0x000000070dc00000, 0x000000070de00000|  0%| F|  |TAMS 0x000000070dc00000, 0x000000070dc00000| Untracked 
|  33|0x000000070de00000, 0x000000070de00000, 0x000000070e000000|  0%| F|  |TAMS 0x000000070de00000, 0x000000070de00000| Untracked 
|  34|0x000000070e000000, 0x000000070e000000, 0x000000070e200000|  0%| F|  |TAMS 0x000000070e000000, 0x000000070e000000| Untracked 
|  35|0x000000070e200000, 0x000000070e200000, 0x000000070e400000|  0%| F|  |TAMS 0x000000070e200000, 0x000000070e200000| Untracked 
|  36|0x000000070e400000, 0x000000070e400000, 0x000000070e600000|  0%| F|  |TAMS 0x000000070e400000, 0x000000070e400000| Untracked 
|  37|0x000000070e600000, 0x000000070e600000, 0x000000070e800000|  0%| F|  |TAMS 0x000000070e600000, 0x000000070e600000| Untracked 
|  38|0x000000070e800000, 0x000000070e800000, 0x000000070ea00000|  0%| F|  |TAMS 0x000000070e800000, 0x000000070e800000| Untracked 
|  39|0x000000070ea00000, 0x000000070ea00000, 0x000000070ec00000|  0%| F|  |TAMS 0x000000070ea00000, 0x000000070ea00000| Untracked 
|  40|0x000000070ec00000, 0x000000070ec00000, 0x000000070ee00000|  0%| F|  |TAMS 0x000000070ec00000, 0x000000070ec00000| Untracked 
|  41|0x000000070ee00000, 0x000000070ee00000, 0x000000070f000000|  0%| F|  |TAMS 0x000000070ee00000, 0x000000070ee00000| Untracked 
|  42|0x000000070f000000, 0x000000070f000000, 0x000000070f200000|  0%| F|  |TAMS 0x000000070f000000, 0x000000070f000000| Untracked 
|  43|0x000000070f200000, 0x000000070f200000, 0x000000070f400000|  0%| F|  |TAMS 0x000000070f200000, 0x000000070f200000| Untracked 
|  44|0x000000070f400000, 0x000000070f400000, 0x000000070f600000|  0%| F|  |TAMS 0x000000070f400000, 0x000000070f400000| Untracked 
|  45|0x000000070f600000, 0x000000070f600000, 0x000000070f800000|  0%| F|  |TAMS 0x000000070f600000, 0x000000070f600000| Untracked 
|  46|0x000000070f800000, 0x000000070f800000, 0x000000070fa00000|  0%| F|  |TAMS 0x000000070f800000, 0x000000070f800000| Untracked 
|  47|0x000000070fa00000, 0x000000070fa00000, 0x000000070fc00000|  0%| F|  |TAMS 0x000000070fa00000, 0x000000070fa00000| Untracked 
|  48|0x000000070fc00000, 0x000000070fc00000, 0x000000070fe00000|  0%| F|  |TAMS 0x000000070fc00000, 0x000000070fc00000| Untracked 
|  49|0x000000070fe00000, 0x000000070fe00000, 0x0000000710000000|  0%| F|  |TAMS 0x000000070fe00000, 0x000000070fe00000| Untracked 
|  50|0x0000000710000000, 0x0000000710000000, 0x0000000710200000|  0%| F|  |TAMS 0x0000000710000000, 0x0000000710000000| Untracked 
|  51|0x0000000710200000, 0x0000000710200000, 0x0000000710400000|  0%| F|  |TAMS 0x0000000710200000, 0x0000000710200000| Untracked 
|  52|0x0000000710400000, 0x0000000710400000, 0x0000000710600000|  0%| F|  |TAMS 0x0000000710400000, 0x0000000710400000| Untracked 
|  53|0x0000000710600000, 0x0000000710600000, 0x0000000710800000|  0%| F|  |TAMS 0x0000000710600000, 0x0000000710600000| Untracked 
|  54|0x0000000710800000, 0x0000000710800000, 0x0000000710a00000|  0%| F|  |TAMS 0x0000000710800000, 0x0000000710800000| Untracked 
|  55|0x0000000710a00000, 0x0000000710a00000, 0x0000000710c00000|  0%| F|  |TAMS 0x0000000710a00000, 0x0000000710a00000| Untracked 
|  56|0x0000000710c00000, 0x0000000710c00000, 0x0000000710e00000|  0%| F|  |TAMS 0x0000000710c00000, 0x0000000710c00000| Untracked 
|  57|0x0000000710e00000, 0x0000000710e00000, 0x0000000711000000|  0%| F|  |TAMS 0x0000000710e00000, 0x0000000710e00000| Untracked 
|  58|0x0000000711000000, 0x0000000711000000, 0x0000000711200000|  0%| F|  |TAMS 0x0000000711000000, 0x0000000711000000| Untracked 
|  59|0x0000000711200000, 0x0000000711200000, 0x0000000711400000|  0%| F|  |TAMS 0x0000000711200000, 0x0000000711200000| Untracked 
|  60|0x0000000711400000, 0x0000000711400000, 0x0000000711600000|  0%| F|  |TAMS 0x0000000711400000, 0x0000000711400000| Untracked 
|  61|0x0000000711600000, 0x0000000711600000, 0x0000000711800000|  0%| F|  |TAMS 0x0000000711600000, 0x0000000711600000| Untracked 
|  62|0x0000000711800000, 0x0000000711800000, 0x0000000711a00000|  0%| F|  |TAMS 0x0000000711800000, 0x0000000711800000| Untracked 
|  63|0x0000000711a00000, 0x0000000711a00000, 0x0000000711c00000|  0%| F|  |TAMS 0x0000000711a00000, 0x0000000711a00000| Untracked 
|  64|0x0000000711c00000, 0x0000000711c00000, 0x0000000711e00000|  0%| F|  |TAMS 0x0000000711c00000, 0x0000000711c00000| Untracked 
|  65|0x0000000711e00000, 0x0000000711e00000, 0x0000000712000000|  0%| F|  |TAMS 0x0000000711e00000, 0x0000000711e00000| Untracked 
|  66|0x0000000712000000, 0x0000000712000000, 0x0000000712200000|  0%| F|  |TAMS 0x0000000712000000, 0x0000000712000000| Untracked 
|  67|0x0000000712200000, 0x0000000712200000, 0x0000000712400000|  0%| F|  |TAMS 0x0000000712200000, 0x0000000712200000| Untracked 
|  68|0x0000000712400000, 0x0000000712400000, 0x0000000712600000|  0%| F|  |TAMS 0x0000000712400000, 0x0000000712400000| Untracked 
|  69|0x0000000712600000, 0x0000000712600000, 0x0000000712800000|  0%| F|  |TAMS 0x0000000712600000, 0x0000000712600000| Untracked 
|  70|0x0000000712800000, 0x000000071284ba00, 0x0000000712a00000| 14%| E|  |TAMS 0x0000000712800000, 0x0000000712800000| Complete 
|  71|0x0000000712a00000, 0x0000000712c00000, 0x0000000712c00000|100%| E|CS|TAMS 0x0000000712a00000, 0x0000000712a00000| Complete 
|  97|0x0000000715e00000, 0x0000000716000000, 0x0000000716000000|100%| E|CS|TAMS 0x0000000715e00000, 0x0000000715e00000| Complete 
|  98|0x0000000716000000, 0x0000000716200000, 0x0000000716200000|100%| E|CS|TAMS 0x0000000716000000, 0x0000000716000000| Complete 
|  99|0x0000000716200000, 0x0000000716400000, 0x0000000716400000|100%| E|CS|TAMS 0x0000000716200000, 0x0000000716200000| Complete 
| 123|0x0000000719200000, 0x0000000719400000, 0x0000000719400000|100%| E|CS|TAMS 0x0000000719200000, 0x0000000719200000| Complete 

Card table byte_map: [0x000002e3516e0000,0x000002e351ea0000] _byte_map_base: 0x000002e34de92000

Marking Bits (Prev, Next): (CMBitMap*) 0x000002e339e67350, (CMBitMap*) 0x000002e339e67390
 Prev Bits: [0x000002e352660000, 0x000002e3563f0000)
 Next Bits: [0x000002e3563f0000, 0x000002e35a180000)

Polling page: 0x000002e337cd0000

Metaspace:

Usage:
  Non-class:     32.00 MB used.
      Class:      4.53 MB used.
       Both:     36.53 MB used.

Virtual space:
  Non-class space:       64.00 MB reserved,      32.25 MB ( 50%) committed,  1 nodes.
      Class space:        1.00 GB reserved,       4.75 MB ( <1%) committed,  1 nodes.
             Both:        1.06 GB reserved,      37.00 MB (  3%) committed. 

Chunk freelists:
   Non-Class:  15.72 MB
       Class:  11.09 MB
        Both:  26.81 MB

MaxMetaspaceSize: unlimited
CompressedClassSpaceSize: 1.00 GB
Initial GC threshold: 21.00 MB
Current GC threshold: 59.00 MB
CDS: on
MetaspaceReclaimPolicy: balanced
 - commit_granule_bytes: 65536.
 - commit_granule_words: 8192.
 - virtual_space_node_default_size: 8388608.
 - enlarge_chunks_in_place: 1.
 - new_chunks_are_fully_committed: 0.
 - uncommit_free_chunks: 1.
 - use_allocation_guard: 0.
 - handle_deallocations: 1.


Internal statistics:

num_allocs_failed_limit: 6.
num_arena_births: 664.
num_arena_deaths: 0.
num_vsnodes_births: 2.
num_vsnodes_deaths: 0.
num_space_committed: 592.
num_space_uncommitted: 0.
num_chunks_returned_to_freelist: 6.
num_chunks_taken_from_freelist: 1942.
num_chunk_merges: 0.
num_chunk_splits: 1294.
num_chunks_enlarged: 899.
num_inconsistent_stats: 0.

CodeHeap 'non-profiled nmethods': size=119168Kb used=3031Kb max_used=3136Kb free=116136Kb
 bounds [0x000002e349240000, 0x000002e349560000, 0x000002e3506a0000]
CodeHeap 'profiled nmethods': size=119104Kb used=10390Kb max_used=11056Kb free=108713Kb
 bounds [0x000002e3416a0000, 0x000002e342170000, 0x000002e348af0000]
CodeHeap 'non-nmethods': size=7488Kb used=1808Kb max_used=3014Kb free=5679Kb
 bounds [0x000002e348af0000, 0x000002e348e00000, 0x000002e349240000]
 total_blobs=5321 nmethods=4766 adapters=465
 compilation: enabled
              stopped_count=0, restarted_count=0
 full_count=0

Compilation events (20 events):
Event: 4.848 Thread 0x000002e35d2ac470 5468       3       org.springframework.boot.context.properties.source.ConfigurationPropertyName::adapt (7 bytes)
Event: 4.848 Thread 0x000002e35d2ac470 nmethod 5468 0x000002e341a8fd90 code [0x000002e341a8ff20, 0x000002e341a90048]
Event: 4.848 Thread 0x000002e35d3e71a0 nmethod 5467 0x000002e34213f910 code [0x000002e34213fae0, 0x000002e34213fe08]
Event: 4.849 Thread 0x000002e35d3f7a50 nmethod 5466 0x000002e341d2fd90 code [0x000002e341d2ffa0, 0x000002e341d30818]
Event: 4.850 Thread 0x000002e35d3f7a50 5469   !   3       jdk.proxy2.$Proxy33::annotationType (29 bytes)
Event: 4.851 Thread 0x000002e35d3f7a50 nmethod 5469 0x000002e34213ef10 code [0x000002e34213f0e0, 0x000002e34213f4d8]
Event: 4.851 Thread 0x000002e35d2ac470 5470   !   3       org.springframework.core.annotation.AnnotationsScanner::processClassHierarchy (234 bytes)
Event: 4.851 Thread 0x000002e35d3f7a50 5471       3       org.springframework.core.annotation.TypeMappedAnnotations::get (52 bytes)
Event: 4.852 Thread 0x000002e35d3f7a50 nmethod 5471 0x000002e341d2f210 code [0x000002e341d2f420, 0x000002e341d2fa88]
Event: 4.852 Thread 0x000002e35d3f7a50 5472       3       org.springframework.core.annotation.AnnotationsScanner::isOverride (38 bytes)
Event: 4.852 Thread 0x000002e35d2ac470 nmethod 5470 0x000002e3417fac10 code [0x000002e3417faf00, 0x000002e3417fbd58]
Event: 4.853 Thread 0x000002e35d3f7a50 nmethod 5472 0x000002e341ba4c90 code [0x000002e341ba4e60, 0x000002e341ba51b8]
Event: 4.854 Thread 0x000002e35d2ac470 5473       3       org.springframework.core.annotation.AbstractMergedAnnotation::getString (11 bytes)
Event: 4.855 Thread 0x000002e35d2ac470 nmethod 5473 0x000002e341ba4790 code [0x000002e341ba4940, 0x000002e341ba4b88]
Event: 4.855 Thread 0x000002e35d461f20 nmethod 5394 0x000002e3492f3310 code [0x000002e3492f3760, 0x000002e3492f6778]
Event: 4.855 Thread 0x000002e35d461f20 5441       4       java.lang.ref.WeakReference::<init> (6 bytes)
Event: 4.858 Thread 0x000002e35d461f20 nmethod 5441 0x000002e349354c10 code [0x000002e349354d80, 0x000002e349354fb8]
Event: 4.858 Thread 0x000002e35d461f20 5457       4       java.lang.Class::getDeclaredAnnotations (11 bytes)
Event: 4.859 Thread 0x000002e3a429c3a0 nmethod 5390 0x000002e349469c10 code [0x000002e34946a020, 0x000002e34946e9c0]
Event: 4.859 Thread 0x000002e3a828ecd0 nmethod 5368 0x000002e34948db90 code [0x000002e34948dfc0, 0x000002e349492c58]

GC Heap History (20 events):
Event: 0.773 GC heap before
{Heap before GC invocations=1 (full 0):
 garbage-first heap   total 253952K, used 29954K [0x0000000709c00000, 0x0000000800000000)
  region size 2048K, 13 young (26624K), 2 survivors (4096K)
 Metaspace       used 11430K, committed 11712K, reserved 1114112K
  class space    used 1376K, committed 1536K, reserved 1048576K
}
Event: 0.776 GC heap after
{Heap after GC invocations=2 (full 0):
 garbage-first heap   total 253952K, used 9220K [0x0000000709c00000, 0x0000000800000000)
  region size 2048K, 1 young (2048K), 1 survivors (2048K)
 Metaspace       used 11430K, committed 11712K, reserved 1114112K
  class space    used 1376K, committed 1536K, reserved 1048576K
}
Event: 1.371 GC heap before
{Heap before GC invocations=2 (full 0):
 garbage-first heap   total 253952K, used 52228K [0x0000000709c00000, 0x0000000800000000)
  region size 2048K, 24 young (49152K), 1 survivors (2048K)
 Metaspace       used 21193K, committed 21504K, reserved 1114112K
  class space    used 2584K, committed 2752K, reserved 1048576K
}
Event: 1.374 GC heap after
{Heap after GC invocations=3 (full 0):
 garbage-first heap   total 253952K, used 13448K [0x0000000709c00000, 0x0000000800000000)
  region size 2048K, 3 young (6144K), 3 survivors (6144K)
 Metaspace       used 21193K, committed 21504K, reserved 1114112K
  class space    used 2584K, committed 2752K, reserved 1048576K
}
Event: 1.796 GC heap before
{Heap before GC invocations=4 (full 0):
 garbage-first heap   total 55296K, used 38024K [0x0000000709c00000, 0x0000000800000000)
  region size 2048K, 16 young (32768K), 3 survivors (6144K)
 Metaspace       used 22588K, committed 22976K, reserved 1114112K
  class space    used 2750K, committed 2944K, reserved 1048576K
}
Event: 1.799 GC heap after
{Heap after GC invocations=5 (full 0):
 garbage-first heap   total 55296K, used 15294K [0x0000000709c00000, 0x0000000800000000)
  region size 2048K, 1 young (2048K), 1 survivors (2048K)
 Metaspace       used 22588K, committed 22976K, reserved 1114112K
  class space    used 2750K, committed 2944K, reserved 1048576K
}
Event: 1.816 GC heap before
{Heap before GC invocations=5 (full 0):
 garbage-first heap   total 55296K, used 17342K [0x0000000709c00000, 0x0000000800000000)
  region size 2048K, 2 young (4096K), 1 survivors (2048K)
 Metaspace       used 22645K, committed 23040K, reserved 1114112K
  class space    used 2758K, committed 2944K, reserved 1048576K
}
Event: 1.817 GC heap after
{Heap after GC invocations=6 (full 0):
 garbage-first heap   total 55296K, used 15629K [0x0000000709c00000, 0x0000000800000000)
  region size 2048K, 1 young (2048K), 1 survivors (2048K)
 Metaspace       used 22645K, committed 23040K, reserved 1114112K
  class space    used 2758K, committed 2944K, reserved 1048576K
}
Event: 2.170 GC heap before
{Heap before GC invocations=6 (full 0):
 garbage-first heap   total 55296K, used 34061K [0x0000000709c00000, 0x0000000800000000)
  region size 2048K, 10 young (20480K), 1 survivors (2048K)
 Metaspace       used 24769K, committed 25152K, reserved 1114112K
  class space    used 3063K, committed 3264K, reserved 1048576K
}
Event: 2.172 GC heap after
{Heap after GC invocations=7 (full 0):
 garbage-first heap   total 55296K, used 16657K [0x0000000709c00000, 0x0000000800000000)
  region size 2048K, 1 young (2048K), 1 survivors (2048K)
 Metaspace       used 24769K, committed 25152K, reserved 1114112K
  class space    used 3063K, committed 3264K, reserved 1048576K
}
Event: 2.543 GC heap before
{Heap before GC invocations=7 (full 0):
 garbage-first heap   total 55296K, used 37137K [0x0000000709c00000, 0x0000000800000000)
  region size 2048K, 11 young (22528K), 1 survivors (2048K)
 Metaspace       used 27605K, committed 28096K, reserved 1114112K
  class space    used 3476K, committed 3712K, reserved 1048576K
}
Event: 2.546 GC heap after
{Heap after GC invocations=8 (full 0):
 garbage-first heap   total 55296K, used 18267K [0x0000000709c00000, 0x0000000800000000)
  region size 2048K, 2 young (4096K), 2 survivors (4096K)
 Metaspace       used 27605K, committed 28096K, reserved 1114112K
  class space    used 3476K, committed 3712K, reserved 1048576K
}
Event: 2.870 GC heap before
{Heap before GC invocations=8 (full 0):
 garbage-first heap   total 55296K, used 36699K [0x0000000709c00000, 0x0000000800000000)
  region size 2048K, 11 young (22528K), 2 survivors (4096K)
 Metaspace       used 31193K, committed 31616K, reserved 1114112K
  class space    used 3913K, committed 4096K, reserved 1048576K
}
Event: 2.872 GC heap after
{Heap after GC invocations=9 (full 0):
 garbage-first heap   total 55296K, used 19681K [0x0000000709c00000, 0x0000000800000000)
  region size 2048K, 2 young (4096K), 2 survivors (4096K)
 Metaspace       used 31193K, committed 31616K, reserved 1114112K
  class space    used 3913K, committed 4096K, reserved 1048576K
}
Event: 3.168 GC heap before
{Heap before GC invocations=9 (full 0):
 garbage-first heap   total 55296K, used 38113K [0x0000000709c00000, 0x0000000800000000)
  region size 2048K, 11 young (22528K), 2 survivors (4096K)
 Metaspace       used 33098K, committed 33600K, reserved 1114112K
  class space    used 4158K, committed 4416K, reserved 1048576K
}
Event: 3.172 GC heap after
{Heap after GC invocations=10 (full 0):
 garbage-first heap   total 55296K, used 21508K [0x0000000709c00000, 0x0000000800000000)
  region size 2048K, 2 young (4096K), 2 survivors (4096K)
 Metaspace       used 33098K, committed 33600K, reserved 1114112K
  class space    used 4158K, committed 4416K, reserved 1048576K
}
Event: 3.440 GC heap before
{Heap before GC invocations=10 (full 0):
 garbage-first heap   total 55296K, used 29700K [0x0000000709c00000, 0x0000000800000000)
  region size 2048K, 8 young (16384K), 2 survivors (4096K)
 Metaspace       used 35528K, committed 35968K, reserved 1114112K
  class space    used 4409K, committed 4608K, reserved 1048576K
}
Event: 3.443 GC heap after
{Heap after GC invocations=11 (full 0):
 garbage-first heap   total 55296K, used 21992K [0x0000000709c00000, 0x0000000800000000)
  region size 2048K, 2 young (4096K), 2 survivors (4096K)
 Metaspace       used 35528K, committed 35968K, reserved 1114112K
  class space    used 4409K, committed 4608K, reserved 1048576K
}
Event: 3.684 GC heap before
{Heap before GC invocations=12 (full 0):
 garbage-first heap   total 55296K, used 38376K [0x0000000709c00000, 0x0000000800000000)
  region size 2048K, 10 young (20480K), 2 survivors (4096K)
 Metaspace       used 36909K, committed 37312K, reserved 1114112K
  class space    used 4540K, committed 4736K, reserved 1048576K
}
Event: 3.687 GC heap after
{Heap after GC invocations=13 (full 0):
 garbage-first heap   total 155648K, used 22805K [0x0000000709c00000, 0x0000000800000000)
  region size 2048K, 1 young (2048K), 1 survivors (2048K)
 Metaspace       used 36909K, committed 37312K, reserved 1114112K
  class space    used 4540K, committed 4736K, reserved 1048576K
}

Deoptimization events (20 events):
Event: 3.678 Thread 0x000002e3a3794450 Uncommon trap: trap_request=0xffffff45 fr.pc=0x000002e349523e1c relative=0x000000000000a09c
Event: 3.678 Thread 0x000002e3a3794450 Uncommon trap: reason=unstable_if action=reinterpret pc=0x000002e349523e1c method=org.aspectj.apache.bcel.classfile.Attribute.readAttribute(Ljava/io/DataInputStream;Lorg/aspectj/apache/bcel/classfile/ConstantPool;)Lorg/aspectj/apache/bcel/classfile/Attrib
Event: 3.678 Thread 0x000002e3a3794450 DEOPT PACKING pc=0x000002e349523e1c sp=0x000000e892ef9060
Event: 3.678 Thread 0x000002e3a3794450 DEOPT UNPACKING pc=0x000002e348b423a3 sp=0x000000e892ef9058 mode 2
Event: 3.718 Thread 0x000002e3a3794450 Uncommon trap: trap_request=0xffffff45 fr.pc=0x000002e349438e64 relative=0x0000000000000064
Event: 3.718 Thread 0x000002e3a3794450 Uncommon trap: reason=unstable_if action=reinterpret pc=0x000002e349438e64 method=java.lang.Class.componentType()Ljava/lang/Class; @ 4 c2
Event: 3.718 Thread 0x000002e3a3794450 DEOPT PACKING pc=0x000002e349438e64 sp=0x000000e892ef9d60
Event: 3.718 Thread 0x000002e3a3794450 DEOPT UNPACKING pc=0x000002e348b423a3 sp=0x000000e892ef9cf0 mode 2
Event: 3.718 Thread 0x000002e3a3794450 Uncommon trap: trap_request=0xffffff45 fr.pc=0x000002e34945e2d4 relative=0x0000000000004f74
Event: 3.718 Thread 0x000002e3a3794450 Uncommon trap: reason=unstable_if action=reinterpret pc=0x000002e34945e2d4 method=org.springframework.util.ConcurrentReferenceHashMap$Segment.findInChain(Lorg/springframework/util/ConcurrentReferenceHashMap$Reference;Ljava/lang/Object;I)Lorg/springframewo
Event: 3.718 Thread 0x000002e3a3794450 DEOPT PACKING pc=0x000002e34945e2d4 sp=0x000000e892ef9bd0
Event: 3.718 Thread 0x000002e3a3794450 DEOPT UNPACKING pc=0x000002e348b423a3 sp=0x000000e892ef98b8 mode 2
Event: 4.850 Thread 0x000002e3a3794450 Uncommon trap: trap_request=0xffffff45 fr.pc=0x000002e349385668 relative=0x00000000000028a8
Event: 4.850 Thread 0x000002e3a3794450 Uncommon trap: reason=unstable_if action=reinterpret pc=0x000002e349385668 method=org.springframework.core.annotation.AnnotationsScanner.processClassHierarchy(Ljava/lang/Object;[ILjava/lang/Class;Lorg/springframework/core/annotation/AnnotationsProcessor;Z
Event: 4.850 Thread 0x000002e3a3794450 DEOPT PACKING pc=0x000002e349385668 sp=0x000000e892efba00
Event: 4.850 Thread 0x000002e3a3794450 DEOPT UNPACKING pc=0x000002e348b423a3 sp=0x000000e892efba28 mode 2
Event: 4.850 Thread 0x000002e3a3794450 Uncommon trap: trap_request=0xffffff45 fr.pc=0x000002e349551ff4 relative=0x0000000000001054
Event: 4.851 Thread 0x000002e3a3794450 Uncommon trap: reason=unstable_if action=reinterpret pc=0x000002e349551ff4 method=org.springframework.core.annotation.AnnotationsScanner.processClassHierarchy(Ljava/lang/Object;[ILjava/lang/Class;Lorg/springframework/core/annotation/AnnotationsProcessor;Z
Event: 4.851 Thread 0x000002e3a3794450 DEOPT PACKING pc=0x000002e349551ff4 sp=0x000000e892efbb20
Event: 4.851 Thread 0x000002e3a3794450 DEOPT UNPACKING pc=0x000002e348b423a3 sp=0x000000e892efb870 mode 2

Classes unloaded (0 events):
No events

Classes redefined (0 events):
No events

Internal exceptions (20 events):
Event: 3.603 Thread 0x000002e3a3793a30 Exception <a 'java/lang/ClassNotFoundException'{0x000000070c075dc8}: org/springframework/context/support/LiveBeansView> (0x000000070c075dc8) 
thrown [s\open\src\hotspot\share\classfile\systemDictionary.cpp, line 256]
Event: 3.603 Thread 0x000002e3a3793a30 Exception <a 'java/lang/ClassNotFoundException'{0x000000070c076180}: org/springframework/context/support/LiveBeansView> (0x000000070c076180) 
thrown [s\open\src\hotspot\share\classfile\systemDictionary.cpp, line 256]
Event: 3.603 Thread 0x000002e3a3793a30 Exception <a 'java/lang/ClassNotFoundException'{0x000000070c076530}: org/springframework/context/support/LiveBeansView> (0x000000070c076530) 
thrown [s\open\src\hotspot\share\classfile\systemDictionary.cpp, line 256]
Event: 3.603 Thread 0x000002e3a3793a30 Exception <a 'java/lang/ClassNotFoundException'{0x000000070c0768f8}: org/springframework/context/support/LiveBeansView> (0x000000070c0768f8) 
thrown [s\open\src\hotspot\share\classfile\systemDictionary.cpp, line 256]
Event: 3.603 Thread 0x000002e3a3793a30 Exception <a 'java/lang/ClassNotFoundException'{0x000000070c076cb8}: org/springframework/context/support/LiveBeansView> (0x000000070c076cb8) 
thrown [s\open\src\hotspot\share\classfile\systemDictionary.cpp, line 256]
Event: 3.603 Thread 0x000002e3a3793a30 Exception <a 'java/lang/ClassNotFoundException'{0x000000070c077078}: org/springframework/context/support/LiveBeansView> (0x000000070c077078) 
thrown [s\open\src\hotspot\share\classfile\systemDictionary.cpp, line 256]
Event: 3.603 Thread 0x000002e3a3793a30 Exception <a 'java/lang/ClassNotFoundException'{0x000000070c077438}: org/springframework/context/support/LiveBeansView> (0x000000070c077438) 
thrown [s\open\src\hotspot\share\classfile\systemDictionary.cpp, line 256]
Event: 3.603 Thread 0x000002e3a3793a30 Exception <a 'java/lang/ClassNotFoundException'{0x000000070c0777d8}: org/springframework/context/support/LiveBeansView> (0x000000070c0777d8) 
thrown [s\open\src\hotspot\share\classfile\systemDictionary.cpp, line 256]
Event: 3.603 Thread 0x000002e3a3793a30 Exception <a 'java/lang/ClassNotFoundException'{0x000000070c077b90}: org/springframework/context/support/LiveBeansView> (0x000000070c077b90) 
thrown [s\open\src\hotspot\share\classfile\systemDictionary.cpp, line 256]
Event: 3.603 Thread 0x000002e3a3793a30 Exception <a 'java/lang/ClassNotFoundException'{0x000000070c077f38}: org/springframework/context/support/LiveBeansView> (0x000000070c077f38) 
thrown [s\open\src\hotspot\share\classfile\systemDictionary.cpp, line 256]
Event: 3.607 Thread 0x000002e3a3793a30 Exception <a 'java/lang/ClassNotFoundException'{0x000000070c0c29c0}: org/springframework/context/support/LiveBeansView> (0x000000070c0c29c0) 
thrown [s\open\src\hotspot\share\classfile\systemDictionary.cpp, line 256]
Event: 3.607 Thread 0x000002e3a3793a30 Exception <a 'java/lang/ClassNotFoundException'{0x000000070c0c2d88}: org/springframework/context/support/LiveBeansView> (0x000000070c0c2d88) 
thrown [s\open\src\hotspot\share\classfile\systemDictionary.cpp, line 256]
Event: 3.607 Thread 0x000002e3a3793a30 Exception <a 'java/lang/ClassNotFoundException'{0x000000070c0c3138}: org/springframework/context/support/LiveBeansView> (0x000000070c0c3138) 
thrown [s\open\src\hotspot\share\classfile\systemDictionary.cpp, line 256]
Event: 3.607 Thread 0x000002e3a3793a30 Exception <a 'java/lang/ClassNotFoundException'{0x000000070c10e7b0}: org/springframework/context/support/LiveBeansView> (0x000000070c10e7b0) 
thrown [s\open\src\hotspot\share\classfile\systemDictionary.cpp, line 256]
Event: 3.607 Thread 0x000002e3a3794450 Exception <a 'java/lang/NoSuchMethodError'{0x000000070c0cf1b0}: 'int java.lang.invoke.DirectMethodHandle$Holder.invokeInterface(java.lang.Object, java.lang.Object, java.lang.Object, java.lang.Object)'> (0x000000070c0cf1b0) 
thrown [s\open\src\hotspot\share\interpreter\linkResolver.cpp, line 759]
Event: 3.608 Thread 0x000002e3a3793a30 Exception <a 'java/lang/reflect/InvocationTargetException'{0x000000070c111f60}> (0x000000070c111f60) 
thrown [s\open\src\hotspot\share\runtime\reflection.cpp, line 1121]
Event: 3.694 Thread 0x000002e3a3794450 Exception <a 'java/lang/NoSuchMethodError'{0x0000000719221448}: 'java.lang.Object java.lang.invoke.DirectMethodHandle$Holder.invokeStaticInit(java.lang.Object, java.lang.Object, java.lang.Object, java.lang.Object)'> (0x0000000719221448) 
thrown [s\open\src\hotspot\share\interpreter\linkResolver.cpp, line 759]
Event: 3.697 Thread 0x000002e3a3794450 Exception <a 'java/lang/IncompatibleClassChangeError'{0x0000000719239b28}: Found class java.lang.Object, but interface was expected> (0x0000000719239b28) 
thrown [s\open\src\hotspot\share\interpreter\linkResolver.cpp, line 826]
Event: 3.700 Thread 0x000002e3a3794450 Exception <a 'java/lang/IncompatibleClassChangeError'{0x0000000719246fc8}: Found class java.lang.Object, but interface was expected> (0x0000000719246fc8) 
thrown [s\open\src\hotspot\share\interpreter\linkResolver.cpp, line 826]
Event: 3.707 Thread 0x000002e3a3794450 Exception <a 'java/lang/IncompatibleClassChangeError'{0x0000000719275650}: Found class java.lang.Object, but interface was expected> (0x0000000719275650) 
thrown [s\open\src\hotspot\share\interpreter\linkResolver.cpp, line 826]

VM Operations (20 events):
Event: 3.344 Executing VM operation: HandshakeAllThreads done
Event: 3.358 Executing VM operation: HandshakeAllThreads
Event: 3.358 Executing VM operation: HandshakeAllThreads done
Event: 3.401 Executing VM operation: HandshakeAllThreads
Event: 3.402 Executing VM operation: HandshakeAllThreads done
Event: 3.440 Executing VM operation: CollectForMetadataAllocation
Event: 3.443 Executing VM operation: CollectForMetadataAllocation done
Event: 3.454 Executing VM operation: G1Concurrent
Event: 3.460 Executing VM operation: G1Concurrent done
Event: 3.463 Executing VM operation: G1Concurrent
Event: 3.464 Executing VM operation: G1Concurrent done
Event: 3.684 Executing VM operation: G1CollectForAllocation
Event: 3.687 Executing VM operation: G1CollectForAllocation done
Event: 3.799 Executing VM operation: HandshakeAllThreads
Event: 3.799 Executing VM operation: HandshakeAllThreads done
Event: 3.800 Executing VM operation: HandshakeAllThreads
Event: 3.800 Executing VM operation: HandshakeAllThreads done
Event: 4.814 Executing VM operation: Cleanup
Event: 4.846 Executing VM operation: Cleanup done
Event: 5.858 Executing VM operation: Cleanup

Events (20 events):
Event: 3.526 loading class com/sun/org/apache/xerces/internal/impl/XMLDocumentScannerImpl$DTDDriver done
Event: 3.526 loading class com/sun/org/apache/xerces/internal/impl/XMLEntityDescription
Event: 3.526 loading class com/sun/org/apache/xerces/internal/impl/XMLEntityDescription done
Event: 3.526 loading class com/sun/xml/internal/stream/StaxXMLInputSource
Event: 3.527 loading class com/sun/xml/internal/stream/StaxXMLInputSource done
Event: 3.528 loading class com/sun/org/apache/xerces/internal/impl/dtd/XMLNotationDecl
Event: 3.528 loading class com/sun/org/apache/xerces/internal/impl/dtd/XMLNotationDecl done
Event: 3.702 loading class java/util/stream/ReduceOps$1
Event: 3.702 loading class java/util/stream/ReduceOps$1 done
Event: 3.702 loading class java/util/stream/ReduceOps$1ReducingSink
Event: 3.702 loading class java/util/stream/ReduceOps$1ReducingSink done
Event: 3.706 loading class java/util/stream/Streams$ConcatSpliterator$OfRef
Event: 3.706 loading class java/util/stream/Streams$ConcatSpliterator
Event: 3.706 loading class java/util/stream/Streams$ConcatSpliterator done
Event: 3.706 loading class java/util/stream/Streams$ConcatSpliterator$OfRef done
Event: 3.707 loading class java/util/stream/Streams$2
Event: 3.707 loading class java/util/stream/Streams$2 done
Event: 3.754 loading class java/lang/invoke/DirectMethodHandle$Special
Event: 3.754 loading class java/lang/invoke/DirectMethodHandle$Special done
Event: 4.846 Thread 0x000002e35d3f8430 Thread exited: 0x000002e35d3f8430


Dynamic libraries:
0x00007ff629e00000 - 0x00007ff629e10000 	C:\Program Files\Java\jdk-17\bin\java.exe
0x00007ffdf3020000 - 0x00007ffdf3283000 	C:\WINDOWS\SYSTEM32\ntdll.dll
0x00007ffdf1ec0000 - 0x00007ffdf1f87000 	C:\WINDOWS\System32\KERNEL32.DLL
0x00007ffdf07e0000 - 0x00007ffdf0ba7000 	C:\WINDOWS\System32\KERNELBASE.dll
0x00007ffdf0be0000 - 0x00007ffdf0d2c000 	C:\WINDOWS\System32\ucrtbase.dll
0x00007ffddf7a0000 - 0x00007ffddf7b9000 	C:\Program Files\Java\jdk-17\bin\jli.dll
0x00007ffdccec0000 - 0x00007ffdccedb000 	C:\Program Files\Java\jdk-17\bin\VCRUNTIME140.dll
0x00007ffdf1bc0000 - 0x00007ffdf1c74000 	C:\WINDOWS\System32\ADVAPI32.dll
0x00007ffdf2f10000 - 0x00007ffdf2fb9000 	C:\WINDOWS\System32\msvcrt.dll
0x00007ffdf2740000 - 0x00007ffdf27e6000 	C:\WINDOWS\System32\sechost.dll
0x00007ffdf0e60000 - 0x00007ffdf0f76000 	C:\WINDOWS\System32\RPCRT4.dll
0x00007ffdf28b0000 - 0x00007ffdf2a79000 	C:\WINDOWS\System32\USER32.dll
0x00007ffdf0bb0000 - 0x00007ffdf0bd7000 	C:\WINDOWS\System32\win32u.dll
0x00007ffddc510000 - 0x00007ffddc7a0000 	C:\WINDOWS\WinSxS\amd64_microsoft.windows.common-controls_6595b64144ccf1df_6.0.26100.3037_none_3e09262ce333c378\COMCTL32.dll
0x00007ffdf27f0000 - 0x00007ffdf281a000 	C:\WINDOWS\System32\GDI32.dll
0x00007ffdf0530000 - 0x00007ffdf065b000 	C:\WINDOWS\System32\gdi32full.dll
0x00007ffdf03c0000 - 0x00007ffdf0463000 	C:\WINDOWS\System32\msvcp_win.dll
0x00007ffdea3c0000 - 0x00007ffdea3cb000 	C:\WINDOWS\SYSTEM32\VERSION.dll
0x00007ffdf16e0000 - 0x00007ffdf170f000 	C:\WINDOWS\System32\IMM32.DLL
0x00007ffde3bd0000 - 0x00007ffde3bdc000 	C:\Program Files\Java\jdk-17\bin\vcruntime140_1.dll
0x00007ffdccda0000 - 0x00007ffdcce2e000 	C:\Program Files\Java\jdk-17\bin\msvcp140.dll
0x00007ffd82640000 - 0x00007ffd83220000 	C:\Program Files\Java\jdk-17\bin\server\jvm.dll
0x00007ffdf16d0000 - 0x00007ffdf16d8000 	C:\WINDOWS\System32\PSAPI.DLL
0x00007ffde5b40000 - 0x00007ffde5b4a000 	C:\WINDOWS\SYSTEM32\WSOCK32.dll
0x00007ffdea380000 - 0x00007ffdea3b6000 	C:\WINDOWS\SYSTEM32\WINMM.dll
0x00007ffdf1f90000 - 0x00007ffdf2004000 	C:\WINDOWS\System32\WS2_32.dll
0x00007ffdef1f0000 - 0x00007ffdef20a000 	C:\WINDOWS\SYSTEM32\kernel.appcore.dll
0x00007ffde3b80000 - 0x00007ffde3b8a000 	C:\Program Files\Java\jdk-17\bin\jimage.dll
0x00007ffde4f90000 - 0x00007ffde51d1000 	C:\WINDOWS\SYSTEM32\DBGHELP.DLL
0x00007ffdf2260000 - 0x00007ffdf25de000 	C:\WINDOWS\System32\combase.dll
0x00007ffdf18f0000 - 0x00007ffdf19c6000 	C:\WINDOWS\System32\OLEAUT32.dll
0x00007ffdd77f0000 - 0x00007ffdd7829000 	C:\WINDOWS\SYSTEM32\dbgcore.DLL
0x00007ffdf0d30000 - 0x00007ffdf0dc9000 	C:\WINDOWS\System32\bcryptPrimitives.dll
0x00007ffdcce90000 - 0x00007ffdcceb5000 	C:\Program Files\Java\jdk-17\bin\java.dll
0x00007ffd94c10000 - 0x00007ffd94ce7000 	C:\Program Files\Java\jdk-17\bin\jsvml.dll
0x00007ffdf0f90000 - 0x00007ffdf1694000 	C:\WINDOWS\System32\SHELL32.dll
0x00007ffdee090000 - 0x00007ffdee8c7000 	C:\WINDOWS\SYSTEM32\windows.storage.dll
0x00007ffdf2650000 - 0x00007ffdf2739000 	C:\WINDOWS\System32\SHCORE.dll
0x00007ffdf21f0000 - 0x00007ffdf224d000 	C:\WINDOWS\System32\shlwapi.dll
0x00007ffdf02d0000 - 0x00007ffdf02fe000 	C:\WINDOWS\SYSTEM32\profapi.dll
0x00007ffdccd80000 - 0x00007ffdccd99000 	C:\Program Files\Java\jdk-17\bin\net.dll
0x00007ffde79d0000 - 0x00007ffde7aee000 	C:\WINDOWS\SYSTEM32\WINHTTP.dll
0x00007ffdef700000 - 0x00007ffdef76a000 	C:\WINDOWS\system32\mswsock.dll
0x00007ffdccd60000 - 0x00007ffdccd76000 	C:\Program Files\Java\jdk-17\bin\nio.dll
0x00007ffdccd40000 - 0x00007ffdccd58000 	C:\Program Files\Java\jdk-17\bin\zip.dll
0x00007ffddd430000 - 0x00007ffddd43a000 	C:\Program Files\Java\jdk-17\bin\management.dll
0x00007ffddbcc0000 - 0x00007ffddbccb000 	C:\Program Files\Java\jdk-17\bin\management_ext.dll
0x00007ffdd1780000 - 0x00007ffdd1798000 	C:\WINDOWS\system32\napinsp.dll
0x00007ffdeece0000 - 0x00007ffdeee05000 	C:\WINDOWS\SYSTEM32\DNSAPI.dll
0x00007ffdeec40000 - 0x00007ffdeec72000 	C:\WINDOWS\SYSTEM32\IPHLPAPI.DLL
0x00007ffdf1e00000 - 0x00007ffdf1e0a000 	C:\WINDOWS\System32\NSI.dll
0x00007ffdd1760000 - 0x00007ffdd1772000 	C:\WINDOWS\System32\winrnr.dll
0x00007ffdd1730000 - 0x00007ffdd1752000 	C:\WINDOWS\system32\nlansp_c.dll
0x00007ffdd1710000 - 0x00007ffdd1726000 	C:\WINDOWS\system32\wshbth.dll
0x00007ffde7810000 - 0x00007ffde781b000 	C:\Windows\System32\rasadhlp.dll
0x00007ffdea7f0000 - 0x00007ffdea875000 	C:\WINDOWS\System32\fwpuclnt.dll
0x00007ffdef9a0000 - 0x00007ffdef9bc000 	C:\WINDOWS\SYSTEM32\CRYPTSP.dll
0x00007ffdef150000 - 0x00007ffdef188000 	C:\WINDOWS\system32\rsaenh.dll
0x00007ffdef7a0000 - 0x00007ffdef7cb000 	C:\WINDOWS\SYSTEM32\USERENV.dll
0x00007ffdefbe0000 - 0x00007ffdefc06000 	C:\WINDOWS\SYSTEM32\bcrypt.dll
0x00007ffdef9c0000 - 0x00007ffdef9cc000 	C:\WINDOWS\SYSTEM32\CRYPTBASE.dll
0x00007ffdea3d0000 - 0x00007ffdea3ef000 	C:\WINDOWS\SYSTEM32\dhcpcsvc6.DLL
0x00007ffdea350000 - 0x00007ffdea375000 	C:\WINDOWS\SYSTEM32\dhcpcsvc.DLL
0x00007ffdcf320000 - 0x00007ffdcf32e000 	C:\Program Files\Java\jdk-17\bin\sunmscapi.dll
0x00007ffdf0660000 - 0x00007ffdf07d6000 	C:\WINDOWS\System32\CRYPT32.dll
0x00007ffdefba0000 - 0x00007ffdefbd0000 	C:\WINDOWS\SYSTEM32\ncrypt.dll
0x00007ffdefb50000 - 0x00007ffdefb8f000 	C:\WINDOWS\SYSTEM32\NTASN1.dll

dbghelp: loaded successfully - version: 4.0.5 - missing functions: none
symbol engine: initialized successfully - sym options: 0x614 - pdb path: .;C:\Program Files\Java\jdk-17\bin;C:\WINDOWS\SYSTEM32;C:\WINDOWS\WinSxS\amd64_microsoft.windows.common-controls_6595b64144ccf1df_6.0.26100.3037_none_3e09262ce333c378;C:\Program Files\Java\jdk-17\bin\server

VM Arguments:
jvm_args: -Dcom.sun.management.jmxremote -Dcom.sun.management.jmxremote.port=64758 -Dcom.sun.management.jmxremote.authenticate=false -Dcom.sun.management.jmxremote.ssl=false -Dspring.jmx.enabled=true -Djava.rmi.server.hostname=localhost -Dspring.application.admin.enabled=true -Dspring.boot.project.name=laptopshop -XX:+ShowCodeDetailsInExceptionMessages -Dmanagement.endpoints.jmx.exposure.include=* 
java_command: vn.hoidanit.laptopshop.LaptopshopApplication
java_class_path (initial): C:\Users\MSI\Downloads\Compressed\01-java-spring-laptopshop-starter-master\01-java-spring-laptopshop-starter-master\target\classes;C:\Users\MSI\.m2\repository\org\springframework\boot\spring-boot-starter-actuator\3.2.2\spring-boot-starter-actuator-3.2.2.jar;C:\Users\MSI\.m2\repository\org\springframework\boot\spring-boot-actuator-autoconfigure\3.2.2\spring-boot-actuator-autoconfigure-3.2.2.jar;C:\Users\MSI\.m2\repository\org\springframework\boot\spring-boot-actuator\3.2.2\spring-boot-actuator-3.2.2.jar;C:\Users\MSI\.m2\repository\com\fasterxml\jackson\core\jackson-databind\2.15.3\jackson-databind-2.15.3.jar;C:\Users\MSI\.m2\repository\com\fasterxml\jackson\core\jackson-annotations\2.15.3\jackson-annotations-2.15.3.jar;C:\Users\MSI\.m2\repository\com\fasterxml\jackson\core\jackson-core\2.15.3\jackson-core-2.15.3.jar;C:\Users\MSI\.m2\repository\com\fasterxml\jackson\datatype\jackson-datatype-jsr310\2.15.3\jackson-datatype-jsr310-2.15.3.jar;C:\Users\MSI\.m2\repository\io\micrometer\micrometer-observation\1.12.2\micrometer-observation-1.12.2.jar;C:\Users\MSI\.m2\repository\io\micrometer\micrometer-commons\1.12.2\micrometer-commons-1.12.2.jar;C:\Users\MSI\.m2\repository\io\micrometer\micrometer-jakarta9\1.12.2\micrometer-jakarta9-1.12.2.jar;C:\Users\MSI\.m2\repository\io\micrometer\micrometer-core\1.12.2\micrometer-core-1.12.2.jar;C:\Users\MSI\.m2\repository\org\hdrhistogram\HdrHistogram\2.1.12\HdrHistogram-2.1.12.jar;C:\Users\MSI\.m2\repository\org\latencyutils\LatencyUtils\2.0.3\LatencyUtils-2.0.3.jar;C:\Users\MSI\.m2\repository\org\springframework\boot\spring-boot-starter-web\3.2.2\spring-boot-starter-web-3.2.2.jar;C:\Users\MSI\.m2\repository\org\springframework\boot\spring-boot-starter-json\3.2.2\spring-boot-starter-json-3.2.2.jar;C:\Users\MSI\.m2\repository\com\fasterxml\jackson\datatype\jackson-datatype-jdk8\2.15.3\jackson-datatype-jdk8-2.15.3.jar;C:\Users\MSI\.m2\repository\com\fasterxml\jackson\module\jackson-module-parameter-names\2.
Launcher Type: SUN_STANDARD

[Global flags]
     intx CICompilerCount                          = 12                                        {product} {ergonomic}
     uint ConcGCThreads                            = 3                                         {product} {ergonomic}
     uint G1ConcRefinementThreads                  = 13                                        {product} {ergonomic}
   size_t G1HeapRegionSize                         = 2097152                                   {product} {ergonomic}
    uintx GCDrainStackTargetSize                   = 64                                        {product} {ergonomic}
   size_t InitialHeapSize                          = 260046848                                 {product} {ergonomic}
     bool ManagementServer                         = true                                      {product} {command line}
   size_t MarkStackSize                            = 4194304                                   {product} {ergonomic}
   size_t MaxHeapSize                              = 4131389440                                {product} {ergonomic}
   size_t MaxNewSize                               = 2478833664                                {product} {ergonomic}
   size_t MinHeapDeltaBytes                        = 2097152                                   {product} {ergonomic}
   size_t MinHeapSize                              = 8388608                                   {product} {ergonomic}
    uintx NonNMethodCodeHeapSize                   = 7602480                                {pd product} {ergonomic}
    uintx NonProfiledCodeHeapSize                  = 122027880                              {pd product} {ergonomic}
    uintx ProfiledCodeHeapSize                     = 122027880                              {pd product} {ergonomic}
    uintx ReservedCodeCacheSize                    = 251658240                              {pd product} {ergonomic}
     bool SegmentedCodeCache                       = true                                      {product} {ergonomic}
     bool ShowCodeDetailsInExceptionMessages       = true                                   {manageable} {command line}
   size_t SoftMaxHeapSize                          = 4131389440                             {manageable} {ergonomic}
     bool UseCompressedClassPointers               = true                           {product lp64_product} {ergonomic}
     bool UseCompressedOops                        = true                           {product lp64_product} {ergonomic}
     bool UseG1GC                                  = true                                      {product} {ergonomic}
     bool UseLargePagesIndividualAllocation        = false                                  {pd product} {ergonomic}

Logging:
Log output configuration:
 #0: stdout all=warning uptime,level,tags
 #1: stderr all=off uptime,level,tags

Environment Variables:
PATH=C:\Program Files\Microsoft MPI\Bin\;C:\WINDOWS\system32;C:\WINDOWS;C:\WINDOWS\System32\Wbem;C:\WINDOWS\System32\WindowsPowerShell\v1.0\;C:\WINDOWS\System32\OpenSSH\;C:\Program Files\nodejs\;C:\Program Files (x86)\Microsoft SQL Server\160\Tools\Binn\;C:\Program Files\Microsoft SQL Server\160\Tools\Binn\;C:\Program Files\Microsoft SQL Server\Client SDK\ODBC\170\Tools\Binn\;C:\Program Files\Microsoft SQL Server\160\DTS\Binn\;C:\Program Files (x86)\Microsoft SQL Server\160\DTS\Binn\;C:\Program Files\PowerShell\7\;C:\Program Files\Git LFS;C:\Program Files\Git\cmd;C:\Program Files\Java\jdk-17\bin;C:\Program Files\MySQL\MySQL Shell 8.0\bin\;C:\Users\MSI\AppData\Local\Programs\Python\Python313;C:\Users\MSI\AppData\Local\Microsoft\WindowsApps;C:\Users\MSI\AppData\Local\Programs\Microsoft VS Code\bin;C:\Users\MSI\AppData\Roaming\npm;C:\Program Files\JetBrains\IntelliJ IDEA 2024.3.1.1\bin;;C:\Program Files\Java\jdk-17\bin;
USERNAME=MSI
LANG=en_US.UTF-8
OS=Windows_NT
PROCESSOR_IDENTIFIER=AMD64 Family 25 Model 80 Stepping 0, AuthenticAMD



---------------  S Y S T E M  ---------------

OS:
 Windows 11 , 64 bit Build 26100 (10.0.26100.3037)
OS uptime: 1 days 3:18 hours
Hyper-V role detected

CPU: total 16 (initial active 16) (16 cores per cpu, 2 threads per core) family 25 model 80 stepping 0 microcode 0xa50000c, cx8, cmov, fxsr, ht, mmx, 3dnowpref, sse, sse2, sse3, ssse3, sse4a, sse4.1, sse4.2, popcnt, lzcnt, tsc, tscinvbit, avx, avx2, aes, erms, clmul, bmi1, bmi2, adx, sha, fma, vzeroupper, clflush, clflushopt, hv

Memory: 4k page, system-wide physical 15752M (6214M free)
TotalPageFile size 15752M (AvailPageFile size 41M)
current process WorkingSet (physical memory assigned to process): 227M, peak: 270M
current process commit charge ("private bytes"): 374M, peak: 416M

vm_info: Java HotSpot(TM) 64-Bit Server VM (17.0.11+7-LTS-207) for windows-amd64 JRE (17.0.11+7-LTS-207), built on Mar 11 2024 19:01:50 by "mach5one" with MS VC++ 17.6 (VS2022)

END.
