#
# There is insufficient memory for the Java Runtime Environment to continue.
# Native memory allocation (malloc) failed to allocate 2054640 bytes. Error detail: Chunk::new
# Possible reasons:
#   The system is out of physical RAM or swap space
#   This process is running with CompressedOops enabled, and the Java Heap may be blocking the growth of the native heap
# Possible solutions:
#   Reduce memory load on the system
#   Increase physical memory or swap space
#   Check if swap backing store is full
#   Decrease Java heap size (-Xmx/-Xms)
#   Decrease number of Java threads
#   Decrease Java thread stack sizes (-Xss)
#   Set larger code cache with -XX:ReservedCodeCacheSize=
#   JVM is running with Unscaled Compressed Oops mode in which the Java heap is
#     placed in the first 4GB address space. The Java Heap base address is the
#     maximum limit for the native heap growth. Please use -XX:HeapBaseMinAddress
#     to set the Java Heap base and to place the Java Heap above 4GB virtual address.
# This output file may be truncated or incomplete.
#
#  Out of Memory Error (arena.cpp:168), pid=20484, tid=6352
#
# JRE version: OpenJDK Runtime Environment Temurin-21.0.6+7 (21.0.6+7) (build 21.0.6+7-LTS)
# Java VM: OpenJDK 64-Bit Server VM Temurin-21.0.6+7 (21.0.6+7-LTS, mixed mode, sharing, tiered, compressed oops, compressed class ptrs, parallel gc, windows-amd64)
# No core dump will be written. Minidumps are not enabled by default on client versions of Windows
#

---------------  S U M M A R Y ------------

Command Line: --add-modules=ALL-SYSTEM --add-opens=java.base/java.util=ALL-UNNAMED --add-opens=java.base/java.lang=ALL-UNNAMED --add-opens=java.base/sun.nio.fs=ALL-UNNAMED -Declipse.application=org.eclipse.jdt.ls.core.id1 -Dosgi.bundles.defaultStartLevel=4 -Declipse.product=org.eclipse.jdt.ls.core.product -Djava.import.generatesMetadataFilesAtProjectRoot=false -DDetectVMInstallationsJob.disabled=true -Dfile.encoding=utf8 -XX:+UseParallelGC -XX:GCTimeRatio=4 -XX:AdaptiveSizePolicyWeight=90 -Dsun.zip.disableMemoryMapping=true -Xmx1G -Xms100m -Xlog:disable -javaagent:c:\Users\MSI\.vscode\extensions\redhat.java-1.41.1-win32-x64\lombok\lombok-1.18.36.jar -XX:+HeapDumpOnOutOfMemoryError -XX:HeapDumpPath=c:\Users\MSI\AppData\Roaming\Code\User\workspaceStorage\8482fc1a365055af0af7aefc8016a7e7\redhat.java -Daether.dependencyCollector.impl=bf c:\Users\MSI\.vscode\extensions\redhat.java-1.41.1-win32-x64\server\plugins\org.eclipse.equinox.launcher_1.7.0.v20250331-1702.jar -configuration c:\Users\MSI\AppData\Roaming\Code\User\globalStorage\redhat.java\1.41.1\config_win -data c:\Users\MSI\AppData\Roaming\Code\User\workspaceStorage\8482fc1a365055af0af7aefc8016a7e7\redhat.java\jdt_ws --pipe=\\.\pipe\lsp-39833020b4ed091aa2cacb7291802b4c-sock

Host: AMD Ryzen 7 5800H with Radeon Graphics         , 16 cores, 15G,  Windows 11 , 64 bit Build 26100 (10.0.26100.3912)
Time: Thu May  1 17:23:55 2025 SE Asia Standard Time elapsed time: 9.159554 seconds (0d 0h 0m 9s)

---------------  T H R E A D  ---------------

Current thread (0x0000023415e93840):  JavaThread "C2 CompilerThread3" daemon [_thread_in_native, id=6352, stack(0x0000009d4ad00000,0x0000009d4ae00000) (1024K)]


Current CompileTask:
C2:9159 11686       4       org.lombokweb.asm.SymbolTable::<init> (536 bytes)

Stack: [0x0000009d4ad00000,0x0000009d4ae00000]
Native frames: (J=compiled Java code, j=interpreted, Vv=VM code, C=native code)
V  [jvm.dll+0x6cdee9]
V  [jvm.dll+0x8a83d1]
V  [jvm.dll+0x8aa8fe]
V  [jvm.dll+0x8aafe3]
V  [jvm.dll+0x27f706]
V  [jvm.dll+0xc500d]
V  [jvm.dll+0xc5543]
V  [jvm.dll+0x3b678c]
V  [jvm.dll+0x382935]
V  [jvm.dll+0x381d9a]
V  [jvm.dll+0x2479f0]
V  [jvm.dll+0x246fcf]
V  [jvm.dll+0x1c75ee]
V  [jvm.dll+0x25685a]
V  [jvm.dll+0x254dfa]
V  [jvm.dll+0x3f0256]
V  [jvm.dll+0x851f8b]
V  [jvm.dll+0x6cc5ed]
C  [ucrtbase.dll+0x37b0]
C  [KERNEL32.DLL+0x2e8d7]
C  [ntdll.dll+0x9c5dc]


---------------  P R O C E S S  ---------------

Threads class SMR info:
_java_thread_list=0x00000234249b6e70, length=99, elements={
0x00000233b671a8c0, 0x00000233cab07100, 0x00000233cab06140, 0x000002340d282e10,
0x000002340d283df0, 0x000002340d2856d0, 0x000002340d285e60, 0x000002340d290ef0,
0x000002340d2925a0, 0x000002340d385410, 0x000002340d3e58e0, 0x000002341305f7f0,
0x0000023413b7f890, 0x0000023413c37130, 0x0000023413c71480, 0x0000023413b6b080,
0x0000023413fc6370, 0x000002341422fb10, 0x0000023413b9d4b0, 0x00000234146bb0b0,
0x0000023413b9db40, 0x0000023413b9e1d0, 0x0000023413b9e860, 0x0000023413b9ce20,
0x0000023413b9eef0, 0x0000023415e93840, 0x00000234148d6c20, 0x0000023413b9f580,
0x0000023413b9c790, 0x0000023415e5c9e0, 0x0000023413b9fc10, 0x00000234151a7ef0,
0x00000234151a92a0, 0x00000234151a8580, 0x00000234151a8c10, 0x00000234151a9930,
0x00000234151aace0, 0x00000234151a7860, 0x00000234151ab370, 0x00000234151ac090,
0x00000234151acdb0, 0x00000234151ad440, 0x00000234151aba00, 0x00000234151ac720,
0x00000234151a9fc0, 0x00000234151aa650, 0x00000234151adad0, 0x00000234151ae160,
0x00000234151ae7f0, 0x00000234154d6500, 0x00000234148a4950, 0x00000234148a4fe0,
0x00000234148a6a20, 0x00000234148a3c30, 0x00000234148a5d00, 0x00000234148a70b0,
0x00000234148a5670, 0x00000234148a42c0, 0x00000234148a8460, 0x00000234148a6390,
0x00000234148a7740, 0x00000234148a8af0, 0x00000234148a9ea0, 0x00000234148aa530,
0x00000234148aabc0, 0x00000234148a9180, 0x00000234148a9810, 0x00000234148ab250,
0x00000234148a7dd0, 0x00000234212a0aa0, 0x00000234212a1130, 0x000002342129fd80,
0x00000234212a0410, 0x00000234212a3890, 0x00000234212a4c40, 0x00000234212a24e0,
0x00000234212a3f20, 0x00000234212a3200, 0x00000234212a45b0, 0x00000234212a52d0,
0x00000234212a2b70, 0x00000234212a5960, 0x00000234212a73a0, 0x00000234212a6680,
0x00000234212a6d10, 0x0000023418e9ec20, 0x0000023418e9df00, 0x0000023418e9f2b0,
0x0000023418e9f940, 0x0000023418e9e590, 0x0000023418e9ffd0, 0x0000023418ea0660,
0x0000023418e9d1e0, 0x0000023418b10490, 0x0000023418ea3450, 0x0000023418ea2730,
0x0000023418ea2dc0, 0x0000023418ea4800, 0x0000023418ea1a10
}

Java Threads: ( => current thread )
  0x00000233b671a8c0 JavaThread "main"                              [_thread_blocked, id=7696, stack(0x0000009d48100000,0x0000009d48200000) (1024K)]
  0x00000233cab07100 JavaThread "Reference Handler"          daemon [_thread_blocked, id=5780, stack(0x0000009d48500000,0x0000009d48600000) (1024K)]
  0x00000233cab06140 JavaThread "Finalizer"                  daemon [_thread_blocked, id=22436, stack(0x0000009d48600000,0x0000009d48700000) (1024K)]
  0x000002340d282e10 JavaThread "Signal Dispatcher"          daemon [_thread_blocked, id=19048, stack(0x0000009d48700000,0x0000009d48800000) (1024K)]
  0x000002340d283df0 JavaThread "Attach Listener"            daemon [_thread_blocked, id=16528, stack(0x0000009d48800000,0x0000009d48900000) (1024K)]
  0x000002340d2856d0 JavaThread "Service Thread"             daemon [_thread_blocked, id=13928, stack(0x0000009d48900000,0x0000009d48a00000) (1024K)]
  0x000002340d285e60 JavaThread "Monitor Deflation Thread"   daemon [_thread_blocked, id=23304, stack(0x0000009d48a00000,0x0000009d48b00000) (1024K)]
  0x000002340d290ef0 JavaThread "C2 CompilerThread0"         daemon [_thread_in_native, id=16380, stack(0x0000009d48b00000,0x0000009d48c00000) (1024K)]
  0x000002340d2925a0 JavaThread "C1 CompilerThread0"         daemon [_thread_blocked, id=14536, stack(0x0000009d48c00000,0x0000009d48d00000) (1024K)]
  0x000002340d385410 JavaThread "Common-Cleaner"             daemon [_thread_blocked, id=15212, stack(0x0000009d48d00000,0x0000009d48e00000) (1024K)]
  0x000002340d3e58e0 JavaThread "C2 CompilerThread1"         daemon [_thread_in_native, id=21812, stack(0x0000009d49000000,0x0000009d49100000) (1024K)]
  0x000002341305f7f0 JavaThread "Notification Thread"        daemon [_thread_blocked, id=20432, stack(0x0000009d49200000,0x0000009d49300000) (1024K)]
  0x0000023413b7f890 JavaThread "Active Thread: Equinox Container: 6fa8eed8-6547-4088-a828-a1678cb01862"        [_thread_blocked, id=8812, stack(0x0000009d49a00000,0x0000009d49b00000) (1024K)]
  0x0000023413c37130 JavaThread "Refresh Thread: Equinox Container: 6fa8eed8-6547-4088-a828-a1678cb01862" daemon [_thread_blocked, id=21912, stack(0x0000009d49d00000,0x0000009d49e00000) (1024K)]
  0x0000023413c71480 JavaThread "Framework Event Dispatcher: Equinox Container: 6fa8eed8-6547-4088-a828-a1678cb01862" daemon [_thread_blocked, id=12392, stack(0x0000009d49e00000,0x0000009d49f00000) (1024K)]
  0x0000023413b6b080 JavaThread "Start Level: Equinox Container: 6fa8eed8-6547-4088-a828-a1678cb01862" daemon [_thread_blocked, id=21992, stack(0x0000009d49f00000,0x0000009d4a000000) (1024K)]
  0x0000023413fc6370 JavaThread "Bundle File Closer"         daemon [_thread_blocked, id=18780, stack(0x0000009d49900000,0x0000009d49a00000) (1024K)]
  0x000002341422fb10 JavaThread "SCR Component Actor"        daemon [_thread_blocked, id=14140, stack(0x0000009d4a200000,0x0000009d4a300000) (1024K)]
  0x0000023413b9d4b0 JavaThread "Worker-JM"                         [_thread_blocked, id=3640, stack(0x0000009d4a500000,0x0000009d4a600000) (1024K)]
  0x00000234146bb0b0 JavaThread "C2 CompilerThread2"         daemon [_thread_in_native, id=4792, stack(0x0000009d4a600000,0x0000009d4a700000) (1024K)]
  0x0000023413b9db40 JavaThread "JNA Cleaner"                daemon [_thread_blocked, id=23020, stack(0x0000009d4a800000,0x0000009d4a900000) (1024K)]
  0x0000023413b9e1d0 JavaThread "Worker-0: Java indexing... "        [_thread_blocked, id=17724, stack(0x0000009d4a900000,0x0000009d4aa00000) (1024K)]
  0x0000023413b9e860 JavaThread "Worker-1: Initialize workspace"        [_thread_in_native, id=22976, stack(0x0000009d4aa00000,0x0000009d4ab00000) (1024K)]
  0x0000023413b9ce20 JavaThread "Worker-2"                          [_thread_blocked, id=13420, stack(0x0000009d4ab00000,0x0000009d4ac00000) (1024K)]
  0x0000023413b9eef0 JavaThread "Java indexing"              daemon [_thread_in_Java, id=2180, stack(0x0000009d4ac00000,0x0000009d4ad00000) (1024K)]
=>0x0000023415e93840 JavaThread "C2 CompilerThread3"         daemon [_thread_in_native, id=6352, stack(0x0000009d4ad00000,0x0000009d4ae00000) (1024K)]
  0x00000234148d6c20 JavaThread "C2 CompilerThread4"         daemon [_thread_in_native, id=24392, stack(0x0000009d4ae00000,0x0000009d4af00000) (1024K)]
  0x0000023413b9f580 JavaThread "Worker-3"                          [_thread_blocked, id=4924, stack(0x0000009d4af00000,0x0000009d4b000000) (1024K)]
  0x0000023413b9c790 JavaThread "Worker-4"                          [_thread_blocked, id=20804, stack(0x0000009d4b200000,0x0000009d4b300000) (1024K)]
  0x0000023415e5c9e0 JavaThread "C2 CompilerThread5"         daemon [_thread_in_native, id=11784, stack(0x0000009d4b300000,0x0000009d4b400000) (1024K)]
  0x0000023413b9fc10 JavaThread "Worker-5"                          [_thread_blocked, id=3240, stack(0x0000009d4b400000,0x0000009d4b500000) (1024K)]
  0x00000234151a7ef0 JavaThread "Thread-2"                   daemon [_thread_in_native, id=12568, stack(0x0000009d4b500000,0x0000009d4b600000) (1024K)]
  0x00000234151a92a0 JavaThread "Thread-3"                   daemon [_thread_in_native, id=23784, stack(0x0000009d4b600000,0x0000009d4b700000) (1024K)]
  0x00000234151a8580 JavaThread "Thread-4"                   daemon [_thread_in_native, id=8276, stack(0x0000009d4b700000,0x0000009d4b800000) (1024K)]
  0x00000234151a8c10 JavaThread "Thread-5"                   daemon [_thread_in_native, id=5472, stack(0x0000009d4b800000,0x0000009d4b900000) (1024K)]
  0x00000234151a9930 JavaThread "Thread-6"                   daemon [_thread_in_native, id=24196, stack(0x0000009d4b900000,0x0000009d4ba00000) (1024K)]
  0x00000234151aace0 JavaThread "Thread-7"                   daemon [_thread_in_native, id=21168, stack(0x0000009d4ba00000,0x0000009d4bb00000) (1024K)]
  0x00000234151a7860 JavaThread "Thread-8"                   daemon [_thread_in_native, id=19856, stack(0x0000009d4bb00000,0x0000009d4bc00000) (1024K)]
  0x00000234151ab370 JavaThread "Thread-9"                   daemon [_thread_in_native, id=20816, stack(0x0000009d4bc00000,0x0000009d4bd00000) (1024K)]
  0x00000234151ac090 JavaThread "Thread-10"                  daemon [_thread_in_native, id=10708, stack(0x0000009d4bd00000,0x0000009d4be00000) (1024K)]
  0x00000234151acdb0 JavaThread "Thread-11"                  daemon [_thread_in_native, id=19284, stack(0x0000009d4be00000,0x0000009d4bf00000) (1024K)]
  0x00000234151ad440 JavaThread "Thread-12"                  daemon [_thread_in_native, id=15436, stack(0x0000009d4bf00000,0x0000009d4c000000) (1024K)]
  0x00000234151aba00 JavaThread "Thread-13"                  daemon [_thread_in_native, id=21532, stack(0x0000009d4c000000,0x0000009d4c100000) (1024K)]
  0x00000234151ac720 JavaThread "Thread-14"                  daemon [_thread_in_native, id=14664, stack(0x0000009d4c100000,0x0000009d4c200000) (1024K)]
  0x00000234151a9fc0 JavaThread "Thread-15"                  daemon [_thread_in_native, id=20940, stack(0x0000009d4c200000,0x0000009d4c300000) (1024K)]
  0x00000234151aa650 JavaThread "Thread-16"                  daemon [_thread_in_native, id=19200, stack(0x0000009d4c300000,0x0000009d4c400000) (1024K)]
  0x00000234151adad0 JavaThread "Thread-17"                  daemon [_thread_in_native, id=5248, stack(0x0000009d4c400000,0x0000009d4c500000) (1024K)]
  0x00000234151ae160 JavaThread "Thread-18"                  daemon [_thread_in_native, id=2972, stack(0x0000009d4c500000,0x0000009d4c600000) (1024K)]
  0x00000234151ae7f0 JavaThread "pool-2-thread-1"                   [_thread_blocked, id=8564, stack(0x0000009d4c600000,0x0000009d4c700000) (1024K)]
  0x00000234154d6500 JavaThread "C2 CompilerThread6"         daemon [_thread_in_native, id=3836, stack(0x0000009d4c700000,0x0000009d4c800000) (1024K)]
  0x00000234148a4950 JavaThread "Worker-6"                          [_thread_blocked, id=3024, stack(0x0000009d4c900000,0x0000009d4ca00000) (1024K)]
  0x00000234148a4fe0 JavaThread "WorkspaceEventsHandler"            [_thread_blocked, id=13752, stack(0x0000009d4ca00000,0x0000009d4cb00000) (1024K)]
  0x00000234148a6a20 JavaThread "pool-1-thread-1"                   [_thread_blocked, id=8516, stack(0x0000009d4cb00000,0x0000009d4cc00000) (1024K)]
  0x00000234148a3c30 JavaThread "LocalFile Deleter"          daemon [_thread_blocked, id=19608, stack(0x0000009d4cc00000,0x0000009d4cd00000) (1024K)]
  0x00000234148a5d00 JavaThread "LocalFile Deleter"          daemon [_thread_blocked, id=23216, stack(0x0000009d4cd00000,0x0000009d4ce00000) (1024K)]
  0x00000234148a70b0 JavaThread "LocalFile Deleter"          daemon [_thread_blocked, id=5660, stack(0x0000009d4ce00000,0x0000009d4cf00000) (1024K)]
  0x00000234148a5670 JavaThread "LocalFile Deleter"          daemon [_thread_blocked, id=16820, stack(0x0000009d4cf00000,0x0000009d4d000000) (1024K)]
  0x00000234148a42c0 JavaThread "LocalFile Deleter"          daemon [_thread_blocked, id=16192, stack(0x0000009d4d000000,0x0000009d4d100000) (1024K)]
  0x00000234148a8460 JavaThread "LocalFile Deleter"          daemon [_thread_blocked, id=10768, stack(0x0000009d4d100000,0x0000009d4d200000) (1024K)]
  0x00000234148a6390 JavaThread "LocalFile Deleter"          daemon [_thread_blocked, id=4944, stack(0x0000009d4d200000,0x0000009d4d300000) (1024K)]
  0x00000234148a7740 JavaThread "LocalFile Deleter"          daemon [_thread_blocked, id=10912, stack(0x0000009d4d300000,0x0000009d4d400000) (1024K)]
  0x00000234148a8af0 JavaThread "LocalFile Deleter"          daemon [_thread_blocked, id=2876, stack(0x0000009d4d400000,0x0000009d4d500000) (1024K)]
  0x00000234148a9ea0 JavaThread "LocalFile Deleter"          daemon [_thread_blocked, id=12880, stack(0x0000009d4d500000,0x0000009d4d600000) (1024K)]
  0x00000234148aa530 JavaThread "LocalFile Deleter"          daemon [_thread_blocked, id=16104, stack(0x0000009d4d600000,0x0000009d4d700000) (1024K)]
  0x00000234148aabc0 JavaThread "LocalFile Deleter"          daemon [_thread_blocked, id=23656, stack(0x0000009d4d700000,0x0000009d4d800000) (1024K)]
  0x00000234148a9180 JavaThread "LocalFile Deleter"          daemon [_thread_blocked, id=23536, stack(0x0000009d4d800000,0x0000009d4d900000) (1024K)]
  0x00000234148a9810 JavaThread "LocalFile Deleter"          daemon [_thread_blocked, id=13524, stack(0x0000009d4d900000,0x0000009d4da00000) (1024K)]
  0x00000234148ab250 JavaThread "LocalFile Deleter"          daemon [_thread_blocked, id=12096, stack(0x0000009d4da00000,0x0000009d4db00000) (1024K)]
  0x00000234148a7dd0 JavaThread "Compiler Source File Reader" daemon [_thread_blocked, id=24264, stack(0x0000009d4db00000,0x0000009d4dc00000) (1024K)]
  0x00000234212a0aa0 JavaThread "Compiler Source File Reader" daemon [_thread_blocked, id=13292, stack(0x0000009d4dc00000,0x0000009d4dd00000) (1024K)]
  0x00000234212a1130 JavaThread "Compiler Source File Reader" daemon [_thread_blocked, id=20896, stack(0x0000009d4dd00000,0x0000009d4de00000) (1024K)]
  0x000002342129fd80 JavaThread "Compiler Source File Reader" daemon [_thread_blocked, id=10116, stack(0x0000009d4de00000,0x0000009d4df00000) (1024K)]
  0x00000234212a0410 JavaThread "Compiler Source File Reader" daemon [_thread_blocked, id=11760, stack(0x0000009d4df00000,0x0000009d4e000000) (1024K)]
  0x00000234212a3890 JavaThread "Compiler Source File Reader" daemon [_thread_blocked, id=23212, stack(0x0000009d4e000000,0x0000009d4e100000) (1024K)]
  0x00000234212a4c40 JavaThread "Compiler Source File Reader" daemon [_thread_blocked, id=13608, stack(0x0000009d4e100000,0x0000009d4e200000) (1024K)]
  0x00000234212a24e0 JavaThread "Compiler Source File Reader" daemon [_thread_blocked, id=18144, stack(0x0000009d4e200000,0x0000009d4e300000) (1024K)]
  0x00000234212a3f20 JavaThread "Compiler Source File Reader" daemon [_thread_blocked, id=23064, stack(0x0000009d4e300000,0x0000009d4e400000) (1024K)]
  0x00000234212a3200 JavaThread "Compiler Source File Reader" daemon [_thread_blocked, id=16632, stack(0x0000009d4e400000,0x0000009d4e500000) (1024K)]
  0x00000234212a45b0 JavaThread "Compiler Source File Reader" daemon [_thread_blocked, id=21368, stack(0x0000009d4e500000,0x0000009d4e600000) (1024K)]
  0x00000234212a52d0 JavaThread "Compiler Processing Task"   daemon [_thread_blocked, id=14044, stack(0x0000009d4e600000,0x0000009d4e700000) (1024K)]
  0x00000234212a2b70 JavaThread "Compiler Class File Writer" daemon [_thread_blocked, id=23704, stack(0x0000009d4e700000,0x0000009d4e800000) (1024K)]
  0x00000234212a5960 JavaThread "Compiler Class File Writer" daemon [_thread_blocked, id=16196, stack(0x0000009d4e800000,0x0000009d4e900000) (1024K)]
  0x00000234212a73a0 JavaThread "Compiler Class File Writer" daemon [_thread_blocked, id=13328, stack(0x0000009d4e900000,0x0000009d4ea00000) (1024K)]
  0x00000234212a6680 JavaThread "Compiler Class File Writer" daemon [_thread_blocked, id=15776, stack(0x0000009d4ea00000,0x0000009d4eb00000) (1024K)]
  0x00000234212a6d10 JavaThread "Compiler Class File Writer" daemon [_thread_blocked, id=21112, stack(0x0000009d4eb00000,0x0000009d4ec00000) (1024K)]
  0x0000023418e9ec20 JavaThread "Compiler Class File Writer" daemon [_thread_blocked, id=9912, stack(0x0000009d4ec00000,0x0000009d4ed00000) (1024K)]
  0x0000023418e9df00 JavaThread "Compiler Class File Writer" daemon [_thread_blocked, id=10888, stack(0x0000009d4ed00000,0x0000009d4ee00000) (1024K)]
  0x0000023418e9f2b0 JavaThread "Compiler Class File Writer" daemon [_thread_blocked, id=5744, stack(0x0000009d4ee00000,0x0000009d4ef00000) (1024K)]
  0x0000023418e9f940 JavaThread "Compiler Class File Writer" daemon [_thread_blocked, id=8032, stack(0x0000009d4ef00000,0x0000009d4f000000) (1024K)]
  0x0000023418e9e590 JavaThread "Compiler Class File Writer" daemon [_thread_blocked, id=2188, stack(0x0000009d4f000000,0x0000009d4f100000) (1024K)]
  0x0000023418e9ffd0 JavaThread "Compiler Class File Writer" daemon [_thread_blocked, id=19324, stack(0x0000009d4f100000,0x0000009d4f200000) (1024K)]
  0x0000023418ea0660 JavaThread "Compiler Source File Reader" daemon [_thread_blocked, id=3324, stack(0x0000009d4f200000,0x0000009d4f300000) (1024K)]
  0x0000023418e9d1e0 JavaThread "Compiler Class File Writer" daemon [_thread_blocked, id=23056, stack(0x0000009d4f300000,0x0000009d4f400000) (1024K)]
  0x0000023418b10490 JavaThread "C2 CompilerThread7"         daemon [_thread_in_native, id=22092, stack(0x0000009d4f800000,0x0000009d4f900000) (1024K)]
  0x0000023418ea3450 JavaThread "ForkJoinPool.commonPool-worker-1" daemon [_thread_in_vm, id=7440, stack(0x0000009d49300000,0x0000009d49400000) (1024K)]
  0x0000023418ea2730 JavaThread "ForkJoinPool.commonPool-worker-2" daemon [_thread_blocked, id=20452, stack(0x0000009d4c800000,0x0000009d4c900000) (1024K)]
  0x0000023418ea2dc0 JavaThread "ForkJoinPool.commonPool-worker-3" daemon [_thread_blocked, id=5684, stack(0x0000009d4f400000,0x0000009d4f500000) (1024K)]
  0x0000023418ea4800 JavaThread "SCR Component Registry"     daemon [_thread_blocked, id=6108, stack(0x0000009d4f500000,0x0000009d4f600000) (1024K)]
  0x0000023418ea1a10 JavaThread "ForkJoinPool.commonPool-worker-4" daemon [_thread_blocked, id=21768, stack(0x0000009d48e00000,0x0000009d48f00000) (1024K)]
Total: 99

Other Threads:
  0x000002340d273540 VMThread "VM Thread"                           [id=17340, stack(0x0000009d48400000,0x0000009d48500000) (1024K)]
  0x00000233ca9eca00 WatcherThread "VM Periodic Task Thread"        [id=3384, stack(0x0000009d48300000,0x0000009d48400000) (1024K)]
  0x00000233b6739f60 WorkerThread "GC Thread#0"                     [id=6236, stack(0x0000009d48200000,0x0000009d48300000) (1024K)]
  0x000002341376bfc0 WorkerThread "GC Thread#1"                     [id=9068, stack(0x0000009d49400000,0x0000009d49500000) (1024K)]
  0x0000023413a8caf0 WorkerThread "GC Thread#2"                     [id=14984, stack(0x0000009d49500000,0x0000009d49600000) (1024K)]
  0x00000234139b1820 WorkerThread "GC Thread#3"                     [id=21408, stack(0x0000009d49600000,0x0000009d49700000) (1024K)]
  0x00000234139b1bc0 WorkerThread "GC Thread#4"                     [id=12948, stack(0x0000009d49700000,0x0000009d49800000) (1024K)]
  0x00000234131f1850 WorkerThread "GC Thread#5"                     [id=4152, stack(0x0000009d49800000,0x0000009d49900000) (1024K)]
  0x0000023413727120 WorkerThread "GC Thread#6"                     [id=22612, stack(0x0000009d49b00000,0x0000009d49c00000) (1024K)]
  0x00000234137274c0 WorkerThread "GC Thread#7"                     [id=15260, stack(0x0000009d49c00000,0x0000009d49d00000) (1024K)]
  0x0000023413ade9c0 WorkerThread "GC Thread#8"                     [id=23300, stack(0x0000009d4a000000,0x0000009d4a100000) (1024K)]
  0x0000023413fc69d0 WorkerThread "GC Thread#9"                     [id=12696, stack(0x0000009d4a100000,0x0000009d4a200000) (1024K)]
  0x0000023414375ca0 WorkerThread "GC Thread#10"                    [id=14480, stack(0x0000009d4a300000,0x0000009d4a400000) (1024K)]
  0x0000023414376040 WorkerThread "GC Thread#11"                    [id=11416, stack(0x0000009d4a400000,0x0000009d4a500000) (1024K)]
  0x00000234143763e0 WorkerThread "GC Thread#12"                    [id=20836, stack(0x0000009d4a700000,0x0000009d4a800000) (1024K)]
Total: 15

Threads with active compile tasks:
C2 CompilerThread0  9187 11682   !   4       org.eclipse.osgi.internal.loader.BundleLoader::findRequiredSource (283 bytes)
C2 CompilerThread1  9187 11784   !   4       org.eclipse.jdt.internal.core.search.indexing.BinaryIndexer::indexDocument (1204 bytes)
C2 CompilerThread2  9187 11786       4       org.eclipse.jdt.internal.compiler.classfmt.FieldInfo::createField (450 bytes)
C2 CompilerThread3  9187 11686       4       org.lombokweb.asm.SymbolTable::<init> (536 bytes)
C2 CompilerThread4  9187 11785   !   4       java.lang.String::<init> (890 bytes)
C2 CompilerThread5  9188 11596   !   4       java.nio.file.FileTreeWalker::next (144 bytes)
C2 CompilerThread6  9188 11773       4       org.eclipse.jdt.internal.compiler.classfmt.MethodInfo::createMethod (710 bytes)
C2 CompilerThread7  9188 11707 %     4       java.util.Properties::load0 @ 29 (249 bytes)
Total: 8

VM state: not at safepoint (normal execution)

VM Mutex/Monitor currently owned by a thread: None

Heap address: 0x00000000c0000000, size: 1024 MB, Compressed Oops mode: 32-bit

CDS archive(s) mapped at: [0x00000233cb000000-0x00000233cbba0000-0x00000233cbba0000), size 12189696, SharedBaseAddress: 0x00000233cb000000, ArchiveRelocationMode: 1.
Compressed class space mapped at: 0x00000233cc000000-0x000002340c000000, reserved size: 1073741824
Narrow klass base: 0x00000233cb000000, Narrow klass shift: 0, Narrow klass range: 0x100000000

GC Precious Log:
 CardTable entry size: 512
 CPUs: 16 total, 16 available
 Memory: 15752M
 Large Page Support: Disabled
 NUMA Support: Disabled
 Compressed Oops: Enabled (32-bit)
 Alignments: Space 512K, Generation 512K, Heap 2M
 Heap Min Capacity: 100M
 Heap Initial Capacity: 100M
 Heap Max Capacity: 1G
 Pre-touch: Disabled
 Parallel Workers: 13

Heap:
 PSYoungGen      total 4608K, used 1845K [0x00000000eab00000, 0x00000000eb080000, 0x0000000100000000)
  eden space 3584K, 30% used [0x00000000eab00000,0x00000000eac111a0,0x00000000eae80000)
  from space 1024K, 73% used [0x00000000eae80000,0x00000000eaf3c278,0x00000000eaf80000)
  to   space 1024K, 0% used [0x00000000eaf80000,0x00000000eaf80000,0x00000000eb080000)
 ParOldGen       total 320512K, used 320281K [0x00000000c0000000, 0x00000000d3900000, 0x00000000eab00000)
  object space 320512K, 99% used [0x00000000c0000000,0x00000000d38c6690,0x00000000d3900000)
 Metaspace       used 63955K, committed 65472K, reserved 1114112K
  class space    used 6562K, committed 7232K, reserved 1048576K

Card table byte_map: [0x00000233b60c0000,0x00000233b62d0000] _byte_map_base: 0x00000233b5ac0000

Marking Bits: (ParMarkBitMap*) 0x00007ff803ac3260
 Begin Bits: [0x00000233c8910000, 0x00000233c9910000)
 End Bits:   [0x00000233c9910000, 0x00000233ca910000)

Polling page: 0x00000233b44f0000

Metaspace:

Usage:
  Non-class:     56.05 MB used.
      Class:      6.41 MB used.
       Both:     62.46 MB used.

Virtual space:
  Non-class space:       64.00 MB reserved,      56.88 MB ( 89%) committed,  1 nodes.
      Class space:        1.00 GB reserved,       7.06 MB ( <1%) committed,  1 nodes.
             Both:        1.06 GB reserved,      63.94 MB (  6%) committed. 

Chunk freelists:
   Non-Class:  6.50 MB
       Class:  8.94 MB
        Both:  15.44 MB

MaxMetaspaceSize: unlimited
CompressedClassSpaceSize: 1.00 GB
Initial GC threshold: 21.00 MB
Current GC threshold: 97.31 MB
CDS: on
 - commit_granule_bytes: 65536.
 - commit_granule_words: 8192.
 - virtual_space_node_default_size: 8388608.
 - enlarge_chunks_in_place: 1.
 - use_allocation_guard: 0.


Internal statistics:

num_allocs_failed_limit: 9.
num_arena_births: 1200.
num_arena_deaths: 14.
num_vsnodes_births: 2.
num_vsnodes_deaths: 0.
num_space_committed: 1022.
num_space_uncommitted: 0.
num_chunks_returned_to_freelist: 23.
num_chunks_taken_from_freelist: 4382.
num_chunk_merges: 11.
num_chunk_splits: 2582.
num_chunks_enlarged: 1290.
num_inconsistent_stats: 0.

CodeHeap 'non-profiled nmethods': size=119168Kb used=7969Kb max_used=7969Kb free=111198Kb
 bounds [0x00000233c14b0000, 0x00000233c1c80000, 0x00000233c8910000]
CodeHeap 'profiled nmethods': size=119104Kb used=24600Kb max_used=24600Kb free=94503Kb
 bounds [0x00000233b9910000, 0x00000233bb120000, 0x00000233c0d60000]
CodeHeap 'non-nmethods': size=7488Kb used=1441Kb max_used=3232Kb free=6046Kb
 bounds [0x00000233c0d60000, 0x00000233c1090000, 0x00000233c14b0000]
 total_blobs=11609 nmethods=10852 adapters=663
 compilation: enabled
              stopped_count=0, restarted_count=0
 full_count=0

Compilation events (20 events):
Event: 8.120 Thread 0x000002340d2925a0 11756   !   3       java.lang.invoke.InnerClassLambdaMetafactory::generateInnerClass (506 bytes)
Event: 8.123 Thread 0x000002340d2925a0 nmethod 11756 0x00000233bb10de10 code [0x00000233bb10e2a0, 0x00000233bb1101b8]
Event: 8.129 Thread 0x000002340d38e010 11759       3       org.apache.felix.scr.impl.manager.AbstractComponentManager::getComponentMetadata (10 bytes)
Event: 8.129 Thread 0x000002340d38e010 nmethod 11759 0x00000233bb110f90 code [0x00000233bb111140, 0x00000233bb111318]
Event: 8.130 Thread 0x00000234154d6500 nmethod 11708 0x00000233c1c5cf90 code [0x00000233c1c5d1c0, 0x00000233c1c5da88]
Event: 8.131 Thread 0x00000234154d6500 11755       4       java.lang.String::indexOf (64 bytes)
Event: 8.132 Thread 0x00000234154d6500 nmethod 11755 0x00000233c1c5e390 code [0x00000233c1c5e520, 0x00000233c1c5e8b8]
Event: 8.132 Thread 0x000002340d583030 11760       3       com.google.inject.Scopes$2::visitNoScoping (5 bytes)
Event: 8.133 Thread 0x000002340d3906c0 11761       3       com.google.inject.Scopes$2::visitNoScoping (5 bytes)
Event: 8.133 Thread 0x00000234154d6500 11660       4       java.util.zip.ZipFile$ZipFileInputStream::<init> (96 bytes)
Event: 8.133 Thread 0x000002340d3906c0 nmethod 11761 0x00000233bb111410 code [0x00000233bb1115c0, 0x00000233bb111740]
Event: 8.133 Thread 0x000002340d583030 nmethod 11760 0x00000233bb111810 code [0x00000233bb1119c0, 0x00000233bb111bb0]
Event: 8.134 Thread 0x000002340d583030 11762       1       org.apache.maven.artifact.repository.ArtifactRepositoryPolicy::isEnabled (5 bytes)
Event: 8.134 Thread 0x000002340d38e010 11763       1       org.apache.maven.artifact.repository.ArtifactRepositoryPolicy::getUpdatePolicy (5 bytes)
Event: 8.134 Thread 0x000002340d3906c0 11764       1       org.apache.maven.artifact.repository.ArtifactRepositoryPolicy::getChecksumPolicy (5 bytes)
Event: 8.134 Thread 0x000002340d38e010 nmethod 11763 0x00000233c1c5e990 code [0x00000233c1c5eb20, 0x00000233c1c5ebe8]
Event: 8.134 Thread 0x000002340d583030 nmethod 11762 0x00000233c1c5ec90 code [0x00000233c1c5ee20, 0x00000233c1c5eef0]
Event: 8.134 Thread 0x000002340d3906c0 nmethod 11764 0x00000233c1c5ef90 code [0x00000233c1c5f120, 0x00000233c1c5f1e8]
Event: 8.138 Thread 0x00000234154d6500 nmethod 11660 0x00000233c1c5f290 code [0x00000233c1c5f440, 0x00000233c1c5f768]
Event: 8.138 Thread 0x00000234154d6500 11661       4       java.util.zip.ZipFile$ZipFileInflaterInputStream::<init> (14 bytes)

GC Heap History (20 events):
Event: 7.858 GC heap before
{Heap before GC invocations=390 (full 3):
 PSYoungGen      total 5120K, used 5120K [0x00000000eab00000, 0x00000000eb280000, 0x0000000100000000)
  eden space 4608K, 100% used [0x00000000eab00000,0x00000000eaf80000,0x00000000eaf80000)
  from space 512K, 100% used [0x00000000eb100000,0x00000000eb180000,0x00000000eb180000)
  to   space 1536K, 0% used [0x00000000eaf80000,0x00000000eaf80000,0x00000000eb100000)
 ParOldGen       total 314880K, used 314495K [0x00000000c0000000, 0x00000000d3380000, 0x00000000eab00000)
  object space 314880K, 99% used [0x00000000c0000000,0x00000000d331ff70,0x00000000d3380000)
 Metaspace       used 61926K, committed 63424K, reserved 1114112K
  class space    used 6344K, committed 6976K, reserved 1048576K
}
Event: 7.859 GC heap after
{Heap after GC invocations=390 (full 3):
 PSYoungGen      total 5632K, used 768K [0x00000000eab00000, 0x00000000eb180000, 0x0000000100000000)
  eden space 4608K, 0% used [0x00000000eab00000,0x00000000eab00000,0x00000000eaf80000)
  from space 1024K, 75% used [0x00000000eaf80000,0x00000000eb040000,0x00000000eb080000)
  to   space 1024K, 0% used [0x00000000eb080000,0x00000000eb080000,0x00000000eb180000)
 ParOldGen       total 315392K, used 314927K [0x00000000c0000000, 0x00000000d3400000, 0x00000000eab00000)
  object space 315392K, 99% used [0x00000000c0000000,0x00000000d338bf70,0x00000000d3400000)
 Metaspace       used 61926K, committed 63424K, reserved 1114112K
  class space    used 6344K, committed 6976K, reserved 1048576K
}
Event: 7.879 GC heap before
{Heap before GC invocations=391 (full 3):
 PSYoungGen      total 5632K, used 5376K [0x00000000eab00000, 0x00000000eb180000, 0x0000000100000000)
  eden space 4608K, 100% used [0x00000000eab00000,0x00000000eaf80000,0x00000000eaf80000)
  from space 1024K, 75% used [0x00000000eaf80000,0x00000000eb040000,0x00000000eb080000)
  to   space 1024K, 0% used [0x00000000eb080000,0x00000000eb080000,0x00000000eb180000)
 ParOldGen       total 315392K, used 314927K [0x00000000c0000000, 0x00000000d3400000, 0x00000000eab00000)
  object space 315392K, 99% used [0x00000000c0000000,0x00000000d338bf70,0x00000000d3400000)
 Metaspace       used 62007K, committed 63552K, reserved 1114112K
  class space    used 6355K, committed 7040K, reserved 1048576K
}
Event: 7.881 GC heap after
{Heap after GC invocations=391 (full 3):
 PSYoungGen      total 4608K, used 1022K [0x00000000eab00000, 0x00000000eb380000, 0x0000000100000000)
  eden space 3584K, 0% used [0x00000000eab00000,0x00000000eab00000,0x00000000eae80000)
  from space 1024K, 99% used [0x00000000eb080000,0x00000000eb17fa20,0x00000000eb180000)
  to   space 2048K, 0% used [0x00000000eae80000,0x00000000eae80000,0x00000000eb080000)
 ParOldGen       total 315904K, used 315667K [0x00000000c0000000, 0x00000000d3480000, 0x00000000eab00000)
  object space 315904K, 99% used [0x00000000c0000000,0x00000000d3444f70,0x00000000d3480000)
 Metaspace       used 62007K, committed 63552K, reserved 1114112K
  class space    used 6355K, committed 7040K, reserved 1048576K
}
Event: 7.920 GC heap before
{Heap before GC invocations=392 (full 3):
 PSYoungGen      total 4608K, used 4569K [0x00000000eab00000, 0x00000000eb380000, 0x0000000100000000)
  eden space 3584K, 98% used [0x00000000eab00000,0x00000000eae76b18,0x00000000eae80000)
  from space 1024K, 99% used [0x00000000eb080000,0x00000000eb17fa20,0x00000000eb180000)
  to   space 2048K, 0% used [0x00000000eae80000,0x00000000eae80000,0x00000000eb080000)
 ParOldGen       total 315904K, used 315667K [0x00000000c0000000, 0x00000000d3480000, 0x00000000eab00000)
  object space 315904K, 99% used [0x00000000c0000000,0x00000000d3444f70,0x00000000d3480000)
 Metaspace       used 62120K, committed 63680K, reserved 1114112K
  class space    used 6387K, committed 7040K, reserved 1048576K
}
Event: 7.921 GC heap after
{Heap after GC invocations=392 (full 3):
 PSYoungGen      total 4608K, used 608K [0x00000000eab00000, 0x00000000eb180000, 0x0000000100000000)
  eden space 3584K, 0% used [0x00000000eab00000,0x00000000eab00000,0x00000000eae80000)
  from space 1024K, 59% used [0x00000000eae80000,0x00000000eaf18000,0x00000000eaf80000)
  to   space 1536K, 0% used [0x00000000eb000000,0x00000000eb000000,0x00000000eb180000)
 ParOldGen       total 316416K, used 316067K [0x00000000c0000000, 0x00000000d3500000, 0x00000000eab00000)
  object space 316416K, 99% used [0x00000000c0000000,0x00000000d34a8f90,0x00000000d3500000)
 Metaspace       used 62120K, committed 63680K, reserved 1114112K
  class space    used 6387K, committed 7040K, reserved 1048576K
}
Event: 7.929 GC heap before
{Heap before GC invocations=393 (full 3):
 PSYoungGen      total 4608K, used 4192K [0x00000000eab00000, 0x00000000eb180000, 0x0000000100000000)
  eden space 3584K, 100% used [0x00000000eab00000,0x00000000eae80000,0x00000000eae80000)
  from space 1024K, 59% used [0x00000000eae80000,0x00000000eaf18000,0x00000000eaf80000)
  to   space 1536K, 0% used [0x00000000eb000000,0x00000000eb000000,0x00000000eb180000)
 ParOldGen       total 316416K, used 316067K [0x00000000c0000000, 0x00000000d3500000, 0x00000000eab00000)
  object space 316416K, 99% used [0x00000000c0000000,0x00000000d34a8f90,0x00000000d3500000)
 Metaspace       used 62135K, committed 63680K, reserved 1114112K
  class space    used 6389K, committed 7040K, reserved 1048576K
}
Event: 7.930 GC heap after
{Heap after GC invocations=393 (full 3):
 PSYoungGen      total 4608K, used 667K [0x00000000eab00000, 0x00000000eb100000, 0x0000000100000000)
  eden space 3584K, 0% used [0x00000000eab00000,0x00000000eab00000,0x00000000eae80000)
  from space 1024K, 65% used [0x00000000eb000000,0x00000000eb0a6c08,0x00000000eb100000)
  to   space 1024K, 0% used [0x00000000eae80000,0x00000000eae80000,0x00000000eaf80000)
 ParOldGen       total 316928K, used 316461K [0x00000000c0000000, 0x00000000d3580000, 0x00000000eab00000)
  object space 316928K, 99% used [0x00000000c0000000,0x00000000d350b7b0,0x00000000d3580000)
 Metaspace       used 62135K, committed 63680K, reserved 1114112K
  class space    used 6389K, committed 7040K, reserved 1048576K
}
Event: 7.984 GC heap before
{Heap before GC invocations=394 (full 3):
 PSYoungGen      total 4608K, used 4251K [0x00000000eab00000, 0x00000000eb100000, 0x0000000100000000)
  eden space 3584K, 100% used [0x00000000eab00000,0x00000000eae80000,0x00000000eae80000)
  from space 1024K, 65% used [0x00000000eb000000,0x00000000eb0a6c08,0x00000000eb100000)
  to   space 1024K, 0% used [0x00000000eae80000,0x00000000eae80000,0x00000000eaf80000)
 ParOldGen       total 316928K, used 316461K [0x00000000c0000000, 0x00000000d3580000, 0x00000000eab00000)
  object space 316928K, 99% used [0x00000000c0000000,0x00000000d350b7b0,0x00000000d3580000)
 Metaspace       used 62382K, committed 63936K, reserved 1114112K
  class space    used 6402K, committed 7040K, reserved 1048576K
}
Event: 7.985 GC heap after
{Heap after GC invocations=394 (full 3):
 PSYoungGen      total 4608K, used 416K [0x00000000eab00000, 0x00000000eb080000, 0x0000000100000000)
  eden space 3584K, 0% used [0x00000000eab00000,0x00000000eab00000,0x00000000eae80000)
  from space 1024K, 40% used [0x00000000eae80000,0x00000000eaee8000,0x00000000eaf80000)
  to   space 1024K, 0% used [0x00000000eaf80000,0x00000000eaf80000,0x00000000eb080000)
 ParOldGen       total 316928K, used 316872K [0x00000000c0000000, 0x00000000d3580000, 0x00000000eab00000)
  object space 316928K, 99% used [0x00000000c0000000,0x00000000d35723b8,0x00000000d3580000)
 Metaspace       used 62382K, committed 63936K, reserved 1114112K
  class space    used 6402K, committed 7040K, reserved 1048576K
}
Event: 8.033 GC heap before
{Heap before GC invocations=395 (full 3):
 PSYoungGen      total 4608K, used 4000K [0x00000000eab00000, 0x00000000eb080000, 0x0000000100000000)
  eden space 3584K, 100% used [0x00000000eab00000,0x00000000eae80000,0x00000000eae80000)
  from space 1024K, 40% used [0x00000000eae80000,0x00000000eaee8000,0x00000000eaf80000)
  to   space 1024K, 0% used [0x00000000eaf80000,0x00000000eaf80000,0x00000000eb080000)
 ParOldGen       total 316928K, used 316872K [0x00000000c0000000, 0x00000000d3580000, 0x00000000eab00000)
  object space 316928K, 99% used [0x00000000c0000000,0x00000000d35723b8,0x00000000d3580000)
 Metaspace       used 62696K, committed 64256K, reserved 1114112K
  class space    used 6442K, committed 7104K, reserved 1048576K
}
Event: 8.035 GC heap after
{Heap after GC invocations=395 (full 3):
 PSYoungGen      total 4096K, used 480K [0x00000000eab00000, 0x00000000eb000000, 0x0000000100000000)
  eden space 3584K, 0% used [0x00000000eab00000,0x00000000eab00000,0x00000000eae80000)
  from space 512K, 93% used [0x00000000eaf80000,0x00000000eaff8000,0x00000000eb000000)
  to   space 512K, 0% used [0x00000000eaf00000,0x00000000eaf00000,0x00000000eaf80000)
 ParOldGen       total 317440K, used 316985K [0x00000000c0000000, 0x00000000d3600000, 0x00000000eab00000)
  object space 317440K, 99% used [0x00000000c0000000,0x00000000d358e568,0x00000000d3600000)
 Metaspace       used 62696K, committed 64256K, reserved 1114112K
  class space    used 6442K, committed 7104K, reserved 1048576K
}
Event: 8.072 GC heap before
{Heap before GC invocations=396 (full 3):
 PSYoungGen      total 4096K, used 4064K [0x00000000eab00000, 0x00000000eb000000, 0x0000000100000000)
  eden space 3584K, 100% used [0x00000000eab00000,0x00000000eae80000,0x00000000eae80000)
  from space 512K, 93% used [0x00000000eaf80000,0x00000000eaff8000,0x00000000eb000000)
  to   space 512K, 0% used [0x00000000eaf00000,0x00000000eaf00000,0x00000000eaf80000)
 ParOldGen       total 317440K, used 316985K [0x00000000c0000000, 0x00000000d3600000, 0x00000000eab00000)
  object space 317440K, 99% used [0x00000000c0000000,0x00000000d358e568,0x00000000d3600000)
 Metaspace       used 62984K, committed 64512K, reserved 1114112K
  class space    used 6469K, committed 7104K, reserved 1048576K
}
Event: 8.073 GC heap after
{Heap after GC invocations=396 (full 3):
 PSYoungGen      total 4096K, used 448K [0x00000000eab00000, 0x00000000eb000000, 0x0000000100000000)
  eden space 3584K, 0% used [0x00000000eab00000,0x00000000eab00000,0x00000000eae80000)
  from space 512K, 87% used [0x00000000eaf00000,0x00000000eaf70000,0x00000000eaf80000)
  to   space 512K, 0% used [0x00000000eaf80000,0x00000000eaf80000,0x00000000eb000000)
 ParOldGen       total 317440K, used 317153K [0x00000000c0000000, 0x00000000d3600000, 0x00000000eab00000)
  object space 317440K, 99% used [0x00000000c0000000,0x00000000d35b8568,0x00000000d3600000)
 Metaspace       used 62984K, committed 64512K, reserved 1114112K
  class space    used 6469K, committed 7104K, reserved 1048576K
}
Event: 8.084 GC heap before
{Heap before GC invocations=397 (full 3):
 PSYoungGen      total 4096K, used 4032K [0x00000000eab00000, 0x00000000eb000000, 0x0000000100000000)
  eden space 3584K, 100% used [0x00000000eab00000,0x00000000eae80000,0x00000000eae80000)
  from space 512K, 87% used [0x00000000eaf00000,0x00000000eaf70000,0x00000000eaf80000)
  to   space 512K, 0% used [0x00000000eaf80000,0x00000000eaf80000,0x00000000eb000000)
 ParOldGen       total 317440K, used 317153K [0x00000000c0000000, 0x00000000d3600000, 0x00000000eab00000)
  object space 317440K, 99% used [0x00000000c0000000,0x00000000d35b8568,0x00000000d3600000)
 Metaspace       used 63176K, committed 64704K, reserved 1114112K
  class space    used 6479K, committed 7104K, reserved 1048576K
}
Event: 8.086 GC heap after
{Heap after GC invocations=397 (full 3):
 PSYoungGen      total 4096K, used 481K [0x00000000eab00000, 0x00000000eb080000, 0x0000000100000000)
  eden space 3584K, 0% used [0x00000000eab00000,0x00000000eab00000,0x00000000eae80000)
  from space 512K, 94% used [0x00000000eaf80000,0x00000000eaff8630,0x00000000eb000000)
  to   space 1024K, 0% used [0x00000000eae80000,0x00000000eae80000,0x00000000eaf80000)
 ParOldGen       total 317440K, used 317404K [0x00000000c0000000, 0x00000000d3600000, 0x00000000eab00000)
  object space 317440K, 99% used [0x00000000c0000000,0x00000000d35f70a8,0x00000000d3600000)
 Metaspace       used 63176K, committed 64704K, reserved 1114112K
  class space    used 6479K, committed 7104K, reserved 1048576K
}
Event: 8.093 GC heap before
{Heap before GC invocations=398 (full 3):
 PSYoungGen      total 4096K, used 4065K [0x00000000eab00000, 0x00000000eb080000, 0x0000000100000000)
  eden space 3584K, 100% used [0x00000000eab00000,0x00000000eae80000,0x00000000eae80000)
  from space 512K, 94% used [0x00000000eaf80000,0x00000000eaff8630,0x00000000eb000000)
  to   space 1024K, 0% used [0x00000000eae80000,0x00000000eae80000,0x00000000eaf80000)
 ParOldGen       total 317440K, used 317404K [0x00000000c0000000, 0x00000000d3600000, 0x00000000eab00000)
  object space 317440K, 99% used [0x00000000c0000000,0x00000000d35f70a8,0x00000000d3600000)
 Metaspace       used 63321K, committed 64832K, reserved 1114112K
  class space    used 6494K, committed 7168K, reserved 1048576K
}
Event: 8.095 GC heap after
{Heap after GC invocations=398 (full 3):
 PSYoungGen      total 4608K, used 571K [0x00000000eab00000, 0x00000000eb080000, 0x0000000100000000)
  eden space 3584K, 0% used [0x00000000eab00000,0x00000000eab00000,0x00000000eae80000)
  from space 1024K, 55% used [0x00000000eae80000,0x00000000eaf0ec08,0x00000000eaf80000)
  to   space 1024K, 0% used [0x00000000eaf80000,0x00000000eaf80000,0x00000000eb080000)
 ParOldGen       total 317952K, used 317732K [0x00000000c0000000, 0x00000000d3680000, 0x00000000eab00000)
  object space 317952K, 99% used [0x00000000c0000000,0x00000000d36490a8,0x00000000d3680000)
 Metaspace       used 63321K, committed 64832K, reserved 1114112K
  class space    used 6494K, committed 7168K, reserved 1048576K
}
Event: 8.109 GC heap before
{Heap before GC invocations=399 (full 3):
 PSYoungGen      total 4608K, used 4155K [0x00000000eab00000, 0x00000000eb080000, 0x0000000100000000)
  eden space 3584K, 100% used [0x00000000eab00000,0x00000000eae80000,0x00000000eae80000)
  from space 1024K, 55% used [0x00000000eae80000,0x00000000eaf0ec08,0x00000000eaf80000)
  to   space 1024K, 0% used [0x00000000eaf80000,0x00000000eaf80000,0x00000000eb080000)
 ParOldGen       total 317952K, used 317732K [0x00000000c0000000, 0x00000000d3680000, 0x00000000eab00000)
  object space 317952K, 99% used [0x00000000c0000000,0x00000000d36490a8,0x00000000d3680000)
 Metaspace       used 63471K, committed 65024K, reserved 1114112K
  class space    used 6514K, committed 7168K, reserved 1048576K
}
Event: 8.110 GC heap after
{Heap after GC invocations=399 (full 3):
 PSYoungGen      total 4608K, used 761K [0x00000000eab00000, 0x00000000eb080000, 0x0000000100000000)
  eden space 3584K, 0% used [0x00000000eab00000,0x00000000eab00000,0x00000000eae80000)
  from space 1024K, 74% used [0x00000000eaf80000,0x00000000eb03e690,0x00000000eb080000)
  to   space 1024K, 0% used [0x00000000eae80000,0x00000000eae80000,0x00000000eaf80000)
 ParOldGen       total 318464K, used 318103K [0x00000000c0000000, 0x00000000d3700000, 0x00000000eab00000)
  object space 318464K, 99% used [0x00000000c0000000,0x00000000d36a5cb0,0x00000000d3700000)
 Metaspace       used 63471K, committed 65024K, reserved 1114112K
  class space    used 6514K, committed 7168K, reserved 1048576K
}

Dll operation events (10 events):
Event: 0.010 Loaded shared library c:\Users\MSI\.vscode\extensions\redhat.java-1.41.1-win32-x64\jre\21.0.6-win32-x86_64\bin\java.dll
Event: 0.047 Loaded shared library c:\Users\MSI\.vscode\extensions\redhat.java-1.41.1-win32-x64\jre\21.0.6-win32-x86_64\bin\zip.dll
Event: 0.082 Loaded shared library C:\Users\MSI\.vscode\extensions\redhat.java-1.41.1-win32-x64\jre\21.0.6-win32-x86_64\bin\instrument.dll
Event: 0.085 Loaded shared library C:\Users\MSI\.vscode\extensions\redhat.java-1.41.1-win32-x64\jre\21.0.6-win32-x86_64\bin\net.dll
Event: 0.087 Loaded shared library C:\Users\MSI\.vscode\extensions\redhat.java-1.41.1-win32-x64\jre\21.0.6-win32-x86_64\bin\nio.dll
Event: 0.089 Loaded shared library C:\Users\MSI\.vscode\extensions\redhat.java-1.41.1-win32-x64\jre\21.0.6-win32-x86_64\bin\zip.dll
Event: 0.103 Loaded shared library C:\Users\MSI\.vscode\extensions\redhat.java-1.41.1-win32-x64\jre\21.0.6-win32-x86_64\bin\jimage.dll
Event: 0.148 Loaded shared library c:\Users\MSI\.vscode\extensions\redhat.java-1.41.1-win32-x64\jre\21.0.6-win32-x86_64\bin\verify.dll
Event: 0.797 Loaded shared library C:\Users\MSI\AppData\Roaming\Code\User\globalStorage\redhat.java\1.41.1\config_win\org.eclipse.equinox.launcher\org.eclipse.equinox.launcher.win32.win32.x86_64_1.2.1300.v20250331-1702\eclipse_11911.dll
Event: 1.737 Loaded shared library C:\Users\MSI\AppData\Local\Temp\jna-76643\jna9197219461185142226.dll

Deoptimization events (20 events):
Event: 7.997 Thread 0x00000234148a6a20 DEOPT PACKING pc=0x00000233c1c30214 sp=0x0000009d4cbfd730
Event: 7.997 Thread 0x00000234148a6a20 DEOPT UNPACKING pc=0x00000233c0db3aa2 sp=0x0000009d4cbfd6b8 mode 2
Event: 8.035 Thread 0x00000234148a6a20 Uncommon trap: trap_request=0xffffff45 fr.pc=0x00000233c1c1d020 relative=0x00000000000010e0
Event: 8.035 Thread 0x00000234148a6a20 Uncommon trap: reason=unstable_if action=reinterpret pc=0x00000233c1c1d020 method=java.util.regex.Pattern$BnM.optimize(Ljava/util/regex/Pattern$Node;)Ljava/util/regex/Pattern$Node; @ 22 c2
Event: 8.035 Thread 0x00000234148a6a20 DEOPT PACKING pc=0x00000233c1c1d020 sp=0x0000009d4cbfde70
Event: 8.035 Thread 0x00000234148a6a20 DEOPT UNPACKING pc=0x00000233c0db3aa2 sp=0x0000009d4cbfdd98 mode 2
Event: 8.045 Thread 0x00000234148a6a20 DEOPT PACKING pc=0x00000233bafbe0d5 sp=0x0000009d4cbfd5d0
Event: 8.045 Thread 0x00000234148a6a20 DEOPT UNPACKING pc=0x00000233c0db4242 sp=0x0000009d4cbfcad8 mode 0
Event: 8.091 Thread 0x0000023413b9e860 Uncommon trap: trap_request=0xffffff45 fr.pc=0x00000233c1835b3c relative=0x000000000000015c
Event: 8.091 Thread 0x0000023413b9e860 Uncommon trap: reason=unstable_if action=reinterpret pc=0x00000233c1835b3c method=org.eclipse.jdt.internal.core.JavaElement.getAncestor(I)Lorg/eclipse/jdt/core/IJavaElement; @ 25 c2
Event: 8.091 Thread 0x0000023413b9e860 DEOPT PACKING pc=0x00000233c1835b3c sp=0x0000009d4aafef80
Event: 8.091 Thread 0x0000023413b9e860 DEOPT UNPACKING pc=0x00000233c0db3aa2 sp=0x0000009d4aafee48 mode 2
Event: 8.104 Thread 0x0000023413b9eef0 DEOPT PACKING pc=0x00000233bafdbffe sp=0x0000009d4acfeef0
Event: 8.104 Thread 0x0000023413b9eef0 DEOPT UNPACKING pc=0x00000233c0db4242 sp=0x0000009d4acfe3e8 mode 0
Event: 8.113 Thread 0x00000234148a6a20 DEOPT PACKING pc=0x00000233bafbe0d5 sp=0x0000009d4cbf8a70
Event: 8.113 Thread 0x00000234148a6a20 DEOPT UNPACKING pc=0x00000233c0db4242 sp=0x0000009d4cbf7f78 mode 0
Event: 8.129 Thread 0x0000023413b9e860 Uncommon trap: trap_request=0xffffffde fr.pc=0x00000233c1898b34 relative=0x0000000000000274
Event: 8.129 Thread 0x0000023413b9e860 Uncommon trap: reason=class_check action=maybe_recompile pc=0x00000233c1898b34 method=java.util.Comparator.lambda$comparing$77a9974f$1(Ljava/util/function/Function;Ljava/lang/Object;Ljava/lang/Object;)I @ 7 c2
Event: 8.129 Thread 0x0000023413b9e860 DEOPT PACKING pc=0x00000233c1898b34 sp=0x0000009d4aafd920
Event: 8.129 Thread 0x0000023413b9e860 DEOPT UNPACKING pc=0x00000233c0db3aa2 sp=0x0000009d4aafd850 mode 2

Classes loaded (20 events):
Event: 7.745 Loading class sun/nio/fs/WindowsFileSystem$2
Event: 7.745 Loading class java/nio/file/PathMatcher
Event: 7.745 Loading class java/nio/file/PathMatcher done
Event: 7.745 Loading class sun/nio/fs/WindowsFileSystem$2 done
Event: 7.788 Loading class java/util/Collections$SynchronizedRandomAccessList
Event: 7.788 Loading class java/util/Collections$SynchronizedList
Event: 7.789 Loading class java/util/Collections$SynchronizedList done
Event: 7.789 Loading class java/util/Collections$SynchronizedRandomAccessList done
Event: 7.791 Loading class java/util/concurrent/CompletableFuture$Signaller
Event: 7.792 Loading class java/util/concurrent/CompletableFuture$Signaller done
Event: 7.992 Loading class java/nio/charset/CharacterCodingException
Event: 7.992 Loading class java/nio/charset/CharacterCodingException done
Event: 7.992 Loading class java/io/SequenceInputStream
Event: 7.992 Loading class java/io/SequenceInputStream done
Event: 8.044 Loading class java/util/concurrent/CompletableFuture$UniApply
Event: 8.044 Loading class java/util/concurrent/CompletableFuture$UniApply done
Event: 8.045 Loading class java/util/concurrent/CompletableFuture$UniExceptionally
Event: 8.045 Loading class java/util/concurrent/CompletableFuture$UniExceptionally done
Event: 8.078 Loading class java/util/Hashtable$KeySet
Event: 8.078 Loading class java/util/Hashtable$KeySet done

Classes unloaded (7 events):
Event: 2.051 Thread 0x000002340d273540 Unloading class 0x00000233cc194800 'java/lang/invoke/LambdaForm$MH+0x00000233cc194800'
Event: 2.051 Thread 0x000002340d273540 Unloading class 0x00000233cc194400 'java/lang/invoke/LambdaForm$MH+0x00000233cc194400'
Event: 2.051 Thread 0x000002340d273540 Unloading class 0x00000233cc194000 'java/lang/invoke/LambdaForm$MH+0x00000233cc194000'
Event: 2.051 Thread 0x000002340d273540 Unloading class 0x00000233cc193c00 'java/lang/invoke/LambdaForm$MH+0x00000233cc193c00'
Event: 2.051 Thread 0x000002340d273540 Unloading class 0x00000233cc193800 'java/lang/invoke/LambdaForm$BMH+0x00000233cc193800'
Event: 2.051 Thread 0x000002340d273540 Unloading class 0x00000233cc193400 'java/lang/invoke/LambdaForm$DMH+0x00000233cc193400'
Event: 2.051 Thread 0x000002340d273540 Unloading class 0x00000233cc192400 'java/lang/invoke/LambdaForm$DMH+0x00000233cc192400'

Classes redefined (0 events):
No events

Internal exceptions (20 events):
Event: 8.041 Thread 0x00000234148a6a20 Exception <a 'sun/nio/fs/WindowsException'{0x00000000eab2ed28}> (0x00000000eab2ed28) 
thrown [s\src\hotspot\share\prims\jni.cpp, line 520]
Event: 8.041 Thread 0x00000234148a6a20 Exception <a 'sun/nio/fs/WindowsException'{0x00000000eab2f8b0}> (0x00000000eab2f8b0) 
thrown [s\src\hotspot\share\prims\jni.cpp, line 520]
Event: 8.041 Thread 0x00000234148a6a20 Exception <a 'sun/nio/fs/WindowsException'{0x00000000eab2fee0}> (0x00000000eab2fee0) 
thrown [s\src\hotspot\share\prims\jni.cpp, line 520]
Event: 8.043 Thread 0x00000234148a6a20 Exception <a 'java/lang/IncompatibleClassChangeError'{0x00000000eab521e0}: Found class java.lang.Object, but interface was expected> (0x00000000eab521e0) 
thrown [s\src\hotspot\share\interpreter\linkResolver.cpp, line 840]
Event: 8.048 Thread 0x0000023413b9eef0 Exception <a 'sun/nio/fs/WindowsException'{0x00000000eaba1f60}> (0x00000000eaba1f60) 
thrown [s\src\hotspot\share\prims\jni.cpp, line 520]
Event: 8.049 Thread 0x00000234148a6a20 Exception <a 'java/lang/IncompatibleClassChangeError'{0x00000000eac043f8}: Found class java.lang.Object, but interface was expected> (0x00000000eac043f8) 
thrown [s\src\hotspot\share\interpreter\linkResolver.cpp, line 840]
Event: 8.060 Thread 0x0000023413b9eef0 Exception <a 'sun/nio/fs/WindowsException'{0x00000000eaca0290}> (0x00000000eaca0290) 
thrown [s\src\hotspot\share\prims\jni.cpp, line 520]
Event: 8.062 Thread 0x00000234148a6a20 Exception <a 'java/lang/IncompatibleClassChangeError'{0x00000000eacf8730}: Found class java.lang.Object, but interface was expected> (0x00000000eacf8730) 
thrown [s\src\hotspot\share\interpreter\linkResolver.cpp, line 840]
Event: 8.103 Thread 0x0000023413b9e860 Exception <a 'sun/nio/fs/WindowsException'{0x00000000eae1eb60}> (0x00000000eae1eb60) 
thrown [s\src\hotspot\share\prims\jni.cpp, line 520]
Event: 8.104 Thread 0x0000023413b9e860 Exception <a 'sun/nio/fs/WindowsException'{0x00000000eae1f190}> (0x00000000eae1f190) 
thrown [s\src\hotspot\share\prims\jni.cpp, line 520]
Event: 8.104 Thread 0x0000023413b9e860 Exception <a 'sun/nio/fs/WindowsException'{0x00000000eae1fe60}> (0x00000000eae1fe60) 
thrown [s\src\hotspot\share\prims\jni.cpp, line 520]
Event: 8.104 Thread 0x0000023413b9e860 Exception <a 'sun/nio/fs/WindowsException'{0x00000000eae20490}> (0x00000000eae20490) 
thrown [s\src\hotspot\share\prims\jni.cpp, line 520]
Event: 8.111 Thread 0x0000023413b9e860 Exception <a 'java/io/FileNotFoundException'{0x00000000eab35548}> (0x00000000eab35548) 
thrown [s\src\hotspot\share\prims\jni.cpp, line 520]
Event: 8.112 Thread 0x0000023413b9e860 Exception <a 'java/io/FileNotFoundException'{0x00000000eab362b0}> (0x00000000eab362b0) 
thrown [s\src\hotspot\share\prims\jni.cpp, line 520]
Event: 8.118 Thread 0x0000023413b9e860 Exception <a 'sun/nio/fs/WindowsException'{0x00000000eac17278}> (0x00000000eac17278) 
thrown [s\src\hotspot\share\prims\jni.cpp, line 520]
Event: 8.118 Thread 0x0000023413b9e860 Exception <a 'sun/nio/fs/WindowsException'{0x00000000eac20f48}> (0x00000000eac20f48) 
thrown [s\src\hotspot\share\prims\jni.cpp, line 520]
Event: 8.127 Thread 0x00000234148a6a20 Exception <a 'java/lang/IncompatibleClassChangeError'{0x00000000eacc8780}: Found class java.lang.Object, but interface was expected> (0x00000000eacc8780) 
thrown [s\src\hotspot\share\interpreter\linkResolver.cpp, line 840]
Event: 8.133 Thread 0x0000023413b9eef0 Exception <a 'sun/nio/fs/WindowsException'{0x00000000eab8cf58}> (0x00000000eab8cf58) 
thrown [s\src\hotspot\share\prims\jni.cpp, line 520]
Event: 8.135 Thread 0x0000023413b9e860 Exception <a 'sun/nio/fs/WindowsException'{0x00000000ead1ff90}> (0x00000000ead1ff90) 
thrown [s\src\hotspot\share\prims\jni.cpp, line 520]
Event: 8.136 Thread 0x0000023413b9e860 Exception <a 'sun/nio/fs/WindowsException'{0x00000000ead51670}> (0x00000000ead51670) 
thrown [s\src\hotspot\share\prims\jni.cpp, line 520]

ZGC Phase Switch (0 events):
No events

VM Operations (20 events):
Event: 7.859 Executing VM operation: ParallelGCFailedAllocation (Allocation Failure) done
Event: 7.879 Executing VM operation: ParallelGCFailedAllocation (Allocation Failure)
Event: 7.881 Executing VM operation: ParallelGCFailedAllocation (Allocation Failure) done
Event: 7.920 Executing VM operation: ParallelGCFailedAllocation (Allocation Failure)
Event: 7.921 Executing VM operation: ParallelGCFailedAllocation (Allocation Failure) done
Event: 7.929 Executing VM operation: ParallelGCFailedAllocation (Allocation Failure)
Event: 7.930 Executing VM operation: ParallelGCFailedAllocation (Allocation Failure) done
Event: 7.984 Executing VM operation: ParallelGCFailedAllocation (Allocation Failure)
Event: 7.985 Executing VM operation: ParallelGCFailedAllocation (Allocation Failure) done
Event: 8.033 Executing VM operation: ParallelGCFailedAllocation (Allocation Failure)
Event: 8.035 Executing VM operation: ParallelGCFailedAllocation (Allocation Failure) done
Event: 8.072 Executing VM operation: ParallelGCFailedAllocation (Allocation Failure)
Event: 8.073 Executing VM operation: ParallelGCFailedAllocation (Allocation Failure) done
Event: 8.082 Executing VM operation: ParallelGCFailedAllocation (Allocation Failure)
Event: 8.086 Executing VM operation: ParallelGCFailedAllocation (Allocation Failure) done
Event: 8.093 Executing VM operation: ParallelGCFailedAllocation (Allocation Failure)
Event: 8.095 Executing VM operation: ParallelGCFailedAllocation (Allocation Failure) done
Event: 8.105 Executing VM operation: ParallelGCFailedAllocation (Allocation Failure)
Event: 8.110 Executing VM operation: ParallelGCFailedAllocation (Allocation Failure) done
Event: 8.140 Executing VM operation: ParallelGCFailedAllocation (Allocation Failure)

Memory protections (0 events):
No events

Nmethod flushes (20 events):
Event: 6.570 Thread 0x000002340d273540 flushing  nmethod 0x00000233ba445990
Event: 6.570 Thread 0x000002340d273540 flushing  nmethod 0x00000233ba478a10
Event: 6.570 Thread 0x000002340d273540 flushing  nmethod 0x00000233ba479910
Event: 6.570 Thread 0x000002340d273540 flushing  nmethod 0x00000233ba47bd90
Event: 6.570 Thread 0x000002340d273540 flushing  nmethod 0x00000233ba485410
Event: 6.570 Thread 0x000002340d273540 flushing  nmethod 0x00000233ba485d10
Event: 6.570 Thread 0x000002340d273540 flushing  nmethod 0x00000233ba486a10
Event: 6.570 Thread 0x000002340d273540 flushing  nmethod 0x00000233ba487090
Event: 6.570 Thread 0x000002340d273540 flushing  nmethod 0x00000233ba488c90
Event: 6.570 Thread 0x000002340d273540 flushing  nmethod 0x00000233ba489910
Event: 6.570 Thread 0x000002340d273540 flushing  nmethod 0x00000233ba48b590
Event: 6.570 Thread 0x000002340d273540 flushing  nmethod 0x00000233ba48cd10
Event: 6.570 Thread 0x000002340d273540 flushing  nmethod 0x00000233ba49d890
Event: 6.570 Thread 0x000002340d273540 flushing  nmethod 0x00000233ba49f690
Event: 6.570 Thread 0x000002340d273540 flushing  nmethod 0x00000233ba4c4710
Event: 6.570 Thread 0x000002340d273540 flushing  nmethod 0x00000233ba4c9690
Event: 6.570 Thread 0x000002340d273540 flushing  nmethod 0x00000233ba4ca690
Event: 6.570 Thread 0x000002340d273540 flushing  nmethod 0x00000233ba4cb390
Event: 6.570 Thread 0x000002340d273540 flushing  nmethod 0x00000233ba4cc590
Event: 6.570 Thread 0x000002340d273540 flushing  nmethod 0x00000233ba4d4610

Events (20 events):
Event: 6.972 Thread 0x0000023418ea2730 Thread exited: 0x0000023418ea2730
Event: 6.972 Thread 0x0000023418ea2dc0 Thread exited: 0x0000023418ea2dc0
Event: 6.972 Thread 0x0000023418ea3450 Thread exited: 0x0000023418ea3450
Event: 6.972 Thread 0x0000023418ea3ae0 Thread exited: 0x0000023418ea3ae0
Event: 6.972 Thread 0x0000023418ea20a0 Thread exited: 0x0000023418ea20a0
Event: 7.097 Thread 0x0000023414230170 Thread exited: 0x0000023414230170
Event: 7.337 Thread 0x0000023413b9c790 Thread added: 0x0000023418ea2730
Event: 7.337 Thread 0x0000023413b9c790 Thread added: 0x0000023418ea3ae0
Event: 7.337 Thread 0x0000023413b9c790 Thread added: 0x0000023418ea4800
Event: 7.338 Thread 0x0000023413b9c790 Thread added: 0x0000023418ea1a10
Event: 7.338 Thread 0x0000023413b9c790 Thread added: 0x0000023418ea3450
Event: 7.375 Thread 0x0000023418ea4800 Thread exited: 0x0000023418ea4800
Event: 7.375 Thread 0x0000023418ea3450 Thread exited: 0x0000023418ea3450
Event: 7.375 Thread 0x0000023418ea1a10 Thread exited: 0x0000023418ea1a10
Event: 7.375 Thread 0x0000023418ea3ae0 Thread exited: 0x0000023418ea3ae0
Event: 7.375 Thread 0x0000023418ea2730 Thread exited: 0x0000023418ea2730
Event: 8.045 Thread 0x00000234148a6a20 Thread added: 0x0000023418ea3450
Event: 8.050 Thread 0x00000234148a6a20 Thread added: 0x0000023418ea2730
Event: 8.126 Thread 0x00000234148a6a20 Thread added: 0x0000023418ea2dc0
Event: 8.130 Thread 0x0000023413b9e860 Thread added: 0x0000023418ea4800


Dynamic libraries:
0x00007ff7f1450000 - 0x00007ff7f145e000 	c:\Users\MSI\.vscode\extensions\redhat.java-1.41.1-win32-x64\jre\21.0.6-win32-x86_64\bin\java.exe
0x00007ff871220000 - 0x00007ff871486000 	C:\WINDOWS\SYSTEM32\ntdll.dll
0x00007ff8710e0000 - 0x00007ff8711a9000 	C:\WINDOWS\System32\KERNEL32.DLL
0x00007ff86e3b0000 - 0x00007ff86e77c000 	C:\WINDOWS\System32\KERNELBASE.dll
0x00007ff86e8c0000 - 0x00007ff86ea0b000 	C:\WINDOWS\System32\ucrtbase.dll
0x00007ff8630e0000 - 0x00007ff8630f8000 	c:\Users\MSI\.vscode\extensions\redhat.java-1.41.1-win32-x64\jre\21.0.6-win32-x86_64\bin\jli.dll
0x00007ff852180000 - 0x00007ff85219e000 	c:\Users\MSI\.vscode\extensions\redhat.java-1.41.1-win32-x64\jre\21.0.6-win32-x86_64\bin\VCRUNTIME140.dll
0x00007ff86f000000 - 0x00007ff86f1ca000 	C:\WINDOWS\System32\USER32.dll
0x00007ff859530000 - 0x00007ff8597ca000 	C:\WINDOWS\WinSxS\amd64_microsoft.windows.common-controls_6595b64144ccf1df_6.0.26100.3912_none_3e07963ce335137e\COMCTL32.dll
0x00007ff86ec30000 - 0x00007ff86ec57000 	C:\WINDOWS\System32\win32u.dll
0x00007ff871020000 - 0x00007ff8710c9000 	C:\WINDOWS\System32\msvcrt.dll
0x00007ff870790000 - 0x00007ff8707bb000 	C:\WINDOWS\System32\GDI32.dll
0x00007ff86e780000 - 0x00007ff86e8b2000 	C:\WINDOWS\System32\gdi32full.dll
0x00007ff86eea0000 - 0x00007ff86ef43000 	C:\WINDOWS\System32\msvcp_win.dll
0x00007ff870680000 - 0x00007ff8706b0000 	C:\WINDOWS\System32\IMM32.DLL
0x00007ff8692a0000 - 0x00007ff8692ac000 	c:\Users\MSI\.vscode\extensions\redhat.java-1.41.1-win32-x64\jre\21.0.6-win32-x86_64\bin\vcruntime140_1.dll
0x00007ff83e2c0000 - 0x00007ff83e34d000 	c:\Users\MSI\.vscode\extensions\redhat.java-1.41.1-win32-x64\jre\21.0.6-win32-x86_64\bin\msvcp140.dll
0x00007ff802e10000 - 0x00007ff803ba0000 	c:\Users\MSI\.vscode\extensions\redhat.java-1.41.1-win32-x64\jre\21.0.6-win32-x86_64\bin\server\jvm.dll
0x00007ff8706c0000 - 0x00007ff870772000 	C:\WINDOWS\System32\ADVAPI32.dll
0x00007ff870360000 - 0x00007ff870406000 	C:\WINDOWS\System32\sechost.dll
0x00007ff86fa10000 - 0x00007ff86fb26000 	C:\WINDOWS\System32\RPCRT4.dll
0x00007ff86fbe0000 - 0x00007ff86fc54000 	C:\WINDOWS\System32\WS2_32.dll
0x00007ff86e200000 - 0x00007ff86e25e000 	C:\WINDOWS\SYSTEM32\POWRPROF.dll
0x00007ff868490000 - 0x00007ff86849b000 	C:\WINDOWS\SYSTEM32\VERSION.dll
0x00007ff868450000 - 0x00007ff868486000 	C:\WINDOWS\SYSTEM32\WINMM.dll
0x00007ff86e1e0000 - 0x00007ff86e1f4000 	C:\WINDOWS\SYSTEM32\UMPDC.dll
0x00007ff86d170000 - 0x00007ff86d18a000 	C:\WINDOWS\SYSTEM32\kernel.appcore.dll
0x00007ff8691f0000 - 0x00007ff8691fa000 	c:\Users\MSI\.vscode\extensions\redhat.java-1.41.1-win32-x64\jre\21.0.6-win32-x86_64\bin\jimage.dll
0x00007ff861e90000 - 0x00007ff8620d1000 	C:\WINDOWS\SYSTEM32\DBGHELP.DLL
0x00007ff870b20000 - 0x00007ff870ea4000 	C:\WINDOWS\System32\combase.dll
0x00007ff86fc60000 - 0x00007ff86fd40000 	C:\WINDOWS\System32\OLEAUT32.dll
0x00007ff857ea0000 - 0x00007ff857ed9000 	C:\WINDOWS\SYSTEM32\dbgcore.DLL
0x00007ff86ea10000 - 0x00007ff86eaa9000 	C:\WINDOWS\System32\bcryptPrimitives.dll
0x00007ff869160000 - 0x00007ff86916f000 	c:\Users\MSI\.vscode\extensions\redhat.java-1.41.1-win32-x64\jre\21.0.6-win32-x86_64\bin\instrument.dll
0x00007ff84f4e0000 - 0x00007ff84f4ff000 	c:\Users\MSI\.vscode\extensions\redhat.java-1.41.1-win32-x64\jre\21.0.6-win32-x86_64\bin\java.dll
0x00007ff86f260000 - 0x00007ff86f98d000 	C:\WINDOWS\System32\SHELL32.dll
0x00007ff86eab0000 - 0x00007ff86ec24000 	C:\WINDOWS\System32\wintypes.dll
0x00007ff86c000000 - 0x00007ff86c856000 	C:\WINDOWS\SYSTEM32\windows.storage.dll
0x00007ff870a20000 - 0x00007ff870b0f000 	C:\WINDOWS\System32\SHCORE.dll
0x00007ff86f9a0000 - 0x00007ff86fa09000 	C:\WINDOWS\System32\shlwapi.dll
0x00007ff86e2c0000 - 0x00007ff86e2ef000 	C:\WINDOWS\SYSTEM32\profapi.dll
0x00007ff84f4c0000 - 0x00007ff84f4d8000 	c:\Users\MSI\.vscode\extensions\redhat.java-1.41.1-win32-x64\jre\21.0.6-win32-x86_64\bin\zip.dll
0x00007ff8659c0000 - 0x00007ff8659d0000 	C:\Users\MSI\.vscode\extensions\redhat.java-1.41.1-win32-x64\jre\21.0.6-win32-x86_64\bin\net.dll
0x00007ff865e70000 - 0x00007ff865f8e000 	C:\WINDOWS\SYSTEM32\WINHTTP.dll
0x00007ff86d6e0000 - 0x00007ff86d74a000 	C:\WINDOWS\system32\mswsock.dll
0x00007ff84f490000 - 0x00007ff84f4a6000 	C:\Users\MSI\.vscode\extensions\redhat.java-1.41.1-win32-x64\jre\21.0.6-win32-x86_64\bin\nio.dll
0x00007ff869280000 - 0x00007ff869290000 	c:\Users\MSI\.vscode\extensions\redhat.java-1.41.1-win32-x64\jre\21.0.6-win32-x86_64\bin\verify.dll
0x00007ff8645e0000 - 0x00007ff864625000 	C:\Users\MSI\AppData\Roaming\Code\User\globalStorage\redhat.java\1.41.1\config_win\org.eclipse.equinox.launcher\org.eclipse.equinox.launcher.win32.win32.x86_64_1.2.1300.v20250331-1702\eclipse_11911.dll
0x00007ff870410000 - 0x00007ff8705af000 	C:\WINDOWS\System32\ole32.dll
0x00007ff86d980000 - 0x00007ff86d99c000 	C:\WINDOWS\SYSTEM32\CRYPTSP.dll
0x00007ff86d0d0000 - 0x00007ff86d10a000 	C:\WINDOWS\system32\rsaenh.dll
0x00007ff86d780000 - 0x00007ff86d7ab000 	C:\WINDOWS\SYSTEM32\USERENV.dll
0x00007ff86e290000 - 0x00007ff86e2b6000 	C:\WINDOWS\SYSTEM32\bcrypt.dll
0x00007ff86d9a0000 - 0x00007ff86d9ac000 	C:\WINDOWS\SYSTEM32\CRYPTBASE.dll
0x00007ff86cbc0000 - 0x00007ff86cbf3000 	C:\WINDOWS\SYSTEM32\IPHLPAPI.DLL
0x00007ff870610000 - 0x00007ff87061a000 	C:\WINDOWS\System32\NSI.dll
0x00007ff85ddd0000 - 0x00007ff85de19000 	C:\Users\MSI\AppData\Local\Temp\jna-76643\jna9197219461185142226.dll
0x00007ff870780000 - 0x00007ff870788000 	C:\WINDOWS\System32\PSAPI.DLL
0x00007ff8660a0000 - 0x00007ff8660bf000 	C:\WINDOWS\SYSTEM32\dhcpcsvc6.DLL
0x00007ff866050000 - 0x00007ff866075000 	C:\WINDOWS\SYSTEM32\dhcpcsvc.DLL

dbghelp: loaded successfully - version: 4.0.5 - missing functions: none
symbol engine: initialized successfully - sym options: 0x614 - pdb path: .;c:\Users\MSI\.vscode\extensions\redhat.java-1.41.1-win32-x64\jre\21.0.6-win32-x86_64\bin;C:\WINDOWS\SYSTEM32;C:\WINDOWS\WinSxS\amd64_microsoft.windows.common-controls_6595b64144ccf1df_6.0.26100.3912_none_3e07963ce335137e;c:\Users\MSI\.vscode\extensions\redhat.java-1.41.1-win32-x64\jre\21.0.6-win32-x86_64\bin\server;C:\Users\MSI\AppData\Roaming\Code\User\globalStorage\redhat.java\1.41.1\config_win\org.eclipse.equinox.launcher\org.eclipse.equinox.launcher.win32.win32.x86_64_1.2.1300.v20250331-1702;C:\Users\MSI\AppData\Local\Temp\jna-76643

VM Arguments:
jvm_args: --add-modules=ALL-SYSTEM --add-opens=java.base/java.util=ALL-UNNAMED --add-opens=java.base/java.lang=ALL-UNNAMED --add-opens=java.base/sun.nio.fs=ALL-UNNAMED -Declipse.application=org.eclipse.jdt.ls.core.id1 -Dosgi.bundles.defaultStartLevel=4 -Declipse.product=org.eclipse.jdt.ls.core.product -Djava.import.generatesMetadataFilesAtProjectRoot=false -DDetectVMInstallationsJob.disabled=true -Dfile.encoding=utf8 -XX:+UseParallelGC -XX:GCTimeRatio=4 -XX:AdaptiveSizePolicyWeight=90 -Dsun.zip.disableMemoryMapping=true -Xmx1G -Xms100m -Xlog:disable -javaagent:c:\Users\MSI\.vscode\extensions\redhat.java-1.41.1-win32-x64\lombok\lombok-1.18.36.jar -XX:+HeapDumpOnOutOfMemoryError -XX:HeapDumpPath=c:\Users\MSI\AppData\Roaming\Code\User\workspaceStorage\8482fc1a365055af0af7aefc8016a7e7\redhat.java -Daether.dependencyCollector.impl=bf 
java_command: c:\Users\MSI\.vscode\extensions\redhat.java-1.41.1-win32-x64\server\plugins\org.eclipse.equinox.launcher_1.7.0.v20250331-1702.jar -configuration c:\Users\MSI\AppData\Roaming\Code\User\globalStorage\redhat.java\1.41.1\config_win -data c:\Users\MSI\AppData\Roaming\Code\User\workspaceStorage\8482fc1a365055af0af7aefc8016a7e7\redhat.java\jdt_ws --pipe=\\.\pipe\lsp-39833020b4ed091aa2cacb7291802b4c-sock
java_class_path (initial): c:\Users\MSI\.vscode\extensions\redhat.java-1.41.1-win32-x64\server\plugins\org.eclipse.equinox.launcher_1.7.0.v20250331-1702.jar
Launcher Type: SUN_STANDARD

[Global flags]
    uintx AdaptiveSizePolicyWeight                 = 90                                        {product} {command line}
     intx CICompilerCount                          = 12                                        {product} {ergonomic}
    uintx GCTimeRatio                              = 4                                         {product} {command line}
     bool HeapDumpOnOutOfMemoryError               = true                                   {manageable} {command line}
    ccstr HeapDumpPath                             = c:\Users\MSI\AppData\Roaming\Code\User\workspaceStorage\8482fc1a365055af0af7aefc8016a7e7\redhat.java         {manageable} {command line}
   size_t InitialHeapSize                          = 104857600                                 {product} {command line}
   size_t MaxHeapSize                              = 1073741824                                {product} {command line}
   size_t MaxNewSize                               = 357564416                                 {product} {ergonomic}
   size_t MinHeapDeltaBytes                        = 524288                                    {product} {ergonomic}
   size_t MinHeapSize                              = 104857600                                 {product} {command line}
   size_t NewSize                                  = 34603008                                  {product} {ergonomic}
    uintx NonNMethodCodeHeapSize                   = 7602480                                {pd product} {ergonomic}
    uintx NonProfiledCodeHeapSize                  = 122027880                              {pd product} {ergonomic}
   size_t OldSize                                  = 70254592                                  {product} {ergonomic}
    uintx ProfiledCodeHeapSize                     = 122027880                              {pd product} {ergonomic}
    uintx ReservedCodeCacheSize                    = 251658240                              {pd product} {ergonomic}
     bool SegmentedCodeCache                       = true                                      {product} {ergonomic}
   size_t SoftMaxHeapSize                          = 1073741824                             {manageable} {ergonomic}
     bool UseCompressedOops                        = true                           {product lp64_product} {ergonomic}
     bool UseLargePagesIndividualAllocation        = false                                  {pd product} {ergonomic}
     bool UseParallelGC                            = true                                      {product} {command line}

Logging:
Log output configuration:
 #0: stdout all=off uptime,level,tags foldmultilines=false
 #1: stderr all=off uptime,level,tags foldmultilines=false

Environment Variables:
JAVA_HOME=C:\Program Files\Java\jdk-21
PATH=C:\Program Files (x86)\Common Files\Oracle\Java\javapath;C:\Program Files (x86)\VMware\VMware Workstation\bin\;C:\Program Files\Microsoft MPI\Bin\;C:\WINDOWS\system32;C:\WINDOWS;C:\WINDOWS\System32\Wbem;C:\WINDOWS\System32\WindowsPowerShell\v1.0\;C:\WINDOWS\System32\OpenSSH\;C:\Program Files\nodejs\;C:\Program Files (x86)\Microsoft SQL Server\160\Tools\Binn\;C:\Program Files\Microsoft SQL Server\160\Tools\Binn\;C:\Program Files\Microsoft SQL Server\Client SDK\ODBC\170\Tools\Binn\;C:\Program Files\Microsoft SQL Server\160\DTS\Binn\;C:\Program Files (x86)\Microsoft SQL Server\160\DTS\Binn\;C:\Program Files\Git LFS;C:\Program Files\Git\cmd;C:\Program Files\PowerShell\7\;C:\Program Files\Microsoft SQL Server\150\Tools\Binn\;C:\Program Files\dotnet\;C:\Program Files\Java\jdk-21\bin;C:\Program Files\Java\apache-maven-4.0.0-rc-3\bin;C:\Program Files (x86)\Windows Kits\10\Windows Performance Toolkit\;C:\Program Files\MySQL\MySQL Shell 8.0\bin\;C:\Users\MSI\AppData\Local\Programs\Python\Python313;C:\Users\MSI\AppData\Local\Microsoft\WindowsApps;C:\Users\MSI\AppData\Local\Programs\Microsoft VS Code\bin;C:\Users\MSI\AppData\Roaming\npm;C:\Program Files\JetBrains\IntelliJ IDEA 2024.3.1.1\bin;;C:\Users\MSI\.dotnet\tools;
USERNAME=MSI
OS=Windows_NT
PROCESSOR_IDENTIFIER=AMD64 Family 25 Model 80 Stepping 0, AuthenticAMD
TMP=C:\Users\MSI\AppData\Local\Temp
TEMP=C:\Users\MSI\AppData\Local\Temp




Periodic native trim disabled

---------------  S Y S T E M  ---------------

OS:
 Windows 11 , 64 bit Build 26100 (10.0.26100.3912)
OS uptime: 0 days 20:29 hours
Hyper-V role detected

CPU: total 16 (initial active 16) (16 cores per cpu, 2 threads per core) family 25 model 80 stepping 0 microcode 0xa50000c, cx8, cmov, fxsr, ht, mmx, 3dnowpref, sse, sse2, sse3, ssse3, sse4a, sse4.1, sse4.2, popcnt, lzcnt, tsc, tscinvbit, avx, avx2, aes, erms, clmul, bmi1, bmi2, adx, sha, fma, vzeroupper, clflush, clflushopt, hv, rdtscp, rdpid, fsrm, f16c, cet_ss
Processor Information for the first 16 processors :
  Max Mhz: 3201, Current Mhz: 3201, Mhz Limit: 3201

Memory: 4k page, system-wide physical 15752M (5789M free)
TotalPageFile size 15752M (AvailPageFile size 9M)
current process WorkingSet (physical memory assigned to process): 770M, peak: 770M
current process commit charge ("private bytes"): 700M, peak: 700M

vm_info: OpenJDK 64-Bit Server VM (21.0.6+7-LTS) for windows-amd64 JRE (21.0.6+7-LTS), built on 2025-01-21T00:00:00Z by "admin" with MS VC++ 17.7 (VS2022)

END.
