#
# There is insufficient memory for the Java Runtime Environment to continue.
# Native memory allocation (malloc) failed to allocate 1549936 bytes for Chunk::new
# Possible reasons:
#   The system is out of physical RAM or swap space
#   The process is running with CompressedOops enabled, and the Java Heap may be blocking the growth of the native heap
# Possible solutions:
#   Reduce memory load on the system
#   Increase physical memory or swap space
#   Check if swap backing store is full
#   Decrease Java heap size (-Xmx/-Xms)
#   Decrease number of Java threads
#   Decrease Java thread stack sizes (-Xss)
#   Set larger code cache with -XX:ReservedCodeCacheSize=
#   JVM is running with Zero Based Compressed Oops mode in which the Java heap is
#     placed in the first 32GB address space. The Java Heap base address is the
#     maximum limit for the native heap growth. Please use -XX:HeapBaseMinAddress
#     to set the Java Heap base and to place the Java Heap above 32GB virtual address.
# This output file may be truncated or incomplete.
#
#  Out of Memory Error (arena.cpp:189), pid=16280, tid=21620
#
# JRE version: Java(TM) SE Runtime Environment (17.0.11+7) (build 17.0.11+7-LTS-207)
# Java VM: Java HotSpot(TM) 64-Bit Server VM (17.0.11+7-LTS-207, mixed mode, sharing, tiered, compressed oops, compressed class ptrs, g1 gc, windows-amd64)
# No core dump will be written. Minidumps are not enabled by default on client versions of Windows
#

---------------  S U M M A R Y ------------

Command Line: -Dcom.sun.management.jmxremote -Dcom.sun.management.jmxremote.port=64758 -Dcom.sun.management.jmxremote.authenticate=false -Dcom.sun.management.jmxremote.ssl=false -Dspring.jmx.enabled=true -Djava.rmi.server.hostname=localhost -Dspring.application.admin.enabled=true -Dspring.boot.project.name=laptopshop -XX:+ShowCodeDetailsInExceptionMessages -Dmanagement.endpoints.jmx.exposure.include=* vn.hoidanit.laptopshop.LaptopshopApplication

Host: AMD Ryzen 7 5800H with Radeon Graphics         , 16 cores, 15G,  Windows 11 , 64 bit Build 26100 (10.0.26100.3037)
Time: Fri Feb 28 20:47:25 2025 SE Asia Standard Time elapsed time: 4.147712 seconds (0d 0h 0m 4s)

---------------  T H R E A D  ---------------

Current thread (0x000001af8f007260):  JavaThread "C2 CompilerThread2" daemon [_thread_in_native, id=21620, stack(0x00000050dbe00000,0x00000050dbf00000)]


Current CompileTask:
C2:   4147 2213       4       jdk.internal.org.objectweb.asm.Frame::execute (2305 bytes)

Stack: [0x00000050dbe00000,0x00000050dbf00000]
Native frames: (J=compiled Java code, j=interpreted, Vv=VM code, C=native code)
V  [jvm.dll+0x679cca]
V  [jvm.dll+0x7da13d]
V  [jvm.dll+0x7dba83]
V  [jvm.dll+0x7dc0f3]
V  [jvm.dll+0x2449af]
V  [jvm.dll+0xab83b]
V  [jvm.dll+0xabe1c]
V  [jvm.dll+0x36155f]
V  [jvm.dll+0x32bd61]
V  [jvm.dll+0x32b1fa]
V  [jvm.dll+0x2161df]
V  [jvm.dll+0x21560f]
V  [jvm.dll+0x1a2040]
V  [jvm.dll+0x225a2b]
V  [jvm.dll+0x223bcb]
V  [jvm.dll+0x7903ec]
V  [jvm.dll+0x78a85a]
V  [jvm.dll+0x678bb5]
C  [ucrtbase.dll+0x37b0]
C  [KERNEL32.DLL+0x2e8d7]
C  [ntdll.dll+0xbbf2c]


---------------  P R O C E S S  ---------------

Threads class SMR info:
_java_thread_list=0x000001af8f149330, length=29, elements={
0x000001af25412fd0, 0x000001af4877dc60, 0x000001af487810b0, 0x000001af48793740,
0x000001af48794010, 0x000001af48795450, 0x000001af48796890, 0x000001af487990c0,
0x000001af4879d930, 0x000001af4879e240, 0x000001af47cc94c0, 0x000001af488d39d0,
0x000001af488d5f00, 0x000001af4892ba00, 0x000001af489620a0, 0x000001af8e3dc7e0,
0x000001af8e3dccc0, 0x000001af8e3dd720, 0x000001af8f007260, 0x000001af8f0ac5b0,
0x000001af8ed99230, 0x000001af8f285080, 0x000001af8f299380, 0x000001af8f29bc00,
0x000001af8f29b6f0, 0x000001af8f299da0, 0x000001af8ef4dfd0, 0x000001af8f28d6f0,
0x000001af8f298450
}

Java Threads: ( => current thread )
  0x000001af25412fd0 JavaThread "main" [_thread_blocked, id=12792, stack(0x00000050d9e00000,0x00000050d9f00000)]
  0x000001af4877dc60 JavaThread "Reference Handler" daemon [_thread_blocked, id=5008, stack(0x00000050da500000,0x00000050da600000)]
  0x000001af487810b0 JavaThread "Finalizer" daemon [_thread_blocked, id=18772, stack(0x00000050da600000,0x00000050da700000)]
  0x000001af48793740 JavaThread "Signal Dispatcher" daemon [_thread_blocked, id=22240, stack(0x00000050da700000,0x00000050da800000)]
  0x000001af48794010 JavaThread "Attach Listener" daemon [_thread_blocked, id=18004, stack(0x00000050da800000,0x00000050da900000)]
  0x000001af48795450 JavaThread "Service Thread" daemon [_thread_blocked, id=20044, stack(0x00000050da900000,0x00000050daa00000)]
  0x000001af48796890 JavaThread "Monitor Deflation Thread" daemon [_thread_blocked, id=20508, stack(0x00000050daa00000,0x00000050dab00000)]
  0x000001af487990c0 JavaThread "C2 CompilerThread0" daemon [_thread_in_native, id=21168, stack(0x00000050dab00000,0x00000050dac00000)]
  0x000001af4879d930 JavaThread "C1 CompilerThread0" daemon [_thread_blocked, id=16888, stack(0x00000050dac00000,0x00000050dad00000)]
  0x000001af4879e240 JavaThread "Sweeper thread" daemon [_thread_blocked, id=10812, stack(0x00000050dad00000,0x00000050dae00000)]
  0x000001af47cc94c0 JavaThread "Common-Cleaner" daemon [_thread_blocked, id=16304, stack(0x00000050dae00000,0x00000050daf00000)]
  0x000001af488d39d0 JavaThread "C1 CompilerThread1" daemon [_thread_blocked, id=21516, stack(0x00000050daf00000,0x00000050db000000)]
  0x000001af488d5f00 JavaThread "C1 CompilerThread2" daemon [_thread_blocked, id=18916, stack(0x00000050db000000,0x00000050db100000)]
  0x000001af4892ba00 JavaThread "C2 CompilerThread1" daemon [_thread_in_vm, id=11304, stack(0x00000050db200000,0x00000050db300000)]
  0x000001af489620a0 JavaThread "Notification Thread" daemon [_thread_blocked, id=13940, stack(0x00000050db300000,0x00000050db400000)]
  0x000001af8e3dc7e0 JavaThread "RMI TCP Accept-0" daemon [_thread_in_native, id=10280, stack(0x00000050db400000,0x00000050db500000)]
  0x000001af8e3dccc0 JavaThread "RMI TCP Accept-64758" daemon [_thread_in_native, id=20904, stack(0x00000050db500000,0x00000050db600000)]
  0x000001af8e3dd720 JavaThread "RMI TCP Accept-0" daemon [_thread_in_native, id=21880, stack(0x00000050db600000,0x00000050db700000)]
=>0x000001af8f007260 JavaThread "C2 CompilerThread2" daemon [_thread_in_native, id=21620, stack(0x00000050dbe00000,0x00000050dbf00000)]
  0x000001af8f0ac5b0 JavaThread "Thread-0" [_thread_blocked, id=2364, stack(0x00000050dbf00000,0x00000050dc000000)]
  0x000001af8ed99230 JavaThread "restartedMain" [_thread_in_vm, id=2008, stack(0x00000050dc000000,0x00000050dc100000)]
  0x000001af8f285080 JavaThread "RMI TCP Connection(1)-127.0.0.1" daemon [_thread_in_native, id=18828, stack(0x00000050dc100000,0x00000050dc200000)]
  0x000001af8f299380 JavaThread "RMI Scheduler(0)" daemon [_thread_blocked, id=15984, stack(0x00000050dc200000,0x00000050dc300000)]
  0x000001af8f29bc00 JavaThread "RMI TCP Connection(2)-127.0.0.1" daemon [_thread_in_native, id=7084, stack(0x00000050dc300000,0x00000050dc400000)]
  0x000001af8f29b6f0 JavaThread "JMX server connection timeout 33" daemon [_thread_blocked, id=18408, stack(0x00000050dc400000,0x00000050dc500000)]
  0x000001af8f299da0 JavaThread "background-preinit" [_thread_in_vm, id=11216, stack(0x00000050dc700000,0x00000050dc800000)]
  0x000001af8ef4dfd0 JavaThread "C2 CompilerThread3" daemon [_thread_in_native, id=17136, stack(0x00000050db100000,0x00000050db200000)]
  0x000001af8f28d6f0 JavaThread "C2 CompilerThread4" daemon [_thread_in_native, id=17340, stack(0x00000050dc800000,0x00000050dc900000)]
  0x000001af8f298450 JavaThread "RMI TCP Connection(3)-127.0.0.1" daemon [_thread_in_native, id=20544, stack(0x00000050dc900000,0x00000050dca00000)]

Other Threads:
  0x000001af4877a410 VMThread "VM Thread" [stack: 0x00000050da400000,0x00000050da500000] [id=10772]
  0x000001af8e3de730 WatcherThread [stack: 0x00000050db700000,0x00000050db800000] [id=22320]
  0x000001af25485320 GCTaskThread "GC Thread#0" [stack: 0x00000050d9f00000,0x00000050da000000] [id=16348]
  0x000001af8ea90ea0 GCTaskThread "GC Thread#1" [stack: 0x00000050db800000,0x00000050db900000] [id=7276]
  0x000001af8ea31a10 GCTaskThread "GC Thread#2" [stack: 0x00000050db900000,0x00000050dba00000] [id=19024]
  0x000001af8ed484b0 GCTaskThread "GC Thread#3" [stack: 0x00000050dba00000,0x00000050dbb00000] [id=10044]
  0x000001af8e62f450 GCTaskThread "GC Thread#4" [stack: 0x00000050dbb00000,0x00000050dbc00000] [id=2480]
  0x000001af8eccd0d0 GCTaskThread "GC Thread#5" [stack: 0x00000050dbc00000,0x00000050dbd00000] [id=14708]
  0x000001af8ed9e7c0 GCTaskThread "GC Thread#6" [stack: 0x00000050dbd00000,0x00000050dbe00000] [id=9464]
  0x000001af8f3b3ad0 GCTaskThread "GC Thread#7" [stack: 0x00000050dc500000,0x00000050dc600000] [id=12952]
  0x000001af8f371c30 GCTaskThread "GC Thread#8" [stack: 0x00000050dc600000,0x00000050dc700000] [id=5168]
  0x000001af254b5c30 ConcurrentGCThread "G1 Main Marker" [stack: 0x00000050da000000,0x00000050da100000] [id=18204]
  0x000001af254b7aa0 ConcurrentGCThread "G1 Conc#0" [stack: 0x00000050da100000,0x00000050da200000] [id=20556]
  0x000001af47b8d3b0 ConcurrentGCThread "G1 Refine#0" [stack: 0x00000050da200000,0x00000050da300000] [id=20872]
  0x000001af47b8da90 ConcurrentGCThread "G1 Service" [stack: 0x00000050da300000,0x00000050da400000] [id=7596]

Threads with active compile tasks:
C2 CompilerThread0     5199 2457       4       java.util.TreeMap::put (221 bytes)
C2 CompilerThread1     5199 2459       4       java.lang.String$CaseInsensitiveComparator::compare (68 bytes)
C2 CompilerThread2     5199 2213       4       jdk.internal.org.objectweb.asm.Frame::execute (2305 bytes)
C2 CompilerThread3     5199 2477       4       java.util.TreeMap::fixAfterInsertion (267 bytes)
C2 CompilerThread4     5199 2472       4       java.util.TreeMap::getEntryUsingComparator (74 bytes)

VM state: not at safepoint (normal execution)

VM Mutex/Monitor currently owned by a thread: None

Heap address: 0x0000000709c00000, size: 3940 MB, Compressed Oops mode: Zero based, Oop shift amount: 3

CDS archive(s) mapped at: [0x000001af49000000-0x000001af49bd0000-0x000001af49bd0000), size 12386304, SharedBaseAddress: 0x000001af49000000, ArchiveRelocationMode: 1.
Compressed class space mapped at: 0x000001af4a000000-0x000001af8a000000, reserved size: 1073741824
Narrow klass base: 0x000001af49000000, Narrow klass shift: 0, Narrow klass range: 0x100000000

GC Precious Log:
 CPUs: 16 total, 16 available
 Memory: 15752M
 Large Page Support: Disabled
 NUMA Support: Disabled
 Compressed Oops: Enabled (Zero based)
 Heap Region Size: 2M
 Heap Min Capacity: 8M
 Heap Initial Capacity: 248M
 Heap Max Capacity: 3940M
 Pre-touch: Disabled
 Parallel Workers: 13
 Concurrent Workers: 3
 Concurrent Refinement Workers: 13
 Periodic GC: Disabled

Heap:
 garbage-first heap   total 253952K, used 41940K [0x0000000709c00000, 0x0000000800000000)
  region size 2048K, 18 young (36864K), 1 survivors (2048K)
 Metaspace       used 18715K, committed 19008K, reserved 1114112K
  class space    used 2291K, committed 2432K, reserved 1048576K

Heap Regions: E=young(eden), S=young(survivor), O=old, HS=humongous(starts), HC=humongous(continues), CS=collection set, F=free, OA=open archive, CA=closed archive, TAMS=top-at-mark-start (previous, next)
|   0|0x0000000709c00000, 0x0000000709e00000, 0x0000000709e00000|100%| O|  |TAMS 0x0000000709c00000, 0x0000000709c00000| Untracked 
|   1|0x0000000709e00000, 0x000000070a000000, 0x000000070a000000|100%| O|  |TAMS 0x0000000709e00000, 0x0000000709e00000| Untracked 
|   2|0x000000070a000000, 0x000000070a200000, 0x000000070a200000|100%| O|  |TAMS 0x000000070a000000, 0x000000070a000000| Untracked 
|   3|0x000000070a200000, 0x000000070a358800, 0x000000070a400000| 67%| O|  |TAMS 0x000000070a200000, 0x000000070a200000| Untracked 
|   4|0x000000070a400000, 0x000000070a400000, 0x000000070a600000|  0%| F|  |TAMS 0x000000070a400000, 0x000000070a400000| Untracked 
|   5|0x000000070a600000, 0x000000070a600000, 0x000000070a800000|  0%| F|  |TAMS 0x000000070a600000, 0x000000070a600000| Untracked 
|   6|0x000000070a800000, 0x000000070a800000, 0x000000070aa00000|  0%| F|  |TAMS 0x000000070a800000, 0x000000070a800000| Untracked 
|   7|0x000000070aa00000, 0x000000070aa00000, 0x000000070ac00000|  0%| F|  |TAMS 0x000000070aa00000, 0x000000070aa00000| Untracked 
|   8|0x000000070ac00000, 0x000000070ac00000, 0x000000070ae00000|  0%| F|  |TAMS 0x000000070ac00000, 0x000000070ac00000| Untracked 
|   9|0x000000070ae00000, 0x000000070ae00000, 0x000000070b000000|  0%| F|  |TAMS 0x000000070ae00000, 0x000000070ae00000| Untracked 
|  10|0x000000070b000000, 0x000000070b000000, 0x000000070b200000|  0%| F|  |TAMS 0x000000070b000000, 0x000000070b000000| Untracked 
|  11|0x000000070b200000, 0x000000070b200000, 0x000000070b400000|  0%| F|  |TAMS 0x000000070b200000, 0x000000070b200000| Untracked 
|  12|0x000000070b400000, 0x000000070b400000, 0x000000070b600000|  0%| F|  |TAMS 0x000000070b400000, 0x000000070b400000| Untracked 
|  13|0x000000070b600000, 0x000000070b600000, 0x000000070b800000|  0%| F|  |TAMS 0x000000070b600000, 0x000000070b600000| Untracked 
|  14|0x000000070b800000, 0x000000070b800000, 0x000000070ba00000|  0%| F|  |TAMS 0x000000070b800000, 0x000000070b800000| Untracked 
|  15|0x000000070ba00000, 0x000000070ba00000, 0x000000070bc00000|  0%| F|  |TAMS 0x000000070ba00000, 0x000000070ba00000| Untracked 
|  16|0x000000070bc00000, 0x000000070bc00000, 0x000000070be00000|  0%| F|  |TAMS 0x000000070bc00000, 0x000000070bc00000| Untracked 
|  17|0x000000070be00000, 0x000000070be00000, 0x000000070c000000|  0%| F|  |TAMS 0x000000070be00000, 0x000000070be00000| Untracked 
|  18|0x000000070c000000, 0x000000070c000000, 0x000000070c200000|  0%| F|  |TAMS 0x000000070c000000, 0x000000070c000000| Untracked 
|  19|0x000000070c200000, 0x000000070c200000, 0x000000070c400000|  0%| F|  |TAMS 0x000000070c200000, 0x000000070c200000| Untracked 
|  20|0x000000070c400000, 0x000000070c400000, 0x000000070c600000|  0%| F|  |TAMS 0x000000070c400000, 0x000000070c400000| Untracked 
|  21|0x000000070c600000, 0x000000070c600000, 0x000000070c800000|  0%| F|  |TAMS 0x000000070c600000, 0x000000070c600000| Untracked 
|  22|0x000000070c800000, 0x000000070c800000, 0x000000070ca00000|  0%| F|  |TAMS 0x000000070c800000, 0x000000070c800000| Untracked 
|  23|0x000000070ca00000, 0x000000070ca00000, 0x000000070cc00000|  0%| F|  |TAMS 0x000000070ca00000, 0x000000070ca00000| Untracked 
|  24|0x000000070cc00000, 0x000000070cc00000, 0x000000070ce00000|  0%| F|  |TAMS 0x000000070cc00000, 0x000000070cc00000| Untracked 
|  25|0x000000070ce00000, 0x000000070ce00000, 0x000000070d000000|  0%| F|  |TAMS 0x000000070ce00000, 0x000000070ce00000| Untracked 
|  26|0x000000070d000000, 0x000000070d000000, 0x000000070d200000|  0%| F|  |TAMS 0x000000070d000000, 0x000000070d000000| Untracked 
|  27|0x000000070d200000, 0x000000070d200000, 0x000000070d400000|  0%| F|  |TAMS 0x000000070d200000, 0x000000070d200000| Untracked 
|  28|0x000000070d400000, 0x000000070d400000, 0x000000070d600000|  0%| F|  |TAMS 0x000000070d400000, 0x000000070d400000| Untracked 
|  29|0x000000070d600000, 0x000000070d600000, 0x000000070d800000|  0%| F|  |TAMS 0x000000070d600000, 0x000000070d600000| Untracked 
|  30|0x000000070d800000, 0x000000070d800000, 0x000000070da00000|  0%| F|  |TAMS 0x000000070d800000, 0x000000070d800000| Untracked 
|  31|0x000000070da00000, 0x000000070da00000, 0x000000070dc00000|  0%| F|  |TAMS 0x000000070da00000, 0x000000070da00000| Untracked 
|  32|0x000000070dc00000, 0x000000070dc00000, 0x000000070de00000|  0%| F|  |TAMS 0x000000070dc00000, 0x000000070dc00000| Untracked 
|  33|0x000000070de00000, 0x000000070de00000, 0x000000070e000000|  0%| F|  |TAMS 0x000000070de00000, 0x000000070de00000| Untracked 
|  34|0x000000070e000000, 0x000000070e000000, 0x000000070e200000|  0%| F|  |TAMS 0x000000070e000000, 0x000000070e000000| Untracked 
|  35|0x000000070e200000, 0x000000070e200000, 0x000000070e400000|  0%| F|  |TAMS 0x000000070e200000, 0x000000070e200000| Untracked 
|  36|0x000000070e400000, 0x000000070e400000, 0x000000070e600000|  0%| F|  |TAMS 0x000000070e400000, 0x000000070e400000| Untracked 
|  37|0x000000070e600000, 0x000000070e600000, 0x000000070e800000|  0%| F|  |TAMS 0x000000070e600000, 0x000000070e600000| Untracked 
|  38|0x000000070e800000, 0x000000070e800000, 0x000000070ea00000|  0%| F|  |TAMS 0x000000070e800000, 0x000000070e800000| Untracked 
|  39|0x000000070ea00000, 0x000000070ea00000, 0x000000070ec00000|  0%| F|  |TAMS 0x000000070ea00000, 0x000000070ea00000| Untracked 
|  40|0x000000070ec00000, 0x000000070ec00000, 0x000000070ee00000|  0%| F|  |TAMS 0x000000070ec00000, 0x000000070ec00000| Untracked 
|  41|0x000000070ee00000, 0x000000070ee00000, 0x000000070f000000|  0%| F|  |TAMS 0x000000070ee00000, 0x000000070ee00000| Untracked 
|  42|0x000000070f000000, 0x000000070f000000, 0x000000070f200000|  0%| F|  |TAMS 0x000000070f000000, 0x000000070f000000| Untracked 
|  43|0x000000070f200000, 0x000000070f200000, 0x000000070f400000|  0%| F|  |TAMS 0x000000070f200000, 0x000000070f200000| Untracked 
|  44|0x000000070f400000, 0x000000070f400000, 0x000000070f600000|  0%| F|  |TAMS 0x000000070f400000, 0x000000070f400000| Untracked 
|  45|0x000000070f600000, 0x000000070f600000, 0x000000070f800000|  0%| F|  |TAMS 0x000000070f600000, 0x000000070f600000| Untracked 
|  46|0x000000070f800000, 0x000000070f800000, 0x000000070fa00000|  0%| F|  |TAMS 0x000000070f800000, 0x000000070f800000| Untracked 
|  47|0x000000070fa00000, 0x000000070fa00000, 0x000000070fc00000|  0%| F|  |TAMS 0x000000070fa00000, 0x000000070fa00000| Untracked 
|  48|0x000000070fc00000, 0x000000070fc00000, 0x000000070fe00000|  0%| F|  |TAMS 0x000000070fc00000, 0x000000070fc00000| Untracked 
|  49|0x000000070fe00000, 0x000000070fe00000, 0x0000000710000000|  0%| F|  |TAMS 0x000000070fe00000, 0x000000070fe00000| Untracked 
|  50|0x0000000710000000, 0x0000000710000000, 0x0000000710200000|  0%| F|  |TAMS 0x0000000710000000, 0x0000000710000000| Untracked 
|  51|0x0000000710200000, 0x0000000710200000, 0x0000000710400000|  0%| F|  |TAMS 0x0000000710200000, 0x0000000710200000| Untracked 
|  52|0x0000000710400000, 0x0000000710400000, 0x0000000710600000|  0%| F|  |TAMS 0x0000000710400000, 0x0000000710400000| Untracked 
|  53|0x0000000710600000, 0x0000000710600000, 0x0000000710800000|  0%| F|  |TAMS 0x0000000710600000, 0x0000000710600000| Untracked 
|  54|0x0000000710800000, 0x0000000710800000, 0x0000000710a00000|  0%| F|  |TAMS 0x0000000710800000, 0x0000000710800000| Untracked 
|  55|0x0000000710a00000, 0x0000000710a00000, 0x0000000710c00000|  0%| F|  |TAMS 0x0000000710a00000, 0x0000000710a00000| Untracked 
|  56|0x0000000710c00000, 0x0000000710c00000, 0x0000000710e00000|  0%| F|  |TAMS 0x0000000710c00000, 0x0000000710c00000| Untracked 
|  57|0x0000000710e00000, 0x0000000710e00000, 0x0000000711000000|  0%| F|  |TAMS 0x0000000710e00000, 0x0000000710e00000| Untracked 
|  58|0x0000000711000000, 0x0000000711000000, 0x0000000711200000|  0%| F|  |TAMS 0x0000000711000000, 0x0000000711000000| Untracked 
|  59|0x0000000711200000, 0x0000000711200000, 0x0000000711400000|  0%| F|  |TAMS 0x0000000711200000, 0x0000000711200000| Untracked 
|  60|0x0000000711400000, 0x0000000711400000, 0x0000000711600000|  0%| F|  |TAMS 0x0000000711400000, 0x0000000711400000| Untracked 
|  61|0x0000000711600000, 0x0000000711600000, 0x0000000711800000|  0%| F|  |TAMS 0x0000000711600000, 0x0000000711600000| Untracked 
|  62|0x0000000711800000, 0x0000000711800000, 0x0000000711a00000|  0%| F|  |TAMS 0x0000000711800000, 0x0000000711800000| Untracked 
|  63|0x0000000711a00000, 0x0000000711a00000, 0x0000000711c00000|  0%| F|  |TAMS 0x0000000711a00000, 0x0000000711a00000| Untracked 
|  64|0x0000000711c00000, 0x0000000711c00000, 0x0000000711e00000|  0%| F|  |TAMS 0x0000000711c00000, 0x0000000711c00000| Untracked 
|  65|0x0000000711e00000, 0x0000000711e00000, 0x0000000712000000|  0%| F|  |TAMS 0x0000000711e00000, 0x0000000711e00000| Untracked 
|  66|0x0000000712000000, 0x0000000712000000, 0x0000000712200000|  0%| F|  |TAMS 0x0000000712000000, 0x0000000712000000| Untracked 
|  67|0x0000000712200000, 0x0000000712200000, 0x0000000712400000|  0%| F|  |TAMS 0x0000000712200000, 0x0000000712200000| Untracked 
|  68|0x0000000712400000, 0x0000000712400000, 0x0000000712600000|  0%| F|  |TAMS 0x0000000712400000, 0x0000000712400000| Untracked 
|  69|0x0000000712600000, 0x0000000712600000, 0x0000000712800000|  0%| F|  |TAMS 0x0000000712600000, 0x0000000712600000| Untracked 
|  70|0x0000000712800000, 0x0000000712800000, 0x0000000712a00000|  0%| F|  |TAMS 0x0000000712800000, 0x0000000712800000| Untracked 
|  71|0x0000000712a00000, 0x0000000712a00000, 0x0000000712c00000|  0%| F|  |TAMS 0x0000000712a00000, 0x0000000712a00000| Untracked 
|  72|0x0000000712c00000, 0x0000000712c00000, 0x0000000712e00000|  0%| F|  |TAMS 0x0000000712c00000, 0x0000000712c00000| Untracked 
|  73|0x0000000712e00000, 0x0000000712e00000, 0x0000000713000000|  0%| F|  |TAMS 0x0000000712e00000, 0x0000000712e00000| Untracked 
|  74|0x0000000713000000, 0x0000000713000000, 0x0000000713200000|  0%| F|  |TAMS 0x0000000713000000, 0x0000000713000000| Untracked 
|  75|0x0000000713200000, 0x0000000713200000, 0x0000000713400000|  0%| F|  |TAMS 0x0000000713200000, 0x0000000713200000| Untracked 
|  76|0x0000000713400000, 0x0000000713400000, 0x0000000713600000|  0%| F|  |TAMS 0x0000000713400000, 0x0000000713400000| Untracked 
|  77|0x0000000713600000, 0x0000000713600000, 0x0000000713800000|  0%| F|  |TAMS 0x0000000713600000, 0x0000000713600000| Untracked 
|  78|0x0000000713800000, 0x0000000713800000, 0x0000000713a00000|  0%| F|  |TAMS 0x0000000713800000, 0x0000000713800000| Untracked 
|  79|0x0000000713a00000, 0x0000000713a00000, 0x0000000713c00000|  0%| F|  |TAMS 0x0000000713a00000, 0x0000000713a00000| Untracked 
|  80|0x0000000713c00000, 0x0000000713c00000, 0x0000000713e00000|  0%| F|  |TAMS 0x0000000713c00000, 0x0000000713c00000| Untracked 
|  81|0x0000000713e00000, 0x0000000713e00000, 0x0000000714000000|  0%| F|  |TAMS 0x0000000713e00000, 0x0000000713e00000| Untracked 
|  82|0x0000000714000000, 0x0000000714000000, 0x0000000714200000|  0%| F|  |TAMS 0x0000000714000000, 0x0000000714000000| Untracked 
|  83|0x0000000714200000, 0x0000000714200000, 0x0000000714400000|  0%| F|  |TAMS 0x0000000714200000, 0x0000000714200000| Untracked 
|  84|0x0000000714400000, 0x0000000714400000, 0x0000000714600000|  0%| F|  |TAMS 0x0000000714400000, 0x0000000714400000| Untracked 
|  85|0x0000000714600000, 0x0000000714600000, 0x0000000714800000|  0%| F|  |TAMS 0x0000000714600000, 0x0000000714600000| Untracked 
|  86|0x0000000714800000, 0x0000000714800000, 0x0000000714a00000|  0%| F|  |TAMS 0x0000000714800000, 0x0000000714800000| Untracked 
|  87|0x0000000714a00000, 0x0000000714a00000, 0x0000000714c00000|  0%| F|  |TAMS 0x0000000714a00000, 0x0000000714a00000| Untracked 
|  88|0x0000000714c00000, 0x0000000714c00000, 0x0000000714e00000|  0%| F|  |TAMS 0x0000000714c00000, 0x0000000714c00000| Untracked 
|  89|0x0000000714e00000, 0x0000000714e00000, 0x0000000715000000|  0%| F|  |TAMS 0x0000000714e00000, 0x0000000714e00000| Untracked 
|  90|0x0000000715000000, 0x0000000715000000, 0x0000000715200000|  0%| F|  |TAMS 0x0000000715000000, 0x0000000715000000| Untracked 
|  91|0x0000000715200000, 0x0000000715200000, 0x0000000715400000|  0%| F|  |TAMS 0x0000000715200000, 0x0000000715200000| Untracked 
|  92|0x0000000715400000, 0x0000000715400000, 0x0000000715600000|  0%| F|  |TAMS 0x0000000715400000, 0x0000000715400000| Untracked 
|  93|0x0000000715600000, 0x0000000715600000, 0x0000000715800000|  0%| F|  |TAMS 0x0000000715600000, 0x0000000715600000| Untracked 
|  94|0x0000000715800000, 0x0000000715800000, 0x0000000715a00000|  0%| F|  |TAMS 0x0000000715800000, 0x0000000715800000| Untracked 
|  95|0x0000000715a00000, 0x0000000715a00000, 0x0000000715c00000|  0%| F|  |TAMS 0x0000000715a00000, 0x0000000715a00000| Untracked 
|  96|0x0000000715c00000, 0x0000000715c00000, 0x0000000715e00000|  0%| F|  |TAMS 0x0000000715c00000, 0x0000000715c00000| Untracked 
|  97|0x0000000715e00000, 0x0000000715e00000, 0x0000000716000000|  0%| F|  |TAMS 0x0000000715e00000, 0x0000000715e00000| Untracked 
|  98|0x0000000716000000, 0x0000000716000000, 0x0000000716200000|  0%| F|  |TAMS 0x0000000716000000, 0x0000000716000000| Untracked 
|  99|0x0000000716200000, 0x0000000716200000, 0x0000000716400000|  0%| F|  |TAMS 0x0000000716200000, 0x0000000716200000| Untracked 
| 100|0x0000000716400000, 0x0000000716400000, 0x0000000716600000|  0%| F|  |TAMS 0x0000000716400000, 0x0000000716400000| Untracked 
| 101|0x0000000716600000, 0x0000000716600000, 0x0000000716800000|  0%| F|  |TAMS 0x0000000716600000, 0x0000000716600000| Untracked 
| 102|0x0000000716800000, 0x0000000716800000, 0x0000000716a00000|  0%| F|  |TAMS 0x0000000716800000, 0x0000000716800000| Untracked 
| 103|0x0000000716a00000, 0x0000000716a00000, 0x0000000716c00000|  0%| F|  |TAMS 0x0000000716a00000, 0x0000000716a00000| Untracked 
| 104|0x0000000716c00000, 0x0000000716c00000, 0x0000000716e00000|  0%| F|  |TAMS 0x0000000716c00000, 0x0000000716c00000| Untracked 
| 105|0x0000000716e00000, 0x0000000716e00000, 0x0000000717000000|  0%| F|  |TAMS 0x0000000716e00000, 0x0000000716e00000| Untracked 
| 106|0x0000000717000000, 0x0000000717059c28, 0x0000000717200000| 17%| E|  |TAMS 0x0000000717000000, 0x0000000717000000| Complete 
| 107|0x0000000717200000, 0x0000000717400000, 0x0000000717400000|100%| E|CS|TAMS 0x0000000717200000, 0x0000000717200000| Complete 
| 108|0x0000000717400000, 0x0000000717600000, 0x0000000717600000|100%| E|CS|TAMS 0x0000000717400000, 0x0000000717400000| Complete 
| 109|0x0000000717600000, 0x0000000717800000, 0x0000000717800000|100%| E|CS|TAMS 0x0000000717600000, 0x0000000717600000| Complete 
| 110|0x0000000717800000, 0x000000071799c9e0, 0x0000000717a00000| 80%| S|CS|TAMS 0x0000000717800000, 0x0000000717800000| Complete 
| 111|0x0000000717a00000, 0x0000000717c00000, 0x0000000717c00000|100%| E|CS|TAMS 0x0000000717a00000, 0x0000000717a00000| Complete 
| 112|0x0000000717c00000, 0x0000000717e00000, 0x0000000717e00000|100%| E|CS|TAMS 0x0000000717c00000, 0x0000000717c00000| Complete 
| 113|0x0000000717e00000, 0x0000000718000000, 0x0000000718000000|100%| E|CS|TAMS 0x0000000717e00000, 0x0000000717e00000| Complete 
| 114|0x0000000718000000, 0x0000000718200000, 0x0000000718200000|100%| E|CS|TAMS 0x0000000718000000, 0x0000000718000000| Complete 
| 115|0x0000000718200000, 0x0000000718400000, 0x0000000718400000|100%| E|CS|TAMS 0x0000000718200000, 0x0000000718200000| Complete 
| 116|0x0000000718400000, 0x0000000718600000, 0x0000000718600000|100%| E|CS|TAMS 0x0000000718400000, 0x0000000718400000| Complete 
| 117|0x0000000718600000, 0x0000000718800000, 0x0000000718800000|100%| E|CS|TAMS 0x0000000718600000, 0x0000000718600000| Complete 
| 118|0x0000000718800000, 0x0000000718a00000, 0x0000000718a00000|100%| E|CS|TAMS 0x0000000718800000, 0x0000000718800000| Complete 
| 119|0x0000000718a00000, 0x0000000718c00000, 0x0000000718c00000|100%| E|CS|TAMS 0x0000000718a00000, 0x0000000718a00000| Complete 
| 120|0x0000000718c00000, 0x0000000718e00000, 0x0000000718e00000|100%| E|CS|TAMS 0x0000000718c00000, 0x0000000718c00000| Complete 
| 121|0x0000000718e00000, 0x0000000719000000, 0x0000000719000000|100%| E|CS|TAMS 0x0000000718e00000, 0x0000000718e00000| Complete 
| 122|0x0000000719000000, 0x0000000719200000, 0x0000000719200000|100%| E|CS|TAMS 0x0000000719000000, 0x0000000719000000| Complete 
| 123|0x0000000719200000, 0x0000000719400000, 0x0000000719400000|100%| E|CS|TAMS 0x0000000719200000, 0x0000000719200000| Complete 

Card table byte_map: [0x000001af3cd00000,0x000001af3d4c0000] _byte_map_base: 0x000001af394b2000

Marking Bits (Prev, Next): (CMBitMap*) 0x000001af25488770, (CMBitMap*) 0x000001af254887b0
 Prev Bits: [0x000001af3dc80000, 0x000001af41a10000)
 Next Bits: [0x000001af41a10000, 0x000001af457a0000)

Polling page: 0x000001af231b0000

Metaspace:

Usage:
  Non-class:     16.07 MB used.
      Class:      2.24 MB used.
       Both:     18.31 MB used.

Virtual space:
  Non-class space:       64.00 MB reserved,      16.25 MB ( 25%) committed,  1 nodes.
      Class space:        1.00 GB reserved,       2.38 MB ( <1%) committed,  1 nodes.
             Both:        1.06 GB reserved,      18.62 MB (  2%) committed. 

Chunk freelists:
   Non-Class:  15.81 MB
       Class:  13.64 MB
        Both:  29.45 MB

MaxMetaspaceSize: unlimited
CompressedClassSpaceSize: 1.00 GB
Initial GC threshold: 21.00 MB
Current GC threshold: 21.00 MB
CDS: on
MetaspaceReclaimPolicy: balanced
 - commit_granule_bytes: 65536.
 - commit_granule_words: 8192.
 - virtual_space_node_default_size: 8388608.
 - enlarge_chunks_in_place: 1.
 - new_chunks_are_fully_committed: 0.
 - uncommit_free_chunks: 1.
 - use_allocation_guard: 0.
 - handle_deallocations: 1.


Internal statistics:

num_allocs_failed_limit: 0.
num_arena_births: 308.
num_arena_deaths: 0.
num_vsnodes_births: 2.
num_vsnodes_deaths: 0.
num_space_committed: 298.
num_space_uncommitted: 0.
num_chunks_returned_to_freelist: 0.
num_chunks_taken_from_freelist: 820.
num_chunk_merges: 0.
num_chunk_splits: 555.
num_chunks_enlarged: 407.
num_inconsistent_stats: 0.

CodeHeap 'non-profiled nmethods': size=119168Kb used=969Kb max_used=969Kb free=118198Kb
 bounds [0x000001af34860000, 0x000001af34ad0000, 0x000001af3bcc0000]
CodeHeap 'profiled nmethods': size=119104Kb used=5041Kb max_used=5041Kb free=114063Kb
 bounds [0x000001af2ccc0000, 0x000001af2d1b0000, 0x000001af34110000]
CodeHeap 'non-nmethods': size=7488Kb used=2339Kb max_used=2932Kb free=5148Kb
 bounds [0x000001af34110000, 0x000001af343f0000, 0x000001af34860000]
 total_blobs=3026 nmethods=2511 adapters=425
 compilation: enabled
              stopped_count=0, restarted_count=0
 full_count=0

Compilation events (20 events):
Event: 1.083 Thread 0x000001af4892ba00 2428       4       java.lang.StringLatin1::indexOf (25 bytes)
Event: 1.083 Thread 0x000001af4892ba00 nmethod 2428 0x000001af34942490 code [0x000001af34942600, 0x000001af34942818]
Event: 1.086 Thread 0x000001af4892ba00 2429   !   4       java.net.URL::<init> (543 bytes)
Event: 1.088 Thread 0x000001af487990c0 nmethod 2417 0x000001af34942910 code [0x000001af34942ae0, 0x000001af349440e8]
Event: 1.088 Thread 0x000001af487990c0 2430       4       java.net.URLStreamHandler::setURL (73 bytes)
Event: 1.092 Thread 0x000001af4890af10 2431       3       sun.invoke.util.VerifyAccess::isModuleAccessible (97 bytes)
Event: 1.093 Thread 0x000001af4890af10 nmethod 2431 0x000001af2d182d10 code [0x000001af2d182fe0, 0x000001af2d183ce8]
Event: 1.095 Thread 0x000001af4890af10 2432       3       java.lang.invoke.MemberName::equals (69 bytes)
Event: 1.095 Thread 0x000001af4890af10 nmethod 2432 0x000001af2d184190 code [0x000001af2d184420, 0x000001af2d185158]
Event: 1.099 Thread 0x000001af487990c0 nmethod 2430 0x000001af34944890 code [0x000001af34944a40, 0x000001af349455e8]
Event: 1.100 Thread 0x000001af487990c0 2433   !   4       java.util.WeakHashMap::expungeStaleEntries (139 bytes)
Event: 1.102 Thread 0x000001af4890af10 2435       3       java.lang.StringBuilder::append (8 bytes)
Event: 1.102 Thread 0x000001af4890af10 nmethod 2435 0x000001af2d185490 code [0x000001af2d185620, 0x000001af2d185768]
Event: 1.103 Thread 0x000001af488d39d0 2436       3       java.lang.Class::getGenericInfo (52 bytes)
Event: 1.103 Thread 0x000001af488d5f00 2437       3       org.springframework.core.ResolvableType::asVariableResolver (18 bytes)
Event: 1.103 Thread 0x000001af4890af10 2438       3       org.springframework.core.ResolvableType$DefaultVariableResolver::<init> (10 bytes)
Event: 1.103 Thread 0x000001af4890af10 nmethod 2438 0x000001af2d185810 code [0x000001af2d1859a0, 0x000001af2d185b58]
Event: 1.103 Thread 0x000001af488d5f00 nmethod 2437 0x000001af2d185c10 code [0x000001af2d185dc0, 0x000001af2d1860b8]
Event: 1.647 Thread 0x000001af488d5f00 2439  s    3       java.io.BufferedOutputStream::write (67 bytes)
Event: 1.647 Thread 0x000001af488d5f00 nmethod 2439 0x000001af2d186190 code [0x000001af2d1863a0, 0x000001af2d186b18]

GC Heap History (4 events):
Event: 0.502 GC heap before
{Heap before GC invocations=0 (full 0):
 garbage-first heap   total 253952K, used 20480K [0x0000000709c00000, 0x0000000800000000)
  region size 2048K, 11 young (22528K), 0 survivors (0K)
 Metaspace       used 7436K, committed 7616K, reserved 1114112K
  class space    used 846K, committed 896K, reserved 1048576K
}
Event: 0.505 GC heap after
{Heap after GC invocations=1 (full 0):
 garbage-first heap   total 253952K, used 7707K [0x0000000709c00000, 0x0000000800000000)
  region size 2048K, 2 young (4096K), 2 survivors (4096K)
 Metaspace       used 7436K, committed 7616K, reserved 1114112K
  class space    used 846K, committed 896K, reserved 1048576K
}
Event: 0.832 GC heap before
{Heap before GC invocations=1 (full 0):
 garbage-first heap   total 253952K, used 30235K [0x0000000709c00000, 0x0000000800000000)
  region size 2048K, 13 young (26624K), 2 survivors (4096K)
 Metaspace       used 11621K, committed 11904K, reserved 1114112K
  class space    used 1397K, committed 1536K, reserved 1048576K
}
Event: 0.835 GC heap after
{Heap after GC invocations=2 (full 0):
 garbage-first heap   total 253952K, used 9172K [0x0000000709c00000, 0x0000000800000000)
  region size 2048K, 1 young (2048K), 1 survivors (2048K)
 Metaspace       used 11621K, committed 11904K, reserved 1114112K
  class space    used 1397K, committed 1536K, reserved 1048576K
}

Deoptimization events (20 events):
Event: 0.998 Thread 0x000001af8f299da0 Uncommon trap: trap_request=0xffffff45 fr.pc=0x000001af348922c8 relative=0x0000000000000048
Event: 0.998 Thread 0x000001af8f299da0 Uncommon trap: reason=unstable_if action=reinterpret pc=0x000001af348922c8 method=java.lang.CharacterData.of(I)Ljava/lang/CharacterData; @ 4 c2
Event: 0.998 Thread 0x000001af8f299da0 DEOPT PACKING pc=0x000001af348922c8 sp=0x00000050dc7fd640
Event: 0.998 Thread 0x000001af8f299da0 DEOPT UNPACKING pc=0x000001af341623a3 sp=0x00000050dc7fd5d8 mode 2
Event: 1.008 Thread 0x000001af8ed99230 Uncommon trap: trap_request=0xffffff45 fr.pc=0x000001af348c84fc relative=0x00000000000002dc
Event: 1.008 Thread 0x000001af8ed99230 Uncommon trap: reason=unstable_if action=reinterpret pc=0x000001af348c84fc method=jdk.internal.org.objectweb.asm.SymbolTable.put(Ljdk/internal/org/objectweb/asm/SymbolTable$Entry;)Ljdk/internal/org/objectweb/asm/SymbolTable$Entry; @ 13 c2
Event: 1.008 Thread 0x000001af8ed99230 DEOPT PACKING pc=0x000001af348c84fc sp=0x00000050dc0fc920
Event: 1.008 Thread 0x000001af8ed99230 DEOPT UNPACKING pc=0x000001af341623a3 sp=0x00000050dc0fc8a0 mode 2
Event: 1.061 Thread 0x000001af8ed99230 Uncommon trap: trap_request=0xffffffde fr.pc=0x000001af34919ecc relative=0x000000000000048c
Event: 1.061 Thread 0x000001af8ed99230 Uncommon trap: reason=class_check action=maybe_recompile pc=0x000001af34919ecc method=java.util.AbstractCollection.toArray([Ljava/lang/Object;)[Ljava/lang/Object; @ 26 c2
Event: 1.061 Thread 0x000001af8ed99230 DEOPT PACKING pc=0x000001af34919ecc sp=0x00000050dc0fdfd0
Event: 1.061 Thread 0x000001af8ed99230 DEOPT UNPACKING pc=0x000001af341623a3 sp=0x00000050dc0fdfa0 mode 2
Event: 1.101 Thread 0x000001af8ed99230 Uncommon trap: trap_request=0xffffffde fr.pc=0x000001af34919ecc relative=0x000000000000048c
Event: 1.101 Thread 0x000001af8ed99230 Uncommon trap: reason=class_check action=maybe_recompile pc=0x000001af34919ecc method=java.util.AbstractCollection.toArray([Ljava/lang/Object;)[Ljava/lang/Object; @ 26 c2
Event: 1.101 Thread 0x000001af8ed99230 DEOPT PACKING pc=0x000001af34919ecc sp=0x00000050dc0fd9a0
Event: 1.101 Thread 0x000001af8ed99230 DEOPT UNPACKING pc=0x000001af341623a3 sp=0x00000050dc0fd970 mode 2
Event: 1.103 Thread 0x000001af8ed99230 Uncommon trap: trap_request=0xffffffde fr.pc=0x000001af34919ecc relative=0x000000000000048c
Event: 1.103 Thread 0x000001af8ed99230 Uncommon trap: reason=class_check action=maybe_recompile pc=0x000001af34919ecc method=java.util.AbstractCollection.toArray([Ljava/lang/Object;)[Ljava/lang/Object; @ 26 c2
Event: 1.103 Thread 0x000001af8ed99230 DEOPT PACKING pc=0x000001af34919ecc sp=0x00000050dc0fd8e0
Event: 2.116 Thread 0x000001af8ed99230 DEOPT UNPACKING pc=0x000001af341623a3 sp=0x00000050dc0fd8b0 mode 2

Classes unloaded (0 events):
No events

Classes redefined (0 events):
No events

Internal exceptions (20 events):
Event: 0.753 Thread 0x000001af8ed99230 Exception <a 'java/lang/NoSuchMethodError'{0x00000007183219d0}: 'java.lang.Object java.lang.invoke.Invokers$Holder.invokeExact_MT(java.lang.Object, java.lang.Object, java.lang.Object, java.lang.Object, java.lang.Object, java.lang.Object)'> (0x00000007183219d0) 
thrown [s\open\src\hotspot\share\interpreter\linkResolver.cpp, line 759]
Event: 0.758 Thread 0x000001af8ed99230 Exception <a 'java/lang/NoSuchMethodError'{0x000000071837a860}: 'java.lang.Object java.lang.invoke.DirectMethodHandle$Holder.invokeSpecial(java.lang.Object, java.lang.Object, java.lang.Object, java.lang.Object, java.lang.Object, java.lang.Object, int)'> (0x000000071837a860) 
thrown [s\open\src\hotspot\share\interpreter\linkResolver.cpp, line 759]
Event: 0.759 Thread 0x000001af8ed99230 Exception <a 'java/lang/NoSuchMethodError'{0x0000000718384dc8}: 'java.lang.Object java.lang.invoke.DirectMethodHandle$Holder.newInvokeSpecial(java.lang.Object, java.lang.Object, java.lang.Object, java.lang.Object, java.lang.Object, java.lang.Object, int)'> (0x0000000718384dc8) 
thrown [s\open\src\hotspot\share\interpreter\linkResolver.cpp, line 759]
Event: 0.759 Thread 0x000001af8ed99230 Exception <a 'java/lang/NoSuchMethodError'{0x000000071838a140}: 'java.lang.Object java.lang.invoke.DirectMethodHandle$Holder.invokeSpecial(java.lang.Object, java.lang.Object, java.lang.Object, java.lang.Object, java.lang.Object, java.lang.Object, java.lang.Object, int)'> (0x000000071838a140) 
thrown [s\open\src\hotspot\share\interpreter\linkResolver.cpp, line 759]
Event: 0.785 Thread 0x000001af8ed99230 Exception <a 'java/lang/NoSuchMethodError'{0x000000071813d328}: 'int java.lang.invoke.DirectMethodHandle$Holder.invokeVirtual(java.lang.Object, java.lang.Object)'> (0x000000071813d328) 
thrown [s\open\src\hotspot\share\interpreter\linkResolver.cpp, line 759]
Event: 0.795 Thread 0x000001af8ed99230 Exception <a 'java/lang/NoSuchMethodError'{0x00000007181de790}: 'java.lang.Object java.lang.invoke.DirectMethodHandle$Holder.invokeSpecial(java.lang.Object, java.lang.Object, java.lang.Object, int, java.lang.Object)'> (0x00000007181de790) 
thrown [s\open\src\hotspot\share\interpreter\linkResolver.cpp, line 759]
Event: 0.795 Thread 0x000001af8ed99230 Exception <a 'java/lang/NoSuchMethodError'{0x00000007181e6cf8}: 'java.lang.Object java.lang.invoke.DirectMethodHandle$Holder.newInvokeSpecial(java.lang.Object, java.lang.Object, java.lang.Object, int, java.lang.Object)'> (0x00000007181e6cf8) 
thrown [s\open\src\hotspot\share\interpreter\linkResolver.cpp, line 759]
Event: 0.796 Thread 0x000001af8ed99230 Exception <a 'java/lang/NoSuchMethodError'{0x00000007181ee6c8}: 'java.lang.Object java.lang.invoke.Invokers$Holder.linkToTargetMethod(java.lang.Object, java.lang.Object, int, java.lang.Object, java.lang.Object)'> (0x00000007181ee6c8) 
thrown [s\open\src\hotspot\share\interpreter\linkResolver.cpp, line 759]
Event: 0.796 Thread 0x000001af8ed99230 Exception <a 'java/lang/NoSuchMethodError'{0x00000007181fdad8}: 'java.lang.Object java.lang.invoke.DirectMethodHandle$Holder.newInvokeSpecial(java.lang.Object, int, java.lang.Object)'> (0x00000007181fdad8) 
thrown [s\open\src\hotspot\share\interpreter\linkResolver.cpp, line 759]
Event: 0.797 Thread 0x000001af8ed99230 Exception <a 'java/lang/NoSuchMethodError'{0x0000000717e01f50}: 'int java.lang.invoke.DirectMethodHandle$Holder.invokeSpecialIFC(java.lang.Object, java.lang.Object, java.lang.Object, java.lang.Object)'> (0x0000000717e01f50) 
thrown [s\open\src\hotspot\share\interpreter\linkResolver.cpp, line 759]
Event: 0.809 Thread 0x000001af8ed99230 Exception <a 'java/lang/NoSuchMethodError'{0x0000000717ef58d0}: 'void java.lang.invoke.DirectMethodHandle$Holder.invokeInterface(java.lang.Object, java.lang.Object, java.lang.Object)'> (0x0000000717ef58d0) 
thrown [s\open\src\hotspot\share\interpreter\linkResolver.cpp, line 759]
Event: 0.825 Thread 0x000001af8ed99230 Exception <a 'java/lang/NoSuchMethodError'{0x0000000717fb1210}: 'void java.lang.invoke.DirectMethodHandle$Holder.invokeStaticInit(java.lang.Object, java.lang.Object, java.lang.Object)'> (0x0000000717fb1210) 
thrown [s\open\src\hotspot\share\interpreter\linkResolver.cpp, line 759]
Event: 0.832 Thread 0x000001af8ed99230 Exception <a 'java/lang/NoSuchMethodError'{0x0000000717ff7df8}: 'java.lang.Object java.lang.invoke.DirectMethodHandle$Holder.invokeStatic(java.lang.Object, java.lang.Object, long, java.lang.Object)'> (0x0000000717ff7df8) 
thrown [s\open\src\hotspot\share\interpreter\linkResolver.cpp, line 759]
Event: 0.832 Thread 0x000001af8ed99230 Exception <a 'java/lang/NoSuchMethodError'{0x0000000717ffb890}: 'java.lang.Object java.lang.invoke.DirectMethodHandle$Holder.invokeStaticInit(java.lang.Object, java.lang.Object, long, java.lang.Object)'> (0x0000000717ffb890) 
thrown [s\open\src\hotspot\share\interpreter\linkResolver.cpp, line 759]
Event: 0.836 Thread 0x000001af8ed99230 Exception <a 'java/lang/NoSuchMethodError'{0x0000000719202660}: 'java.lang.Object java.lang.invoke.DirectMethodHandle$Holder.newInvokeSpecial(java.lang.Object, java.lang.Object, long)'> (0x0000000719202660) 
thrown [s\open\src\hotspot\share\interpreter\linkResolver.cpp, line 759]
Event: 0.846 Thread 0x000001af8ed99230 Exception <a 'java/lang/NoSuchMethodError'{0x000000071925b400}: 'void java.lang.invoke.DirectMethodHandle$Holder.invokeSpecial(java.lang.Object, java.lang.Object, java.lang.Object, java.lang.Object, java.lang.Object)'> (0x000000071925b400) 
thrown [s\open\src\hotspot\share\interpreter\linkResolver.cpp, line 759]
Event: 0.847 Thread 0x000001af8ed99230 Exception <a 'java/lang/NoSuchMethodError'{0x0000000719263a18}: 'void java.lang.invoke.DirectMethodHandle$Holder.invokeVirtual(java.lang.Object, java.lang.Object, java.lang.Object, java.lang.Object)'> (0x0000000719263a18) 
thrown [s\open\src\hotspot\share\interpreter\linkResolver.cpp, line 759]
Event: 0.878 Thread 0x000001af8ed99230 Exception <a 'java/lang/NoSuchMethodError'{0x000000071915f300}: 'void java.lang.invoke.DirectMethodHandle$Holder.invokeSpecial(java.lang.Object, java.lang.Object, java.lang.Object)'> (0x000000071915f300) 
thrown [s\open\src\hotspot\share\interpreter\linkResolver.cpp, line 759]
Event: 0.882 Thread 0x000001af8f299da0 Exception <a 'java/lang/NoClassDefFoundError'{0x000000071919fb98}: jakarta/validation/Validation> (0x000000071919fb98) 
thrown [s\open\src\hotspot\share\classfile\systemDictionary.cpp, line 245]
Event: 0.883 Thread 0x000001af8ed99230 Exception <a 'java/lang/IncompatibleClassChangeError'{0x00000007191ba580}: Found class java.lang.Object, but interface was expected> (0x00000007191ba580) 
thrown [s\open\src\hotspot\share\interpreter\linkResolver.cpp, line 826]

VM Operations (20 events):
Event: 0.505 Executing VM operation: G1CollectForAllocation done
Event: 0.624 Executing VM operation: HandshakeAllThreads
Event: 0.624 Executing VM operation: HandshakeAllThreads done
Event: 0.635 Executing VM operation: HandshakeAllThreads
Event: 0.635 Executing VM operation: HandshakeAllThreads done
Event: 0.783 Executing VM operation: HandshakeAllThreads
Event: 0.783 Executing VM operation: HandshakeAllThreads done
Event: 0.790 Executing VM operation: ICBufferFull
Event: 0.790 Executing VM operation: ICBufferFull done
Event: 0.832 Executing VM operation: G1CollectForAllocation
Event: 0.835 Executing VM operation: G1CollectForAllocation done
Event: 0.876 Executing VM operation: HandshakeAllThreads
Event: 0.876 Executing VM operation: HandshakeAllThreads done
Event: 0.876 Executing VM operation: HandshakeAllThreads
Event: 0.876 Executing VM operation: HandshakeAllThreads done
Event: 0.998 Executing VM operation: HandshakeAllThreads
Event: 0.998 Executing VM operation: HandshakeAllThreads done
Event: 1.064 Executing VM operation: HandshakeAllThreads
Event: 1.064 Executing VM operation: HandshakeAllThreads done
Event: 2.069 Executing VM operation: Cleanup

Events (20 events):
Event: 1.096 loading class java/beans/IntrospectionException done
Event: 1.096 loading class java/beans/PropertyDescriptor
Event: 1.097 loading class java/beans/FeatureDescriptor
Event: 1.097 loading class java/beans/FeatureDescriptor done
Event: 1.097 loading class java/beans/PropertyDescriptor done
Event: 1.098 loading class java/beans/BeanInfo
Event: 1.098 loading class java/beans/BeanInfo done
Event: 1.100 loading class java/beans/MethodRef
Event: 1.100 loading class java/beans/MethodRef done
Event: 1.101 loading class java/beans/SimpleBeanInfo
Event: 1.101 loading class java/beans/SimpleBeanInfo done
Event: 1.102 loading class com/sun/beans/TypeResolver
Event: 1.102 loading class com/sun/beans/TypeResolver done
Event: 1.102 loading class com/sun/beans/WeakCache
Event: 1.102 loading class com/sun/beans/WeakCache done
Event: 1.103 loading class com/sun/beans/WildcardTypeImpl
Event: 1.103 loading class com/sun/beans/WildcardTypeImpl done
Event: 1.103 loading class java/util/AbstractList$ListItr
Event: 1.103 loading class java/util/AbstractList$ListItr done
Event: 1.647 Thread 0x000001af4890af10 Thread exited: 0x000001af4890af10


Dynamic libraries:
0x00007ff629e00000 - 0x00007ff629e10000 	C:\Program Files\Java\jdk-17\bin\java.exe
0x00007ffdf3020000 - 0x00007ffdf3283000 	C:\WINDOWS\SYSTEM32\ntdll.dll
0x00007ffdf1ec0000 - 0x00007ffdf1f87000 	C:\WINDOWS\System32\KERNEL32.DLL
0x00007ffdf07e0000 - 0x00007ffdf0ba7000 	C:\WINDOWS\System32\KERNELBASE.dll
0x00007ffdf0be0000 - 0x00007ffdf0d2c000 	C:\WINDOWS\System32\ucrtbase.dll
0x00007ffdccec0000 - 0x00007ffdccedb000 	C:\Program Files\Java\jdk-17\bin\VCRUNTIME140.dll
0x00007ffddf7a0000 - 0x00007ffddf7b9000 	C:\Program Files\Java\jdk-17\bin\jli.dll
0x00007ffdf1bc0000 - 0x00007ffdf1c74000 	C:\WINDOWS\System32\ADVAPI32.dll
0x00007ffdf2f10000 - 0x00007ffdf2fb9000 	C:\WINDOWS\System32\msvcrt.dll
0x00007ffdf2740000 - 0x00007ffdf27e6000 	C:\WINDOWS\System32\sechost.dll
0x00007ffdf0e60000 - 0x00007ffdf0f76000 	C:\WINDOWS\System32\RPCRT4.dll
0x00007ffdf28b0000 - 0x00007ffdf2a79000 	C:\WINDOWS\System32\USER32.dll
0x00007ffddc510000 - 0x00007ffddc7a0000 	C:\WINDOWS\WinSxS\amd64_microsoft.windows.common-controls_6595b64144ccf1df_6.0.26100.3037_none_3e09262ce333c378\COMCTL32.dll
0x00007ffdf0bb0000 - 0x00007ffdf0bd7000 	C:\WINDOWS\System32\win32u.dll
0x00007ffdf27f0000 - 0x00007ffdf281a000 	C:\WINDOWS\System32\GDI32.dll
0x00007ffdf0530000 - 0x00007ffdf065b000 	C:\WINDOWS\System32\gdi32full.dll
0x00007ffdf03c0000 - 0x00007ffdf0463000 	C:\WINDOWS\System32\msvcp_win.dll
0x00007ffdea3c0000 - 0x00007ffdea3cb000 	C:\WINDOWS\SYSTEM32\VERSION.dll
0x00007ffdf16e0000 - 0x00007ffdf170f000 	C:\WINDOWS\System32\IMM32.DLL
0x00007ffde3bd0000 - 0x00007ffde3bdc000 	C:\Program Files\Java\jdk-17\bin\vcruntime140_1.dll
0x00007ffdccda0000 - 0x00007ffdcce2e000 	C:\Program Files\Java\jdk-17\bin\msvcp140.dll
0x00007ffd82640000 - 0x00007ffd83220000 	C:\Program Files\Java\jdk-17\bin\server\jvm.dll
0x00007ffdf16d0000 - 0x00007ffdf16d8000 	C:\WINDOWS\System32\PSAPI.DLL
0x00007ffde5b40000 - 0x00007ffde5b4a000 	C:\WINDOWS\SYSTEM32\WSOCK32.dll
0x00007ffdf1f90000 - 0x00007ffdf2004000 	C:\WINDOWS\System32\WS2_32.dll
0x00007ffdea380000 - 0x00007ffdea3b6000 	C:\WINDOWS\SYSTEM32\WINMM.dll
0x00007ffdef1f0000 - 0x00007ffdef20a000 	C:\WINDOWS\SYSTEM32\kernel.appcore.dll
0x00007ffde3b80000 - 0x00007ffde3b8a000 	C:\Program Files\Java\jdk-17\bin\jimage.dll
0x00007ffde4f90000 - 0x00007ffde51d1000 	C:\WINDOWS\SYSTEM32\DBGHELP.DLL
0x00007ffdf2260000 - 0x00007ffdf25de000 	C:\WINDOWS\System32\combase.dll
0x00007ffdf18f0000 - 0x00007ffdf19c6000 	C:\WINDOWS\System32\OLEAUT32.dll
0x00007ffdd77f0000 - 0x00007ffdd7829000 	C:\WINDOWS\SYSTEM32\dbgcore.DLL
0x00007ffdf0d30000 - 0x00007ffdf0dc9000 	C:\WINDOWS\System32\bcryptPrimitives.dll
0x00007ffdcce90000 - 0x00007ffdcceb5000 	C:\Program Files\Java\jdk-17\bin\java.dll
0x00007ffd94c10000 - 0x00007ffd94ce7000 	C:\Program Files\Java\jdk-17\bin\jsvml.dll
0x00007ffdf0f90000 - 0x00007ffdf1694000 	C:\WINDOWS\System32\SHELL32.dll
0x00007ffdee090000 - 0x00007ffdee8c7000 	C:\WINDOWS\SYSTEM32\windows.storage.dll
0x00007ffdf2650000 - 0x00007ffdf2739000 	C:\WINDOWS\System32\SHCORE.dll
0x00007ffdf21f0000 - 0x00007ffdf224d000 	C:\WINDOWS\System32\shlwapi.dll
0x00007ffdf02d0000 - 0x00007ffdf02fe000 	C:\WINDOWS\SYSTEM32\profapi.dll
0x00007ffdccd80000 - 0x00007ffdccd99000 	C:\Program Files\Java\jdk-17\bin\net.dll
0x00007ffde79d0000 - 0x00007ffde7aee000 	C:\WINDOWS\SYSTEM32\WINHTTP.dll
0x00007ffdef700000 - 0x00007ffdef76a000 	C:\WINDOWS\system32\mswsock.dll
0x00007ffdccd60000 - 0x00007ffdccd76000 	C:\Program Files\Java\jdk-17\bin\nio.dll
0x00007ffdccd40000 - 0x00007ffdccd58000 	C:\Program Files\Java\jdk-17\bin\zip.dll
0x00007ffddd430000 - 0x00007ffddd43a000 	C:\Program Files\Java\jdk-17\bin\management.dll
0x00007ffddbcc0000 - 0x00007ffddbccb000 	C:\Program Files\Java\jdk-17\bin\management_ext.dll
0x00007ffdd1780000 - 0x00007ffdd1798000 	C:\WINDOWS\system32\napinsp.dll
0x00007ffdeece0000 - 0x00007ffdeee05000 	C:\WINDOWS\SYSTEM32\DNSAPI.dll
0x00007ffdeec40000 - 0x00007ffdeec72000 	C:\WINDOWS\SYSTEM32\IPHLPAPI.DLL
0x00007ffdf1e00000 - 0x00007ffdf1e0a000 	C:\WINDOWS\System32\NSI.dll
0x00007ffdd1760000 - 0x00007ffdd1772000 	C:\WINDOWS\System32\winrnr.dll
0x00007ffdd1730000 - 0x00007ffdd1752000 	C:\WINDOWS\system32\nlansp_c.dll
0x00007ffdd1710000 - 0x00007ffdd1726000 	C:\WINDOWS\system32\wshbth.dll
0x00007ffde7810000 - 0x00007ffde781b000 	C:\Windows\System32\rasadhlp.dll
0x00007ffdea7f0000 - 0x00007ffdea875000 	C:\WINDOWS\System32\fwpuclnt.dll
0x00007ffdef9a0000 - 0x00007ffdef9bc000 	C:\WINDOWS\SYSTEM32\CRYPTSP.dll
0x00007ffdef150000 - 0x00007ffdef188000 	C:\WINDOWS\system32\rsaenh.dll
0x00007ffdef7a0000 - 0x00007ffdef7cb000 	C:\WINDOWS\SYSTEM32\USERENV.dll
0x00007ffdefbe0000 - 0x00007ffdefc06000 	C:\WINDOWS\SYSTEM32\bcrypt.dll
0x00007ffdef9c0000 - 0x00007ffdef9cc000 	C:\WINDOWS\SYSTEM32\CRYPTBASE.dll
0x00007ffdea3d0000 - 0x00007ffdea3ef000 	C:\WINDOWS\SYSTEM32\dhcpcsvc6.DLL
0x00007ffdea350000 - 0x00007ffdea375000 	C:\WINDOWS\SYSTEM32\dhcpcsvc.DLL

dbghelp: loaded successfully - version: 4.0.5 - missing functions: none
symbol engine: initialized successfully - sym options: 0x614 - pdb path: .;C:\Program Files\Java\jdk-17\bin;C:\WINDOWS\SYSTEM32;C:\WINDOWS\WinSxS\amd64_microsoft.windows.common-controls_6595b64144ccf1df_6.0.26100.3037_none_3e09262ce333c378;C:\Program Files\Java\jdk-17\bin\server

VM Arguments:
jvm_args: -Dcom.sun.management.jmxremote -Dcom.sun.management.jmxremote.port=64758 -Dcom.sun.management.jmxremote.authenticate=false -Dcom.sun.management.jmxremote.ssl=false -Dspring.jmx.enabled=true -Djava.rmi.server.hostname=localhost -Dspring.application.admin.enabled=true -Dspring.boot.project.name=laptopshop -XX:+ShowCodeDetailsInExceptionMessages -Dmanagement.endpoints.jmx.exposure.include=* 
java_command: vn.hoidanit.laptopshop.LaptopshopApplication
java_class_path (initial): C:\Users\MSI\Downloads\Compressed\01-java-spring-laptopshop-starter-master\01-java-spring-laptopshop-starter-master\target\classes;C:\Users\MSI\.m2\repository\org\springframework\boot\spring-boot-starter-actuator\3.2.2\spring-boot-starter-actuator-3.2.2.jar;C:\Users\MSI\.m2\repository\org\springframework\boot\spring-boot-actuator-autoconfigure\3.2.2\spring-boot-actuator-autoconfigure-3.2.2.jar;C:\Users\MSI\.m2\repository\org\springframework\boot\spring-boot-actuator\3.2.2\spring-boot-actuator-3.2.2.jar;C:\Users\MSI\.m2\repository\com\fasterxml\jackson\core\jackson-databind\2.15.3\jackson-databind-2.15.3.jar;C:\Users\MSI\.m2\repository\com\fasterxml\jackson\core\jackson-annotations\2.15.3\jackson-annotations-2.15.3.jar;C:\Users\MSI\.m2\repository\com\fasterxml\jackson\core\jackson-core\2.15.3\jackson-core-2.15.3.jar;C:\Users\MSI\.m2\repository\com\fasterxml\jackson\datatype\jackson-datatype-jsr310\2.15.3\jackson-datatype-jsr310-2.15.3.jar;C:\Users\MSI\.m2\repository\io\micrometer\micrometer-observation\1.12.2\micrometer-observation-1.12.2.jar;C:\Users\MSI\.m2\repository\io\micrometer\micrometer-commons\1.12.2\micrometer-commons-1.12.2.jar;C:\Users\MSI\.m2\repository\io\micrometer\micrometer-jakarta9\1.12.2\micrometer-jakarta9-1.12.2.jar;C:\Users\MSI\.m2\repository\io\micrometer\micrometer-core\1.12.2\micrometer-core-1.12.2.jar;C:\Users\MSI\.m2\repository\org\hdrhistogram\HdrHistogram\2.1.12\HdrHistogram-2.1.12.jar;C:\Users\MSI\.m2\repository\org\latencyutils\LatencyUtils\2.0.3\LatencyUtils-2.0.3.jar;C:\Users\MSI\.m2\repository\org\springframework\boot\spring-boot-starter-web\3.2.2\spring-boot-starter-web-3.2.2.jar;C:\Users\MSI\.m2\repository\org\springframework\boot\spring-boot-starter-json\3.2.2\spring-boot-starter-json-3.2.2.jar;C:\Users\MSI\.m2\repository\com\fasterxml\jackson\datatype\jackson-datatype-jdk8\2.15.3\jackson-datatype-jdk8-2.15.3.jar;C:\Users\MSI\.m2\repository\com\fasterxml\jackson\module\jackson-module-parameter-names\2.
Launcher Type: SUN_STANDARD

[Global flags]
     intx CICompilerCount                          = 12                                        {product} {ergonomic}
     uint ConcGCThreads                            = 3                                         {product} {ergonomic}
     uint G1ConcRefinementThreads                  = 13                                        {product} {ergonomic}
   size_t G1HeapRegionSize                         = 2097152                                   {product} {ergonomic}
    uintx GCDrainStackTargetSize                   = 64                                        {product} {ergonomic}
   size_t InitialHeapSize                          = 260046848                                 {product} {ergonomic}
     bool ManagementServer                         = true                                      {product} {command line}
   size_t MarkStackSize                            = 4194304                                   {product} {ergonomic}
   size_t MaxHeapSize                              = 4131389440                                {product} {ergonomic}
   size_t MaxNewSize                               = 2478833664                                {product} {ergonomic}
   size_t MinHeapDeltaBytes                        = 2097152                                   {product} {ergonomic}
   size_t MinHeapSize                              = 8388608                                   {product} {ergonomic}
    uintx NonNMethodCodeHeapSize                   = 7602480                                {pd product} {ergonomic}
    uintx NonProfiledCodeHeapSize                  = 122027880                              {pd product} {ergonomic}
    uintx ProfiledCodeHeapSize                     = 122027880                              {pd product} {ergonomic}
    uintx ReservedCodeCacheSize                    = 251658240                              {pd product} {ergonomic}
     bool SegmentedCodeCache                       = true                                      {product} {ergonomic}
     bool ShowCodeDetailsInExceptionMessages       = true                                   {manageable} {command line}
   size_t SoftMaxHeapSize                          = 4131389440                             {manageable} {ergonomic}
     bool UseCompressedClassPointers               = true                           {product lp64_product} {ergonomic}
     bool UseCompressedOops                        = true                           {product lp64_product} {ergonomic}
     bool UseG1GC                                  = true                                      {product} {ergonomic}
     bool UseLargePagesIndividualAllocation        = false                                  {pd product} {ergonomic}

Logging:
Log output configuration:
 #0: stdout all=warning uptime,level,tags
 #1: stderr all=off uptime,level,tags

Environment Variables:
PATH=C:\Program Files\Microsoft MPI\Bin\;C:\WINDOWS\system32;C:\WINDOWS;C:\WINDOWS\System32\Wbem;C:\WINDOWS\System32\WindowsPowerShell\v1.0\;C:\WINDOWS\System32\OpenSSH\;C:\Program Files\nodejs\;C:\Program Files (x86)\Microsoft SQL Server\160\Tools\Binn\;C:\Program Files\Microsoft SQL Server\160\Tools\Binn\;C:\Program Files\Microsoft SQL Server\Client SDK\ODBC\170\Tools\Binn\;C:\Program Files\Microsoft SQL Server\160\DTS\Binn\;C:\Program Files (x86)\Microsoft SQL Server\160\DTS\Binn\;C:\Program Files\PowerShell\7\;C:\Program Files\Git LFS;C:\Program Files\Git\cmd;C:\Program Files\Java\jdk-17\bin;C:\Program Files\MySQL\MySQL Shell 8.0\bin\;C:\Users\MSI\AppData\Local\Programs\Python\Python313;C:\Users\MSI\AppData\Local\Microsoft\WindowsApps;C:\Users\MSI\AppData\Local\Programs\Microsoft VS Code\bin;C:\Users\MSI\AppData\Roaming\npm;C:\Program Files\JetBrains\IntelliJ IDEA 2024.3.1.1\bin;;C:\Program Files\Java\jdk-17\bin;
USERNAME=MSI
LANG=en_US.UTF-8
OS=Windows_NT
PROCESSOR_IDENTIFIER=AMD64 Family 25 Model 80 Stepping 0, AuthenticAMD



---------------  S Y S T E M  ---------------

OS:
 Windows 11 , 64 bit Build 26100 (10.0.26100.3037)
OS uptime: 1 days 3:18 hours
Hyper-V role detected

CPU: total 16 (initial active 16) (16 cores per cpu, 2 threads per core) family 25 model 80 stepping 0 microcode 0xa50000c, cx8, cmov, fxsr, ht, mmx, 3dnowpref, sse, sse2, sse3, ssse3, sse4a, sse4.1, sse4.2, popcnt, lzcnt, tsc, tscinvbit, avx, avx2, aes, erms, clmul, bmi1, bmi2, adx, sha, fma, vzeroupper, clflush, clflushopt, hv

Memory: 4k page, system-wide physical 15752M (6315M free)
TotalPageFile size 15752M (AvailPageFile size 6M)
current process WorkingSet (physical memory assigned to process): 140M, peak: 140M
current process commit charge ("private bytes"): 404M, peak: 404M

vm_info: Java HotSpot(TM) 64-Bit Server VM (17.0.11+7-LTS-207) for windows-amd64 JRE (17.0.11+7-LTS-207), built on Mar 11 2024 19:01:50 by "mach5one" with MS VC++ 17.6 (VS2022)

END.
