#
# There is insufficient memory for the Java Runtime Environment to continue.
# Native memory allocation (malloc) failed to allocate 312176 bytes for Chunk::new
# Possible reasons:
#   The system is out of physical RAM or swap space
#   The process is running with CompressedOops enabled, and the Java Heap may be blocking the growth of the native heap
# Possible solutions:
#   Reduce memory load on the system
#   Increase physical memory or swap space
#   Check if swap backing store is full
#   Decrease Java heap size (-Xmx/-Xms)
#   Decrease number of Java threads
#   Decrease Java thread stack sizes (-Xss)
#   Set larger code cache with -XX:ReservedCodeCacheSize=
#   JVM is running with Zero Based Compressed Oops mode in which the Java heap is
#     placed in the first 32GB address space. The Java Heap base address is the
#     maximum limit for the native heap growth. Please use -XX:HeapBaseMinAddress
#     to set the Java Heap base and to place the Java Heap above 32GB virtual address.
# This output file may be truncated or incomplete.
#
#  Out of Memory Error (arena.cpp:189), pid=7988, tid=2388
#
# JRE version: Java(TM) SE Runtime Environment (17.0.11+7) (build 17.0.11+7-LTS-207)
# Java VM: Java HotSpot(TM) 64-Bit Server VM (17.0.11+7-LTS-207, mixed mode, sharing, tiered, compressed oops, compressed class ptrs, g1 gc, windows-amd64)
# No core dump will be written. Minidumps are not enabled by default on client versions of Windows
#

---------------  S U M M A R Y ------------

Command Line: -Dcom.sun.management.jmxremote -Dcom.sun.management.jmxremote.port=59075 -Dcom.sun.management.jmxremote.authenticate=false -Dcom.sun.management.jmxremote.ssl=false -Dspring.jmx.enabled=true -Djava.rmi.server.hostname=localhost -Dspring.application.admin.enabled=true -Dspring.boot.project.name=laptopshop -XX:+ShowCodeDetailsInExceptionMessages -Dmanagement.endpoints.jmx.exposure.include=* vn.hoidanit.laptopshop.LaptopshopApplication

Host: AMD Ryzen 7 5800H with Radeon Graphics         , 16 cores, 15G,  Windows 11 , 64 bit Build 26100 (10.0.26100.3323)
Time: Sat Mar 22 16:22:34 2025 SE Asia Standard Time elapsed time: 142.182868 seconds (0d 0h 2m 22s)

---------------  T H R E A D  ---------------

Current thread (0x00000229740129c0):  JavaThread "C2 CompilerThread0" daemon [_thread_in_native, id=2388, stack(0x000000b4fe800000,0x000000b4fe900000)]


Current CompileTask:
C2: 142182 9654       4       org.springframework.core.ResolvableType::getGenerics (171 bytes)

Stack: [0x000000b4fe800000,0x000000b4fe900000]
Native frames: (J=compiled Java code, j=interpreted, Vv=VM code, C=native code)
V  [jvm.dll+0x679cca]
V  [jvm.dll+0x7da13d]
V  [jvm.dll+0x7dba83]
V  [jvm.dll+0x7dc0f3]
V  [jvm.dll+0x2449af]
V  [jvm.dll+0xab83b]
V  [jvm.dll+0xabe1c]
V  [jvm.dll+0x2a9e6f]
V  [jvm.dll+0x5818d9]
V  [jvm.dll+0x21ed62]
V  [jvm.dll+0x2178f4]
V  [jvm.dll+0x215505]
V  [jvm.dll+0x1a2040]
V  [jvm.dll+0x225a2b]
V  [jvm.dll+0x223bcb]
V  [jvm.dll+0x7903ec]
V  [jvm.dll+0x78a85a]
V  [jvm.dll+0x678bb5]
C  [ucrtbase.dll+0x37b0]
C  [KERNEL32.DLL+0x2e8d7]
C  [ntdll.dll+0xbbf6c]


---------------  P R O C E S S  ---------------

Threads class SMR info:
_java_thread_list=0x0000022974305360, length=38, elements={
0x000002292ebc5f20, 0x000002292ebc88f0, 0x000002297400d070, 0x000002297400da30,
0x000002297400e3f0, 0x000002297400ecc0, 0x00000229740129c0, 0x0000022974014f60,
0x000002297401fc90, 0x000002292ebb13c0, 0x00000229741fc480, 0x00000229747b62a0,
0x000002297481a800, 0x00000229748019f0, 0x000002297558a9d0, 0x000002297558b3f0,
0x0000022975589fb0, 0x00000229789fec10, 0x00000229789ffb40, 0x00000229789fe700,
0x0000022978a00a70, 0x00000229789fdce0, 0x00000229770bfb60, 0x00000229770c19c0,
0x00000229770c28f0, 0x00000229770c3820, 0x00000229770c0a90, 0x00000229770c0070,
0x00000229770c0fa0, 0x00000229770c1ed0, 0x00000229770c4750, 0x00000229770c3310,
0x00000229770c23e0, 0x00000229770c2e00, 0x00000229770c14b0, 0x00000229770c5b90,
0x00000229770c6ac0, 0x00000229770c60a0
}

Java Threads: ( => current thread )
  0x000002292ebc5f20 JavaThread "Reference Handler" daemon [_thread_blocked, id=16592, stack(0x000000b4fe200000,0x000000b4fe300000)]
  0x000002292ebc88f0 JavaThread "Finalizer" daemon [_thread_blocked, id=22808, stack(0x000000b4fe300000,0x000000b4fe400000)]
  0x000002297400d070 JavaThread "Signal Dispatcher" daemon [_thread_blocked, id=17056, stack(0x000000b4fe400000,0x000000b4fe500000)]
  0x000002297400da30 JavaThread "Attach Listener" daemon [_thread_blocked, id=19460, stack(0x000000b4fe500000,0x000000b4fe600000)]
  0x000002297400e3f0 JavaThread "Service Thread" daemon [_thread_blocked, id=20584, stack(0x000000b4fe600000,0x000000b4fe700000)]
  0x000002297400ecc0 JavaThread "Monitor Deflation Thread" daemon [_thread_blocked, id=10956, stack(0x000000b4fe700000,0x000000b4fe800000)]
=>0x00000229740129c0 JavaThread "C2 CompilerThread0" daemon [_thread_in_native, id=2388, stack(0x000000b4fe800000,0x000000b4fe900000)]
  0x0000022974014f60 JavaThread "C1 CompilerThread0" daemon [_thread_blocked, id=21416, stack(0x000000b4fe900000,0x000000b4fea00000)]
  0x000002297401fc90 JavaThread "Sweeper thread" daemon [_thread_blocked, id=21948, stack(0x000000b4fea00000,0x000000b4feb00000)]
  0x000002292ebb13c0 JavaThread "Common-Cleaner" daemon [_thread_blocked, id=19392, stack(0x000000b4feb00000,0x000000b4fec00000)]
  0x00000229741fc480 JavaThread "Notification Thread" daemon [_thread_blocked, id=17928, stack(0x000000b4ff000000,0x000000b4ff100000)]
  0x00000229747b62a0 JavaThread "RMI TCP Accept-0" daemon [_thread_in_native, id=13744, stack(0x000000b4ff100000,0x000000b4ff200000)]
  0x000002297481a800 JavaThread "RMI TCP Accept-59075" daemon [_thread_in_native, id=19932, stack(0x000000b4ff200000,0x000000b4ff300000)]
  0x00000229748019f0 JavaThread "RMI TCP Accept-0" daemon [_thread_in_native, id=9740, stack(0x000000b4ff300000,0x000000b4ff400000)]
  0x000002297558a9d0 JavaThread "RMI Scheduler(0)" daemon [_thread_blocked, id=4348, stack(0x000000b4ffe00000,0x000000b4fff00000)]
  0x000002297558b3f0 JavaThread "RMI TCP Connection(2)-127.0.0.1" daemon [_thread_in_native, id=2916, stack(0x000000b4fff00000,0x000000b500000000)]
  0x0000022975589fb0 JavaThread "JMX server connection timeout 33" daemon [_thread_blocked, id=16664, stack(0x000000b480100000,0x000000b480200000)]
  0x00000229789fec10 JavaThread "Catalina-utility-1" [_thread_blocked, id=23628, stack(0x000000b480f00000,0x000000b481000000)]
  0x00000229789ffb40 JavaThread "Catalina-utility-2" [_thread_blocked, id=21616, stack(0x000000b481000000,0x000000b481100000)]
  0x00000229789fe700 JavaThread "container-0" [_thread_blocked, id=22440, stack(0x000000b481100000,0x000000b481200000)]
  0x0000022978a00a70 JavaThread "mysql-cj-abandoned-connection-cleanup" daemon [_thread_blocked, id=20192, stack(0x000000b481200000,0x000000b481300000)]
  0x00000229789fdce0 JavaThread "HikariPool-1 housekeeper" daemon [_thread_blocked, id=19684, stack(0x000000b481300000,0x000000b481400000)]
  0x00000229770bfb60 JavaThread "File Watcher" daemon [_thread_blocked, id=21924, stack(0x000000b481600000,0x000000b481700000)]
  0x00000229770c19c0 JavaThread "Live Reload Server" daemon [_thread_in_native, id=13348, stack(0x000000b481800000,0x000000b481900000)]
  0x00000229770c28f0 JavaThread "http-nio-8080-exec-1" daemon [_thread_blocked, id=3192, stack(0x000000b481700000,0x000000b481800000)]
  0x00000229770c3820 JavaThread "http-nio-8080-exec-2" daemon [_thread_blocked, id=4748, stack(0x000000b481900000,0x000000b481a00000)]
  0x00000229770c0a90 JavaThread "http-nio-8080-exec-3" daemon [_thread_blocked, id=24372, stack(0x000000b481a00000,0x000000b481b00000)]
  0x00000229770c0070 JavaThread "http-nio-8080-exec-4" daemon [_thread_blocked, id=17040, stack(0x000000b481b00000,0x000000b481c00000)]
  0x00000229770c0fa0 JavaThread "http-nio-8080-exec-5" daemon [_thread_blocked, id=5816, stack(0x000000b481c00000,0x000000b481d00000)]
  0x00000229770c1ed0 JavaThread "http-nio-8080-exec-6" daemon [_thread_blocked, id=23720, stack(0x000000b481d00000,0x000000b481e00000)]
  0x00000229770c4750 JavaThread "http-nio-8080-exec-7" daemon [_thread_blocked, id=17868, stack(0x000000b481e00000,0x000000b481f00000)]
  0x00000229770c3310 JavaThread "http-nio-8080-exec-8" daemon [_thread_blocked, id=21376, stack(0x000000b481f00000,0x000000b482000000)]
  0x00000229770c23e0 JavaThread "http-nio-8080-exec-9" daemon [_thread_blocked, id=19180, stack(0x000000b482000000,0x000000b482100000)]
  0x00000229770c2e00 JavaThread "http-nio-8080-exec-10" daemon [_thread_blocked, id=4412, stack(0x000000b482100000,0x000000b482200000)]
  0x00000229770c14b0 JavaThread "http-nio-8080-Poller" daemon [_thread_in_native, id=21680, stack(0x000000b482200000,0x000000b482300000)]
  0x00000229770c5b90 JavaThread "http-nio-8080-Acceptor" daemon [_thread_in_native, id=13876, stack(0x000000b482300000,0x000000b482400000)]
  0x00000229770c6ac0 JavaThread "DestroyJavaVM" [_thread_blocked, id=4156, stack(0x000000b4fdb00000,0x000000b4fdc00000)]
  0x00000229770c60a0 JavaThread "RMI TCP Connection(4)-127.0.0.1" daemon [_thread_in_native, id=24256, stack(0x000000b480000000,0x000000b480100000)]

Other Threads:
  0x000002292ebc18d0 VMThread "VM Thread" [stack: 0x000000b4fe100000,0x000000b4fe200000] [id=7492]
  0x000002290bb1e600 WatcherThread [stack: 0x000000b4ff400000,0x000000b4ff500000] [id=24436]
  0x000002290baf67e0 GCTaskThread "GC Thread#0" [stack: 0x000000b4fdc00000,0x000000b4fdd00000] [id=22212]
  0x000002297525a860 GCTaskThread "GC Thread#1" [stack: 0x000000b4ff500000,0x000000b4ff600000] [id=21424]
  0x00000229752ba310 GCTaskThread "GC Thread#2" [stack: 0x000000b4ff600000,0x000000b4ff700000] [id=22236]
  0x00000229752ba5d0 GCTaskThread "GC Thread#3" [stack: 0x000000b4ff700000,0x000000b4ff800000] [id=17092]
  0x00000229752ba890 GCTaskThread "GC Thread#4" [stack: 0x000000b4ff800000,0x000000b4ff900000] [id=17328]
  0x0000022975172fa0 GCTaskThread "GC Thread#5" [stack: 0x000000b4ff900000,0x000000b4ffa00000] [id=21660]
  0x0000022975173260 GCTaskThread "GC Thread#6" [stack: 0x000000b4ffa00000,0x000000b4ffb00000] [id=9692]
  0x0000022975761f20 GCTaskThread "GC Thread#7" [stack: 0x000000b480300000,0x000000b480400000] [id=19896]
  0x000002297572f450 GCTaskThread "GC Thread#8" [stack: 0x000000b480400000,0x000000b480500000] [id=2420]
  0x0000022976475300 GCTaskThread "GC Thread#9" [stack: 0x000000b480500000,0x000000b480600000] [id=8940]
  0x00000229751a4330 GCTaskThread "GC Thread#10" [stack: 0x000000b480600000,0x000000b480700000] [id=22140]
  0x000002297533b6e0 GCTaskThread "GC Thread#11" [stack: 0x000000b480700000,0x000000b480800000] [id=17072]
  0x0000022976e2c1f0 GCTaskThread "GC Thread#12" [stack: 0x000000b480800000,0x000000b480900000] [id=15032]
  0x000002290bb07ee0 ConcurrentGCThread "G1 Main Marker" [stack: 0x000000b4fdd00000,0x000000b4fde00000] [id=22020]
  0x000002290bb0ddd0 ConcurrentGCThread "G1 Conc#0" [stack: 0x000000b4fde00000,0x000000b4fdf00000] [id=17976]
  0x0000022975eee5e0 ConcurrentGCThread "G1 Conc#1" [stack: 0x000000b480900000,0x000000b480a00000] [id=12872]
  0x0000022975d2ea10 ConcurrentGCThread "G1 Conc#2" [stack: 0x000000b480a00000,0x000000b480b00000] [id=4596]
  0x000002292ea70920 ConcurrentGCThread "G1 Refine#0" [stack: 0x000000b4fdf00000,0x000000b4fe000000] [id=17608]
  0x000002292ea710f0 ConcurrentGCThread "G1 Service" [stack: 0x000000b4fe000000,0x000000b4fe100000] [id=16692]

Threads with active compile tasks:
C2 CompilerThread0   142204 9654       4       org.springframework.core.ResolvableType::getGenerics (171 bytes)

VM state: not at safepoint (normal execution)

VM Mutex/Monitor currently owned by a thread: None

Heap address: 0x0000000709c00000, size: 3940 MB, Compressed Oops mode: Zero based, Oop shift amount: 3

CDS archive(s) mapped at: [0x000002292f000000-0x000002292fbd0000-0x000002292fbd0000), size 12386304, SharedBaseAddress: 0x000002292f000000, ArchiveRelocationMode: 1.
Compressed class space mapped at: 0x0000022930000000-0x0000022970000000, reserved size: 1073741824
Narrow klass base: 0x000002292f000000, Narrow klass shift: 0, Narrow klass range: 0x100000000

GC Precious Log:
 CPUs: 16 total, 16 available
 Memory: 15752M
 Large Page Support: Disabled
 NUMA Support: Disabled
 Compressed Oops: Enabled (Zero based)
 Heap Region Size: 2M
 Heap Min Capacity: 8M
 Heap Initial Capacity: 248M
 Heap Max Capacity: 3940M
 Pre-touch: Disabled
 Parallel Workers: 13
 Concurrent Workers: 3
 Concurrent Refinement Workers: 13
 Periodic GC: Disabled

Heap:
 garbage-first heap   total 90112K, used 55517K [0x0000000709c00000, 0x0000000800000000)
  region size 2048K, 9 young (18432K), 1 survivors (2048K)
 Metaspace       used 88445K, committed 89152K, reserved 1179648K
  class space    used 11309K, committed 11648K, reserved 1048576K

Heap Regions: E=young(eden), S=young(survivor), O=old, HS=humongous(starts), HC=humongous(continues), CS=collection set, F=free, OA=open archive, CA=closed archive, TAMS=top-at-mark-start (previous, next)
|   0|0x0000000709c00000, 0x0000000709e00000, 0x0000000709e00000|100%| O|  |TAMS 0x0000000709e00000, 0x0000000709c00000| Untracked 
|   1|0x0000000709e00000, 0x000000070a000000, 0x000000070a000000|100%| O|  |TAMS 0x000000070a000000, 0x0000000709e00000| Untracked 
|   2|0x000000070a000000, 0x000000070a200000, 0x000000070a200000|100%| O|  |TAMS 0x000000070a200000, 0x000000070a000000| Untracked 
|   3|0x000000070a200000, 0x000000070a400000, 0x000000070a400000|100%| O|  |TAMS 0x000000070a400000, 0x000000070a200000| Untracked 
|   4|0x000000070a400000, 0x000000070a600000, 0x000000070a600000|100%| O|  |TAMS 0x000000070a600000, 0x000000070a400000| Untracked 
|   5|0x000000070a600000, 0x000000070a800000, 0x000000070a800000|100%| O|  |TAMS 0x000000070a800000, 0x000000070a600000| Untracked 
|   6|0x000000070a800000, 0x000000070aa00000, 0x000000070aa00000|100%| O|  |TAMS 0x000000070aa00000, 0x000000070a800000| Untracked 
|   7|0x000000070aa00000, 0x000000070ac00000, 0x000000070ac00000|100%| O|  |TAMS 0x000000070ac00000, 0x000000070aa00000| Untracked 
|   8|0x000000070ac00000, 0x000000070ae00000, 0x000000070ae00000|100%| O|  |TAMS 0x000000070ae00000, 0x000000070ac00000| Untracked 
|   9|0x000000070ae00000, 0x000000070af18e00, 0x000000070b000000| 54%| O|  |TAMS 0x000000070af18e00, 0x000000070ae00000| Complete 
|  10|0x000000070b000000, 0x000000070b200000, 0x000000070b200000|100%| O|  |TAMS 0x000000070b200000, 0x000000070b000000| Untracked 
|  11|0x000000070b200000, 0x000000070b400000, 0x000000070b400000|100%| O|  |TAMS 0x000000070b400000, 0x000000070b200000| Untracked 
|  12|0x000000070b400000, 0x000000070b600000, 0x000000070b600000|100%| O|  |TAMS 0x000000070b600000, 0x000000070b400000| Untracked 
|  13|0x000000070b600000, 0x000000070b800000, 0x000000070b800000|100%| O|  |TAMS 0x000000070b800000, 0x000000070b600000| Untracked 
|  14|0x000000070b800000, 0x000000070ba00000, 0x000000070ba00000|100%| O|  |TAMS 0x000000070ba00000, 0x000000070b800000| Untracked 
|  15|0x000000070ba00000, 0x000000070bc00000, 0x000000070bc00000|100%| O|  |TAMS 0x000000070bc00000, 0x000000070ba00000| Untracked 
|  16|0x000000070bc00000, 0x000000070be00000, 0x000000070be00000|100%| O|  |TAMS 0x000000070be00000, 0x000000070bc00000| Untracked 
|  17|0x000000070be00000, 0x000000070c000000, 0x000000070c000000|100%| O|  |TAMS 0x000000070c000000, 0x000000070be00000| Untracked 
|  18|0x000000070c000000, 0x000000070c200000, 0x000000070c200000|100%| O|  |TAMS 0x000000070c200000, 0x000000070c000000| Untracked 
|  19|0x000000070c200000, 0x000000070c400000, 0x000000070c400000|100%| O|  |TAMS 0x000000070c264e00, 0x000000070c200000| Untracked 
|  20|0x000000070c400000, 0x000000070c450c00, 0x000000070c600000| 15%| O|  |TAMS 0x000000070c400000, 0x000000070c400000| Untracked 
|  21|0x000000070c600000, 0x000000070c600000, 0x000000070c800000|  0%| F|  |TAMS 0x000000070c600000, 0x000000070c600000| Untracked 
|  22|0x000000070c800000, 0x000000070c800000, 0x000000070ca00000|  0%| F|  |TAMS 0x000000070c800000, 0x000000070c800000| Untracked 
|  23|0x000000070ca00000, 0x000000070ca00000, 0x000000070cc00000|  0%| F|  |TAMS 0x000000070ca00000, 0x000000070ca00000| Untracked 
|  24|0x000000070cc00000, 0x000000070cc00000, 0x000000070ce00000|  0%| F|  |TAMS 0x000000070cc00000, 0x000000070cc00000| Untracked 
|  25|0x000000070ce00000, 0x000000070ce00000, 0x000000070d000000|  0%| F|  |TAMS 0x000000070ce00000, 0x000000070ce00000| Untracked 
|  26|0x000000070d000000, 0x000000070d000000, 0x000000070d200000|  0%| F|  |TAMS 0x000000070d000000, 0x000000070d000000| Untracked 
|  27|0x000000070d200000, 0x000000070d200000, 0x000000070d400000|  0%| F|  |TAMS 0x000000070d200000, 0x000000070d200000| Untracked 
|  28|0x000000070d400000, 0x000000070d400000, 0x000000070d600000|  0%| F|  |TAMS 0x000000070d400000, 0x000000070d400000| Untracked 
|  29|0x000000070d600000, 0x000000070d6cdde0, 0x000000070d800000| 40%| S|CS|TAMS 0x000000070d600000, 0x000000070d600000| Complete 
|  30|0x000000070d800000, 0x000000070d800000, 0x000000070da00000|  0%| F|  |TAMS 0x000000070d800000, 0x000000070d800000| Untracked 
|  31|0x000000070da00000, 0x000000070da00000, 0x000000070dc00000|  0%| F|  |TAMS 0x000000070da00000, 0x000000070da00000| Untracked 
|  32|0x000000070dc00000, 0x000000070dc00000, 0x000000070de00000|  0%| F|  |TAMS 0x000000070dc00000, 0x000000070dc00000| Untracked 
|  33|0x000000070de00000, 0x000000070de00000, 0x000000070e000000|  0%| F|  |TAMS 0x000000070de00000, 0x000000070de00000| Untracked 
|  34|0x000000070e000000, 0x000000070e000000, 0x000000070e200000|  0%| F|  |TAMS 0x000000070e000000, 0x000000070e000000| Untracked 
|  35|0x000000070e200000, 0x000000070e200000, 0x000000070e400000|  0%| F|  |TAMS 0x000000070e200000, 0x000000070e200000| Untracked 
|  36|0x000000070e400000, 0x000000070e459f40, 0x000000070e600000| 17%| E|  |TAMS 0x000000070e400000, 0x000000070e400000| Complete 
|  37|0x000000070e600000, 0x000000070e800000, 0x000000070e800000|100%| E|CS|TAMS 0x000000070e600000, 0x000000070e600000| Complete 
|  38|0x000000070e800000, 0x000000070ea00000, 0x000000070ea00000|100%| E|CS|TAMS 0x000000070e800000, 0x000000070e800000| Complete 
|  39|0x000000070ea00000, 0x000000070ec00000, 0x000000070ec00000|100%| E|CS|TAMS 0x000000070ea00000, 0x000000070ea00000| Complete 
|  40|0x000000070ec00000, 0x000000070ee00000, 0x000000070ee00000|100%| E|CS|TAMS 0x000000070ec00000, 0x000000070ec00000| Complete 
|  41|0x000000070ee00000, 0x000000070f000000, 0x000000070f000000|100%| E|CS|TAMS 0x000000070ee00000, 0x000000070ee00000| Complete 
|  42|0x000000070f000000, 0x000000070f200000, 0x000000070f200000|100%| E|CS|TAMS 0x000000070f000000, 0x000000070f000000| Complete 
| 123|0x0000000719200000, 0x0000000719400000, 0x0000000719400000|100%| E|CS|TAMS 0x0000000719200000, 0x0000000719200000| Complete 

Card table byte_map: [0x0000022923370000,0x0000022923b30000] _byte_map_base: 0x000002291fb22000

Marking Bits (Prev, Next): (CMBitMap*) 0x000002290baf7e10, (CMBitMap*) 0x000002290baf7e50
 Prev Bits: [0x00000229242f0000, 0x0000022928080000)
 Next Bits: [0x0000022928080000, 0x000002292be10000)

Polling page: 0x0000022909820000

Metaspace:

Usage:
  Non-class:     75.33 MB used.
      Class:     11.04 MB used.
       Both:     86.37 MB used.

Virtual space:
  Non-class space:      128.00 MB reserved,      75.69 MB ( 59%) committed,  2 nodes.
      Class space:        1.00 GB reserved,      11.38 MB (  1%) committed,  1 nodes.
             Both:        1.12 GB reserved,      87.06 MB (  8%) committed. 

Chunk freelists:
   Non-Class:  4.16 MB
       Class:  4.55 MB
        Both:  8.71 MB

MaxMetaspaceSize: unlimited
CompressedClassSpaceSize: 1.00 GB
Initial GC threshold: 21.00 MB
Current GC threshold: 145.12 MB
CDS: on
MetaspaceReclaimPolicy: balanced
 - commit_granule_bytes: 65536.
 - commit_granule_words: 8192.
 - virtual_space_node_default_size: 8388608.
 - enlarge_chunks_in_place: 1.
 - new_chunks_are_fully_committed: 0.
 - uncommit_free_chunks: 1.
 - use_allocation_guard: 0.
 - handle_deallocations: 1.


Internal statistics:

num_allocs_failed_limit: 9.
num_arena_births: 1090.
num_arena_deaths: 0.
num_vsnodes_births: 3.
num_vsnodes_deaths: 0.
num_space_committed: 1393.
num_space_uncommitted: 0.
num_chunks_returned_to_freelist: 9.
num_chunks_taken_from_freelist: 4155.
num_chunk_merges: 9.
num_chunk_splits: 2969.
num_chunks_enlarged: 2263.
num_inconsistent_stats: 0.

CodeHeap 'non-profiled nmethods': size=119168Kb used=6925Kb max_used=6925Kb free=112242Kb
 bounds [0x000002291aed0000, 0x000002291b5a0000, 0x0000022922330000]
CodeHeap 'profiled nmethods': size=119104Kb used=18959Kb max_used=18959Kb free=100144Kb
 bounds [0x0000022913330000, 0x00000229145c0000, 0x000002291a780000]
CodeHeap 'non-nmethods': size=7488Kb used=1409Kb max_used=3150Kb free=6078Kb
 bounds [0x000002291a780000, 0x000002291aaa0000, 0x000002291aed0000]
 total_blobs=9156 nmethods=8402 adapters=666
 compilation: enabled
              stopped_count=0, restarted_count=0
 full_count=0

Compilation events (20 events):
Event: 135.157 Thread 0x000002297bc86d00 nmethod 9644 0x00000229145af590 code [0x00000229145af7a0, 0x00000229145afe08]
Event: 135.157 Thread 0x000002297bc86d00 9646   !   3       jdk.internal.reflect.GeneratedMethodAccessor72::invoke (61 bytes)
Event: 135.157 Thread 0x0000022974014f60 nmethod 9645 0x00000229145b0110 code [0x00000229145b0320, 0x00000229145b0988]
Event: 135.157 Thread 0x000002297bc86d00 nmethod 9646 0x00000229145b0c90 code [0x00000229145b0ea0, 0x00000229145b1508]
Event: 135.162 Thread 0x00000229740129c0 nmethod 9643 0x000002291b591390 code [0x000002291b591620, 0x000002291b5924c0]
Event: 135.855 Thread 0x000002297bc86d00 9647       3       java.util.concurrent.locks.AbstractQueuedSynchronizer::enqueue (60 bytes)
Event: 135.855 Thread 0x000002297bc86d00 nmethod 9647 0x00000229145b1810 code [0x00000229145b1a00, 0x00000229145b1eb8]
Event: 137.951 Thread 0x000002297bc86d00 9648       1       org.apache.tomcat.util.net.SocketProperties::getTimeoutInterval (5 bytes)
Event: 137.951 Thread 0x000002297bc86d00 nmethod 9648 0x000002291b593190 code [0x000002291b593320, 0x000002291b5933f8]
Event: 138.270 Thread 0x0000022974014f60 9650       3       org.springframework.boot.devtools.filewatch.DirectorySnapshot::equals (46 bytes)
Event: 138.270 Thread 0x000002297bc86d00 9649       3       org.springframework.boot.devtools.filewatch.FileSystemWatcher$Watcher::isDifferent (105 bytes)
Event: 138.271 Thread 0x000002297bc86d00 nmethod 9649 0x00000229145b2090 code [0x00000229145b2320, 0x00000229145b30e8]
Event: 138.271 Thread 0x0000022974014f60 nmethod 9650 0x00000229145b3410 code [0x00000229145b3620, 0x00000229145b3d58]
Event: 138.848 Thread 0x0000022974014f60 9651       3       java.util.concurrent.locks.LockSupport::parkNanos (29 bytes)
Event: 138.849 Thread 0x0000022974014f60 nmethod 9651 0x00000229145b4010 code [0x00000229145b41e0, 0x00000229145b43e8]
Event: 139.861 Thread 0x0000022974014f60 9652       3       java.util.concurrent.locks.AbstractQueuedSynchronizer::acquire (20 bytes)
Event: 139.862 Thread 0x0000022974014f60 nmethod 9652 0x00000229145b4510 code [0x00000229145b46c0, 0x00000229145b4938]
Event: 140.148 Thread 0x0000022974014f60 9653       3       com.fasterxml.jackson.databind.ser.impl.PropertySerializerMap$Double::serializerFor (28 bytes)
Event: 140.148 Thread 0x0000022974014f60 nmethod 9653 0x00000229145b4a10 code [0x00000229145b4bc0, 0x00000229145b4db8]
Event: 140.151 Thread 0x00000229740129c0 9654       4       org.springframework.core.ResolvableType::getGenerics (171 bytes)

GC Heap History (20 events):
Event: 5.171 GC heap before
{Heap before GC invocations=13 (full 0):
 garbage-first heap   total 90112K, used 65138K [0x0000000709c00000, 0x0000000800000000)
  region size 2048K, 23 young (47104K), 3 survivors (6144K)
 Metaspace       used 53742K, committed 54336K, reserved 1114112K
  class space    used 6869K, committed 7168K, reserved 1048576K
}
Event: 5.174 GC heap after
{Heap after GC invocations=14 (full 0):
 garbage-first heap   total 90112K, used 27346K [0x0000000709c00000, 0x0000000800000000)
  region size 2048K, 3 young (6144K), 3 survivors (6144K)
 Metaspace       used 53742K, committed 54336K, reserved 1114112K
  class space    used 6869K, committed 7168K, reserved 1048576K
}
Event: 5.533 GC heap before
{Heap before GC invocations=14 (full 0):
 garbage-first heap   total 90112K, used 47826K [0x0000000709c00000, 0x0000000800000000)
  region size 2048K, 14 young (28672K), 3 survivors (6144K)
 Metaspace       used 59567K, committed 60096K, reserved 1114112K
  class space    used 7669K, committed 7936K, reserved 1048576K
}
Event: 5.536 GC heap after
{Heap after GC invocations=15 (full 0):
 garbage-first heap   total 90112K, used 28699K [0x0000000709c00000, 0x0000000800000000)
  region size 2048K, 1 young (2048K), 1 survivors (2048K)
 Metaspace       used 59567K, committed 60096K, reserved 1114112K
  class space    used 7669K, committed 7936K, reserved 1048576K
}
Event: 6.132 GC heap before
{Heap before GC invocations=16 (full 0):
 garbage-first heap   total 90112K, used 67611K [0x0000000709c00000, 0x0000000800000000)
  region size 2048K, 20 young (40960K), 1 survivors (2048K)
 Metaspace       used 66398K, committed 66944K, reserved 1114112K
  class space    used 8739K, committed 9024K, reserved 1048576K
}
Event: 6.134 GC heap after
{Heap after GC invocations=17 (full 0):
 garbage-first heap   total 90112K, used 30579K [0x0000000709c00000, 0x0000000800000000)
  region size 2048K, 2 young (4096K), 2 survivors (4096K)
 Metaspace       used 66398K, committed 66944K, reserved 1114112K
  class space    used 8739K, committed 9024K, reserved 1048576K
}
Event: 6.827 GC heap before
{Heap before GC invocations=17 (full 0):
 garbage-first heap   total 90112K, used 69491K [0x0000000709c00000, 0x0000000800000000)
  region size 2048K, 21 young (43008K), 2 survivors (4096K)
 Metaspace       used 70137K, committed 70720K, reserved 1114112K
  class space    used 9280K, committed 9536K, reserved 1048576K
}
Event: 6.831 GC heap after
{Heap after GC invocations=18 (full 0):
 garbage-first heap   total 90112K, used 33047K [0x0000000709c00000, 0x0000000800000000)
  region size 2048K, 3 young (6144K), 3 survivors (6144K)
 Metaspace       used 70137K, committed 70720K, reserved 1114112K
  class space    used 9280K, committed 9536K, reserved 1048576K
}
Event: 7.402 GC heap before
{Heap before GC invocations=18 (full 0):
 garbage-first heap   total 90112K, used 67863K [0x0000000709c00000, 0x0000000800000000)
  region size 2048K, 20 young (40960K), 3 survivors (6144K)
 Metaspace       used 71683K, committed 72192K, reserved 1114112K
  class space    used 9503K, committed 9728K, reserved 1048576K
}
Event: 7.406 GC heap after
{Heap after GC invocations=19 (full 0):
 garbage-first heap   total 90112K, used 35520K [0x0000000709c00000, 0x0000000800000000)
  region size 2048K, 3 young (6144K), 3 survivors (6144K)
 Metaspace       used 71683K, committed 72192K, reserved 1114112K
  class space    used 9503K, committed 9728K, reserved 1048576K
}
Event: 9.687 GC heap before
{Heap before GC invocations=19 (full 0):
 garbage-first heap   total 90112K, used 66240K [0x0000000709c00000, 0x0000000800000000)
  region size 2048K, 19 young (38912K), 3 survivors (6144K)
 Metaspace       used 73589K, committed 74176K, reserved 1114112K
  class space    used 9795K, committed 10048K, reserved 1048576K
}
Event: 9.692 GC heap after
{Heap after GC invocations=20 (full 0):
 garbage-first heap   total 90112K, used 37419K [0x0000000709c00000, 0x0000000800000000)
  region size 2048K, 3 young (6144K), 3 survivors (6144K)
 Metaspace       used 73589K, committed 74176K, reserved 1114112K
  class space    used 9795K, committed 10048K, reserved 1048576K
}
Event: 28.895 GC heap before
{Heap before GC invocations=20 (full 0):
 garbage-first heap   total 90112K, used 66091K [0x0000000709c00000, 0x0000000800000000)
  region size 2048K, 18 young (36864K), 3 survivors (6144K)
 Metaspace       used 78359K, committed 79040K, reserved 1179648K
  class space    used 10425K, committed 10752K, reserved 1048576K
}
Event: 28.898 GC heap after
{Heap after GC invocations=21 (full 0):
 garbage-first heap   total 90112K, used 38662K [0x0000000709c00000, 0x0000000800000000)
  region size 2048K, 2 young (4096K), 2 survivors (4096K)
 Metaspace       used 78359K, committed 79040K, reserved 1179648K
  class space    used 10425K, committed 10752K, reserved 1048576K
}
Event: 29.586 GC heap before
{Heap before GC invocations=21 (full 0):
 garbage-first heap   total 90112K, used 69382K [0x0000000709c00000, 0x0000000800000000)
  region size 2048K, 18 young (36864K), 2 survivors (4096K)
 Metaspace       used 85835K, committed 86592K, reserved 1179648K
  class space    used 11109K, committed 11456K, reserved 1048576K
}
Event: 29.589 GC heap after
{Heap after GC invocations=22 (full 0):
 garbage-first heap   total 90112K, used 40787K [0x0000000709c00000, 0x0000000800000000)
  region size 2048K, 2 young (4096K), 2 survivors (4096K)
 Metaspace       used 85835K, committed 86592K, reserved 1179648K
  class space    used 11109K, committed 11456K, reserved 1048576K
}
Event: 60.155 GC heap before
{Heap before GC invocations=22 (full 0):
 garbage-first heap   total 90112K, used 69459K [0x0000000709c00000, 0x0000000800000000)
  region size 2048K, 17 young (34816K), 2 survivors (4096K)
 Metaspace       used 88281K, committed 89024K, reserved 1179648K
  class space    used 11308K, committed 11648K, reserved 1048576K
}
Event: 60.157 GC heap after
{Heap after GC invocations=23 (full 0):
 garbage-first heap   total 90112K, used 41014K [0x0000000709c00000, 0x0000000800000000)
  region size 2048K, 2 young (4096K), 2 survivors (4096K)
 Metaspace       used 88281K, committed 89024K, reserved 1179648K
  class space    used 11308K, committed 11648K, reserved 1048576K
}
Event: 115.162 GC heap before
{Heap before GC invocations=23 (full 0):
 garbage-first heap   total 90112K, used 69686K [0x0000000709c00000, 0x0000000800000000)
  region size 2048K, 16 young (32768K), 2 survivors (4096K)
 Metaspace       used 88426K, committed 89152K, reserved 1179648K
  class space    used 11309K, committed 11648K, reserved 1048576K
}
Event: 115.164 GC heap after
{Heap after GC invocations=24 (full 0):
 garbage-first heap   total 90112K, used 41181K [0x0000000709c00000, 0x0000000800000000)
  region size 2048K, 1 young (2048K), 1 survivors (2048K)
 Metaspace       used 88426K, committed 89152K, reserved 1179648K
  class space    used 11309K, committed 11648K, reserved 1048576K
}

Deoptimization events (20 events):
Event: 29.679 Thread 0x00000229770c28f0 DEOPT PACKING pc=0x000002291b5136a8 sp=0x000000b4817fbeb0
Event: 29.679 Thread 0x00000229770c28f0 DEOPT UNPACKING pc=0x000002291a7d23a3 sp=0x000000b4817fbe48 mode 2
Event: 29.703 Thread 0x00000229770c28f0 Uncommon trap: trap_request=0xffffff45 fr.pc=0x000002291b5141c0 relative=0x00000000000001a0
Event: 29.703 Thread 0x00000229770c28f0 Uncommon trap: reason=unstable_if action=reinterpret pc=0x000002291b5141c0 method=jdk.internal.util.ArraysSupport.mismatch([C[CI)I @ 59 c2
Event: 29.703 Thread 0x00000229770c28f0 DEOPT PACKING pc=0x000002291b5141c0 sp=0x000000b4817fbf10
Event: 29.703 Thread 0x00000229770c28f0 DEOPT UNPACKING pc=0x000002291a7d23a3 sp=0x000000b4817fbe48 mode 2
Event: 30.057 Thread 0x00000229770c3820 Uncommon trap: trap_request=0xffffff45 fr.pc=0x000002291b161b38 relative=0x0000000000000038
Event: 30.057 Thread 0x00000229770c3820 Uncommon trap: reason=unstable_if action=reinterpret pc=0x000002291b161b38 method=java.util.IdentityHashMap.maskNull(Ljava/lang/Object;)Ljava/lang/Object; @ 1 c2
Event: 30.057 Thread 0x00000229770c3820 DEOPT PACKING pc=0x000002291b161b38 sp=0x000000b4819fd9b0
Event: 30.057 Thread 0x00000229770c3820 DEOPT UNPACKING pc=0x000002291a7d23a3 sp=0x000000b4819fd950 mode 2
Event: 63.775 Thread 0x00000229789ffb40 Uncommon trap: trap_request=0xffffffde fr.pc=0x000002291affe7c0 relative=0x00000000000013c0
Event: 63.775 Thread 0x00000229789ffb40 Uncommon trap: reason=class_check action=maybe_recompile pc=0x000002291affe7c0 method=java.util.concurrent.ConcurrentHashMap$CollectionView.toArray([Ljava/lang/Object;)[Ljava/lang/Object; @ 53 c2
Event: 63.775 Thread 0x00000229789ffb40 DEOPT PACKING pc=0x000002291affe7c0 sp=0x000000b4810fec10
Event: 63.775 Thread 0x00000229789ffb40 DEOPT UNPACKING pc=0x000002291a7d23a3 sp=0x000000b4810febc0 mode 2
Event: 85.162 Thread 0x000002297558b3f0 DEOPT PACKING pc=0x00000229133856c6 sp=0x000000b4ffffe8d0
Event: 85.162 Thread 0x000002297558b3f0 DEOPT UNPACKING pc=0x000002291a7d2b43 sp=0x000000b4ffffdd60 mode 0
Event: 123.827 Thread 0x00000229789fec10 Uncommon trap: trap_request=0xffffffde fr.pc=0x000002291affe7c0 relative=0x00000000000013c0
Event: 123.827 Thread 0x00000229789fec10 Uncommon trap: reason=class_check action=maybe_recompile pc=0x000002291affe7c0 method=java.util.concurrent.ConcurrentHashMap$CollectionView.toArray([Ljava/lang/Object;)[Ljava/lang/Object; @ 53 c2
Event: 123.827 Thread 0x00000229789fec10 DEOPT PACKING pc=0x000002291affe7c0 sp=0x000000b480ffed30
Event: 123.827 Thread 0x00000229789fec10 DEOPT UNPACKING pc=0x000002291a7d23a3 sp=0x000000b480ffece0 mode 2

Classes unloaded (0 events):
No events

Classes redefined (0 events):
No events

Internal exceptions (20 events):
Event: 140.159 Thread 0x000002297558b3f0 Exception <a 'java/lang/ClassNotFoundException'{0x000000070e71e9e8}: org/springframework/boot/actuate/endpoint/jmx/DataEndpointMBean> (0x000000070e71e9e8) 
thrown [s\open\src\hotspot\share\classfile\systemDictionary.cpp, line 256]
Event: 140.159 Thread 0x000002297558b3f0 Exception <a 'java/lang/ClassNotFoundException'{0x000000070e71edb0}: org/springframework/context/support/LiveBeansView> (0x000000070e71edb0) 
thrown [s\open\src\hotspot\share\classfile\systemDictionary.cpp, line 256]
Event: 140.159 Thread 0x000002297558b3f0 Exception <a 'java/lang/ClassNotFoundException'{0x000000070e71f360}: org/springframework/boot/actuate/endpoint/jmx/EndpointMBean> (0x000000070e71f360) 
thrown [s\open\src\hotspot\share\classfile\systemDictionary.cpp, line 256]
Event: 140.159 Thread 0x000002297558b3f0 Exception <a 'java/lang/ClassNotFoundException'{0x000000070e71f728}: org/springframework/boot/actuate/endpoint/jmx/DataEndpointMBean> (0x000000070e71f728) 
thrown [s\open\src\hotspot\share\classfile\systemDictionary.cpp, line 256]
Event: 140.159 Thread 0x000002297558b3f0 Exception <a 'java/lang/ClassNotFoundException'{0x000000070e71fae8}: org/springframework/context/support/LiveBeansView> (0x000000070e71fae8) 
thrown [s\open\src\hotspot\share\classfile\systemDictionary.cpp, line 256]
Event: 140.159 Thread 0x000002297558b3f0 Exception <a 'java/lang/ClassNotFoundException'{0x000000070e71feb0}: org/springframework/boot/actuate/endpoint/jmx/EndpointMBean> (0x000000070e71feb0) 
thrown [s\open\src\hotspot\share\classfile\systemDictionary.cpp, line 256]
Event: 140.159 Thread 0x000002297558b3f0 Exception <a 'java/lang/ClassNotFoundException'{0x000000070e720278}: org/springframework/boot/actuate/endpoint/jmx/DataEndpointMBean> (0x000000070e720278) 
thrown [s\open\src\hotspot\share\classfile\systemDictionary.cpp, line 256]
Event: 140.159 Thread 0x000002297558b3f0 Exception <a 'java/lang/ClassNotFoundException'{0x000000070e720638}: org/springframework/context/support/LiveBeansView> (0x000000070e720638) 
thrown [s\open\src\hotspot\share\classfile\systemDictionary.cpp, line 256]
Event: 140.159 Thread 0x000002297558b3f0 Exception <a 'java/lang/ClassNotFoundException'{0x000000070e720a00}: org/springframework/boot/actuate/endpoint/jmx/EndpointMBean> (0x000000070e720a00) 
thrown [s\open\src\hotspot\share\classfile\systemDictionary.cpp, line 256]
Event: 140.159 Thread 0x000002297558b3f0 Exception <a 'java/lang/ClassNotFoundException'{0x000000070e720dc8}: org/springframework/boot/actuate/endpoint/jmx/DataEndpointMBean> (0x000000070e720dc8) 
thrown [s\open\src\hotspot\share\classfile\systemDictionary.cpp, line 256]
Event: 140.159 Thread 0x000002297558b3f0 Exception <a 'java/lang/ClassNotFoundException'{0x000000070e721188}: org/springframework/context/support/LiveBeansView> (0x000000070e721188) 
thrown [s\open\src\hotspot\share\classfile\systemDictionary.cpp, line 256]
Event: 140.159 Thread 0x000002297558b3f0 Exception <a 'java/lang/ClassNotFoundException'{0x000000070e721530}: org/springframework/boot/actuate/endpoint/jmx/EndpointMBean> (0x000000070e721530) 
thrown [s\open\src\hotspot\share\classfile\systemDictionary.cpp, line 256]
Event: 140.159 Thread 0x000002297558b3f0 Exception <a 'java/lang/ClassNotFoundException'{0x000000070e7218d8}: org/springframework/boot/actuate/endpoint/jmx/DataEndpointMBean> (0x000000070e7218d8) 
thrown [s\open\src\hotspot\share\classfile\systemDictionary.cpp, line 256]
Event: 140.159 Thread 0x000002297558b3f0 Exception <a 'java/lang/ClassNotFoundException'{0x000000070e721c78}: org/springframework/context/support/LiveBeansView> (0x000000070e721c78) 
thrown [s\open\src\hotspot\share\classfile\systemDictionary.cpp, line 256]
Event: 140.159 Thread 0x000002297558b3f0 Exception <a 'java/lang/ClassNotFoundException'{0x000000070e722038}: org/springframework/boot/actuate/endpoint/jmx/EndpointMBean> (0x000000070e722038) 
thrown [s\open\src\hotspot\share\classfile\systemDictionary.cpp, line 256]
Event: 140.159 Thread 0x000002297558b3f0 Exception <a 'java/lang/ClassNotFoundException'{0x000000070e7223f8}: org/springframework/boot/actuate/endpoint/jmx/DataEndpointMBean> (0x000000070e7223f8) 
thrown [s\open\src\hotspot\share\classfile\systemDictionary.cpp, line 256]
Event: 140.159 Thread 0x000002297558b3f0 Exception <a 'java/lang/ClassNotFoundException'{0x000000070e7227b0}: org/springframework/context/support/LiveBeansView> (0x000000070e7227b0) 
thrown [s\open\src\hotspot\share\classfile\systemDictionary.cpp, line 256]
Event: 140.159 Thread 0x000002297558b3f0 Exception <a 'java/lang/ClassNotFoundException'{0x000000070e722b60}: org/springframework/boot/actuate/endpoint/jmx/EndpointMBean> (0x000000070e722b60) 
thrown [s\open\src\hotspot\share\classfile\systemDictionary.cpp, line 256]
Event: 140.159 Thread 0x000002297558b3f0 Exception <a 'java/lang/ClassNotFoundException'{0x000000070e722f10}: org/springframework/boot/actuate/endpoint/jmx/DataEndpointMBean> (0x000000070e722f10) 
thrown [s\open\src\hotspot\share\classfile\systemDictionary.cpp, line 256]
Event: 140.159 Thread 0x000002297558b3f0 Exception <a 'java/lang/ClassNotFoundException'{0x000000070e7232b8}: org/springframework/context/support/LiveBeansView> (0x000000070e7232b8) 
thrown [s\open\src\hotspot\share\classfile\systemDictionary.cpp, line 256]

VM Operations (20 events):
Event: 70.244 Executing VM operation: Cleanup done
Event: 80.363 Executing VM operation: Cleanup
Event: 80.363 Executing VM operation: Cleanup done
Event: 85.421 Executing VM operation: Cleanup
Event: 85.421 Executing VM operation: Cleanup done
Event: 90.480 Executing VM operation: Cleanup
Event: 90.480 Executing VM operation: Cleanup done
Event: 115.162 Executing VM operation: G1CollectForAllocation
Event: 115.164 Executing VM operation: G1CollectForAllocation done
Event: 115.184 Executing VM operation: G1Concurrent
Event: 115.187 Executing VM operation: G1Concurrent done
Event: 115.195 Executing VM operation: G1Concurrent
Event: 115.195 Executing VM operation: G1Concurrent done
Event: 125.262 Executing VM operation: Cleanup
Event: 125.262 Executing VM operation: Cleanup done
Event: 130.304 Executing VM operation: Cleanup
Event: 130.304 Executing VM operation: Cleanup done
Event: 135.331 Executing VM operation: Cleanup
Event: 135.338 Executing VM operation: Cleanup done
Event: 140.377 Executing VM operation: Cleanup

Events (20 events):
Event: 30.033 loading class java/lang/Throwable$WrappedPrintWriter
Event: 30.034 loading class java/lang/Throwable$WrappedPrintWriter done
Event: 31.632 Thread 0x000002297bc857c0 Thread exited: 0x000002297bc857c0
Event: 35.154 Thread 0x000002297414b480 Thread exited: 0x000002297414b480
Event: 45.165 Thread 0x000002297bc84d20 Thread added: 0x000002297bc84d20
Event: 45.165 Thread 0x000002297bc87250 Thread added: 0x000002297bc87250
Event: 48.846 Thread 0x000002297bc87250 Thread exited: 0x000002297bc87250
Event: 50.154 Thread 0x000002297bc84d20 Thread exited: 0x000002297bc84d20
Event: 75.576 Thread 0x0000022975295e20 Thread exited: 0x0000022975295e20
Event: 85.159 Thread 0x000002297bc88240 Thread added: 0x000002297bc88240
Event: 85.159 Thread 0x000002297bc84d20 Thread added: 0x000002297bc84d20
Event: 90.576 Thread 0x00000229770c3d30 Thread exited: 0x00000229770c3d30
Event: 95.146 Thread 0x000002297bc88240 Thread exited: 0x000002297bc88240
Event: 95.146 Thread 0x000002297bc84d20 Thread exited: 0x000002297bc84d20
Event: 130.157 Thread 0x000002297bc86d00 Thread added: 0x000002297bc86d00
Event: 130.157 Thread 0x000002297bc88240 Thread added: 0x000002297bc88240
Event: 130.157 Thread 0x000002297bc84d20 Thread added: 0x000002297bc84d20
Event: 132.930 Thread 0x000002297bc84d20 Thread exited: 0x000002297bc84d20
Event: 135.147 Thread 0x000002297bc88240 Thread exited: 0x000002297bc88240
Event: 138.848 Thread 0x000002297bc86d00 Thread exited: 0x000002297bc86d00


Dynamic libraries:
0x00007ff691200000 - 0x00007ff691210000 	C:\Program Files\Java\jdk-17\bin\java.exe
0x00007ffa12a40000 - 0x00007ffa12ca3000 	C:\WINDOWS\SYSTEM32\ntdll.dll
0x00007ffa11b30000 - 0x00007ffa11bf7000 	C:\WINDOWS\System32\KERNEL32.DLL
0x00007ffa10310000 - 0x00007ffa106d9000 	C:\WINDOWS\System32\KERNELBASE.dll
0x00007ffa0fc40000 - 0x00007ffa0fd8c000 	C:\WINDOWS\System32\ucrtbase.dll
0x00007ffa068a0000 - 0x00007ffa068b9000 	C:\Program Files\Java\jdk-17\bin\jli.dll
0x00007ff9f2cc0000 - 0x00007ff9f2cdb000 	C:\Program Files\Java\jdk-17\bin\VCRUNTIME140.dll
0x00007ffa111f0000 - 0x00007ffa112a2000 	C:\WINDOWS\System32\ADVAPI32.dll
0x00007ffa114c0000 - 0x00007ffa11569000 	C:\WINDOWS\System32\msvcrt.dll
0x00007ffa109a0000 - 0x00007ffa10a46000 	C:\WINDOWS\System32\sechost.dll
0x00007ffa11950000 - 0x00007ffa11a66000 	C:\WINDOWS\System32\RPCRT4.dll
0x00007ffa11f90000 - 0x00007ffa1215a000 	C:\WINDOWS\System32\USER32.dll
0x00007ff9f3080000 - 0x00007ff9f3310000 	C:\WINDOWS\WinSxS\amd64_microsoft.windows.common-controls_6595b64144ccf1df_6.0.26100.3323_none_3e088096e3344490\COMCTL32.dll
0x00007ffa10170000 - 0x00007ffa10197000 	C:\WINDOWS\System32\win32u.dll
0x00007ffa11a70000 - 0x00007ffa11a9a000 	C:\WINDOWS\System32\GDI32.dll
0x00007ffa10030000 - 0x00007ffa10161000 	C:\WINDOWS\System32\gdi32full.dll
0x00007ffa0fe30000 - 0x00007ffa0fed3000 	C:\WINDOWS\System32\msvcp_win.dll
0x00007ffa098e0000 - 0x00007ffa098eb000 	C:\WINDOWS\SYSTEM32\VERSION.dll
0x00007ffa108f0000 - 0x00007ffa1091f000 	C:\WINDOWS\System32\IMM32.DLL
0x00007ff9fe100000 - 0x00007ff9fe10c000 	C:\Program Files\Java\jdk-17\bin\vcruntime140_1.dll
0x00007ff9d27b0000 - 0x00007ff9d283e000 	C:\Program Files\Java\jdk-17\bin\msvcp140.dll
0x00007ff98f3c0000 - 0x00007ff98ffa0000 	C:\Program Files\Java\jdk-17\bin\server\jvm.dll
0x00007ffa10860000 - 0x00007ffa10868000 	C:\WINDOWS\System32\PSAPI.DLL
0x00007ffa093d0000 - 0x00007ffa093da000 	C:\WINDOWS\SYSTEM32\WSOCK32.dll
0x00007ffa09830000 - 0x00007ffa09866000 	C:\WINDOWS\SYSTEM32\WINMM.dll
0x00007ffa10870000 - 0x00007ffa108e4000 	C:\WINDOWS\System32\WS2_32.dll
0x00007ffa0ea60000 - 0x00007ffa0ea7a000 	C:\WINDOWS\SYSTEM32\kernel.appcore.dll
0x00007ff9fe0c0000 - 0x00007ff9fe0ca000 	C:\Program Files\Java\jdk-17\bin\jimage.dll
0x00007ffa02740000 - 0x00007ffa02981000 	C:\WINDOWS\SYSTEM32\DBGHELP.DLL
0x00007ffa115c0000 - 0x00007ffa11942000 	C:\WINDOWS\System32\combase.dll
0x00007ffa12920000 - 0x00007ffa129f6000 	C:\WINDOWS\System32\OLEAUT32.dll
0x00007ff9f8420000 - 0x00007ff9f8459000 	C:\WINDOWS\SYSTEM32\dbgcore.DLL
0x00007ffa0fd90000 - 0x00007ffa0fe29000 	C:\WINDOWS\System32\bcryptPrimitives.dll
0x00007ff9ee620000 - 0x00007ff9ee645000 	C:\Program Files\Java\jdk-17\bin\java.dll
0x00007ff9c9920000 - 0x00007ff9c99f7000 	C:\Program Files\Java\jdk-17\bin\jsvml.dll
0x00007ffa10a50000 - 0x00007ffa11165000 	C:\WINDOWS\System32\SHELL32.dll
0x00007ffa101a0000 - 0x00007ffa10308000 	C:\WINDOWS\System32\wintypes.dll
0x00007ffa0d8f0000 - 0x00007ffa0e135000 	C:\WINDOWS\SYSTEM32\windows.storage.dll
0x00007ffa11e80000 - 0x00007ffa11f6b000 	C:\WINDOWS\System32\SHCORE.dll
0x00007ffa128c0000 - 0x00007ffa1291d000 	C:\WINDOWS\System32\shlwapi.dll
0x00007ffa0fb50000 - 0x00007ffa0fb7f000 	C:\WINDOWS\SYSTEM32\profapi.dll
0x00007ff9dc9a0000 - 0x00007ff9dc9b9000 	C:\Program Files\Java\jdk-17\bin\net.dll
0x00007ffa06cc0000 - 0x00007ffa06dde000 	C:\WINDOWS\SYSTEM32\WINHTTP.dll
0x00007ffa0ef80000 - 0x00007ffa0efea000 	C:\WINDOWS\system32\mswsock.dll
0x00007ff9dc980000 - 0x00007ff9dc996000 	C:\Program Files\Java\jdk-17\bin\nio.dll
0x00007ff9dc960000 - 0x00007ff9dc978000 	C:\Program Files\Java\jdk-17\bin\zip.dll
0x00007ff9fe030000 - 0x00007ff9fe03a000 	C:\Program Files\Java\jdk-17\bin\management.dll
0x00007ff9fdf20000 - 0x00007ff9fdf2b000 	C:\Program Files\Java\jdk-17\bin\management_ext.dll
0x00007ff9f0b90000 - 0x00007ff9f0ba8000 	C:\WINDOWS\system32\napinsp.dll
0x00007ffa0e550000 - 0x00007ffa0e675000 	C:\WINDOWS\SYSTEM32\DNSAPI.dll
0x00007ffa0e4b0000 - 0x00007ffa0e4e3000 	C:\WINDOWS\SYSTEM32\IPHLPAPI.DLL
0x00007ffa10990000 - 0x00007ffa1099a000 	C:\WINDOWS\System32\NSI.dll
0x00007ff9f0b70000 - 0x00007ff9f0b82000 	C:\WINDOWS\System32\winrnr.dll
0x00007ff9f0b40000 - 0x00007ff9f0b62000 	C:\WINDOWS\system32\nlansp_c.dll
0x00007ffa056c0000 - 0x00007ffa056d6000 	C:\WINDOWS\system32\wshbth.dll
0x00007ffa06a40000 - 0x00007ffa06a4b000 	C:\Windows\System32\rasadhlp.dll
0x00007ffa0a000000 - 0x00007ffa0a085000 	C:\WINDOWS\System32\fwpuclnt.dll
0x00007ffa0f220000 - 0x00007ffa0f23c000 	C:\WINDOWS\SYSTEM32\CRYPTSP.dll
0x00007ffa0e9c0000 - 0x00007ffa0e9fa000 	C:\WINDOWS\system32\rsaenh.dll
0x00007ffa0f020000 - 0x00007ffa0f04b000 	C:\WINDOWS\SYSTEM32\USERENV.dll
0x00007ffa0f460000 - 0x00007ffa0f486000 	C:\WINDOWS\SYSTEM32\bcrypt.dll
0x00007ffa0f240000 - 0x00007ffa0f24c000 	C:\WINDOWS\SYSTEM32\CRYPTBASE.dll
0x00007ffa098f0000 - 0x00007ffa0990f000 	C:\WINDOWS\SYSTEM32\dhcpcsvc6.DLL
0x00007ffa09400000 - 0x00007ffa09425000 	C:\WINDOWS\SYSTEM32\dhcpcsvc.DLL
0x00007ff9f5160000 - 0x00007ff9f516e000 	C:\Program Files\Java\jdk-17\bin\sunmscapi.dll
0x00007ffa106e0000 - 0x00007ffa10857000 	C:\WINDOWS\System32\CRYPT32.dll
0x00007ffa0f420000 - 0x00007ffa0f450000 	C:\WINDOWS\SYSTEM32\ncrypt.dll
0x00007ffa0f3d0000 - 0x00007ffa0f40f000 	C:\WINDOWS\SYSTEM32\NTASN1.dll
0x00007ff9f2cb0000 - 0x00007ff9f2cc0000 	C:\Program Files\Java\jdk-17\bin\verify.dll
0x00007ffa068e0000 - 0x00007ffa068e8000 	C:\WINDOWS\system32\wshunix.dll

dbghelp: loaded successfully - version: 4.0.5 - missing functions: none
symbol engine: initialized successfully - sym options: 0x614 - pdb path: .;C:\Program Files\Java\jdk-17\bin;C:\WINDOWS\SYSTEM32;C:\WINDOWS\WinSxS\amd64_microsoft.windows.common-controls_6595b64144ccf1df_6.0.26100.3323_none_3e088096e3344490;C:\Program Files\Java\jdk-17\bin\server

VM Arguments:
jvm_args: -Dcom.sun.management.jmxremote -Dcom.sun.management.jmxremote.port=59075 -Dcom.sun.management.jmxremote.authenticate=false -Dcom.sun.management.jmxremote.ssl=false -Dspring.jmx.enabled=true -Djava.rmi.server.hostname=localhost -Dspring.application.admin.enabled=true -Dspring.boot.project.name=laptopshop -XX:+ShowCodeDetailsInExceptionMessages -Dmanagement.endpoints.jmx.exposure.include=* 
java_command: vn.hoidanit.laptopshop.LaptopshopApplication
java_class_path (initial): C:\Users\MSI\Downloads\Compressed\01-java-spring-laptopshop-starter-master\01-java-spring-laptopshop-starter-master\target\classes;C:\Users\MSI\.m2\repository\org\springframework\boot\spring-boot-starter-actuator\3.2.2\spring-boot-starter-actuator-3.2.2.jar;C:\Users\MSI\.m2\repository\org\springframework\boot\spring-boot-actuator-autoconfigure\3.2.2\spring-boot-actuator-autoconfigure-3.2.2.jar;C:\Users\MSI\.m2\repository\org\springframework\boot\spring-boot-actuator\3.2.2\spring-boot-actuator-3.2.2.jar;C:\Users\MSI\.m2\repository\com\fasterxml\jackson\core\jackson-databind\2.15.3\jackson-databind-2.15.3.jar;C:\Users\MSI\.m2\repository\com\fasterxml\jackson\core\jackson-annotations\2.15.3\jackson-annotations-2.15.3.jar;C:\Users\MSI\.m2\repository\com\fasterxml\jackson\core\jackson-core\2.15.3\jackson-core-2.15.3.jar;C:\Users\MSI\.m2\repository\com\fasterxml\jackson\datatype\jackson-datatype-jsr310\2.15.3\jackson-datatype-jsr310-2.15.3.jar;C:\Users\MSI\.m2\repository\io\micrometer\micrometer-observation\1.12.2\micrometer-observation-1.12.2.jar;C:\Users\MSI\.m2\repository\io\micrometer\micrometer-commons\1.12.2\micrometer-commons-1.12.2.jar;C:\Users\MSI\.m2\repository\io\micrometer\micrometer-jakarta9\1.12.2\micrometer-jakarta9-1.12.2.jar;C:\Users\MSI\.m2\repository\io\micrometer\micrometer-core\1.12.2\micrometer-core-1.12.2.jar;C:\Users\MSI\.m2\repository\org\hdrhistogram\HdrHistogram\2.1.12\HdrHistogram-2.1.12.jar;C:\Users\MSI\.m2\repository\org\latencyutils\LatencyUtils\2.0.3\LatencyUtils-2.0.3.jar;C:\Users\MSI\.m2\repository\org\springframework\boot\spring-boot-starter-web\3.2.2\spring-boot-starter-web-3.2.2.jar;C:\Users\MSI\.m2\repository\org\springframework\boot\spring-boot-starter-json\3.2.2\spring-boot-starter-json-3.2.2.jar;C:\Users\MSI\.m2\repository\com\fasterxml\jackson\datatype\jackson-datatype-jdk8\2.15.3\jackson-datatype-jdk8-2.15.3.jar;C:\Users\MSI\.m2\repository\com\fasterxml\jackson\module\jackson-module-parameter-names\2.
Launcher Type: SUN_STANDARD

[Global flags]
     intx CICompilerCount                          = 12                                        {product} {ergonomic}
     uint ConcGCThreads                            = 3                                         {product} {ergonomic}
     uint G1ConcRefinementThreads                  = 13                                        {product} {ergonomic}
   size_t G1HeapRegionSize                         = 2097152                                   {product} {ergonomic}
    uintx GCDrainStackTargetSize                   = 64                                        {product} {ergonomic}
   size_t InitialHeapSize                          = 260046848                                 {product} {ergonomic}
     bool ManagementServer                         = true                                      {product} {command line}
   size_t MarkStackSize                            = 4194304                                   {product} {ergonomic}
   size_t MaxHeapSize                              = 4131389440                                {product} {ergonomic}
   size_t MaxNewSize                               = 2478833664                                {product} {ergonomic}
   size_t MinHeapDeltaBytes                        = 2097152                                   {product} {ergonomic}
   size_t MinHeapSize                              = 8388608                                   {product} {ergonomic}
    uintx NonNMethodCodeHeapSize                   = 7602480                                {pd product} {ergonomic}
    uintx NonProfiledCodeHeapSize                  = 122027880                              {pd product} {ergonomic}
    uintx ProfiledCodeHeapSize                     = 122027880                              {pd product} {ergonomic}
    uintx ReservedCodeCacheSize                    = 251658240                              {pd product} {ergonomic}
     bool SegmentedCodeCache                       = true                                      {product} {ergonomic}
     bool ShowCodeDetailsInExceptionMessages       = true                                   {manageable} {command line}
   size_t SoftMaxHeapSize                          = 4131389440                             {manageable} {ergonomic}
     bool UseCompressedClassPointers               = true                           {product lp64_product} {ergonomic}
     bool UseCompressedOops                        = true                           {product lp64_product} {ergonomic}
     bool UseG1GC                                  = true                                      {product} {ergonomic}
     bool UseLargePagesIndividualAllocation        = false                                  {pd product} {ergonomic}

Logging:
Log output configuration:
 #0: stdout all=warning uptime,level,tags
 #1: stderr all=off uptime,level,tags

Environment Variables:
PATH=C:\Program Files (x86)\VMware\VMware Workstation\bin\;C:\Program Files\Microsoft MPI\Bin\;C:\WINDOWS\system32;C:\WINDOWS;C:\WINDOWS\System32\Wbem;C:\WINDOWS\System32\WindowsPowerShell\v1.0\;C:\WINDOWS\System32\OpenSSH\;C:\Program Files\nodejs\;C:\Program Files (x86)\Microsoft SQL Server\160\Tools\Binn\;C:\Program Files\Microsoft SQL Server\160\Tools\Binn\;C:\Program Files\Microsoft SQL Server\Client SDK\ODBC\170\Tools\Binn\;C:\Program Files\Microsoft SQL Server\160\DTS\Binn\;C:\Program Files (x86)\Microsoft SQL Server\160\DTS\Binn\;C:\Program Files\Git LFS;C:\Program Files\Git\cmd;C:\Program Files\Java\jdk-17\bin;C:\Program Files\PowerShell\7\;C:\Program Files\MySQL\MySQL Shell 8.0\bin\;C:\Users\MSI\AppData\Local\Programs\Python\Python313;C:\Users\MSI\AppData\Local\Microsoft\WindowsApps;C:\Users\MSI\AppData\Local\Programs\Microsoft VS Code\bin;C:\Users\MSI\AppData\Roaming\npm;C:\Program Files\JetBrains\IntelliJ IDEA 2024.3.1.1\bin;;C:\Program Files\Java\jdk-17\bin;
USERNAME=MSI
LANG=en_US.UTF-8
OS=Windows_NT
PROCESSOR_IDENTIFIER=AMD64 Family 25 Model 80 Stepping 0, AuthenticAMD



---------------  S Y S T E M  ---------------

OS:
 Windows 11 , 64 bit Build 26100 (10.0.26100.3323)
OS uptime: 3 days 17:24 hours
Hyper-V role detected

CPU: total 16 (initial active 16) (16 cores per cpu, 2 threads per core) family 25 model 80 stepping 0 microcode 0xa50000c, cx8, cmov, fxsr, ht, mmx, 3dnowpref, sse, sse2, sse3, ssse3, sse4a, sse4.1, sse4.2, popcnt, lzcnt, tsc, tscinvbit, avx, avx2, aes, erms, clmul, bmi1, bmi2, adx, sha, fma, vzeroupper, clflush, clflushopt, hv

Memory: 4k page, system-wide physical 15752M (5547M free)
TotalPageFile size 15752M (AvailPageFile size 1M)
current process WorkingSet (physical memory assigned to process): 299M, peak: 396M
current process commit charge ("private bytes"): 344M, peak: 444M

vm_info: Java HotSpot(TM) 64-Bit Server VM (17.0.11+7-LTS-207) for windows-amd64 JRE (17.0.11+7-LTS-207), built on Mar 11 2024 19:01:50 by "mach5one" with MS VC++ 17.6 (VS2022)

END.
