#
# There is insufficient memory for the Java Runtime Environment to continue.
# Native memory allocation (malloc) failed to allocate 131088 bytes for Chunk::new
# Possible reasons:
#   The system is out of physical RAM or swap space
#   The process is running with CompressedOops enabled, and the Java Heap may be blocking the growth of the native heap
# Possible solutions:
#   Reduce memory load on the system
#   Increase physical memory or swap space
#   Check if swap backing store is full
#   Decrease Java heap size (-Xmx/-Xms)
#   Decrease number of Java threads
#   Decrease Java thread stack sizes (-Xss)
#   Set larger code cache with -XX:ReservedCodeCacheSize=
#   JVM is running with Zero Based Compressed Oops mode in which the Java heap is
#     placed in the first 32GB address space. The Java Heap base address is the
#     maximum limit for the native heap growth. Please use -XX:HeapBaseMinAddress
#     to set the Java Heap base and to place the Java Heap above 32GB virtual address.
# This output file may be truncated or incomplete.
#
#  Out of Memory Error (arena.cpp:189), pid=164, tid=19660
#
# JRE version: Java(TM) SE Runtime Environment (17.0.11+7) (build 17.0.11+7-LTS-207)
# Java VM: Java HotSpot(TM) 64-Bit Server VM (17.0.11+7-LTS-207, mixed mode, sharing, tiered, compressed oops, compressed class ptrs, g1 gc, windows-amd64)
# No core dump will be written. Minidumps are not enabled by default on client versions of Windows
#

---------------  S U M M A R Y ------------

Command Line: -XX:+ShowCodeDetailsInExceptionMessages -Dspring.jmx.enabled=true -Dmanagement.endpoints.jmx.exposure.include=* -Dspring.application.admin.enabled=true -Dspring.boot.project.name=laptopshop -Djava.rmi.server.hostname=localhost -Dcom.sun.management.jmxremote.port=45556 -Dcom.sun.management.jmxremote.authenticate=false -Dcom.sun.management.jmxremote.ssl=false vn.Hieu.laptopshop.LaptopshopApplication

Host: AMD Ryzen 7 5800H with Radeon Graphics         , 16 cores, 15G,  Windows 11 , 64 bit Build 26100 (10.0.26100.3912)
Time: Thu May  1 22:05:21 2025 SE Asia Standard Time elapsed time: 27.344998 seconds (0d 0h 0m 27s)

---------------  T H R E A D  ---------------

Current thread (0x0000028222688e60):  JavaThread "C2 CompilerThread2" daemon [_thread_in_native, id=19660, stack(0x0000009cbb600000,0x0000009cbb700000)]


Current CompileTask:
C2:  27345 10322       4       org.eclipse.jdt.internal.compiler.lookup.LookupEnvironment::getTypeFromTypeSignature (770 bytes)

Stack: [0x0000009cbb600000,0x0000009cbb700000]
Native frames: (J=compiled Java code, j=interpreted, Vv=VM code, C=native code)
V  [jvm.dll+0x679cca]
V  [jvm.dll+0x7da13d]
V  [jvm.dll+0x7dba83]
V  [jvm.dll+0x7dc0f3]
V  [jvm.dll+0x2449af]
V  [jvm.dll+0xab83b]
V  [jvm.dll+0xabe1c]
V  [jvm.dll+0xab954]
V  [jvm.dll+0x6d052c]
V  [jvm.dll+0x58b507]
V  [jvm.dll+0x58e240]
V  [jvm.dll+0x578047]
V  [jvm.dll+0x578814]
V  [jvm.dll+0x57abc2]
V  [jvm.dll+0x57a6c9]
V  [jvm.dll+0x57a5b0]
V  [jvm.dll+0x57a737]
V  [jvm.dll+0x58217a]
V  [jvm.dll+0x21ed62]
V  [jvm.dll+0x21f13f]
V  [jvm.dll+0x218331]
V  [jvm.dll+0x215505]
V  [jvm.dll+0x1a2040]
V  [jvm.dll+0x225a2b]
V  [jvm.dll+0x223bcb]
V  [jvm.dll+0x7903ec]
V  [jvm.dll+0x78a85a]
V  [jvm.dll+0x678bb5]
C  [ucrtbase.dll+0x37b0]
C  [KERNEL32.DLL+0x2e8d7]
C  [ntdll.dll+0x9c5dc]


---------------  P R O C E S S  ---------------

Threads class SMR info:
_java_thread_list=0x0000028224461370, length=45, elements={
0x00000281db9fb8a0, 0x00000281db9fcdd0, 0x00000281dba0e5e0, 0x0000028221001090,
0x00000282210025c0, 0x000002822100bb00, 0x00000282210158c0, 0x000002822101d700,
0x0000028221021300, 0x000002822101ea80, 0x0000028221021810, 0x000002822101f4a0,
0x0000028221020df0, 0x000002822101e570, 0x000002822101f9b0, 0x000002822101e060,
0x000002822101fec0, 0x000002822101ef90, 0x00000282220b9920, 0x00000282220b84e0,
0x00000282220b8f00, 0x00000282220ba850, 0x00000282220bad60, 0x00000282220bd5e0,
0x00000282220bcbc0, 0x00000282220be510, 0x00000282220bc6b0, 0x00000282220bb780,
0x00000282220bdaf0, 0x00000282220bc1a0, 0x00000282220be000, 0x00000282220bef30,
0x00000282220bd0d0, 0x00000282220bea20, 0x00000282220bf440, 0x00000282220bbc90,
0x0000028229c2efb0, 0x0000028229c2db70, 0x0000028222683960, 0x0000028222688e60,
0x00000282226863e0, 0x0000028222687e70, 0x0000028222687920, 0x00000282226893b0,
0x0000028221e0a8f0
}

Java Threads: ( => current thread )
  0x00000281db9fb8a0 JavaThread "Reference Handler" daemon [_thread_blocked, id=23612, stack(0x0000009cbac00000,0x0000009cbad00000)]
  0x00000281db9fcdd0 JavaThread "Finalizer" daemon [_thread_blocked, id=13952, stack(0x0000009cbad00000,0x0000009cbae00000)]
  0x00000281dba0e5e0 JavaThread "Signal Dispatcher" daemon [_thread_blocked, id=7988, stack(0x0000009cbae00000,0x0000009cbaf00000)]
  0x0000028221001090 JavaThread "Attach Listener" daemon [_thread_blocked, id=10780, stack(0x0000009cbaf00000,0x0000009cbb000000)]
  0x00000282210025c0 JavaThread "Service Thread" daemon [_thread_blocked, id=21880, stack(0x0000009cbb000000,0x0000009cbb100000)]
  0x000002822100bb00 JavaThread "Monitor Deflation Thread" daemon [_thread_blocked, id=23680, stack(0x0000009cbb100000,0x0000009cbb200000)]
  0x00000282210158c0 JavaThread "C2 CompilerThread0" daemon [_thread_in_native, id=20312, stack(0x0000009cbb200000,0x0000009cbb300000)]
  0x000002822101d700 JavaThread "C1 CompilerThread0" daemon [_thread_blocked, id=760, stack(0x0000009cbb300000,0x0000009cbb400000)]
  0x0000028221021300 JavaThread "Sweeper thread" daemon [_thread_blocked, id=12788, stack(0x0000009cbb400000,0x0000009cbb500000)]
  0x000002822101ea80 JavaThread "Common-Cleaner" daemon [_thread_blocked, id=13468, stack(0x0000009cbb500000,0x0000009cbb600000)]
  0x0000028221021810 JavaThread "Notification Thread" daemon [_thread_blocked, id=17172, stack(0x0000009cbb900000,0x0000009cbba00000)]
  0x000002822101f4a0 JavaThread "RMI TCP Accept-0" daemon [_thread_in_native, id=22992, stack(0x0000009cbba00000,0x0000009cbbb00000)]
  0x0000028221020df0 JavaThread "RMI TCP Accept-45556" daemon [_thread_in_native, id=4108, stack(0x0000009cbbb00000,0x0000009cbbc00000)]
  0x000002822101e570 JavaThread "RMI TCP Accept-0" daemon [_thread_in_native, id=21564, stack(0x0000009cbbc00000,0x0000009cbbd00000)]
  0x000002822101f9b0 JavaThread "RMI TCP Connection(1)-127.0.0.1" daemon [_thread_in_native, id=1564, stack(0x0000009cbc400000,0x0000009cbc500000)]
  0x000002822101e060 JavaThread "RMI Scheduler(0)" daemon [_thread_blocked, id=23936, stack(0x0000009cbc500000,0x0000009cbc600000)]
  0x000002822101fec0 JavaThread "RMI TCP Connection(2)-127.0.0.1" daemon [_thread_blocked, id=12156, stack(0x0000009cbc600000,0x0000009cbc700000)]
  0x000002822101ef90 JavaThread "JMX server connection timeout 30" daemon [_thread_blocked, id=19712, stack(0x0000009cbc700000,0x0000009cbc800000)]
  0x00000282220b9920 JavaThread "Catalina-utility-1" [_thread_blocked, id=22420, stack(0x0000009cbd900000,0x0000009cbda00000)]
  0x00000282220b84e0 JavaThread "Catalina-utility-2" [_thread_blocked, id=5644, stack(0x0000009cbda00000,0x0000009cbdb00000)]
  0x00000282220b8f00 JavaThread "container-0" [_thread_blocked, id=19508, stack(0x0000009cbdb00000,0x0000009cbdc00000)]
  0x00000282220ba850 JavaThread "mysql-cj-abandoned-connection-cleanup" daemon [_thread_blocked, id=20764, stack(0x0000009cbdc00000,0x0000009cbdd00000)]
  0x00000282220bad60 JavaThread "HikariPool-1 housekeeper" daemon [_thread_blocked, id=8772, stack(0x0000009cbde00000,0x0000009cbdf00000)]
  0x00000282220bd5e0 JavaThread "File Watcher" daemon [_thread_blocked, id=9172, stack(0x0000009cbe000000,0x0000009cbe100000)]
  0x00000282220bcbc0 JavaThread "Live Reload Server" daemon [_thread_in_native, id=20860, stack(0x0000009cbe200000,0x0000009cbe300000)]
  0x00000282220be510 JavaThread "http-nio-8080-exec-1" daemon [_thread_blocked, id=19916, stack(0x0000009cbe100000,0x0000009cbe200000)]
  0x00000282220bc6b0 JavaThread "http-nio-8080-exec-2" daemon [_thread_blocked, id=21280, stack(0x0000009cbe300000,0x0000009cbe400000)]
  0x00000282220bb780 JavaThread "http-nio-8080-exec-3" daemon [_thread_blocked, id=23604, stack(0x0000009cbe400000,0x0000009cbe500000)]
  0x00000282220bdaf0 JavaThread "http-nio-8080-exec-4" daemon [_thread_blocked, id=2288, stack(0x0000009cbe500000,0x0000009cbe600000)]
  0x00000282220bc1a0 JavaThread "http-nio-8080-exec-5" daemon [_thread_blocked, id=23740, stack(0x0000009cbe600000,0x0000009cbe700000)]
  0x00000282220be000 JavaThread "http-nio-8080-exec-6" daemon [_thread_blocked, id=22604, stack(0x0000009cbe700000,0x0000009cbe800000)]
  0x00000282220bef30 JavaThread "http-nio-8080-exec-7" daemon [_thread_blocked, id=14192, stack(0x0000009cbe800000,0x0000009cbe900000)]
  0x00000282220bd0d0 JavaThread "http-nio-8080-exec-8" daemon [_thread_blocked, id=18736, stack(0x0000009cbe900000,0x0000009cbea00000)]
  0x00000282220bea20 JavaThread "http-nio-8080-exec-9" daemon [_thread_blocked, id=24452, stack(0x0000009cbea00000,0x0000009cbeb00000)]
  0x00000282220bf440 JavaThread "http-nio-8080-exec-10" daemon [_thread_blocked, id=5948, stack(0x0000009cbeb00000,0x0000009cbec00000)]
  0x00000282220bbc90 JavaThread "http-nio-8080-Poller" daemon [_thread_blocked, id=18656, stack(0x0000009cbec00000,0x0000009cbed00000)]
  0x0000028229c2efb0 JavaThread "http-nio-8080-Acceptor" daemon [_thread_in_native, id=10376, stack(0x0000009cbed00000,0x0000009cbee00000)]
  0x0000028229c2db70 JavaThread "DestroyJavaVM" [_thread_blocked, id=412, stack(0x0000009cba500000,0x0000009cba600000)]
  0x0000028222683960 JavaThread "C2 CompilerThread1" daemon [_thread_in_native, id=21868, stack(0x0000009cbc800000,0x0000009cbc900000)]
=>0x0000028222688e60 JavaThread "C2 CompilerThread2" daemon [_thread_in_native, id=19660, stack(0x0000009cbb600000,0x0000009cbb700000)]
  0x00000282226863e0 JavaThread "C2 CompilerThread3" daemon [_thread_in_native, id=15992, stack(0x0000009cbc900000,0x0000009cbca00000)]
  0x0000028222687e70 JavaThread "C2 CompilerThread4" daemon [_thread_in_native, id=15628, stack(0x0000009cbca00000,0x0000009cbcb00000)]
  0x0000028222687920 JavaThread "C2 CompilerThread5" daemon [_thread_in_native, id=23900, stack(0x0000009cbcb00000,0x0000009cbcc00000)]
  0x00000282226893b0 JavaThread "C1 CompilerThread1" daemon [_thread_blocked, id=8916, stack(0x0000009cbcc00000,0x0000009cbcd00000)]
  0x0000028221e0a8f0 JavaThread "C2 CompilerThread6" daemon [_thread_in_native, id=1968, stack(0x0000009cbd700000,0x0000009cbd800000)]

Other Threads:
  0x00000281db9f7390 VMThread "VM Thread" [stack: 0x0000009cbab00000,0x0000009cbac00000] [id=10700] _threads_hazard_ptr=0x0000028224461370
  0x00000281b87a5230 WatcherThread [stack: 0x0000009cbbd00000,0x0000009cbbe00000] [id=13680]
  0x00000281b8816a50 GCTaskThread "GC Thread#0" [stack: 0x0000009cba600000,0x0000009cba700000] [id=24488]
  0x00000282220351d0 GCTaskThread "GC Thread#1" [stack: 0x0000009cbbe00000,0x0000009cbbf00000] [id=21536]
  0x0000028222035490 GCTaskThread "GC Thread#2" [stack: 0x0000009cbbf00000,0x0000009cbc000000] [id=20120]
  0x0000028222035750 GCTaskThread "GC Thread#3" [stack: 0x0000009cbc000000,0x0000009cbc100000] [id=10900]
  0x00000282222cf510 GCTaskThread "GC Thread#4" [stack: 0x0000009cbc100000,0x0000009cbc200000] [id=13728]
  0x0000028221fed680 GCTaskThread "GC Thread#5" [stack: 0x0000009cbc200000,0x0000009cbc300000] [id=19668]
  0x0000028221e0f5a0 GCTaskThread "GC Thread#6" [stack: 0x0000009cbc300000,0x0000009cbc400000] [id=22832]
  0x00000282222da0c0 GCTaskThread "GC Thread#7" [stack: 0x0000009cbcd00000,0x0000009cbce00000] [id=15252]
  0x000002822268b890 GCTaskThread "GC Thread#8" [stack: 0x0000009cbce00000,0x0000009cbcf00000] [id=11484]
  0x0000028223c31d70 GCTaskThread "GC Thread#9" [stack: 0x0000009cbcf00000,0x0000009cbd000000] [id=24508]
  0x0000028222f53da0 GCTaskThread "GC Thread#10" [stack: 0x0000009cbd000000,0x0000009cbd100000] [id=18636]
  0x0000028222f46ff0 GCTaskThread "GC Thread#11" [stack: 0x0000009cbd100000,0x0000009cbd200000] [id=9936]
  0x0000028222f472b0 GCTaskThread "GC Thread#12" [stack: 0x0000009cbd200000,0x0000009cbd300000] [id=18360]
  0x00000281b8829050 ConcurrentGCThread "G1 Main Marker" [stack: 0x0000009cba700000,0x0000009cba800000] [id=5704]
  0x00000281b882a4d0 ConcurrentGCThread "G1 Conc#0" [stack: 0x0000009cba800000,0x0000009cba900000] [id=8460]
  0x0000028222217390 ConcurrentGCThread "G1 Conc#1" [stack: 0x0000009cbd300000,0x0000009cbd400000] [id=23436]
  0x0000028222216b50 ConcurrentGCThread "G1 Conc#2" [stack: 0x0000009cbd400000,0x0000009cbd500000] [id=16188]
  0x00000281db8b2f60 ConcurrentGCThread "G1 Refine#0" [stack: 0x0000009cba900000,0x0000009cbaa00000] [id=16116]
  0x00000282298fe140 ConcurrentGCThread "G1 Refine#1" [stack: 0x0000009cbb700000,0x0000009cbb800000] [id=3120]
  0x00000282298fdb60 ConcurrentGCThread "G1 Refine#2" [stack: 0x0000009cbb800000,0x0000009cbb900000] [id=21108]
  0x00000281db8b3890 ConcurrentGCThread "G1 Service" [stack: 0x0000009cbaa00000,0x0000009cbab00000] [id=5400]

Threads with active compile tasks:
C2 CompilerThread0    30380 10289   !   4       org.eclipse.jdt.internal.compiler.classfmt.ClassFileReader::<init> (2113 bytes)
C2 CompilerThread1    30380 10280       4       org.eclipse.jdt.internal.compiler.parser.Parser::consumeToken (2309 bytes)
C2 CompilerThread2    30380 10322       4       org.eclipse.jdt.internal.compiler.lookup.LookupEnvironment::getTypeFromTypeSignature (770 bytes)
C2 CompilerThread3    30380 10277       4       org.apache.jasper.compiler.Generator$GenerateVisitor::visit (768 bytes)
C2 CompilerThread4    30380 10271   !   4       com.sun.org.apache.xerces.internal.impl.XMLDocumentFragmentScannerImpl$FragmentContentDriver::next (2331 bytes)
C2 CompilerThread5    30380 10303   !   4       org.eclipse.jdt.internal.compiler.lookup.BinaryTypeBinding::superclass (207 bytes)
C1 CompilerThread1    30380 10457       3       org.springframework.boot.devtools.filewatch.FileSnapshot::<init> (64 bytes)
C2 CompilerThread6    30380 10290       4       org.eclipse.jdt.internal.compiler.classfmt.MethodInfo::initialize (35 bytes)

VM state: synchronizing (normal execution)

VM Mutex/Monitor currently owned by a thread:  ([mutex/lock_event])
[0x00000281b879f710] Threads_lock - owner thread: 0x00000281db9f7390

Heap address: 0x0000000709c00000, size: 3940 MB, Compressed Oops mode: Zero based, Oop shift amount: 3

CDS archive(s) mapped at: [0x00000281dc000000-0x00000281dcbd0000-0x00000281dcbd0000), size 12386304, SharedBaseAddress: 0x00000281dc000000, ArchiveRelocationMode: 1.
Compressed class space mapped at: 0x00000281dd000000-0x000002821d000000, reserved size: 1073741824
Narrow klass base: 0x00000281dc000000, Narrow klass shift: 0, Narrow klass range: 0x100000000

GC Precious Log:
 CPUs: 16 total, 16 available
 Memory: 15752M
 Large Page Support: Disabled
 NUMA Support: Disabled
 Compressed Oops: Enabled (Zero based)
 Heap Region Size: 2M
 Heap Min Capacity: 8M
 Heap Initial Capacity: 248M
 Heap Max Capacity: 3940M
 Pre-touch: Disabled
 Parallel Workers: 13
 Concurrent Workers: 3
 Concurrent Refinement Workers: 13
 Periodic GC: Disabled

Heap:
 garbage-first heap   total 110592K, used 44748K [0x0000000709c00000, 0x0000000800000000)
  region size 2048K, 5 young (10240K), 2 survivors (4096K)
 Metaspace       used 90844K, committed 91648K, reserved 1179648K
  class space    used 11572K, committed 11968K, reserved 1048576K

Heap Regions: E=young(eden), S=young(survivor), O=old, HS=humongous(starts), HC=humongous(continues), CS=collection set, F=free, OA=open archive, CA=closed archive, TAMS=top-at-mark-start (previous, next)
|   0|0x0000000709c00000, 0x0000000709e00000, 0x0000000709e00000|100%| O|  |TAMS 0x0000000709e00000, 0x0000000709c00000| Untracked 
|   1|0x0000000709e00000, 0x000000070a000000, 0x000000070a000000|100%| O|  |TAMS 0x000000070a000000, 0x0000000709e00000| Untracked 
|   2|0x000000070a000000, 0x000000070a200000, 0x000000070a200000|100%| O|  |TAMS 0x000000070a200000, 0x000000070a000000| Untracked 
|   3|0x000000070a200000, 0x000000070a200000, 0x000000070a400000|  0%| F|  |TAMS 0x000000070a200000, 0x000000070a200000| Untracked 
|   4|0x000000070a400000, 0x000000070a600000, 0x000000070a600000|100%| O|  |TAMS 0x000000070a600000, 0x000000070a400000| Untracked 
|   5|0x000000070a600000, 0x000000070a800000, 0x000000070a800000|100%| O|  |TAMS 0x000000070a800000, 0x000000070a600000| Untracked 
|   6|0x000000070a800000, 0x000000070aa00000, 0x000000070aa00000|100%| O|  |TAMS 0x000000070aa00000, 0x000000070a800000| Untracked 
|   7|0x000000070aa00000, 0x000000070ac00000, 0x000000070ac00000|100%| O|  |TAMS 0x000000070ac00000, 0x000000070aa00000| Untracked 
|   8|0x000000070ac00000, 0x000000070ae00000, 0x000000070ae00000|100%| O|  |TAMS 0x000000070ae00000, 0x000000070ac00000| Untracked 
|   9|0x000000070ae00000, 0x000000070b000000, 0x000000070b000000|100%| O|  |TAMS 0x000000070b000000, 0x000000070ae00000| Untracked 
|  10|0x000000070b000000, 0x000000070b200000, 0x000000070b200000|100%| O|  |TAMS 0x000000070b200000, 0x000000070b000000| Untracked 
|  11|0x000000070b200000, 0x000000070b400000, 0x000000070b400000|100%| O|  |TAMS 0x000000070b200000, 0x000000070b200000| Untracked 
|  12|0x000000070b400000, 0x000000070b600000, 0x000000070b600000|100%| O|  |TAMS 0x000000070b600000, 0x000000070b400000| Untracked 
|  13|0x000000070b600000, 0x000000070b800000, 0x000000070b800000|100%| O|  |TAMS 0x000000070b800000, 0x000000070b600000| Untracked 
|  14|0x000000070b800000, 0x000000070ba00000, 0x000000070ba00000|100%| O|  |TAMS 0x000000070ba00000, 0x000000070b800000| Untracked 
|  15|0x000000070ba00000, 0x000000070bc00000, 0x000000070bc00000|100%| O|  |TAMS 0x000000070bba7800, 0x000000070ba00000| Untracked 
|  16|0x000000070bc00000, 0x000000070be00000, 0x000000070be00000|100%| O|  |TAMS 0x000000070bc00000, 0x000000070bc00000| Untracked 
|  17|0x000000070be00000, 0x000000070c000000, 0x000000070c000000|100%| O|  |TAMS 0x000000070be00000, 0x000000070be00000| Untracked 
|  18|0x000000070c000000, 0x000000070c1cc800, 0x000000070c200000| 89%| O|  |TAMS 0x000000070c000000, 0x000000070c000000| Untracked 
|  19|0x000000070c200000, 0x000000070c200000, 0x000000070c400000|  0%| F|  |TAMS 0x000000070c200000, 0x000000070c200000| Untracked 
|  20|0x000000070c400000, 0x000000070c400000, 0x000000070c600000|  0%| F|  |TAMS 0x000000070c400000, 0x000000070c400000| Untracked 
|  21|0x000000070c600000, 0x000000070c600000, 0x000000070c800000|  0%| F|  |TAMS 0x000000070c600000, 0x000000070c600000| Untracked 
|  22|0x000000070c800000, 0x000000070c800000, 0x000000070ca00000|  0%| F|  |TAMS 0x000000070c800000, 0x000000070c800000| Untracked 
|  23|0x000000070ca00000, 0x000000070ca00000, 0x000000070cc00000|  0%| F|  |TAMS 0x000000070ca00000, 0x000000070ca00000| Untracked 
|  24|0x000000070cc00000, 0x000000070cc00000, 0x000000070ce00000|  0%| F|  |TAMS 0x000000070cc00000, 0x000000070cc00000| Untracked 
|  25|0x000000070ce00000, 0x000000070ce00000, 0x000000070d000000|  0%| F|  |TAMS 0x000000070ce00000, 0x000000070ce00000| Untracked 
|  26|0x000000070d000000, 0x000000070d000000, 0x000000070d200000|  0%| F|  |TAMS 0x000000070d000000, 0x000000070d000000| Untracked 
|  27|0x000000070d200000, 0x000000070d200000, 0x000000070d400000|  0%| F|  |TAMS 0x000000070d200000, 0x000000070d200000| Untracked 
|  28|0x000000070d400000, 0x000000070d400000, 0x000000070d600000|  0%| F|  |TAMS 0x000000070d400000, 0x000000070d400000| Untracked 
|  29|0x000000070d600000, 0x000000070d7e6808, 0x000000070d800000| 95%| S|CS|TAMS 0x000000070d600000, 0x000000070d600000| Complete 
|  30|0x000000070d800000, 0x000000070da00000, 0x000000070da00000|100%| S|CS|TAMS 0x000000070d800000, 0x000000070d800000| Complete 
|  31|0x000000070da00000, 0x000000070da00000, 0x000000070dc00000|  0%| F|  |TAMS 0x000000070da00000, 0x000000070da00000| Untracked 
|  32|0x000000070dc00000, 0x000000070dc00000, 0x000000070de00000|  0%| F|  |TAMS 0x000000070dc00000, 0x000000070dc00000| Untracked 
|  33|0x000000070de00000, 0x000000070de00000, 0x000000070e000000|  0%| F|  |TAMS 0x000000070de00000, 0x000000070de00000| Untracked 
|  34|0x000000070e000000, 0x000000070e000000, 0x000000070e200000|  0%| F|  |TAMS 0x000000070e000000, 0x000000070e000000| Untracked 
|  35|0x000000070e200000, 0x000000070e200000, 0x000000070e400000|  0%| F|  |TAMS 0x000000070e200000, 0x000000070e200000| Untracked 
|  36|0x000000070e400000, 0x000000070e400000, 0x000000070e600000|  0%| F|  |TAMS 0x000000070e400000, 0x000000070e400000| Untracked 
|  37|0x000000070e600000, 0x000000070e600000, 0x000000070e800000|  0%| F|  |TAMS 0x000000070e600000, 0x000000070e600000| Untracked 
|  38|0x000000070e800000, 0x000000070e800000, 0x000000070ea00000|  0%| F|  |TAMS 0x000000070e800000, 0x000000070e800000| Untracked 
|  39|0x000000070ea00000, 0x000000070ea00000, 0x000000070ec00000|  0%| F|  |TAMS 0x000000070ea00000, 0x000000070ea00000| Untracked 
|  40|0x000000070ec00000, 0x000000070ec00000, 0x000000070ee00000|  0%| F|  |TAMS 0x000000070ec00000, 0x000000070ec00000| Untracked 
|  41|0x000000070ee00000, 0x000000070ee00000, 0x000000070f000000|  0%| F|  |TAMS 0x000000070ee00000, 0x000000070ee00000| Untracked 
|  42|0x000000070f000000, 0x000000070f000000, 0x000000070f200000|  0%| F|  |TAMS 0x000000070f000000, 0x000000070f000000| Untracked 
|  43|0x000000070f200000, 0x000000070f200000, 0x000000070f400000|  0%| F|  |TAMS 0x000000070f200000, 0x000000070f200000| Untracked 
|  44|0x000000070f400000, 0x000000070f400000, 0x000000070f600000|  0%| F|  |TAMS 0x000000070f400000, 0x000000070f400000| Untracked 
|  45|0x000000070f600000, 0x000000070f600000, 0x000000070f800000|  0%| F|  |TAMS 0x000000070f600000, 0x000000070f600000| Untracked 
|  46|0x000000070f800000, 0x000000070f800000, 0x000000070fa00000|  0%| F|  |TAMS 0x000000070f800000, 0x000000070f800000| Untracked 
|  47|0x000000070fa00000, 0x000000070fa00000, 0x000000070fc00000|  0%| F|  |TAMS 0x000000070fa00000, 0x000000070fa00000| Untracked 
|  48|0x000000070fc00000, 0x000000070fc00000, 0x000000070fe00000|  0%| F|  |TAMS 0x000000070fc00000, 0x000000070fc00000| Untracked 
|  49|0x000000070fe00000, 0x000000070fe00000, 0x0000000710000000|  0%| F|  |TAMS 0x000000070fe00000, 0x000000070fe00000| Untracked 
|  50|0x0000000710000000, 0x0000000710000000, 0x0000000710200000|  0%| F|  |TAMS 0x0000000710000000, 0x0000000710000000| Untracked 
|  51|0x0000000710200000, 0x0000000710400000, 0x0000000710400000|100%| E|  |TAMS 0x0000000710200000, 0x0000000710200000| Complete 
|  52|0x0000000710400000, 0x0000000710600000, 0x0000000710600000|100%| E|CS|TAMS 0x0000000710400000, 0x0000000710400000| Complete 
| 123|0x0000000719200000, 0x0000000719400000, 0x0000000719400000|100%| E|CS|TAMS 0x0000000719200000, 0x0000000719200000| Complete 

Card table byte_map: [0x00000281d00a0000,0x00000281d0860000] _byte_map_base: 0x00000281cc852000

Marking Bits (Prev, Next): (CMBitMap*) 0x00000281b8818f80, (CMBitMap*) 0x00000281b8818fc0
 Prev Bits: [0x00000281d1020000, 0x00000281d4db0000)
 Next Bits: [0x00000281d4db0000, 0x00000281d8b40000)

Polling page: 0x00000281b66f0000

Metaspace:

Usage:
  Non-class:     77.41 MB used.
      Class:     11.30 MB used.
       Both:     88.72 MB used.

Virtual space:
  Non-class space:      128.00 MB reserved,      77.81 MB ( 61%) committed,  2 nodes.
      Class space:        1.00 GB reserved,      11.69 MB (  1%) committed,  1 nodes.
             Both:        1.12 GB reserved,      89.50 MB (  8%) committed. 

Chunk freelists:
   Non-Class:  1.44 MB
       Class:  4.29 MB
        Both:  5.74 MB

MaxMetaspaceSize: unlimited
CompressedClassSpaceSize: 1.00 GB
Initial GC threshold: 21.00 MB
Current GC threshold: 119.94 MB
CDS: on
MetaspaceReclaimPolicy: balanced
 - commit_granule_bytes: 65536.
 - commit_granule_words: 8192.
 - virtual_space_node_default_size: 8388608.
 - enlarge_chunks_in_place: 1.
 - new_chunks_are_fully_committed: 0.
 - uncommit_free_chunks: 1.
 - use_allocation_guard: 0.
 - handle_deallocations: 1.


Internal statistics:

num_allocs_failed_limit: 12.
num_arena_births: 1134.
num_arena_deaths: 0.
num_vsnodes_births: 3.
num_vsnodes_deaths: 0.
num_space_committed: 1432.
num_space_uncommitted: 0.
num_chunks_returned_to_freelist: 12.
num_chunks_taken_from_freelist: 4263.
num_chunk_merges: 9.
num_chunk_splits: 3075.
num_chunks_enlarged: 2367.
num_inconsistent_stats: 0.

CodeHeap 'non-profiled nmethods': size=119168Kb used=6847Kb max_used=7239Kb free=112320Kb
 bounds [0x00000281c7bf0000, 0x00000281c8310000, 0x00000281cf050000]
CodeHeap 'profiled nmethods': size=119104Kb used=19033Kb max_used=20480Kb free=100071Kb
 bounds [0x00000281c0050000, 0x00000281c1460000, 0x00000281c74a0000]
CodeHeap 'non-nmethods': size=7488Kb used=1993Kb max_used=3193Kb free=5494Kb
 bounds [0x00000281c74a0000, 0x00000281c77d0000, 0x00000281c7bf0000]
 total_blobs=9432 nmethods=8655 adapters=686
 compilation: enabled
              stopped_count=0, restarted_count=0
 full_count=0

Compilation events (20 events):
Event: 23.211 Thread 0x000002822101d700 nmethod 10418 0x00000281c7c60e10 code [0x00000281c7c60fa0, 0x00000281c7c61078]
Event: 23.211 Thread 0x00000282226893b0 nmethod 10415 0x00000281c0cf2f90 code [0x00000281c0cf3140, 0x00000281c0cf3378]
Event: 23.212 Thread 0x0000028221e0a8f0 10337       4       org.apache.jasper.compiler.SmapUtil$SDEInstaller::copy (46 bytes)
Event: 23.222 Thread 0x0000028221e0a8f0 nmethod 10337 0x00000281c7c60990 code [0x00000281c7c60b00, 0x00000281c7c60d58]
Event: 23.222 Thread 0x0000028221e0a8f0 10333       4       org.eclipse.jdt.internal.compiler.codegen.ConstantPool::literalIndexForLdc (690 bytes)
Event: 23.307 Thread 0x0000028221e0a8f0 nmethod 10333 0x00000281c8228190 code [0x00000281c82283e0, 0x00000281c822a490]
Event: 23.307 Thread 0x0000028221e0a8f0 10275       4       java.nio.CharBuffer::arrayOffset (35 bytes)
Event: 23.308 Thread 0x0000028221e0a8f0 nmethod 10275 0x00000281c7c60690 code [0x00000281c7c60800, 0x00000281c7c608b8]
Event: 23.308 Thread 0x0000028221e0a8f0 10292       4       org.eclipse.jdt.internal.compiler.lookup.Binding::isValidBinding (11 bytes)
Event: 23.308 Thread 0x0000028221e0a8f0 nmethod 10292 0x00000281c7c60110 code [0x00000281c7c60280, 0x00000281c7c60318]
Event: 23.308 Thread 0x0000028221e0a8f0 10288       4       org.eclipse.jdt.internal.compiler.classfmt.MethodInfo::getExceptionTypeNames (16 bytes)
Event: 23.309 Thread 0x0000028221e0a8f0 nmethod 10288 0x00000281c81f7010 code [0x00000281c81f71a0, 0x00000281c81f7248]
Event: 23.309 Thread 0x0000028221e0a8f0 10320       4       org.eclipse.jdt.internal.compiler.lookup.ReferenceBinding::hashCode (38 bytes)
Event: 23.313 Thread 0x0000028221e0a8f0 nmethod 10320 0x00000281c81f6a90 code [0x00000281c81f6c20, 0x00000281c81f6e68]
Event: 23.313 Thread 0x0000028221e0a8f0 10302       4       java.util.Arrays::asList (9 bytes)
Event: 23.315 Thread 0x0000028221e0a8f0 nmethod 10302 0x00000281c81f6690 code [0x00000281c81f6820, 0x00000281c81f6978]
Event: 23.315 Thread 0x0000028221e0a8f0 10290       4       org.eclipse.jdt.internal.compiler.classfmt.MethodInfo::initialize (35 bytes)
Event: 23.816 Thread 0x0000028221e0b8e0 10419   !   3       org.apache.catalina.connector.Request::setAttribute (174 bytes)
Event: 23.816 Thread 0x00000282226893b0 10420       1       org.springframework.web.servlet.mvc.condition.AbstractMediaTypeExpression::isNegated (5 bytes)
Event: 25.337 Thread 0x000002822101d700 10421   !   3       org.apache.catalina.connector.Request::notifyAttributeAssigned (224 bytes)

GC Heap History (20 events):
Event: 3.440 GC heap before
{Heap before GC invocations=13 (full 0):
 garbage-first heap   total 55296K, used 24154K [0x0000000709c00000, 0x0000000800000000)
  region size 2048K, 3 young (6144K), 2 survivors (4096K)
 Metaspace       used 37506K, committed 38016K, reserved 1114112K
  class space    used 4649K, committed 4864K, reserved 1048576K
}
Event: 3.444 GC heap after
{Heap after GC invocations=14 (full 0):
 garbage-first heap   total 55296K, used 21927K [0x0000000709c00000, 0x0000000800000000)
  region size 2048K, 1 young (2048K), 1 survivors (2048K)
 Metaspace       used 37506K, committed 38016K, reserved 1114112K
  class space    used 4649K, committed 4864K, reserved 1048576K
}
Event: 3.840 GC heap before
{Heap before GC invocations=14 (full 0):
 garbage-first heap   total 55296K, used 40359K [0x0000000709c00000, 0x0000000800000000)
  region size 2048K, 10 young (20480K), 1 survivors (2048K)
 Metaspace       used 38757K, committed 39232K, reserved 1114112K
  class space    used 4860K, committed 5120K, reserved 1048576K
}
Event: 3.842 GC heap after
{Heap after GC invocations=15 (full 0):
 garbage-first heap   total 155648K, used 22746K [0x0000000709c00000, 0x0000000800000000)
  region size 2048K, 2 young (4096K), 2 survivors (4096K)
 Metaspace       used 38757K, committed 39232K, reserved 1114112K
  class space    used 4860K, committed 5120K, reserved 1048576K
}
Event: 5.502 GC heap before
{Heap before GC invocations=15 (full 0):
 garbage-first heap   total 155648K, used 90330K [0x0000000709c00000, 0x0000000800000000)
  region size 2048K, 36 young (73728K), 2 survivors (4096K)
 Metaspace       used 59628K, committed 60160K, reserved 1114112K
  class space    used 7675K, committed 7936K, reserved 1048576K
}
Event: 5.506 GC heap after
{Heap after GC invocations=16 (full 0):
 garbage-first heap   total 155648K, used 27575K [0x0000000709c00000, 0x0000000800000000)
  region size 2048K, 4 young (8192K), 4 survivors (8192K)
 Metaspace       used 59628K, committed 60160K, reserved 1114112K
  class space    used 7675K, committed 7936K, reserved 1048576K
}
Event: 6.339 GC heap before
{Heap before GC invocations=17 (full 0):
 garbage-first heap   total 110592K, used 84919K [0x0000000709c00000, 0x0000000800000000)
  region size 2048K, 32 young (65536K), 4 survivors (8192K)
 Metaspace       used 69057K, committed 69696K, reserved 1114112K
  class space    used 9124K, committed 9408K, reserved 1048576K
}
Event: 6.344 GC heap after
{Heap after GC invocations=18 (full 0):
 garbage-first heap   total 110592K, used 30596K [0x0000000709c00000, 0x0000000800000000)
  region size 2048K, 2 young (4096K), 2 survivors (4096K)
 Metaspace       used 69057K, committed 69696K, reserved 1114112K
  class space    used 9124K, committed 9408K, reserved 1048576K
}
Event: 6.405 GC heap before
{Heap before GC invocations=18 (full 0):
 garbage-first heap   total 110592K, used 32644K [0x0000000709c00000, 0x0000000800000000)
  region size 2048K, 3 young (6144K), 2 survivors (4096K)
 Metaspace       used 69420K, committed 70016K, reserved 1114112K
  class space    used 9186K, committed 9472K, reserved 1048576K
}
Event: 6.406 GC heap after
{Heap after GC invocations=19 (full 0):
 garbage-first heap   total 110592K, used 31075K [0x0000000709c00000, 0x0000000800000000)
  region size 2048K, 1 young (2048K), 1 survivors (2048K)
 Metaspace       used 69420K, committed 70016K, reserved 1114112K
  class space    used 9186K, committed 9472K, reserved 1048576K
}
Event: 7.252 GC heap before
{Heap before GC invocations=19 (full 0):
 garbage-first heap   total 110592K, used 84323K [0x0000000709c00000, 0x0000000800000000)
  region size 2048K, 27 young (55296K), 1 survivors (2048K)
 Metaspace       used 73030K, committed 73664K, reserved 1114112K
  class space    used 9680K, committed 9984K, reserved 1048576K
}
Event: 7.255 GC heap after
{Heap after GC invocations=20 (full 0):
 garbage-first heap   total 110592K, used 34337K [0x0000000709c00000, 0x0000000800000000)
  region size 2048K, 2 young (4096K), 2 survivors (4096K)
 Metaspace       used 73030K, committed 73664K, reserved 1114112K
  class space    used 9680K, committed 9984K, reserved 1048576K
}
Event: 13.340 GC heap before
{Heap before GC invocations=21 (full 0):
 garbage-first heap   total 110592K, used 83489K [0x0000000709c00000, 0x0000000800000000)
  region size 2048K, 27 young (55296K), 2 survivors (4096K)
 Metaspace       used 77721K, committed 78400K, reserved 1179648K
  class space    used 10351K, committed 10688K, reserved 1048576K
}
Event: 13.343 GC heap after
{Heap after GC invocations=22 (full 0):
 garbage-first heap   total 110592K, used 37432K [0x0000000709c00000, 0x0000000800000000)
  region size 2048K, 4 young (8192K), 4 survivors (8192K)
 Metaspace       used 77721K, committed 78400K, reserved 1179648K
  class space    used 10351K, committed 10688K, reserved 1048576K
}
Event: 13.364 GC heap before
{Heap before GC invocations=22 (full 0):
 garbage-first heap   total 110592K, used 37432K [0x0000000709c00000, 0x0000000800000000)
  region size 2048K, 5 young (10240K), 4 survivors (8192K)
 Metaspace       used 78127K, committed 78720K, reserved 1179648K
  class space    used 10398K, committed 10688K, reserved 1048576K
}
Event: 13.368 GC heap after
{Heap after GC invocations=23 (full 0):
 garbage-first heap   total 110592K, used 37932K [0x0000000709c00000, 0x0000000800000000)
  region size 2048K, 1 young (2048K), 1 survivors (2048K)
 Metaspace       used 78127K, committed 78720K, reserved 1179648K
  class space    used 10398K, committed 10688K, reserved 1048576K
}
Event: 14.079 GC heap before
{Heap before GC invocations=23 (full 0):
 garbage-first heap   total 110592K, used 85036K [0x0000000709c00000, 0x0000000800000000)
  region size 2048K, 25 young (51200K), 1 survivors (2048K)
 Metaspace       used 87181K, committed 87872K, reserved 1179648K
  class space    used 11121K, committed 11456K, reserved 1048576K
}
Event: 14.081 GC heap after
{Heap after GC invocations=24 (full 0):
 garbage-first heap   total 110592K, used 39289K [0x0000000709c00000, 0x0000000800000000)
  region size 2048K, 2 young (4096K), 2 survivors (4096K)
 Metaspace       used 87181K, committed 87872K, reserved 1179648K
  class space    used 11121K, committed 11456K, reserved 1048576K
}
Event: 23.102 GC heap before
{Heap before GC invocations=24 (full 0):
 garbage-first heap   total 110592K, used 84345K [0x0000000709c00000, 0x0000000800000000)
  region size 2048K, 25 young (51200K), 2 survivors (4096K)
 Metaspace       used 90419K, committed 91200K, reserved 1179648K
  class space    used 11524K, committed 11904K, reserved 1048576K
}
Event: 23.105 GC heap after
{Heap after GC invocations=25 (full 0):
 garbage-first heap   total 110592K, used 40652K [0x0000000709c00000, 0x0000000800000000)
  region size 2048K, 2 young (4096K), 2 survivors (4096K)
 Metaspace       used 90419K, committed 91200K, reserved 1179648K
  class space    used 11524K, committed 11904K, reserved 1048576K
}

Deoptimization events (20 events):
Event: 23.172 Thread 0x00000282220bd0d0 DEOPT PACKING pc=0x00000281c7c7ea84 sp=0x0000009cbe9fdd70
Event: 23.172 Thread 0x00000282220bd0d0 DEOPT UNPACKING pc=0x00000281c74f23a3 sp=0x0000009cbe9fdd48 mode 2
Event: 23.172 Thread 0x00000282220bd0d0 Uncommon trap: trap_request=0xffffff45 fr.pc=0x00000281c7e5d684 relative=0x0000000000000ee4
Event: 23.172 Thread 0x00000282220bd0d0 Uncommon trap: reason=unstable_if action=reinterpret pc=0x00000281c7e5d684 method=java.util.concurrent.ConcurrentHashMap.computeIfAbsent(Ljava/lang/Object;Ljava/util/function/Function;)Ljava/lang/Object; @ 279 c2
Event: 23.172 Thread 0x00000282220bd0d0 DEOPT PACKING pc=0x00000281c7e5d684 sp=0x0000009cbe9fe130
Event: 23.172 Thread 0x00000282220bd0d0 DEOPT UNPACKING pc=0x00000281c74f23a3 sp=0x0000009cbe9fe0a8 mode 2
Event: 23.172 Thread 0x00000282220be000 Uncommon trap: trap_request=0xffffff45 fr.pc=0x00000281c7e5d684 relative=0x0000000000000ee4
Event: 23.172 Thread 0x00000282220be000 Uncommon trap: reason=unstable_if action=reinterpret pc=0x00000281c7e5d684 method=java.util.concurrent.ConcurrentHashMap.computeIfAbsent(Ljava/lang/Object;Ljava/util/function/Function;)Ljava/lang/Object; @ 279 c2
Event: 23.172 Thread 0x00000282220be000 DEOPT PACKING pc=0x00000281c7e5d684 sp=0x0000009cbe7fdcd0
Event: 23.172 Thread 0x00000282220be000 DEOPT UNPACKING pc=0x00000281c74f23a3 sp=0x0000009cbe7fdc48 mode 2
Event: 23.176 Thread 0x00000282220bef30 Uncommon trap: trap_request=0xffffff45 fr.pc=0x00000281c7eeca94 relative=0x0000000000001974
Event: 23.176 Thread 0x00000282220bd0d0 Uncommon trap: trap_request=0xffffff45 fr.pc=0x00000281c7eeca94 relative=0x0000000000001974
Event: 23.176 Thread 0x00000282220bef30 Uncommon trap: reason=unstable_if action=reinterpret pc=0x00000281c7eeca94 method=java.util.concurrent.locks.ReentrantLock$Sync.lock()V @ 4 c2
Event: 23.176 Thread 0x00000282220bd0d0 Uncommon trap: reason=unstable_if action=reinterpret pc=0x00000281c7eeca94 method=java.util.concurrent.locks.ReentrantLock$Sync.lock()V @ 4 c2
Event: 23.176 Thread 0x00000282220bef30 DEOPT PACKING pc=0x00000281c7eeca94 sp=0x0000009cbe8fdb50
Event: 23.176 Thread 0x00000282220bd0d0 DEOPT PACKING pc=0x00000281c7eeca94 sp=0x0000009cbe9fde10
Event: 23.176 Thread 0x00000282220bd0d0 DEOPT UNPACKING pc=0x00000281c74f23a3 sp=0x0000009cbe9fdc20 mode 2
Event: 23.176 Thread 0x00000282220bef30 DEOPT UNPACKING pc=0x00000281c74f23a3 sp=0x0000009cbe8fd960 mode 2
Event: 23.816 Thread 0x00000282220bea20 Uncommon trap: trap_request=0xffffffde fr.pc=0x00000281c7c57fd8 relative=0x0000000000001018
Event: 25.320 Thread 0x00000282220bea20 Uncommon trap: reason=class_check action=maybe_recompile pc=0x00000281c7c57fd8 method=org.springframework.transaction.interceptor.AbstractFallbackTransactionAttributeSource.getTransactionAttribute(Ljava/lang/reflect/Method;Ljava/lang/Class;)Lorg/springfra

Classes unloaded (0 events):
No events

Classes redefined (0 events):
No events

Internal exceptions (20 events):
Event: 13.515 Thread 0x00000282220be510 Exception <a 'java/lang/ClassNotFoundException'{0x000000070fd04770}: org/apache/taglibs/standard/tag/common/core/ForEachSupportBeanInfo> (0x000000070fd04770) 
thrown [s\open\src\hotspot\share\classfile\systemDictionary.cpp, line 256]
Event: 13.515 Thread 0x00000282220be510 Exception <a 'java/lang/ClassNotFoundException'{0x000000070fd0b380}: jakarta/servlet/jsp/jstl/core/LoopTagSupportBeanInfo> (0x000000070fd0b380) 
thrown [s\open\src\hotspot\share\classfile\systemDictionary.cpp, line 256]
Event: 13.516 Thread 0x00000282220be510 Exception <a 'java/lang/ClassNotFoundException'{0x000000070fd11e00}: jakarta/servlet/jsp/tagext/TagSupportBeanInfo> (0x000000070fd11e00) 
thrown [s\open\src\hotspot\share\classfile\systemDictionary.cpp, line 256]
Event: 13.516 Thread 0x00000282220be510 Exception <a 'java/lang/ClassNotFoundException'{0x000000070fd16010}: java/lang/ObjectBeanInfo> (0x000000070fd16010) 
thrown [s\open\src\hotspot\share\classfile\systemDictionary.cpp, line 256]
Event: 13.516 Thread 0x00000282220be510 Exception <a 'java/lang/ClassNotFoundException'{0x000000070fd1a6a8}: java/lang/ObjectCustomizer> (0x000000070fd1a6a8) 
thrown [s\open\src\hotspot\share\classfile\systemDictionary.cpp, line 256]
Event: 13.519 Thread 0x00000282220be510 Exception <a 'java/lang/ClassNotFoundException'{0x000000070fd28270}: jakarta/servlet/jsp/tagext/TagSupportCustomizer> (0x000000070fd28270) 
thrown [s\open\src\hotspot\share\classfile\systemDictionary.cpp, line 256]
Event: 13.520 Thread 0x00000282220be510 Exception <a 'java/lang/ClassNotFoundException'{0x000000070fd3a710}: jakarta/servlet/jsp/jstl/core/LoopTagSupportCustomizer> (0x000000070fd3a710) 
thrown [s\open\src\hotspot\share\classfile\systemDictionary.cpp, line 256]
Event: 13.521 Thread 0x00000282220be510 Exception <a 'java/lang/ClassNotFoundException'{0x000000070fd550c8}: org/apache/taglibs/standard/tag/common/core/ForEachSupportCustomizer> (0x000000070fd550c8) 
thrown [s\open\src\hotspot\share\classfile\systemDictionary.cpp, line 256]
Event: 13.522 Thread 0x00000282220be510 Exception <a 'java/lang/ClassNotFoundException'{0x000000070fd61ee0}: org/apache/taglibs/standard/tag/rt/core/ForEachTagCustomizer> (0x000000070fd61ee0) 
thrown [s\open\src\hotspot\share\classfile\systemDictionary.cpp, line 256]
Event: 13.526 Thread 0x00000282220be510 Exception <a 'java/lang/NoSuchMethodError'{0x000000070fddb2e0}: 'java.lang.Object java.lang.invoke.Invokers$Holder.linkToTargetMethod(java.lang.Object, int, int, java.lang.Object)'> (0x000000070fddb2e0) 
thrown [s\open\src\hotspot\share\interpreter\linkResolver.cpp, line 759]
Event: 20.960 Thread 0x00000282220bdaf0 Exception <a 'java/lang/NoSuchMethodError'{0x000000070f066d10}: 'java.lang.Object java.lang.invoke.DirectMethodHandle$Holder.invokeInterface(java.lang.Object, java.lang.Object, java.lang.Object, java.lang.Object)'> (0x000000070f066d10) 
thrown [s\open\src\hotspot\share\interpreter\linkResolver.cpp, line 759]
Event: 21.033 Thread 0x00000282220bdaf0 Exception <a 'java/lang/IncompatibleClassChangeError'{0x000000070ed21058}: Found class java.lang.Object, but interface was expected> (0x000000070ed21058) 
thrown [s\open\src\hotspot\share\interpreter\linkResolver.cpp, line 826]
Event: 21.036 Thread 0x00000282220bdaf0 Exception <a 'java/lang/NoSuchMethodError'{0x000000070ed4dfa0}: 'java.lang.Object java.lang.invoke.DirectMethodHandle$Holder.newInvokeSpecial(java.lang.Object, java.lang.Object, java.lang.Object, long)'> (0x000000070ed4dfa0) 
thrown [s\open\src\hotspot\share\interpreter\linkResolver.cpp, line 759]
Event: 21.037 Thread 0x00000282220bdaf0 Exception <a 'java/lang/NoSuchMethodError'{0x000000070ed52288}: 'java.lang.Object java.lang.invoke.DirectMethodHandle$Holder.invokeSpecial(java.lang.Object, java.lang.Object, java.lang.Object, java.lang.Object, long)'> (0x000000070ed52288) 
thrown [s\open\src\hotspot\share\interpreter\linkResolver.cpp, line 759]
Event: 21.037 Thread 0x00000282220bdaf0 Exception <a 'java/lang/NoSuchMethodError'{0x000000070ed56120}: 'java.lang.Object java.lang.invoke.Invokers$Holder.linkToTargetMethod(java.lang.Object, java.lang.Object, long, java.lang.Object)'> (0x000000070ed56120) 
thrown [s\open\src\hotspot\share\interpreter\linkResolver.cpp, line 759]
Event: 21.043 Thread 0x00000282220bdaf0 Exception <a 'java/lang/NoSuchMethodError'{0x000000070edb9958}: 'java.lang.Object java.lang.invoke.DirectMethodHandle$Holder.invokeSpecial(java.lang.Object, java.lang.Object, long, long, java.lang.Object, java.lang.Object, java.lang.Object, java.lang.Object, java.lang.Object, java.lang.Object)'> (0x000000070edb9958) 
thrown [s\open\src\hotspot\share\interpreter\linkResolver.cpp, line 759]
Event: 21.044 Thread 0x00000282220bdaf0 Exception <a 'java/lang/NoSuchMethodError'{0x000000070edbe528}: 'java.lang.Object java.lang.invoke.DelegatingMethodHandle$Holder.reinvoke_L(java.lang.Object, long, long, java.lang.Object, java.lang.Object, java.lang.Object, java.lang.Object, java.lang.Object, java.lang.Object)'> (0x000000070edbe528) 
thrown [s\open\src\hotspot\share\interpreter\linkResolver.cpp, line 759]
Event: 21.142 Thread 0x00000282220bdaf0 Exception <a 'java/lang/ClassNotFoundException'{0x000000070e259760}: vn/Hieu/laptopshop/domain/UserBeanInfo> (0x000000070e259760) 
thrown [s\open\src\hotspot\share\classfile\systemDictionary.cpp, line 256]
Event: 21.143 Thread 0x00000282220bdaf0 Exception <a 'java/lang/ClassNotFoundException'{0x000000070e260ba0}: vn/Hieu/laptopshop/domain/UserCustomizer> (0x000000070e260ba0) 
thrown [s\open\src\hotspot\share\classfile\systemDictionary.cpp, line 256]
Event: 23.158 Thread 0x00000282220bef30 Exception <a 'java/lang/NoSuchMethodError'{0x0000000710557888}: 'java.lang.Object java.lang.invoke.DirectMethodHandle$Holder.invokeStatic(java.lang.Object, int, int)'> (0x0000000710557888) 
thrown [s\open\src\hotspot\share\interpreter\linkResolver.cpp, line 759]

VM Operations (20 events):
Event: 19.227 Executing VM operation: Cleanup
Event: 19.227 Executing VM operation: Cleanup done
Event: 20.240 Executing VM operation: Cleanup
Event: 20.244 Executing VM operation: Cleanup done
Event: 20.988 Executing VM operation: HandshakeAllThreads
Event: 20.988 Executing VM operation: HandshakeAllThreads done
Event: 21.059 Executing VM operation: HandshakeAllThreads
Event: 21.059 Executing VM operation: HandshakeAllThreads done
Event: 21.090 Executing VM operation: HandshakeAllThreads
Event: 21.090 Executing VM operation: HandshakeAllThreads done
Event: 21.117 Executing VM operation: HandshakeAllThreads
Event: 21.117 Executing VM operation: HandshakeAllThreads done
Event: 22.117 Executing VM operation: Cleanup
Event: 22.117 Executing VM operation: Cleanup done
Event: 23.102 Executing VM operation: G1CollectForAllocation
Event: 23.105 Executing VM operation: G1CollectForAllocation done
Event: 23.195 Executing VM operation: HandshakeAllThreads
Event: 23.195 Executing VM operation: HandshakeAllThreads done
Event: 24.203 Executing VM operation: Cleanup
Event: 25.336 Executing VM operation: Cleanup done

Events (20 events):
Event: 23.063 Thread 0x00000282226863e0 Thread added: 0x00000282226863e0
Event: 23.070 Thread 0x0000028222687e70 Thread added: 0x0000028222687e70
Event: 23.117 Thread 0x0000028222687920 Thread added: 0x0000028222687920
Event: 23.156 loading class java/util/concurrent/locks/ReentrantReadWriteLock$Sync$HoldCounter
Event: 23.156 loading class java/util/concurrent/locks/ReentrantReadWriteLock$Sync$HoldCounter done
Event: 23.159 loading class java/util/ArrayList$SubList$2
Event: 23.159 loading class java/util/ArrayList$SubList$2 done
Event: 23.159 Thread 0x00000282226893b0 Thread added: 0x00000282226893b0
Event: 23.163 loading class java/time/format/DateTimeFormatterBuilder$ZoneTextPrinterParser
Event: 23.163 loading class java/time/format/DateTimeFormatterBuilder$ZoneTextPrinterParser done
Event: 23.163 loading class java/time/format/DateTimeFormatterBuilder$ReducedPrinterParser
Event: 23.164 loading class java/time/format/DateTimeFormatterBuilder$ReducedPrinterParser done
Event: 23.166 loading class java/util/concurrent/atomic/Striped64$Cell
Event: 23.167 loading class java/util/concurrent/atomic/Striped64$Cell done
Event: 23.174 loading class java/lang/Throwable$WrappedPrintWriter
Event: 23.174 loading class java/lang/Throwable$WrappedPrintWriter done
Event: 23.205 Thread 0x0000028221e0b8e0 Thread added: 0x0000028221e0b8e0
Event: 23.205 Thread 0x0000028221e0a3a0 Thread added: 0x0000028221e0a3a0
Event: 23.212 Thread 0x0000028221e0a8f0 Thread added: 0x0000028221e0a8f0
Event: 23.816 Thread 0x0000028221e0a3a0 Thread exited: 0x0000028221e0a3a0


Dynamic libraries:
0x00007ff733240000 - 0x00007ff733250000 	C:\Program Files\Java\jdk-17\bin\java.exe
0x00007ff871220000 - 0x00007ff871486000 	C:\WINDOWS\SYSTEM32\ntdll.dll
0x00007ff8710e0000 - 0x00007ff8711a9000 	C:\WINDOWS\System32\KERNEL32.DLL
0x00007ff86e3b0000 - 0x00007ff86e77c000 	C:\WINDOWS\System32\KERNELBASE.dll
0x00007ff86e8c0000 - 0x00007ff86ea0b000 	C:\WINDOWS\System32\ucrtbase.dll
0x00007ff864660000 - 0x00007ff864679000 	C:\Program Files\Java\jdk-17\bin\jli.dll
0x00007ff863590000 - 0x00007ff8635ab000 	C:\Program Files\Java\jdk-17\bin\VCRUNTIME140.dll
0x00007ff8706c0000 - 0x00007ff870772000 	C:\WINDOWS\System32\ADVAPI32.dll
0x00007ff871020000 - 0x00007ff8710c9000 	C:\WINDOWS\System32\msvcrt.dll
0x00007ff870360000 - 0x00007ff870406000 	C:\WINDOWS\System32\sechost.dll
0x00007ff86fa10000 - 0x00007ff86fb26000 	C:\WINDOWS\System32\RPCRT4.dll
0x00007ff86f000000 - 0x00007ff86f1ca000 	C:\WINDOWS\System32\USER32.dll
0x00007ff86ec30000 - 0x00007ff86ec57000 	C:\WINDOWS\System32\win32u.dll
0x00007ff859530000 - 0x00007ff8597ca000 	C:\WINDOWS\WinSxS\amd64_microsoft.windows.common-controls_6595b64144ccf1df_6.0.26100.3912_none_3e07963ce335137e\COMCTL32.dll
0x00007ff870790000 - 0x00007ff8707bb000 	C:\WINDOWS\System32\GDI32.dll
0x00007ff86e780000 - 0x00007ff86e8b2000 	C:\WINDOWS\System32\gdi32full.dll
0x00007ff86eea0000 - 0x00007ff86ef43000 	C:\WINDOWS\System32\msvcp_win.dll
0x00007ff868490000 - 0x00007ff86849b000 	C:\WINDOWS\SYSTEM32\VERSION.dll
0x00007ff870680000 - 0x00007ff8706b0000 	C:\WINDOWS\System32\IMM32.DLL
0x00007ff869270000 - 0x00007ff86927c000 	C:\Program Files\Java\jdk-17\bin\vcruntime140_1.dll
0x00007ff85e030000 - 0x00007ff85e0be000 	C:\Program Files\Java\jdk-17\bin\msvcp140.dll
0x00007ff8169a0000 - 0x00007ff817580000 	C:\Program Files\Java\jdk-17\bin\server\jvm.dll
0x00007ff870780000 - 0x00007ff870788000 	C:\WINDOWS\System32\PSAPI.DLL
0x00007ff869160000 - 0x00007ff86916a000 	C:\WINDOWS\SYSTEM32\WSOCK32.dll
0x00007ff868450000 - 0x00007ff868486000 	C:\WINDOWS\SYSTEM32\WINMM.dll
0x00007ff86fbe0000 - 0x00007ff86fc54000 	C:\WINDOWS\System32\WS2_32.dll
0x00007ff86d170000 - 0x00007ff86d18a000 	C:\WINDOWS\SYSTEM32\kernel.appcore.dll
0x00007ff8691b0000 - 0x00007ff8691ba000 	C:\Program Files\Java\jdk-17\bin\jimage.dll
0x00007ff861e90000 - 0x00007ff8620d1000 	C:\WINDOWS\SYSTEM32\DBGHELP.DLL
0x00007ff870b20000 - 0x00007ff870ea4000 	C:\WINDOWS\System32\combase.dll
0x00007ff86fc60000 - 0x00007ff86fd40000 	C:\WINDOWS\System32\OLEAUT32.dll
0x00007ff857ea0000 - 0x00007ff857ed9000 	C:\WINDOWS\SYSTEM32\dbgcore.DLL
0x00007ff86ea10000 - 0x00007ff86eaa9000 	C:\WINDOWS\System32\bcryptPrimitives.dll
0x00007ff863160000 - 0x00007ff863185000 	C:\Program Files\Java\jdk-17\bin\java.dll
0x00007ff83ee80000 - 0x00007ff83ef57000 	C:\Program Files\Java\jdk-17\bin\jsvml.dll
0x00007ff86f260000 - 0x00007ff86f98d000 	C:\WINDOWS\System32\SHELL32.dll
0x00007ff86eab0000 - 0x00007ff86ec24000 	C:\WINDOWS\System32\wintypes.dll
0x00007ff86c000000 - 0x00007ff86c856000 	C:\WINDOWS\SYSTEM32\windows.storage.dll
0x00007ff870a20000 - 0x00007ff870b0f000 	C:\WINDOWS\System32\SHCORE.dll
0x00007ff86f9a0000 - 0x00007ff86fa09000 	C:\WINDOWS\System32\shlwapi.dll
0x00007ff86e2c0000 - 0x00007ff86e2ef000 	C:\WINDOWS\SYSTEM32\profapi.dll
0x00007ff863140000 - 0x00007ff863159000 	C:\Program Files\Java\jdk-17\bin\net.dll
0x00007ff865e70000 - 0x00007ff865f8e000 	C:\WINDOWS\SYSTEM32\WINHTTP.dll
0x00007ff86d6e0000 - 0x00007ff86d74a000 	C:\WINDOWS\system32\mswsock.dll
0x00007ff863120000 - 0x00007ff863136000 	C:\Program Files\Java\jdk-17\bin\nio.dll
0x00007ff860fc0000 - 0x00007ff860fd8000 	C:\Program Files\Java\jdk-17\bin\zip.dll
0x00007ff8659c0000 - 0x00007ff8659ca000 	C:\Program Files\Java\jdk-17\bin\management.dll
0x00007ff864d70000 - 0x00007ff864d7b000 	C:\Program Files\Java\jdk-17\bin\management_ext.dll
0x00007ff850350000 - 0x00007ff850368000 	C:\WINDOWS\system32\napinsp.dll
0x00007ff86cc60000 - 0x00007ff86cd87000 	C:\WINDOWS\SYSTEM32\DNSAPI.dll
0x00007ff86cbc0000 - 0x00007ff86cbf3000 	C:\WINDOWS\SYSTEM32\IPHLPAPI.DLL
0x00007ff870610000 - 0x00007ff87061a000 	C:\WINDOWS\System32\NSI.dll
0x00007ff850330000 - 0x00007ff850342000 	C:\WINDOWS\System32\winrnr.dll
0x00007ff8502f0000 - 0x00007ff850320000 	C:\WINDOWS\system32\nlansp_c.dll
0x00007ff8502d0000 - 0x00007ff8502e6000 	C:\WINDOWS\system32\wshbth.dll
0x00007ff8658a0000 - 0x00007ff8658ab000 	C:\Windows\System32\rasadhlp.dll
0x00007ff8680e0000 - 0x00007ff868166000 	C:\WINDOWS\System32\fwpuclnt.dll
0x00007ff86d980000 - 0x00007ff86d99c000 	C:\WINDOWS\SYSTEM32\CRYPTSP.dll
0x00007ff86d0d0000 - 0x00007ff86d10a000 	C:\WINDOWS\system32\rsaenh.dll
0x00007ff86d780000 - 0x00007ff86d7ab000 	C:\WINDOWS\SYSTEM32\USERENV.dll
0x00007ff86e290000 - 0x00007ff86e2b6000 	C:\WINDOWS\SYSTEM32\bcrypt.dll
0x00007ff86d9a0000 - 0x00007ff86d9ac000 	C:\WINDOWS\SYSTEM32\CRYPTBASE.dll
0x00007ff8660a0000 - 0x00007ff8660bf000 	C:\WINDOWS\SYSTEM32\dhcpcsvc6.DLL
0x00007ff866050000 - 0x00007ff866075000 	C:\WINDOWS\SYSTEM32\dhcpcsvc.DLL
0x00007ff8639a0000 - 0x00007ff8639ae000 	C:\Program Files\Java\jdk-17\bin\sunmscapi.dll
0x00007ff86ec60000 - 0x00007ff86edd7000 	C:\WINDOWS\System32\CRYPT32.dll
0x00007ff86db90000 - 0x00007ff86dbc0000 	C:\WINDOWS\SYSTEM32\ncrypt.dll
0x00007ff86db40000 - 0x00007ff86db7f000 	C:\WINDOWS\SYSTEM32\NTASN1.dll
0x00007ff863110000 - 0x00007ff863120000 	C:\Program Files\Java\jdk-17\bin\verify.dll
0x00007ff861850000 - 0x00007ff861858000 	C:\WINDOWS\system32\wshunix.dll

dbghelp: loaded successfully - version: 4.0.5 - missing functions: none
symbol engine: initialized successfully - sym options: 0x614 - pdb path: .;C:\Program Files\Java\jdk-17\bin;C:\WINDOWS\SYSTEM32;C:\WINDOWS\WinSxS\amd64_microsoft.windows.common-controls_6595b64144ccf1df_6.0.26100.3912_none_3e07963ce335137e;C:\Program Files\Java\jdk-17\bin\server

VM Arguments:
jvm_args: -XX:+ShowCodeDetailsInExceptionMessages -Dspring.jmx.enabled=true -Dmanagement.endpoints.jmx.exposure.include=* -Dspring.application.admin.enabled=true -Dspring.boot.project.name=laptopshop -Djava.rmi.server.hostname=localhost -Dcom.sun.management.jmxremote.port=45556 -Dcom.sun.management.jmxremote.authenticate=false -Dcom.sun.management.jmxremote.ssl=false 
java_command: vn.Hieu.laptopshop.LaptopshopApplication
java_class_path (initial): F:\Spring_MVC\Spring_MVC\target\classes;C:\Users\MSI\.m2\repository\org\springframework\boot\spring-boot-starter-actuator\3.2.2\spring-boot-starter-actuator-3.2.2.jar;C:\Users\MSI\.m2\repository\org\springframework\boot\spring-boot-actuator-autoconfigure\3.2.2\spring-boot-actuator-autoconfigure-3.2.2.jar;C:\Users\MSI\.m2\repository\org\springframework\boot\spring-boot-actuator\3.2.2\spring-boot-actuator-3.2.2.jar;C:\Users\MSI\.m2\repository\com\fasterxml\jackson\core\jackson-databind\2.15.3\jackson-databind-2.15.3.jar;C:\Users\MSI\.m2\repository\com\fasterxml\jackson\core\jackson-annotations\2.15.3\jackson-annotations-2.15.3.jar;C:\Users\MSI\.m2\repository\com\fasterxml\jackson\core\jackson-core\2.15.3\jackson-core-2.15.3.jar;C:\Users\MSI\.m2\repository\com\fasterxml\jackson\datatype\jackson-datatype-jsr310\2.15.3\jackson-datatype-jsr310-2.15.3.jar;C:\Users\MSI\.m2\repository\io\micrometer\micrometer-observation\1.12.2\micrometer-observation-1.12.2.jar;C:\Users\MSI\.m2\repository\io\micrometer\micrometer-commons\1.12.2\micrometer-commons-1.12.2.jar;C:\Users\MSI\.m2\repository\io\micrometer\micrometer-jakarta9\1.12.2\micrometer-jakarta9-1.12.2.jar;C:\Users\MSI\.m2\repository\io\micrometer\micrometer-core\1.12.2\micrometer-core-1.12.2.jar;C:\Users\MSI\.m2\repository\org\hdrhistogram\HdrHistogram\2.1.12\HdrHistogram-2.1.12.jar;C:\Users\MSI\.m2\repository\org\latencyutils\LatencyUtils\2.0.3\LatencyUtils-2.0.3.jar;C:\Users\MSI\.m2\repository\org\springframework\boot\spring-boot-starter-web\3.2.2\spring-boot-starter-web-3.2.2.jar;C:\Users\MSI\.m2\repository\org\springframework\boot\spring-boot-starter-json\3.2.2\spring-boot-starter-json-3.2.2.jar;C:\Users\MSI\.m2\repository\com\fasterxml\jackson\datatype\jackson-datatype-jdk8\2.15.3\jackson-datatype-jdk8-2.15.3.jar;C:\Users\MSI\.m2\repository\com\fasterxml\jackson\module\jackson-module-parameter-names\2.15.3\jackson-module-parameter-names-2.15.3.jar;C:\Users\MSI\.m2\repository\org\springframew
Launcher Type: SUN_STANDARD

[Global flags]
     intx CICompilerCount                          = 12                                        {product} {ergonomic}
     uint ConcGCThreads                            = 3                                         {product} {ergonomic}
     uint G1ConcRefinementThreads                  = 13                                        {product} {ergonomic}
   size_t G1HeapRegionSize                         = 2097152                                   {product} {ergonomic}
    uintx GCDrainStackTargetSize                   = 64                                        {product} {ergonomic}
   size_t InitialHeapSize                          = 260046848                                 {product} {ergonomic}
     bool ManagementServer                         = true                                      {product} {command line}
   size_t MarkStackSize                            = 4194304                                   {product} {ergonomic}
   size_t MaxHeapSize                              = 4131389440                                {product} {ergonomic}
   size_t MaxNewSize                               = 2478833664                                {product} {ergonomic}
   size_t MinHeapDeltaBytes                        = 2097152                                   {product} {ergonomic}
   size_t MinHeapSize                              = 8388608                                   {product} {ergonomic}
    uintx NonNMethodCodeHeapSize                   = 7602480                                {pd product} {ergonomic}
    uintx NonProfiledCodeHeapSize                  = 122027880                              {pd product} {ergonomic}
    uintx ProfiledCodeHeapSize                     = 122027880                              {pd product} {ergonomic}
    uintx ReservedCodeCacheSize                    = 251658240                              {pd product} {ergonomic}
     bool SegmentedCodeCache                       = true                                      {product} {ergonomic}
     bool ShowCodeDetailsInExceptionMessages       = true                                   {manageable} {command line}
   size_t SoftMaxHeapSize                          = 4131389440                             {manageable} {ergonomic}
     bool UseCompressedClassPointers               = true                           {product lp64_product} {ergonomic}
     bool UseCompressedOops                        = true                           {product lp64_product} {ergonomic}
     bool UseG1GC                                  = true                                      {product} {ergonomic}
     bool UseLargePagesIndividualAllocation        = false                                  {pd product} {ergonomic}

Logging:
Log output configuration:
 #0: stdout all=warning uptime,level,tags
 #1: stderr all=off uptime,level,tags

Environment Variables:
JAVA_HOME=C:\Program Files\Java\jdk-21
PATH=C:\Program Files (x86)\Common Files\Oracle\Java\javapath;C:\Program Files (x86)\VMware\VMware Workstation\bin\;C:\Program Files\Microsoft MPI\Bin\;C:\WINDOWS\system32;C:\WINDOWS;C:\WINDOWS\System32\Wbem;C:\WINDOWS\System32\WindowsPowerShell\v1.0\;C:\WINDOWS\System32\OpenSSH\;C:\Program Files\nodejs\;C:\Program Files (x86)\Microsoft SQL Server\160\Tools\Binn\;C:\Program Files\Microsoft SQL Server\160\Tools\Binn\;C:\Program Files\Microsoft SQL Server\Client SDK\ODBC\170\Tools\Binn\;C:\Program Files\Microsoft SQL Server\160\DTS\Binn\;C:\Program Files (x86)\Microsoft SQL Server\160\DTS\Binn\;C:\Program Files\Git LFS;C:\Program Files\Git\cmd;C:\Program Files\PowerShell\7\;C:\Program Files\Microsoft SQL Server\150\Tools\Binn\;C:\Program Files\dotnet\;C:\Program Files\Java\jdk-21\bin;C:\Program Files\Java\apache-maven-4.0.0-rc-3\bin;C:\Program Files (x86)\Windows Kits\10\Windows Performance Toolkit\;C:\Program Files\MySQL\MySQL Shell 8.0\bin\;C:\Users\MSI\AppData\Local\Programs\Python\Python313;C:\Users\MSI\AppData\Local\Microsoft\WindowsApps;C:\Users\MSI\AppData\Local\Programs\Microsoft VS Code\bin;C:\Users\MSI\AppData\Roaming\npm;C:\Program Files\JetBrains\IntelliJ IDEA 2024.3.1.1\bin;;C:\Users\MSI\.dotnet\tools;
USERNAME=MSI
LANG=en_US.UTF-8
OS=Windows_NT
PROCESSOR_IDENTIFIER=AMD64 Family 25 Model 80 Stepping 0, AuthenticAMD



---------------  S Y S T E M  ---------------

OS:
 Windows 11 , 64 bit Build 26100 (10.0.26100.3912)
OS uptime: 1 days 1:11 hours
Hyper-V role detected

CPU: total 16 (initial active 16) (16 cores per cpu, 2 threads per core) family 25 model 80 stepping 0 microcode 0xa50000c, cx8, cmov, fxsr, ht, mmx, 3dnowpref, sse, sse2, sse3, ssse3, sse4a, sse4.1, sse4.2, popcnt, lzcnt, tsc, tscinvbit, avx, avx2, aes, erms, clmul, bmi1, bmi2, adx, sha, fma, vzeroupper, clflush, clflushopt, hv

Memory: 4k page, system-wide physical 15752M (6336M free)
TotalPageFile size 15752M (AvailPageFile size 23M)
current process WorkingSet (physical memory assigned to process): 425M, peak: 430M
current process commit charge ("private bytes"): 473M, peak: 477M

vm_info: Java HotSpot(TM) 64-Bit Server VM (17.0.11+7-LTS-207) for windows-amd64 JRE (17.0.11+7-LTS-207), built on Mar 11 2024 19:01:50 by "mach5one" with MS VC++ 17.6 (VS2022)

END.
