#
# There is insufficient memory for the Java Runtime Environment to continue.
# Native memory allocation (malloc) failed to allocate 1046176 bytes. Error detail: Chunk::new
# Possible reasons:
#   The system is out of physical RAM or swap space
#   This process is running with CompressedOops enabled, and the Java Heap may be blocking the growth of the native heap
# Possible solutions:
#   Reduce memory load on the system
#   Increase physical memory or swap space
#   Check if swap backing store is full
#   Decrease Java heap size (-Xmx/-Xms)
#   Decrease number of Java threads
#   Decrease Java thread stack sizes (-Xss)
#   Set larger code cache with -XX:ReservedCodeCacheSize=
#   JVM is running with Unscaled Compressed Oops mode in which the Java heap is
#     placed in the first 4GB address space. The Java Heap base address is the
#     maximum limit for the native heap growth. Please use -XX:HeapBaseMinAddress
#     to set the Java Heap base and to place the Java Heap above 4GB virtual address.
# This output file may be truncated or incomplete.
#
#  Out of Memory Error (arena.cpp:168), pid=11188, tid=20044
#
# JRE version: OpenJDK Runtime Environment Temurin-21.0.6+7 (21.0.6+7) (build 21.0.6+7-LTS)
# Java VM: OpenJDK 64-Bit Server VM Temurin-21.0.6+7 (21.0.6+7-LTS, mixed mode, sharing, tiered, compressed oops, compressed class ptrs, parallel gc, windows-amd64)
# No core dump will be written. Minidumps are not enabled by default on client versions of Windows
#

---------------  S U M M A R Y ------------

Command Line: --add-modules=ALL-SYSTEM --add-opens=java.base/java.util=ALL-UNNAMED --add-opens=java.base/java.lang=ALL-UNNAMED --add-opens=java.base/sun.nio.fs=ALL-UNNAMED -Declipse.application=org.eclipse.jdt.ls.core.id1 -Dosgi.bundles.defaultStartLevel=4 -Declipse.product=org.eclipse.jdt.ls.core.product -Djava.import.generatesMetadataFilesAtProjectRoot=false -DDetectVMInstallationsJob.disabled=true -Dfile.encoding=utf8 -XX:+UseParallelGC -XX:GCTimeRatio=4 -XX:AdaptiveSizePolicyWeight=90 -Dsun.zip.disableMemoryMapping=true -Xmx1G -Xms100m -Xlog:disable -javaagent:c:\Users\MSI\.vscode\extensions\redhat.java-1.40.0-win32-x64\lombok\lombok-1.18.36.jar -XX:+HeapDumpOnOutOfMemoryError -XX:HeapDumpPath=c:\Users\MSI\AppData\Roaming\Code\User\workspaceStorage\6257394aa066ea173b1514d1daa6a82c\redhat.java -Daether.dependencyCollector.impl=bf c:\Users\MSI\.vscode\extensions\redhat.java-1.40.0-win32-x64\server\plugins\org.eclipse.equinox.launcher_1.6.1000.v20250131-0606.jar -configuration c:\Users\MSI\AppData\Roaming\Code\User\globalStorage\redhat.java\1.40.0\config_win -data c:\Users\MSI\AppData\Roaming\Code\User\workspaceStorage\6257394aa066ea173b1514d1daa6a82c\redhat.java\jdt_ws --pipe=\\.\pipe\lsp-2a6d72971a3bd50fa7f0b370f1e03cea-sock

Host: AMD Ryzen 7 5800H with Radeon Graphics         , 16 cores, 15G,  Windows 11 , 64 bit Build 26100 (10.0.26100.3323)
Time: Sat Mar 22 15:59:16 2025 SE Asia Standard Time elapsed time: 26.148418 seconds (0d 0h 0m 26s)

---------------  T H R E A D  ---------------

Current thread (0x00000244fe534760):  JavaThread "C2 CompilerThread2" daemon [_thread_in_native, id=20044, stack(0x0000008c39e00000,0x0000008c39f00000) (1024K)]


Current CompileTask:
C2:26148 9983 %     4       org.lombokweb.asm.SymbolTable::<init> @ 98 (536 bytes)

Stack: [0x0000008c39e00000,0x0000008c39f00000]
Native frames: (J=compiled Java code, j=interpreted, Vv=VM code, C=native code)
V  [jvm.dll+0x6cdee9]
V  [jvm.dll+0x8a83d1]
V  [jvm.dll+0x8aa8fe]
V  [jvm.dll+0x8aafe3]
V  [jvm.dll+0x27f706]
V  [jvm.dll+0xc500d]
V  [jvm.dll+0xc5543]
V  [jvm.dll+0x2f2acd]
V  [jvm.dll+0x5f6a2a]
V  [jvm.dll+0x250bb2]
V  [jvm.dll+0x250f6f]
V  [jvm.dll+0x249834]
V  [jvm.dll+0x246ec4]
V  [jvm.dll+0x1c75ee]
V  [jvm.dll+0x25685a]
V  [jvm.dll+0x254dfa]
V  [jvm.dll+0x3f0256]
V  [jvm.dll+0x851f8b]
V  [jvm.dll+0x6cc5ed]
C  [ucrtbase.dll+0x37b0]
C  [KERNEL32.DLL+0x2e8d7]
C  [ntdll.dll+0xbbf6c]


---------------  P R O C E S S  ---------------

Threads class SMR info:
_java_thread_list=0x00000244d166f050, length=75, elements={
0x00000244f1b028f0, 0x00000244f1ba93d0, 0x00000244f6ec5b20, 0x00000244f6ecc830,
0x00000244f1badfa0, 0x00000244f6ed4490, 0x00000244f6ed4ee0, 0x00000244f83a5290,
0x00000244f83a6890, 0x00000244f1b68660, 0x00000244fe1b6660, 0x00000244fee87c80,
0x00000244fed7f9c0, 0x00000244f84792d0, 0x00000244fed3e720, 0x00000244feecb380,
0x00000244ff12e970, 0x00000244ff0b8b80, 0x00000244ff0b9f30, 0x00000244ff0bb2e0,
0x00000244ff0b9210, 0x00000244ff0b84f0, 0x00000244ff0b98a0, 0x00000244ff0ba5c0,
0x00000244d0c98190, 0x00000244d0c98820, 0x00000244d0c96de0, 0x00000244d0c97470,
0x00000244d0c98eb0, 0x00000244d0c99540, 0x00000244d0c99bd0, 0x00000244d0c97b00,
0x00000244d0c96750, 0x00000244d0c9d050, 0x00000244d0c9d6e0, 0x00000244d0c9a260,
0x00000244d0c9c330, 0x00000244d0c9dd70, 0x00000244d0c9c9c0, 0x00000244d0c9a8f0,
0x00000244d0c9af80, 0x00000244d0c9b610, 0x00000244fea764e0, 0x00000244fea73060,
0x00000244fea76b70, 0x00000244fea736f0, 0x00000244fea757c0, 0x00000244fea77200,
0x00000244e016ae00, 0x00000244e016f630, 0x00000244e016fcc0, 0x00000244e0170350,
0x00000244e016e910, 0x00000244e0171700, 0x00000244e016efa0, 0x00000244e01709e0,
0x00000244e0171070, 0x00000244e0171d90, 0x00000244d03238f0, 0x00000244d0322bd0,
0x00000244d0323260, 0x00000244d0322540, 0x00000244d0323f80, 0x00000244d0324610,
0x00000244d03259c0, 0x00000244d0324ca0, 0x00000244d0325330, 0x00000244fe536970,
0x00000244fe534760, 0x00000244dd7b0510, 0x00000244dd7b0ba0, 0x00000244fe534e30,
0x00000244fe535bd0, 0x00000244fe535500, 0x00000244fe537040
}

Java Threads: ( => current thread )
  0x00000244f1b028f0 JavaThread "main"                              [_thread_blocked, id=10608, stack(0x0000008c33500000,0x0000008c33600000) (1024K)]
  0x00000244f1ba93d0 JavaThread "Reference Handler"          daemon [_thread_blocked, id=5572, stack(0x0000008c33900000,0x0000008c33a00000) (1024K)]
  0x00000244f6ec5b20 JavaThread "Finalizer"                  daemon [_thread_blocked, id=23112, stack(0x0000008c33a00000,0x0000008c33b00000) (1024K)]
  0x00000244f6ecc830 JavaThread "Signal Dispatcher"          daemon [_thread_blocked, id=8272, stack(0x0000008c33b00000,0x0000008c33c00000) (1024K)]
  0x00000244f1badfa0 JavaThread "Attach Listener"            daemon [_thread_blocked, id=22596, stack(0x0000008c33c00000,0x0000008c33d00000) (1024K)]
  0x00000244f6ed4490 JavaThread "Service Thread"             daemon [_thread_blocked, id=8588, stack(0x0000008c33d00000,0x0000008c33e00000) (1024K)]
  0x00000244f6ed4ee0 JavaThread "Monitor Deflation Thread"   daemon [_thread_blocked, id=3332, stack(0x0000008c33e00000,0x0000008c33f00000) (1024K)]
  0x00000244f83a5290 JavaThread "C2 CompilerThread0"         daemon [_thread_in_native, id=23400, stack(0x0000008c33f00000,0x0000008c34000000) (1024K)]
  0x00000244f83a6890 JavaThread "C1 CompilerThread0"         daemon [_thread_blocked, id=19824, stack(0x0000008c34000000,0x0000008c34100000) (1024K)]
  0x00000244f1b68660 JavaThread "Common-Cleaner"             daemon [_thread_blocked, id=6936, stack(0x0000008c34300000,0x0000008c34400000) (1024K)]
  0x00000244fe1b6660 JavaThread "Notification Thread"        daemon [_thread_blocked, id=22472, stack(0x0000008c34700000,0x0000008c34800000) (1024K)]
  0x00000244fee87c80 JavaThread "Active Thread: Equinox Container: 27b639c3-295a-42ba-85df-45a940310156"        [_thread_blocked, id=14352, stack(0x0000008c34e00000,0x0000008c34f00000) (1024K)]
  0x00000244fed7f9c0 JavaThread "Refresh Thread: Equinox Container: 27b639c3-295a-42ba-85df-45a940310156" daemon [_thread_blocked, id=5152, stack(0x0000008c34200000,0x0000008c34300000) (1024K)]
  0x00000244f84792d0 JavaThread "Framework Event Dispatcher: Equinox Container: 27b639c3-295a-42ba-85df-45a940310156" daemon [_thread_blocked, id=9992, stack(0x0000008c34400000,0x0000008c34500000) (1024K)]
  0x00000244fed3e720 JavaThread "Start Level: Equinox Container: 27b639c3-295a-42ba-85df-45a940310156" daemon [_thread_blocked, id=21488, stack(0x0000008c34500000,0x0000008c34600000) (1024K)]
  0x00000244feecb380 JavaThread "Bundle File Closer"         daemon [_thread_blocked, id=8368, stack(0x0000008c34800000,0x0000008c34900000) (1024K)]
  0x00000244ff12e970 JavaThread "SCR Component Actor"        daemon [_thread_blocked, id=24224, stack(0x0000008c34100000,0x0000008c34200000) (1024K)]
  0x00000244ff0b8b80 JavaThread "Worker-JM"                         [_thread_blocked, id=20688, stack(0x0000008c35b00000,0x0000008c35c00000) (1024K)]
  0x00000244ff0b9f30 JavaThread "JNA Cleaner"                daemon [_thread_blocked, id=13428, stack(0x0000008c35c00000,0x0000008c35d00000) (1024K)]
  0x00000244ff0bb2e0 JavaThread "Worker-0"                          [_thread_blocked, id=2932, stack(0x0000008c35d00000,0x0000008c35e00000) (1024K)]
  0x00000244ff0b9210 JavaThread "Worker-1"                          [_thread_blocked, id=7164, stack(0x0000008c35e00000,0x0000008c35f00000) (1024K)]
  0x00000244ff0b84f0 JavaThread "Java indexing"              daemon [_thread_in_native, id=9224, stack(0x0000008c36000000,0x0000008c36100000) (1024K)]
  0x00000244ff0b98a0 JavaThread "Worker-2"                          [_thread_blocked, id=7348, stack(0x0000008c35f00000,0x0000008c36000000) (1024K)]
  0x00000244ff0ba5c0 JavaThread "Worker-3"                          [_thread_blocked, id=6548, stack(0x0000008c36300000,0x0000008c36400000) (1024K)]
  0x00000244d0c98190 JavaThread "Thread-2"                   daemon [_thread_in_native, id=21168, stack(0x0000008c36400000,0x0000008c36500000) (1024K)]
  0x00000244d0c98820 JavaThread "Thread-3"                   daemon [_thread_in_native, id=14884, stack(0x0000008c36500000,0x0000008c36600000) (1024K)]
  0x00000244d0c96de0 JavaThread "Thread-4"                   daemon [_thread_in_native, id=16940, stack(0x0000008c36600000,0x0000008c36700000) (1024K)]
  0x00000244d0c97470 JavaThread "Thread-5"                   daemon [_thread_in_native, id=24288, stack(0x0000008c36700000,0x0000008c36800000) (1024K)]
  0x00000244d0c98eb0 JavaThread "Thread-6"                   daemon [_thread_in_native, id=2224, stack(0x0000008c36800000,0x0000008c36900000) (1024K)]
  0x00000244d0c99540 JavaThread "Thread-7"                   daemon [_thread_in_native, id=21624, stack(0x0000008c36900000,0x0000008c36a00000) (1024K)]
  0x00000244d0c99bd0 JavaThread "Thread-8"                   daemon [_thread_in_native, id=18300, stack(0x0000008c36a00000,0x0000008c36b00000) (1024K)]
  0x00000244d0c97b00 JavaThread "Thread-9"                   daemon [_thread_in_native, id=5676, stack(0x0000008c36b00000,0x0000008c36c00000) (1024K)]
  0x00000244d0c96750 JavaThread "Thread-10"                  daemon [_thread_in_native, id=9736, stack(0x0000008c36c00000,0x0000008c36d00000) (1024K)]
  0x00000244d0c9d050 JavaThread "Thread-11"                  daemon [_thread_in_native, id=19708, stack(0x0000008c36d00000,0x0000008c36e00000) (1024K)]
  0x00000244d0c9d6e0 JavaThread "Thread-12"                  daemon [_thread_in_native, id=7892, stack(0x0000008c36e00000,0x0000008c36f00000) (1024K)]
  0x00000244d0c9a260 JavaThread "Thread-13"                  daemon [_thread_in_native, id=23064, stack(0x0000008c36f00000,0x0000008c37000000) (1024K)]
  0x00000244d0c9c330 JavaThread "Thread-14"                  daemon [_thread_in_native, id=19672, stack(0x0000008c37000000,0x0000008c37100000) (1024K)]
  0x00000244d0c9dd70 JavaThread "Thread-15"                  daemon [_thread_in_native, id=13724, stack(0x0000008c37100000,0x0000008c37200000) (1024K)]
  0x00000244d0c9c9c0 JavaThread "Thread-16"                  daemon [_thread_in_native, id=3000, stack(0x0000008c37200000,0x0000008c37300000) (1024K)]
  0x00000244d0c9a8f0 JavaThread "Thread-17"                  daemon [_thread_in_native, id=11744, stack(0x0000008c37300000,0x0000008c37400000) (1024K)]
  0x00000244d0c9af80 JavaThread "Thread-18"                  daemon [_thread_in_native, id=3244, stack(0x0000008c37400000,0x0000008c37500000) (1024K)]
  0x00000244d0c9b610 JavaThread "pool-2-thread-1"                   [_thread_blocked, id=3992, stack(0x0000008c37500000,0x0000008c37600000) (1024K)]
  0x00000244fea764e0 JavaThread "WorkspaceEventsHandler"            [_thread_blocked, id=4080, stack(0x0000008c37800000,0x0000008c37900000) (1024K)]
  0x00000244fea73060 JavaThread "pool-1-thread-1"                   [_thread_blocked, id=9588, stack(0x0000008c37900000,0x0000008c37a00000) (1024K)]
  0x00000244fea76b70 JavaThread "Worker-4: Java indexing... "        [_thread_blocked, id=14076, stack(0x0000008c37e00000,0x0000008c37f00000) (1024K)]
  0x00000244fea736f0 JavaThread "Worker-5: Building"                [_thread_blocked, id=23960, stack(0x0000008c37f00000,0x0000008c38000000) (1024K)]
  0x00000244fea757c0 JavaThread "Worker-6"                          [_thread_blocked, id=22744, stack(0x0000008c38000000,0x0000008c38100000) (1024K)]
  0x00000244fea77200 JavaThread "Keep-Alive-Timer"           daemon [_thread_blocked, id=20608, stack(0x0000008c38100000,0x0000008c38200000) (1024K)]
  0x00000244e016ae00 JavaThread "LocalFile Deleter"          daemon [_thread_blocked, id=17768, stack(0x0000008c35400000,0x0000008c35500000) (1024K)]
  0x00000244e016f630 JavaThread "LocalFile Deleter"          daemon [_thread_blocked, id=19080, stack(0x0000008c35500000,0x0000008c35600000) (1024K)]
  0x00000244e016fcc0 JavaThread "LocalFile Deleter"          daemon [_thread_blocked, id=10296, stack(0x0000008c35600000,0x0000008c35700000) (1024K)]
  0x00000244e0170350 JavaThread "LocalFile Deleter"          daemon [_thread_blocked, id=23208, stack(0x0000008c35700000,0x0000008c35800000) (1024K)]
  0x00000244e016e910 JavaThread "LocalFile Deleter"          daemon [_thread_blocked, id=23548, stack(0x0000008c37600000,0x0000008c37700000) (1024K)]
  0x00000244e0171700 JavaThread "LocalFile Deleter"          daemon [_thread_blocked, id=23528, stack(0x0000008c37700000,0x0000008c37800000) (1024K)]
  0x00000244e016efa0 JavaThread "LocalFile Deleter"          daemon [_thread_blocked, id=20952, stack(0x0000008c37b00000,0x0000008c37c00000) (1024K)]
  0x00000244e01709e0 JavaThread "LocalFile Deleter"          daemon [_thread_blocked, id=14176, stack(0x0000008c37c00000,0x0000008c37d00000) (1024K)]
  0x00000244e0171070 JavaThread "LocalFile Deleter"          daemon [_thread_blocked, id=9996, stack(0x0000008c37d00000,0x0000008c37e00000) (1024K)]
  0x00000244e0171d90 JavaThread "LocalFile Deleter"          daemon [_thread_blocked, id=11112, stack(0x0000008c39200000,0x0000008c39300000) (1024K)]
  0x00000244d03238f0 JavaThread "LocalFile Deleter"          daemon [_thread_blocked, id=21316, stack(0x0000008c39300000,0x0000008c39400000) (1024K)]
  0x00000244d0322bd0 JavaThread "LocalFile Deleter"          daemon [_thread_blocked, id=22032, stack(0x0000008c39400000,0x0000008c39500000) (1024K)]
  0x00000244d0323260 JavaThread "LocalFile Deleter"          daemon [_thread_blocked, id=20612, stack(0x0000008c39500000,0x0000008c39600000) (1024K)]
  0x00000244d0322540 JavaThread "Compiler Source File Reader" daemon [_thread_blocked, id=13136, stack(0x0000008c39600000,0x0000008c39700000) (1024K)]
  0x00000244d0323f80 JavaThread "Compiler Source File Reader" daemon [_thread_blocked, id=21528, stack(0x0000008c39700000,0x0000008c39800000) (1024K)]
  0x00000244d0324610 JavaThread "Compiler Source File Reader" daemon [_thread_blocked, id=23152, stack(0x0000008c39800000,0x0000008c39900000) (1024K)]
  0x00000244d03259c0 JavaThread "Compiler Source File Reader" daemon [_thread_blocked, id=10512, stack(0x0000008c39900000,0x0000008c39a00000) (1024K)]
  0x00000244d0324ca0 JavaThread "Compiler Source File Reader" daemon [_thread_blocked, id=7868, stack(0x0000008c39a00000,0x0000008c39b00000) (1024K)]
  0x00000244d0325330 JavaThread "Compiler Source File Reader" daemon [_thread_blocked, id=20012, stack(0x0000008c39b00000,0x0000008c39c00000) (1024K)]
  0x00000244fe536970 JavaThread "C2 CompilerThread1"         daemon [_thread_in_vm, id=12804, stack(0x0000008c39d00000,0x0000008c39e00000) (1024K)]
=>0x00000244fe534760 JavaThread "C2 CompilerThread2"         daemon [_thread_in_native, id=20044, stack(0x0000008c39e00000,0x0000008c39f00000) (1024K)]
  0x00000244dd7b0510 JavaThread "Compiler Processing Task"   daemon [_thread_in_native, id=21656, stack(0x0000008c39f00000,0x0000008c3a000000) (1024K)]
  0x00000244dd7b0ba0 JavaThread "Compiler Class File Writer" daemon [_thread_blocked, id=3808, stack(0x0000008c3a000000,0x0000008c3a100000) (1024K)]
  0x00000244fe534e30 JavaThread "C2 CompilerThread3"         daemon [_thread_in_native, id=10556, stack(0x0000008c3a100000,0x0000008c3a200000) (1024K)]
  0x00000244fe535bd0 JavaThread "C2 CompilerThread4"         daemon [_thread_in_native, id=2156, stack(0x0000008c3a200000,0x0000008c3a300000) (1024K)]
  0x00000244fe535500 JavaThread "C2 CompilerThread5"         daemon [_thread_in_native, id=3144, stack(0x0000008c3a300000,0x0000008c3a400000) (1024K)]
  0x00000244fe537040 JavaThread "C2 CompilerThread6"         daemon [_thread_in_native, id=23460, stack(0x0000008c38200000,0x0000008c38300000) (1024K)]
Total: 75

Other Threads:
  0x00000244f6ec4880 VMThread "VM Thread"                           [id=300, stack(0x0000008c33800000,0x0000008c33900000) (1024K)]
  0x00000244f6dbca00 WatcherThread "VM Periodic Task Thread"        [id=7252, stack(0x0000008c33700000,0x0000008c33800000) (1024K)]
  0x00000244f1b1add0 WorkerThread "GC Thread#0"                     [id=7240, stack(0x0000008c33600000,0x0000008c33700000) (1024K)]
  0x00000244fe154710 WorkerThread "GC Thread#1"                     [id=20140, stack(0x0000008c34900000,0x0000008c34a00000) (1024K)]
  0x00000244fe154ab0 WorkerThread "GC Thread#2"                     [id=20564, stack(0x0000008c34a00000,0x0000008c34b00000) (1024K)]
  0x00000244fe878690 WorkerThread "GC Thread#3"                     [id=22184, stack(0x0000008c34b00000,0x0000008c34c00000) (1024K)]
  0x00000244feb48c20 WorkerThread "GC Thread#4"                     [id=16292, stack(0x0000008c34c00000,0x0000008c34d00000) (1024K)]
  0x00000244fe762f30 WorkerThread "GC Thread#5"                     [id=24440, stack(0x0000008c34d00000,0x0000008c34e00000) (1024K)]
  0x00000244fe944390 WorkerThread "GC Thread#6"                     [id=10436, stack(0x0000008c34f00000,0x0000008c35000000) (1024K)]
  0x00000244feaca320 WorkerThread "GC Thread#7"                     [id=20336, stack(0x0000008c35000000,0x0000008c35100000) (1024K)]
  0x00000244ff0c1530 WorkerThread "GC Thread#8"                     [id=20628, stack(0x0000008c34600000,0x0000008c34700000) (1024K)]
  0x00000244ff0bfcb0 WorkerThread "GC Thread#9"                     [id=6408, stack(0x0000008c35100000,0x0000008c35200000) (1024K)]
  0x00000244ff0bf910 WorkerThread "GC Thread#10"                    [id=10816, stack(0x0000008c35800000,0x0000008c35900000) (1024K)]
  0x00000244ff0bf570 WorkerThread "GC Thread#11"                    [id=20444, stack(0x0000008c35900000,0x0000008c35a00000) (1024K)]
  0x00000244ff0c03f0 WorkerThread "GC Thread#12"                    [id=23592, stack(0x0000008c35a00000,0x0000008c35b00000) (1024K)]
Total: 15

Threads with active compile tasks:
C2 CompilerThread0  26178 9819   !   4       org.eclipse.osgi.internal.loader.BundleLoader::findRequiredSource (283 bytes)
C2 CompilerThread1  26178 10045       4       java.lang.ClassLoader::postDefineClass (39 bytes)
C2 CompilerThread2  26178 9983 %     4       org.lombokweb.asm.SymbolTable::<init> @ 98 (536 bytes)
C2 CompilerThread3  26178 9999       4       org.lombokweb.asm.ClassReader::readMethod (1070 bytes)
C2 CompilerThread4  26179 10013 %     4       org.lombokweb.asm.ClassReader::readCode @ 92 (5117 bytes)
C2 CompilerThread5  26179 10017       4       lombok.patcher.Hook::convertType (64 bytes)
C2 CompilerThread6  26179 10046       4       java.lang.ClassLoader::defineClass (43 bytes)
Total: 7

VM state: not at safepoint (normal execution)

VM Mutex/Monitor currently owned by a thread: None

Heap address: 0x00000000c0000000, size: 1024 MB, Compressed Oops mode: 32-bit

CDS archive(s) mapped at: [0x000002448f000000-0x000002448fba0000-0x000002448fba0000), size 12189696, SharedBaseAddress: 0x000002448f000000, ArchiveRelocationMode: 1.
Compressed class space mapped at: 0x0000024490000000-0x00000244d0000000, reserved size: 1073741824
Narrow klass base: 0x000002448f000000, Narrow klass shift: 0, Narrow klass range: 0x100000000

GC Precious Log:
 CardTable entry size: 512
 CPUs: 16 total, 16 available
 Memory: 15752M
 Large Page Support: Disabled
 NUMA Support: Disabled
 Compressed Oops: Enabled (32-bit)
 Alignments: Space 512K, Generation 512K, Heap 2M
 Heap Min Capacity: 100M
 Heap Initial Capacity: 100M
 Heap Max Capacity: 1G
 Pre-touch: Disabled
 Parallel Workers: 13

Heap:
 PSYoungGen      total 4096K, used 2127K [0x00000000eab00000, 0x00000000eb080000, 0x0000000100000000)
  eden space 3584K, 47% used [0x00000000eab00000,0x00000000eacabc58,0x00000000eae80000)
  from space 512K, 81% used [0x00000000eb000000,0x00000000eb068000,0x00000000eb080000)
  to   space 1024K, 0% used [0x00000000eae80000,0x00000000eae80000,0x00000000eaf80000)
 ParOldGen       total 535040K, used 182285K [0x00000000c0000000, 0x00000000e0a80000, 0x00000000eab00000)
  object space 535040K, 34% used [0x00000000c0000000,0x00000000cb203688,0x00000000e0a80000)
 Metaspace       used 60789K, committed 62208K, reserved 1114112K
  class space    used 6380K, committed 7040K, reserved 1048576K

Card table byte_map: [0x00000244f1490000,0x00000244f16a0000] _byte_map_base: 0x00000244f0e90000

Marking Bits: (ParMarkBitMap*) 0x00007ff9b9ba3260
 Begin Bits: [0x00000244f4ce0000, 0x00000244f5ce0000)
 End Bits:   [0x00000244f5ce0000, 0x00000244f6ce0000)

Polling page: 0x00000244f1150000

Metaspace:

Usage:
  Non-class:     53.13 MB used.
      Class:      6.23 MB used.
       Both:     59.36 MB used.

Virtual space:
  Non-class space:       64.00 MB reserved,      53.88 MB ( 84%) committed,  1 nodes.
      Class space:        1.00 GB reserved,       6.88 MB ( <1%) committed,  1 nodes.
             Both:        1.06 GB reserved,      60.75 MB (  6%) committed. 

Chunk freelists:
   Non-Class:  9.73 MB
       Class:  9.02 MB
        Both:  18.75 MB

MaxMetaspaceSize: unlimited
CompressedClassSpaceSize: 1.00 GB
Initial GC threshold: 21.00 MB
Current GC threshold: 97.31 MB
CDS: on
 - commit_granule_bytes: 65536.
 - commit_granule_words: 8192.
 - virtual_space_node_default_size: 8388608.
 - enlarge_chunks_in_place: 1.
 - use_allocation_guard: 0.


Internal statistics:

num_allocs_failed_limit: 9.
num_arena_births: 1060.
num_arena_deaths: 14.
num_vsnodes_births: 2.
num_vsnodes_deaths: 0.
num_space_committed: 971.
num_space_uncommitted: 0.
num_chunks_returned_to_freelist: 23.
num_chunks_taken_from_freelist: 3639.
num_chunk_merges: 7.
num_chunk_splits: 2259.
num_chunks_enlarged: 1292.
num_inconsistent_stats: 0.

CodeHeap 'non-profiled nmethods': size=119168Kb used=7421Kb max_used=7421Kb free=111746Kb
 bounds [0x0000024487ba0000, 0x00000244882e0000, 0x000002448f000000]
CodeHeap 'profiled nmethods': size=119104Kb used=20363Kb max_used=20363Kb free=98740Kb
 bounds [0x0000024480000000, 0x00000244813f0000, 0x0000024487450000]
CodeHeap 'non-nmethods': size=7488Kb used=1454Kb max_used=3270Kb free=6033Kb
 bounds [0x0000024487450000, 0x0000024487790000, 0x0000024487ba0000]
 total_blobs=9948 nmethods=9180 adapters=674
 compilation: enabled
              stopped_count=0, restarted_count=0
 full_count=0

Compilation events (20 events):
Event: 23.081 Thread 0x00000244fe537de0 10024       3       lombok.patcher.MethodLogistics::loadOpcodeFor (145 bytes)
Event: 23.082 Thread 0x00000244fe5362a0 10026       3       org.lombokweb.asm.MethodWriter::visitIntInsn (113 bytes)
Event: 23.082 Thread 0x00000244f83a6890 10027       3       org.lombokweb.asm.MethodVisitor::visitIntInsn (17 bytes)
Event: 23.082 Thread 0x00000244fe537de0 nmethod 10024 0x00000244805b7490 code [0x00000244805b7740, 0x00000244805b83b8]
Event: 23.082 Thread 0x00000244f83a6890 nmethod 10027 0x00000244800dac90 code [0x00000244800dae40, 0x00000244800db048]
Event: 23.082 Thread 0x00000244fe5362a0 nmethod 10026 0x0000024480910d10 code [0x0000024480910f00, 0x0000024480911350]
Event: 23.082 Thread 0x00000244fe535500 10023       4       java.util.regex.Pattern$Branch::match (66 bytes)
Event: 23.085 Thread 0x00000244fe535500 nmethod 10023 0x0000024487d62590 code [0x0000024487d62740, 0x0000024487d62948]
Event: 23.085 Thread 0x00000244fe535500 10017       4       lombok.patcher.Hook::convertType (64 bytes)
Event: 23.091 Thread 0x00000244fe537710 10032       3       org.lombokweb.asm.Handler::putExceptionTable (63 bytes)
Event: 24.110 Thread 0x00000244fe537de0 10033       3       java.util.concurrent.locks.ReentrantLock$NonfairSync::tryAcquire (27 bytes)
Event: 24.111 Thread 0x00000244fe537710 nmethod 10032 0x0000024480910410 code [0x0000024480910620, 0x0000024480910a60]
Event: 24.111 Thread 0x00000244fe537de0 nmethod 10033 0x000002448090ff10 code [0x00000244809100c0, 0x0000024480910308]
Event: 24.112 Thread 0x00000244fe536970 nmethod 9998 0x0000024487d3b590 code [0x0000024487d3bb80, 0x0000024487d3d580]
Event: 24.112 Thread 0x00000244fe537040 10014       4       org.lombokweb.asm.SymbolTable::addConstantMemberReference (147 bytes)
Event: 24.112 Thread 0x00000244fe536970 10003       4       org.lombokweb.asm.MethodWriter::visitVarInsn (302 bytes)
Event: 24.115 Thread 0x00000244fe537710 10034       3       org.lombokweb.asm.MethodWriter::visitLdcInsn (215 bytes)
Event: 24.115 Thread 0x00000244fe537710 nmethod 10034 0x0000024480323190 code [0x0000024480323420, 0x0000024480323f20]
Event: 24.115 Thread 0x00000244fe536970 nmethod 10003 0x0000024487d61a90 code [0x0000024487d61c80, 0x0000024487d621c8]
Event: 24.116 Thread 0x00000244fe536970 10004       4       org.lombokweb.asm.MethodVisitor::visitVarInsn (17 bytes)

GC Heap History (20 events):
Event: 23.028 GC heap after
{Heap after GC invocations=751 (full 3):
 PSYoungGen      total 3584K, used 1295K [0x00000000eab00000, 0x00000000eb080000, 0x0000000100000000)
  eden space 2048K, 0% used [0x00000000eab00000,0x00000000eab00000,0x00000000ead00000)
  from space 1536K, 84% used [0x00000000eae80000,0x00000000eafc3e98,0x00000000eb000000)
  to   space 1536K, 0% used [0x00000000ead00000,0x00000000ead00000,0x00000000eae80000)
 ParOldGen       total 535040K, used 177215K [0x00000000c0000000, 0x00000000e0a80000, 0x00000000eab00000)
  object space 535040K, 33% used [0x00000000c0000000,0x00000000cad0ff60,0x00000000e0a80000)
 Metaspace       used 60250K, committed 61632K, reserved 1114112K
  class space    used 6334K, committed 6976K, reserved 1048576K
}
Event: 23.029 GC heap before
{Heap before GC invocations=752 (full 3):
 PSYoungGen      total 3584K, used 3343K [0x00000000eab00000, 0x00000000eb080000, 0x0000000100000000)
  eden space 2048K, 100% used [0x00000000eab00000,0x00000000ead00000,0x00000000ead00000)
  from space 1536K, 84% used [0x00000000eae80000,0x00000000eafc3e98,0x00000000eb000000)
  to   space 1536K, 0% used [0x00000000ead00000,0x00000000ead00000,0x00000000eae80000)
 ParOldGen       total 535040K, used 177215K [0x00000000c0000000, 0x00000000e0a80000, 0x00000000eab00000)
  object space 535040K, 33% used [0x00000000c0000000,0x00000000cad0ff60,0x00000000e0a80000)
 Metaspace       used 60250K, committed 61632K, reserved 1114112K
  class space    used 6334K, committed 6976K, reserved 1048576K
}
Event: 23.030 GC heap after
{Heap after GC invocations=752 (full 3):
 PSYoungGen      total 3584K, used 1278K [0x00000000eab00000, 0x00000000eb080000, 0x0000000100000000)
  eden space 2048K, 0% used [0x00000000eab00000,0x00000000eab00000,0x00000000ead00000)
  from space 1536K, 83% used [0x00000000ead00000,0x00000000eae3fab0,0x00000000eae80000)
  to   space 1536K, 0% used [0x00000000eaf00000,0x00000000eaf00000,0x00000000eb080000)
 ParOldGen       total 535040K, used 177389K [0x00000000c0000000, 0x00000000e0a80000, 0x00000000eab00000)
  object space 535040K, 33% used [0x00000000c0000000,0x00000000cad3b568,0x00000000e0a80000)
 Metaspace       used 60250K, committed 61632K, reserved 1114112K
  class space    used 6334K, committed 6976K, reserved 1048576K
}
Event: 23.034 GC heap before
{Heap before GC invocations=753 (full 3):
 PSYoungGen      total 3584K, used 3326K [0x00000000eab00000, 0x00000000eb080000, 0x0000000100000000)
  eden space 2048K, 99% used [0x00000000eab00000,0x00000000eacffff8,0x00000000ead00000)
  from space 1536K, 83% used [0x00000000ead00000,0x00000000eae3fab0,0x00000000eae80000)
  to   space 1536K, 0% used [0x00000000eaf00000,0x00000000eaf00000,0x00000000eb080000)
 ParOldGen       total 535040K, used 177389K [0x00000000c0000000, 0x00000000e0a80000, 0x00000000eab00000)
  object space 535040K, 33% used [0x00000000c0000000,0x00000000cad3b568,0x00000000e0a80000)
 Metaspace       used 60250K, committed 61632K, reserved 1114112K
  class space    used 6334K, committed 6976K, reserved 1048576K
}
Event: 23.035 GC heap after
{Heap after GC invocations=753 (full 3):
 PSYoungGen      total 4096K, used 960K [0x00000000eab00000, 0x00000000eb080000, 0x0000000100000000)
  eden space 2560K, 0% used [0x00000000eab00000,0x00000000eab00000,0x00000000ead80000)
  from space 1536K, 62% used [0x00000000eaf00000,0x00000000eaff0140,0x00000000eb080000)
  to   space 1536K, 0% used [0x00000000ead80000,0x00000000ead80000,0x00000000eaf00000)
 ParOldGen       total 535040K, used 178001K [0x00000000c0000000, 0x00000000e0a80000, 0x00000000eab00000)
  object space 535040K, 33% used [0x00000000c0000000,0x00000000cadd44f8,0x00000000e0a80000)
 Metaspace       used 60250K, committed 61632K, reserved 1114112K
  class space    used 6334K, committed 6976K, reserved 1048576K
}
Event: 23.036 GC heap before
{Heap before GC invocations=754 (full 3):
 PSYoungGen      total 4096K, used 3515K [0x00000000eab00000, 0x00000000eb080000, 0x0000000100000000)
  eden space 2560K, 99% used [0x00000000eab00000,0x00000000ead7ecf0,0x00000000ead80000)
  from space 1536K, 62% used [0x00000000eaf00000,0x00000000eaff0140,0x00000000eb080000)
  to   space 1536K, 0% used [0x00000000ead80000,0x00000000ead80000,0x00000000eaf00000)
 ParOldGen       total 535040K, used 178001K [0x00000000c0000000, 0x00000000e0a80000, 0x00000000eab00000)
  object space 535040K, 33% used [0x00000000c0000000,0x00000000cadd44f8,0x00000000e0a80000)
 Metaspace       used 60254K, committed 61632K, reserved 1114112K
  class space    used 6334K, committed 6976K, reserved 1048576K
}
Event: 23.037 GC heap after
{Heap after GC invocations=754 (full 3):
 PSYoungGen      total 4096K, used 617K [0x00000000eab00000, 0x00000000eb000000, 0x0000000100000000)
  eden space 2560K, 0% used [0x00000000eab00000,0x00000000eab00000,0x00000000ead80000)
  from space 1536K, 40% used [0x00000000ead80000,0x00000000eae1a720,0x00000000eaf00000)
  to   space 1024K, 0% used [0x00000000eaf00000,0x00000000eaf00000,0x00000000eb000000)
 ParOldGen       total 535040K, used 178681K [0x00000000c0000000, 0x00000000e0a80000, 0x00000000eab00000)
  object space 535040K, 33% used [0x00000000c0000000,0x00000000cae7e628,0x00000000e0a80000)
 Metaspace       used 60254K, committed 61632K, reserved 1114112K
  class space    used 6334K, committed 6976K, reserved 1048576K
}
Event: 23.039 GC heap before
{Heap before GC invocations=755 (full 3):
 PSYoungGen      total 4096K, used 3177K [0x00000000eab00000, 0x00000000eb000000, 0x0000000100000000)
  eden space 2560K, 100% used [0x00000000eab00000,0x00000000ead80000,0x00000000ead80000)
  from space 1536K, 40% used [0x00000000ead80000,0x00000000eae1a720,0x00000000eaf00000)
  to   space 1024K, 0% used [0x00000000eaf00000,0x00000000eaf00000,0x00000000eb000000)
 ParOldGen       total 535040K, used 178681K [0x00000000c0000000, 0x00000000e0a80000, 0x00000000eab00000)
  object space 535040K, 33% used [0x00000000c0000000,0x00000000cae7e628,0x00000000e0a80000)
 Metaspace       used 60254K, committed 61632K, reserved 1114112K
  class space    used 6334K, committed 6976K, reserved 1048576K
}
Event: 23.040 GC heap after
{Heap after GC invocations=755 (full 3):
 PSYoungGen      total 4096K, used 787K [0x00000000eab00000, 0x00000000eb000000, 0x0000000100000000)
  eden space 3072K, 0% used [0x00000000eab00000,0x00000000eab00000,0x00000000eae00000)
  from space 1024K, 76% used [0x00000000eaf00000,0x00000000eafc4e20,0x00000000eb000000)
  to   space 1024K, 0% used [0x00000000eae00000,0x00000000eae00000,0x00000000eaf00000)
 ParOldGen       total 535040K, used 178884K [0x00000000c0000000, 0x00000000e0a80000, 0x00000000eab00000)
  object space 535040K, 33% used [0x00000000c0000000,0x00000000caeb1230,0x00000000e0a80000)
 Metaspace       used 60254K, committed 61632K, reserved 1114112K
  class space    used 6334K, committed 6976K, reserved 1048576K
}
Event: 23.042 GC heap before
{Heap before GC invocations=756 (full 3):
 PSYoungGen      total 4096K, used 3859K [0x00000000eab00000, 0x00000000eb000000, 0x0000000100000000)
  eden space 3072K, 100% used [0x00000000eab00000,0x00000000eae00000,0x00000000eae00000)
  from space 1024K, 76% used [0x00000000eaf00000,0x00000000eafc4e20,0x00000000eb000000)
  to   space 1024K, 0% used [0x00000000eae00000,0x00000000eae00000,0x00000000eaf00000)
 ParOldGen       total 535040K, used 178884K [0x00000000c0000000, 0x00000000e0a80000, 0x00000000eab00000)
  object space 535040K, 33% used [0x00000000c0000000,0x00000000caeb1230,0x00000000e0a80000)
 Metaspace       used 60255K, committed 61632K, reserved 1114112K
  class space    used 6334K, committed 6976K, reserved 1048576K
}
Event: 23.043 GC heap after
{Heap after GC invocations=756 (full 3):
 PSYoungGen      total 4096K, used 837K [0x00000000eab00000, 0x00000000eb100000, 0x0000000100000000)
  eden space 3072K, 0% used [0x00000000eab00000,0x00000000eab00000,0x00000000eae00000)
  from space 1024K, 81% used [0x00000000eae00000,0x00000000eaed1478,0x00000000eaf00000)
  to   space 1024K, 0% used [0x00000000eb000000,0x00000000eb000000,0x00000000eb100000)
 ParOldGen       total 535040K, used 179076K [0x00000000c0000000, 0x00000000e0a80000, 0x00000000eab00000)
  object space 535040K, 33% used [0x00000000c0000000,0x00000000caee1230,0x00000000e0a80000)
 Metaspace       used 60255K, committed 61632K, reserved 1114112K
  class space    used 6334K, committed 6976K, reserved 1048576K
}
Event: 23.061 GC heap before
{Heap before GC invocations=757 (full 3):
 PSYoungGen      total 4096K, used 3909K [0x00000000eab00000, 0x00000000eb100000, 0x0000000100000000)
  eden space 3072K, 100% used [0x00000000eab00000,0x00000000eae00000,0x00000000eae00000)
  from space 1024K, 81% used [0x00000000eae00000,0x00000000eaed1478,0x00000000eaf00000)
  to   space 1024K, 0% used [0x00000000eb000000,0x00000000eb000000,0x00000000eb100000)
 ParOldGen       total 535040K, used 179076K [0x00000000c0000000, 0x00000000e0a80000, 0x00000000eab00000)
  object space 535040K, 33% used [0x00000000c0000000,0x00000000caee1230,0x00000000e0a80000)
 Metaspace       used 60261K, committed 61632K, reserved 1114112K
  class space    used 6334K, committed 6976K, reserved 1048576K
}
Event: 23.062 GC heap after
{Heap after GC invocations=757 (full 3):
 PSYoungGen      total 4608K, used 1013K [0x00000000eab00000, 0x00000000eb200000, 0x0000000100000000)
  eden space 3584K, 0% used [0x00000000eab00000,0x00000000eab00000,0x00000000eae80000)
  from space 1024K, 98% used [0x00000000eb000000,0x00000000eb0fd430,0x00000000eb100000)
  to   space 1536K, 0% used [0x00000000eae80000,0x00000000eae80000,0x00000000eb000000)
 ParOldGen       total 535040K, used 179477K [0x00000000c0000000, 0x00000000e0a80000, 0x00000000eab00000)
  object space 535040K, 33% used [0x00000000c0000000,0x00000000caf454e0,0x00000000e0a80000)
 Metaspace       used 60261K, committed 61632K, reserved 1114112K
  class space    used 6334K, committed 6976K, reserved 1048576K
}
Event: 23.073 GC heap before
{Heap before GC invocations=758 (full 3):
 PSYoungGen      total 4608K, used 4597K [0x00000000eab00000, 0x00000000eb200000, 0x0000000100000000)
  eden space 3584K, 100% used [0x00000000eab00000,0x00000000eae80000,0x00000000eae80000)
  from space 1024K, 98% used [0x00000000eb000000,0x00000000eb0fd430,0x00000000eb100000)
  to   space 1536K, 0% used [0x00000000eae80000,0x00000000eae80000,0x00000000eb000000)
 ParOldGen       total 535040K, used 179477K [0x00000000c0000000, 0x00000000e0a80000, 0x00000000eab00000)
  object space 535040K, 33% used [0x00000000c0000000,0x00000000caf454e0,0x00000000e0a80000)
 Metaspace       used 60266K, committed 61632K, reserved 1114112K
  class space    used 6334K, committed 6976K, reserved 1048576K
}
Event: 23.074 GC heap after
{Heap after GC invocations=758 (full 3):
 PSYoungGen      total 5120K, used 1462K [0x00000000eab00000, 0x00000000eb180000, 0x0000000100000000)
  eden space 3584K, 0% used [0x00000000eab00000,0x00000000eab00000,0x00000000eae80000)
  from space 1536K, 95% used [0x00000000eae80000,0x00000000eafeda98,0x00000000eb000000)
  to   space 1536K, 0% used [0x00000000eb000000,0x00000000eb000000,0x00000000eb180000)
 ParOldGen       total 535040K, used 179605K [0x00000000c0000000, 0x00000000e0a80000, 0x00000000eab00000)
  object space 535040K, 33% used [0x00000000c0000000,0x00000000caf654e0,0x00000000e0a80000)
 Metaspace       used 60266K, committed 61632K, reserved 1114112K
  class space    used 6334K, committed 6976K, reserved 1048576K
}
Event: 23.083 GC heap before
{Heap before GC invocations=759 (full 3):
 PSYoungGen      total 5120K, used 5046K [0x00000000eab00000, 0x00000000eb180000, 0x0000000100000000)
  eden space 3584K, 100% used [0x00000000eab00000,0x00000000eae80000,0x00000000eae80000)
  from space 1536K, 95% used [0x00000000eae80000,0x00000000eafeda98,0x00000000eb000000)
  to   space 1536K, 0% used [0x00000000eb000000,0x00000000eb000000,0x00000000eb180000)
 ParOldGen       total 535040K, used 179605K [0x00000000c0000000, 0x00000000e0a80000, 0x00000000eab00000)
  object space 535040K, 33% used [0x00000000c0000000,0x00000000caf654e0,0x00000000e0a80000)
 Metaspace       used 60272K, committed 61632K, reserved 1114112K
  class space    used 6334K, committed 6976K, reserved 1048576K
}
Event: 23.084 GC heap after
{Heap after GC invocations=759 (full 3):
 PSYoungGen      total 5120K, used 1209K [0x00000000eab00000, 0x00000000eb180000, 0x0000000100000000)
  eden space 3584K, 0% used [0x00000000eab00000,0x00000000eab00000,0x00000000eae80000)
  from space 1536K, 78% used [0x00000000eb000000,0x00000000eb12e438,0x00000000eb180000)
  to   space 1536K, 0% used [0x00000000eae80000,0x00000000eae80000,0x00000000eb000000)
 ParOldGen       total 535040K, used 179637K [0x00000000c0000000, 0x00000000e0a80000, 0x00000000eab00000)
  object space 535040K, 33% used [0x00000000c0000000,0x00000000caf6d4e0,0x00000000e0a80000)
 Metaspace       used 60272K, committed 61632K, reserved 1114112K
  class space    used 6334K, committed 6976K, reserved 1048576K
}
Event: 24.111 GC heap before
{Heap before GC invocations=760 (full 3):
 PSYoungGen      total 5120K, used 4793K [0x00000000eab00000, 0x00000000eb180000, 0x0000000100000000)
  eden space 3584K, 100% used [0x00000000eab00000,0x00000000eae80000,0x00000000eae80000)
  from space 1536K, 78% used [0x00000000eb000000,0x00000000eb12e438,0x00000000eb180000)
  to   space 1536K, 0% used [0x00000000eae80000,0x00000000eae80000,0x00000000eb000000)
 ParOldGen       total 535040K, used 179925K [0x00000000c0000000, 0x00000000e0a80000, 0x00000000eab00000)
  object space 535040K, 33% used [0x00000000c0000000,0x00000000cafb57c8,0x00000000e0a80000)
 Metaspace       used 60273K, committed 61632K, reserved 1114112K
  class space    used 6334K, committed 6976K, reserved 1048576K
}
Event: 24.112 GC heap after
{Heap after GC invocations=760 (full 3):
 PSYoungGen      total 4096K, used 468K [0x00000000eab00000, 0x00000000eb080000, 0x0000000100000000)
  eden space 3584K, 0% used [0x00000000eab00000,0x00000000eab00000,0x00000000eae80000)
  from space 512K, 91% used [0x00000000eae80000,0x00000000eaef5230,0x00000000eaf00000)
  to   space 1024K, 0% used [0x00000000eaf80000,0x00000000eaf80000,0x00000000eb080000)
 ParOldGen       total 535040K, used 179989K [0x00000000c0000000, 0x00000000e0a80000, 0x00000000eab00000)
  object space 535040K, 33% used [0x00000000c0000000,0x00000000cafc57c8,0x00000000e0a80000)
 Metaspace       used 60273K, committed 61632K, reserved 1114112K
  class space    used 6334K, committed 6976K, reserved 1048576K
}
Event: 24.116 GC heap before
{Heap before GC invocations=761 (full 3):
 PSYoungGen      total 4096K, used 4052K [0x00000000eab00000, 0x00000000eb080000, 0x0000000100000000)
  eden space 3584K, 100% used [0x00000000eab00000,0x00000000eae80000,0x00000000eae80000)
  from space 512K, 91% used [0x00000000eae80000,0x00000000eaef5230,0x00000000eaf00000)
  to   space 1024K, 0% used [0x00000000eaf80000,0x00000000eaf80000,0x00000000eb080000)
 ParOldGen       total 535040K, used 179992K [0x00000000c0000000, 0x00000000e0a80000, 0x00000000eab00000)
  object space 535040K, 33% used [0x00000000c0000000,0x00000000cafc62f8,0x00000000e0a80000)
 Metaspace       used 60274K, committed 61632K, reserved 1114112K
  class space    used 6334K, committed 6976K, reserved 1048576K
}

Dll operation events (14 events):
Event: 0.054 Loaded shared library c:\Users\MSI\.vscode\extensions\redhat.java-1.40.0-win32-x64\jre\21.0.6-win32-x86_64\bin\java.dll
Event: 0.154 Loaded shared library c:\Users\MSI\.vscode\extensions\redhat.java-1.40.0-win32-x64\jre\21.0.6-win32-x86_64\bin\zip.dll
Event: 0.215 Loaded shared library C:\Users\MSI\.vscode\extensions\redhat.java-1.40.0-win32-x64\jre\21.0.6-win32-x86_64\bin\instrument.dll
Event: 0.221 Loaded shared library C:\Users\MSI\.vscode\extensions\redhat.java-1.40.0-win32-x64\jre\21.0.6-win32-x86_64\bin\net.dll
Event: 0.225 Loaded shared library C:\Users\MSI\.vscode\extensions\redhat.java-1.40.0-win32-x64\jre\21.0.6-win32-x86_64\bin\nio.dll
Event: 0.227 Loaded shared library C:\Users\MSI\.vscode\extensions\redhat.java-1.40.0-win32-x64\jre\21.0.6-win32-x86_64\bin\zip.dll
Event: 0.246 Loaded shared library C:\Users\MSI\.vscode\extensions\redhat.java-1.40.0-win32-x64\jre\21.0.6-win32-x86_64\bin\jimage.dll
Event: 0.321 Loaded shared library c:\Users\MSI\.vscode\extensions\redhat.java-1.40.0-win32-x64\jre\21.0.6-win32-x86_64\bin\verify.dll
Event: 3.750 Loaded shared library C:\Users\MSI\AppData\Roaming\Code\User\globalStorage\redhat.java\1.40.0\config_win\org.eclipse.equinox.launcher\org.eclipse.equinox.launcher.win32.win32.x86_64_1.2.1200.v20250212-0927\eclipse_11909.dll
Event: 9.464 Loaded shared library C:\Users\MSI\AppData\Local\Temp\jna-76643\jna17171611088343379849.dll
Event: 10.235 Loaded shared library C:\Users\MSI\.vscode\extensions\redhat.java-1.40.0-win32-x64\jre\21.0.6-win32-x86_64\bin\management.dll
Event: 10.239 Loaded shared library C:\Users\MSI\.vscode\extensions\redhat.java-1.40.0-win32-x64\jre\21.0.6-win32-x86_64\bin\management_ext.dll
Event: 10.594 Loaded shared library C:\Users\MSI\.vscode\extensions\redhat.java-1.40.0-win32-x64\jre\21.0.6-win32-x86_64\bin\sunmscapi.dll
Event: 10.870 Loaded shared library C:\Users\MSI\.vscode\extensions\redhat.java-1.40.0-win32-x64\jre\21.0.6-win32-x86_64\bin\extnet.dll

Deoptimization events (20 events):
Event: 23.044 Thread 0x00000244dd7b0510 Uncommon trap: trap_request=0xffffffde fr.pc=0x0000024487ddac60 relative=0x0000000000007a20
Event: 23.044 Thread 0x00000244dd7b0510 Uncommon trap: reason=class_check action=maybe_recompile pc=0x0000024487ddac60 method=lombok.patcher.PatchScript$MethodPatcher.visitMethod(ILjava/lang/String;Ljava/lang/String;Ljava/lang/String;[Ljava/lang/String;)Lorg/lombokweb/asm/MethodVisitor; @ 101 c
Event: 23.044 Thread 0x00000244dd7b0510 DEOPT PACKING pc=0x0000024487ddac60 sp=0x0000008c39ffac40
Event: 23.044 Thread 0x00000244dd7b0510 DEOPT UNPACKING pc=0x00000244874a3aa2 sp=0x0000008c39ffabe8 mode 2
Event: 23.044 Thread 0x00000244dd7b0510 Uncommon trap: trap_request=0xffffffde fr.pc=0x0000024487ddac60 relative=0x0000000000007a20
Event: 23.044 Thread 0x00000244dd7b0510 Uncommon trap: reason=class_check action=maybe_recompile pc=0x0000024487ddac60 method=lombok.patcher.PatchScript$MethodPatcher.visitMethod(ILjava/lang/String;Ljava/lang/String;Ljava/lang/String;[Ljava/lang/String;)Lorg/lombokweb/asm/MethodVisitor; @ 101 c
Event: 23.044 Thread 0x00000244dd7b0510 DEOPT PACKING pc=0x0000024487ddac60 sp=0x0000008c39ffac40
Event: 23.044 Thread 0x00000244dd7b0510 DEOPT UNPACKING pc=0x00000244874a3aa2 sp=0x0000008c39ffabe8 mode 2
Event: 23.044 Thread 0x00000244dd7b0510 Uncommon trap: trap_request=0xffffffde fr.pc=0x0000024487ddac60 relative=0x0000000000007a20
Event: 23.044 Thread 0x00000244dd7b0510 Uncommon trap: reason=class_check action=maybe_recompile pc=0x0000024487ddac60 method=lombok.patcher.PatchScript$MethodPatcher.visitMethod(ILjava/lang/String;Ljava/lang/String;Ljava/lang/String;[Ljava/lang/String;)Lorg/lombokweb/asm/MethodVisitor; @ 101 c
Event: 23.044 Thread 0x00000244dd7b0510 DEOPT PACKING pc=0x0000024487ddac60 sp=0x0000008c39ffac40
Event: 23.044 Thread 0x00000244dd7b0510 DEOPT UNPACKING pc=0x00000244874a3aa2 sp=0x0000008c39ffabe8 mode 2
Event: 23.044 Thread 0x00000244dd7b0510 Uncommon trap: trap_request=0xffffffde fr.pc=0x0000024487ddac60 relative=0x0000000000007a20
Event: 23.044 Thread 0x00000244dd7b0510 Uncommon trap: reason=class_check action=maybe_recompile pc=0x0000024487ddac60 method=lombok.patcher.PatchScript$MethodPatcher.visitMethod(ILjava/lang/String;Ljava/lang/String;Ljava/lang/String;[Ljava/lang/String;)Lorg/lombokweb/asm/MethodVisitor; @ 101 c
Event: 23.044 Thread 0x00000244dd7b0510 DEOPT PACKING pc=0x0000024487ddac60 sp=0x0000008c39ffac40
Event: 23.044 Thread 0x00000244dd7b0510 DEOPT UNPACKING pc=0x00000244874a3aa2 sp=0x0000008c39ffabe8 mode 2
Event: 23.044 Thread 0x00000244dd7b0510 Uncommon trap: trap_request=0xffffffde fr.pc=0x0000024487d8641c relative=0x0000000000002d5c
Event: 23.044 Thread 0x00000244dd7b0510 Uncommon trap: reason=class_check action=maybe_recompile pc=0x0000024487d8641c method=lombok.patcher.PatchScript$MethodPatcher.visitMethod(ILjava/lang/String;Ljava/lang/String;Ljava/lang/String;[Ljava/lang/String;)Lorg/lombokweb/asm/MethodVisitor; @ 101 c
Event: 23.044 Thread 0x00000244dd7b0510 DEOPT PACKING pc=0x0000024487d8641c sp=0x0000008c39ffabd0
Event: 23.044 Thread 0x00000244dd7b0510 DEOPT UNPACKING pc=0x00000244874a3aa2 sp=0x0000008c39ffabe8 mode 2

Classes loaded (20 events):
Event: 21.490 Loading class java/util/regex/Pattern$LazyLoop
Event: 21.490 Loading class java/util/regex/Pattern$LazyLoop done
Event: 21.640 Loading class sun/security/ssl/Alert
Event: 21.640 Loading class sun/security/ssl/Alert done
Event: 21.640 Loading class sun/security/ssl/Alert$AlertConsumer
Event: 21.640 Loading class sun/security/ssl/Alert$AlertConsumer done
Event: 21.640 Loading class sun/security/ssl/Alert$Level
Event: 21.640 Loading class sun/security/ssl/Alert$Level done
Event: 21.755 Loading class java/util/stream/ReduceOps$4
Event: 21.755 Loading class java/util/stream/ReduceOps$4 done
Event: 21.755 Loading class java/util/stream/ReduceOps$4ReducingSink
Event: 21.755 Loading class java/util/stream/ReduceOps$4ReducingSink done
Event: 21.757 Loading class java/nio/file/Files$2
Event: 21.757 Loading class java/nio/file/Files$2 done
Event: 21.842 Loading class java/util/concurrent/ArrayBlockingQueue
Event: 21.842 Loading class java/util/concurrent/ArrayBlockingQueue done
Event: 22.961 Loading class java/util/Hashtable$ValueCollection
Event: 22.961 Loading class java/util/Hashtable$ValueCollection done
Event: 22.965 Loading class java/util/concurrent/ConcurrentHashMap$KeySpliterator
Event: 22.965 Loading class java/util/concurrent/ConcurrentHashMap$KeySpliterator done

Classes unloaded (7 events):
Event: 9.830 Thread 0x00000244f6ec4880 Unloading class 0x0000024490195000 'java/lang/invoke/LambdaForm$MH+0x0000024490195000'
Event: 9.830 Thread 0x00000244f6ec4880 Unloading class 0x0000024490194c00 'java/lang/invoke/LambdaForm$MH+0x0000024490194c00'
Event: 9.830 Thread 0x00000244f6ec4880 Unloading class 0x0000024490194800 'java/lang/invoke/LambdaForm$MH+0x0000024490194800'
Event: 9.830 Thread 0x00000244f6ec4880 Unloading class 0x0000024490194400 'java/lang/invoke/LambdaForm$MH+0x0000024490194400'
Event: 9.830 Thread 0x00000244f6ec4880 Unloading class 0x0000024490194000 'java/lang/invoke/LambdaForm$BMH+0x0000024490194000'
Event: 9.830 Thread 0x00000244f6ec4880 Unloading class 0x0000024490193c00 'java/lang/invoke/LambdaForm$DMH+0x0000024490193c00'
Event: 9.830 Thread 0x00000244f6ec4880 Unloading class 0x0000024490192c00 'java/lang/invoke/LambdaForm$DMH+0x0000024490192c00'

Classes redefined (0 events):
No events

Internal exceptions (20 events):
Event: 19.905 Thread 0x00000244e016fcc0 Exception <a 'sun/nio/fs/WindowsException'{0x00000000eab89620}> (0x00000000eab89620) 
thrown [s\src\hotspot\share\prims\jni.cpp, line 520]
Event: 19.907 Thread 0x00000244e0170350 Exception <a 'sun/nio/fs/WindowsException'{0x00000000ead07800}> (0x00000000ead07800) 
thrown [s\src\hotspot\share\prims\jni.cpp, line 520]
Event: 19.908 Thread 0x00000244e016e910 Exception <a 'sun/nio/fs/WindowsException'{0x00000000ead09b18}> (0x00000000ead09b18) 
thrown [s\src\hotspot\share\prims\jni.cpp, line 520]
Event: 19.909 Thread 0x00000244e016efa0 Exception <a 'sun/nio/fs/WindowsException'{0x00000000ead0e190}> (0x00000000ead0e190) 
thrown [s\src\hotspot\share\prims\jni.cpp, line 520]
Event: 19.910 Thread 0x00000244ff0b84f0 Exception <a 'sun/nio/fs/WindowsException'{0x00000000ead02340}> (0x00000000ead02340) 
thrown [s\src\hotspot\share\prims\jni.cpp, line 520]
Event: 19.911 Thread 0x00000244e01709e0 Exception <a 'sun/nio/fs/WindowsException'{0x00000000ead104c0}> (0x00000000ead104c0) 
thrown [s\src\hotspot\share\prims\jni.cpp, line 520]
Event: 20.074 Thread 0x00000244ff0b84f0 Exception <a 'sun/nio/fs/WindowsException'{0x00000000eab00548}> (0x00000000eab00548) 
thrown [s\src\hotspot\share\prims\jni.cpp, line 520]
Event: 21.552 Thread 0x00000244ff0b84f0 Exception <a 'sun/nio/fs/WindowsException'{0x00000000eab00950}> (0x00000000eab00950) 
thrown [s\src\hotspot\share\prims\jni.cpp, line 520]
Event: 21.598 Thread 0x00000244ff0b84f0 Exception <a 'sun/nio/fs/WindowsException'{0x00000000eab00588}> (0x00000000eab00588) 
thrown [s\src\hotspot\share\prims\jni.cpp, line 520]
Event: 21.633 Thread 0x00000244ff0b84f0 Exception <a 'sun/nio/fs/WindowsException'{0x00000000eac0a350}> (0x00000000eac0a350) 
thrown [s\src\hotspot\share\prims\jni.cpp, line 520]
Event: 21.735 Thread 0x00000244ff0b84f0 Exception <a 'sun/nio/fs/WindowsException'{0x00000000eab07750}> (0x00000000eab07750) 
thrown [s\src\hotspot\share\prims\jni.cpp, line 520]
Event: 21.758 Thread 0x00000244fea736f0 Exception <a 'java/lang/NoSuchMethodError'{0x00000000eabe44f0}: 'int java.lang.invoke.DirectMethodHandle$Holder.invokeSpecialIFC(java.lang.Object, java.lang.Object, java.lang.Object)'> (0x00000000eabe44f0) 
thrown [s\src\hotspot\share\interpreter\linkResolver.cpp, line 773]
Event: 21.795 Thread 0x00000244ff0b84f0 Exception <a 'sun/nio/fs/WindowsException'{0x00000000eab48978}> (0x00000000eab48978) 
thrown [s\src\hotspot\share\prims\jni.cpp, line 520]
Event: 21.820 Thread 0x00000244ff0b84f0 Exception <a 'sun/nio/fs/WindowsException'{0x00000000eac2cf50}> (0x00000000eac2cf50) 
thrown [s\src\hotspot\share\prims\jni.cpp, line 520]
Event: 21.858 Thread 0x00000244ff0b84f0 Exception <a 'sun/nio/fs/WindowsException'{0x00000000eab9d818}> (0x00000000eab9d818) 
thrown [s\src\hotspot\share\prims\jni.cpp, line 520]
Event: 22.913 Thread 0x00000244ff0b84f0 Exception <a 'sun/nio/fs/WindowsException'{0x00000000eab86af0}> (0x00000000eab86af0) 
thrown [s\src\hotspot\share\prims\jni.cpp, line 520]
Event: 22.938 Thread 0x00000244dd7b0510 Exception <a 'java/lang/NoSuchMethodError'{0x00000000eab04398}: 'void java.lang.invoke.DirectMethodHandle$Holder.invokeStatic(java.lang.Object, int, java.lang.Object)'> (0x00000000eab04398) 
thrown [s\src\hotspot\share\interpreter\linkResolver.cpp, line 773]
Event: 22.968 Thread 0x00000244fea736f0 Exception <a 'java/lang/NoSuchMethodError'{0x00000000eac904c0}: 'java.lang.Object java.lang.invoke.DirectMethodHandle$Holder.newInvokeSpecial(java.lang.Object, java.lang.Object, int, int, java.lang.Object)'> (0x00000000eac904c0) 
thrown [s\src\hotspot\share\interpreter\linkResolver.cpp, line 773]
Event: 23.005 Thread 0x00000244ff0b84f0 Exception <a 'sun/nio/fs/WindowsException'{0x00000000eab5aea0}> (0x00000000eab5aea0) 
thrown [s\src\hotspot\share\prims\jni.cpp, line 520]
Event: 23.071 Thread 0x00000244ff0b84f0 Exception <a 'sun/nio/fs/WindowsException'{0x00000000ead7a558}> (0x00000000ead7a558) 
thrown [s\src\hotspot\share\prims\jni.cpp, line 520]

ZGC Phase Switch (0 events):
No events

VM Operations (20 events):
Event: 23.030 Executing VM operation: ParallelGCFailedAllocation (Allocation Failure) done
Event: 23.034 Executing VM operation: ParallelGCFailedAllocation (Allocation Failure)
Event: 23.035 Executing VM operation: ParallelGCFailedAllocation (Allocation Failure) done
Event: 23.036 Executing VM operation: ParallelGCFailedAllocation (Allocation Failure)
Event: 23.037 Executing VM operation: ParallelGCFailedAllocation (Allocation Failure) done
Event: 23.039 Executing VM operation: ParallelGCFailedAllocation (Allocation Failure)
Event: 23.040 Executing VM operation: ParallelGCFailedAllocation (Allocation Failure) done
Event: 23.042 Executing VM operation: ParallelGCFailedAllocation (Allocation Failure)
Event: 23.043 Executing VM operation: ParallelGCFailedAllocation (Allocation Failure) done
Event: 23.061 Executing VM operation: ParallelGCFailedAllocation (Allocation Failure)
Event: 23.062 Executing VM operation: ParallelGCFailedAllocation (Allocation Failure) done
Event: 23.073 Executing VM operation: ParallelGCFailedAllocation (Allocation Failure)
Event: 23.074 Executing VM operation: ParallelGCFailedAllocation (Allocation Failure) done
Event: 23.083 Executing VM operation: ParallelGCFailedAllocation (Allocation Failure)
Event: 23.084 Executing VM operation: ParallelGCFailedAllocation (Allocation Failure) done
Event: 23.095 Executing VM operation: ParallelGCFailedAllocation (Allocation Failure)
Event: 24.110 Executing VM operation: ParallelGCFailedAllocation (Allocation Failure) done
Event: 24.111 Executing VM operation: ParallelGCSystemGC (GCLocker Initiated GC)
Event: 24.112 Executing VM operation: ParallelGCSystemGC (GCLocker Initiated GC) done
Event: 24.116 Executing VM operation: ParallelGCFailedAllocation (Allocation Failure)

Memory protections (0 events):
No events

Nmethod flushes (20 events):
Event: 21.672 Thread 0x00000244f6ec4880 flushing  nmethod 0x0000024480996490
Event: 21.672 Thread 0x00000244f6ec4880 flushing  nmethod 0x00000244809a7990
Event: 21.672 Thread 0x00000244f6ec4880 flushing  nmethod 0x00000244809a8310
Event: 21.672 Thread 0x00000244f6ec4880 flushing  nmethod 0x00000244809ab510
Event: 21.672 Thread 0x00000244f6ec4880 flushing  nmethod 0x00000244809bf090
Event: 21.672 Thread 0x00000244f6ec4880 flushing  nmethod 0x00000244809bfb10
Event: 21.672 Thread 0x00000244f6ec4880 flushing  nmethod 0x00000244809c0710
Event: 21.672 Thread 0x00000244f6ec4880 flushing  nmethod 0x00000244809c1690
Event: 21.672 Thread 0x00000244f6ec4880 flushing  nmethod 0x00000244809c1c90
Event: 21.672 Thread 0x00000244f6ec4880 flushing  nmethod 0x00000244809c2510
Event: 21.672 Thread 0x00000244f6ec4880 flushing  nmethod 0x00000244809c4510
Event: 21.672 Thread 0x00000244f6ec4880 flushing  nmethod 0x00000244809ef190
Event: 21.672 Thread 0x00000244f6ec4880 flushing  nmethod 0x0000024480a26b90
Event: 21.672 Thread 0x00000244f6ec4880 flushing  nmethod 0x0000024480ae0310
Event: 21.672 Thread 0x00000244f6ec4880 flushing  nmethod 0x0000024480ae1c90
Event: 21.672 Thread 0x00000244f6ec4880 flushing  nmethod 0x0000024480ae6890
Event: 21.672 Thread 0x00000244f6ec4880 flushing  nmethod 0x0000024480ae6c90
Event: 21.672 Thread 0x00000244f6ec4880 flushing  nmethod 0x0000024480b03690
Event: 21.672 Thread 0x00000244f6ec4880 flushing  nmethod 0x0000024480b17410
Event: 21.672 Thread 0x00000244f6ec4880 flushing  nmethod 0x0000024480b1f690

Events (20 events):
Event: 23.065 Thread 0x00000244fe5362a0 Thread added: 0x00000244fe534e30
Event: 23.072 Thread 0x00000244f83a6890 Thread added: 0x00000244fe535bd0
Event: 23.082 Thread 0x00000244fe537de0 Thread added: 0x00000244fe535500
Event: 24.110 Thread 0x00000244e016e280 Thread exited: 0x00000244e016e280
Event: 24.110 Thread 0x00000244fea74410 Thread exited: 0x00000244fea74410
Event: 24.110 Thread 0x00000244e016ced0 Thread exited: 0x00000244e016ced0
Event: 24.110 Thread 0x00000244e016bb20 Thread exited: 0x00000244e016bb20
Event: 24.110 Thread 0x00000244fea77890 Thread exited: 0x00000244fea77890
Event: 24.110 Thread 0x00000244fea77f20 Thread exited: 0x00000244fea77f20
Event: 24.110 Thread 0x00000244e016c840 Thread exited: 0x00000244e016c840
Event: 24.110 Thread 0x00000244fea792d0 Thread exited: 0x00000244fea792d0
Event: 24.110 Thread 0x00000244fea78c40 Thread exited: 0x00000244fea78c40
Event: 24.110 Thread 0x00000244e016d560 Thread exited: 0x00000244e016d560
Event: 24.111 Thread 0x00000244e016a770 Thread exited: 0x00000244e016a770
Event: 24.111 Thread 0x00000244fea79960 Thread exited: 0x00000244fea79960
Event: 24.111 Thread 0x00000244fea785b0 Thread exited: 0x00000244fea785b0
Event: 24.111 Thread 0x00000244fea79ff0 Thread exited: 0x00000244fea79ff0
Event: 24.111 Thread 0x00000244e016c1b0 Thread exited: 0x00000244e016c1b0
Event: 24.111 Thread 0x00000244fea7a680 Thread exited: 0x00000244fea7a680
Event: 24.112 Thread 0x00000244fe537710 Thread added: 0x00000244fe537040


Dynamic libraries:
0x00007ff747e10000 - 0x00007ff747e1e000 	c:\Users\MSI\.vscode\extensions\redhat.java-1.40.0-win32-x64\jre\21.0.6-win32-x86_64\bin\java.exe
0x00007ffa12a40000 - 0x00007ffa12ca3000 	C:\WINDOWS\SYSTEM32\ntdll.dll
0x00007ffa11b30000 - 0x00007ffa11bf7000 	C:\WINDOWS\System32\KERNEL32.DLL
0x00007ffa10310000 - 0x00007ffa106d9000 	C:\WINDOWS\System32\KERNELBASE.dll
0x00007ffa0ce10000 - 0x00007ffa0ceac000 	C:\WINDOWS\SYSTEM32\apphelp.dll
0x00007ffa0fc40000 - 0x00007ffa0fd8c000 	C:\WINDOWS\System32\ucrtbase.dll
0x00007ff9fe240000 - 0x00007ff9fe25e000 	c:\Users\MSI\.vscode\extensions\redhat.java-1.40.0-win32-x64\jre\21.0.6-win32-x86_64\bin\VCRUNTIME140.dll
0x00007ff9f09b0000 - 0x00007ff9f09c8000 	c:\Users\MSI\.vscode\extensions\redhat.java-1.40.0-win32-x64\jre\21.0.6-win32-x86_64\bin\jli.dll
0x00007ffa11f90000 - 0x00007ffa1215a000 	C:\WINDOWS\System32\USER32.dll
0x00007ff9f3080000 - 0x00007ff9f3310000 	C:\WINDOWS\WinSxS\amd64_microsoft.windows.common-controls_6595b64144ccf1df_6.0.26100.3323_none_3e088096e3344490\COMCTL32.dll
0x00007ffa10170000 - 0x00007ffa10197000 	C:\WINDOWS\System32\win32u.dll
0x00007ffa11a70000 - 0x00007ffa11a9a000 	C:\WINDOWS\System32\GDI32.dll
0x00007ffa114c0000 - 0x00007ffa11569000 	C:\WINDOWS\System32\msvcrt.dll
0x00007ffa10030000 - 0x00007ffa10161000 	C:\WINDOWS\System32\gdi32full.dll
0x00007ffa0fe30000 - 0x00007ffa0fed3000 	C:\WINDOWS\System32\msvcp_win.dll
0x00007ffa108f0000 - 0x00007ffa1091f000 	C:\WINDOWS\System32\IMM32.DLL
0x00007ffa093d0000 - 0x00007ffa093dc000 	c:\Users\MSI\.vscode\extensions\redhat.java-1.40.0-win32-x64\jre\21.0.6-win32-x86_64\bin\vcruntime140_1.dll
0x00007ff9d8410000 - 0x00007ff9d849d000 	c:\Users\MSI\.vscode\extensions\redhat.java-1.40.0-win32-x64\jre\21.0.6-win32-x86_64\bin\msvcp140.dll
0x00007ff9b8ef0000 - 0x00007ff9b9c80000 	c:\Users\MSI\.vscode\extensions\redhat.java-1.40.0-win32-x64\jre\21.0.6-win32-x86_64\bin\server\jvm.dll
0x00007ffa111f0000 - 0x00007ffa112a2000 	C:\WINDOWS\System32\ADVAPI32.dll
0x00007ffa109a0000 - 0x00007ffa10a46000 	C:\WINDOWS\System32\sechost.dll
0x00007ffa11950000 - 0x00007ffa11a66000 	C:\WINDOWS\System32\RPCRT4.dll
0x00007ffa10870000 - 0x00007ffa108e4000 	C:\WINDOWS\System32\WS2_32.dll
0x00007ffa0fad0000 - 0x00007ffa0fb1e000 	C:\WINDOWS\SYSTEM32\POWRPROF.dll
0x00007ffa09830000 - 0x00007ffa09866000 	C:\WINDOWS\SYSTEM32\WINMM.dll
0x00007ffa098e0000 - 0x00007ffa098eb000 	C:\WINDOWS\SYSTEM32\VERSION.dll
0x00007ffa0fab0000 - 0x00007ffa0fac4000 	C:\WINDOWS\SYSTEM32\UMPDC.dll
0x00007ffa0ea60000 - 0x00007ffa0ea7a000 	C:\WINDOWS\SYSTEM32\kernel.appcore.dll
0x00007ffa05590000 - 0x00007ffa0559a000 	c:\Users\MSI\.vscode\extensions\redhat.java-1.40.0-win32-x64\jre\21.0.6-win32-x86_64\bin\jimage.dll
0x00007ffa02740000 - 0x00007ffa02981000 	C:\WINDOWS\SYSTEM32\DBGHELP.DLL
0x00007ffa115c0000 - 0x00007ffa11942000 	C:\WINDOWS\System32\combase.dll
0x00007ffa12920000 - 0x00007ffa129f6000 	C:\WINDOWS\System32\OLEAUT32.dll
0x00007ff9f8420000 - 0x00007ff9f8459000 	C:\WINDOWS\SYSTEM32\dbgcore.DLL
0x00007ffa0fd90000 - 0x00007ffa0fe29000 	C:\WINDOWS\System32\bcryptPrimitives.dll
0x00007ffa04110000 - 0x00007ffa0411f000 	c:\Users\MSI\.vscode\extensions\redhat.java-1.40.0-win32-x64\jre\21.0.6-win32-x86_64\bin\instrument.dll
0x00007ff9e3c70000 - 0x00007ff9e3c8f000 	c:\Users\MSI\.vscode\extensions\redhat.java-1.40.0-win32-x64\jre\21.0.6-win32-x86_64\bin\java.dll
0x00007ffa10a50000 - 0x00007ffa11165000 	C:\WINDOWS\System32\SHELL32.dll
0x00007ffa101a0000 - 0x00007ffa10308000 	C:\WINDOWS\System32\wintypes.dll
0x00007ffa0d8f0000 - 0x00007ffa0e135000 	C:\WINDOWS\SYSTEM32\windows.storage.dll
0x00007ffa11e80000 - 0x00007ffa11f6b000 	C:\WINDOWS\System32\SHCORE.dll
0x00007ffa128c0000 - 0x00007ffa1291d000 	C:\WINDOWS\System32\shlwapi.dll
0x00007ffa0fb50000 - 0x00007ffa0fb7f000 	C:\WINDOWS\SYSTEM32\profapi.dll
0x00007ff9dfb30000 - 0x00007ff9dfb48000 	c:\Users\MSI\.vscode\extensions\redhat.java-1.40.0-win32-x64\jre\21.0.6-win32-x86_64\bin\zip.dll
0x00007ffa024d0000 - 0x00007ffa024e0000 	C:\Users\MSI\.vscode\extensions\redhat.java-1.40.0-win32-x64\jre\21.0.6-win32-x86_64\bin\net.dll
0x00007ffa06cc0000 - 0x00007ffa06dde000 	C:\WINDOWS\SYSTEM32\WINHTTP.dll
0x00007ffa0ef80000 - 0x00007ffa0efea000 	C:\WINDOWS\system32\mswsock.dll
0x00007ff9dfae0000 - 0x00007ff9dfaf6000 	C:\Users\MSI\.vscode\extensions\redhat.java-1.40.0-win32-x64\jre\21.0.6-win32-x86_64\bin\nio.dll
0x00007ffa01ee0000 - 0x00007ffa01ef0000 	c:\Users\MSI\.vscode\extensions\redhat.java-1.40.0-win32-x64\jre\21.0.6-win32-x86_64\bin\verify.dll
0x00007ff9ee780000 - 0x00007ff9ee7c5000 	C:\Users\MSI\AppData\Roaming\Code\User\globalStorage\redhat.java\1.40.0\config_win\org.eclipse.equinox.launcher\org.eclipse.equinox.launcher.win32.win32.x86_64_1.2.1200.v20250212-0927\eclipse_11909.dll
0x00007ffa12160000 - 0x00007ffa122f5000 	C:\WINDOWS\System32\ole32.dll
0x00007ffa0f220000 - 0x00007ffa0f23c000 	C:\WINDOWS\SYSTEM32\CRYPTSP.dll
0x00007ffa0e9c0000 - 0x00007ffa0e9fa000 	C:\WINDOWS\system32\rsaenh.dll
0x00007ffa0f020000 - 0x00007ffa0f04b000 	C:\WINDOWS\SYSTEM32\USERENV.dll
0x00007ffa0f460000 - 0x00007ffa0f486000 	C:\WINDOWS\SYSTEM32\bcrypt.dll
0x00007ffa0f240000 - 0x00007ffa0f24c000 	C:\WINDOWS\SYSTEM32\CRYPTBASE.dll
0x00007ffa0e4b0000 - 0x00007ffa0e4e3000 	C:\WINDOWS\SYSTEM32\IPHLPAPI.DLL
0x00007ffa10990000 - 0x00007ffa1099a000 	C:\WINDOWS\System32\NSI.dll
0x00007ff9ee6e0000 - 0x00007ff9ee729000 	C:\Users\MSI\AppData\Local\Temp\jna-76643\jna17171611088343379849.dll
0x00007ffa10860000 - 0x00007ffa10868000 	C:\WINDOWS\System32\PSAPI.DLL
0x00007ffa01cb0000 - 0x00007ffa01cba000 	C:\Users\MSI\.vscode\extensions\redhat.java-1.40.0-win32-x64\jre\21.0.6-win32-x86_64\bin\management.dll
0x00007ffa01ba0000 - 0x00007ffa01bab000 	C:\Users\MSI\.vscode\extensions\redhat.java-1.40.0-win32-x64\jre\21.0.6-win32-x86_64\bin\management_ext.dll
0x00007ffa098f0000 - 0x00007ffa0990f000 	C:\WINDOWS\SYSTEM32\dhcpcsvc6.DLL
0x00007ffa09400000 - 0x00007ffa09425000 	C:\WINDOWS\SYSTEM32\dhcpcsvc.DLL
0x00007ffa01b90000 - 0x00007ffa01b9e000 	C:\Users\MSI\.vscode\extensions\redhat.java-1.40.0-win32-x64\jre\21.0.6-win32-x86_64\bin\sunmscapi.dll
0x00007ffa106e0000 - 0x00007ffa10857000 	C:\WINDOWS\System32\CRYPT32.dll
0x00007ffa0f420000 - 0x00007ffa0f450000 	C:\WINDOWS\SYSTEM32\ncrypt.dll
0x00007ffa0f3d0000 - 0x00007ffa0f40f000 	C:\WINDOWS\SYSTEM32\NTASN1.dll
0x00007ffa0e550000 - 0x00007ffa0e675000 	C:\WINDOWS\SYSTEM32\DNSAPI.dll
0x00007ffa06a40000 - 0x00007ffa06a4b000 	C:\Windows\System32\rasadhlp.dll
0x00007ffa0a000000 - 0x00007ffa0a085000 	C:\WINDOWS\System32\fwpuclnt.dll
0x00007ffa018a0000 - 0x00007ffa018a9000 	C:\Users\MSI\.vscode\extensions\redhat.java-1.40.0-win32-x64\jre\21.0.6-win32-x86_64\bin\extnet.dll

dbghelp: loaded successfully - version: 4.0.5 - missing functions: none
symbol engine: initialized successfully - sym options: 0x614 - pdb path: .;c:\Users\MSI\.vscode\extensions\redhat.java-1.40.0-win32-x64\jre\21.0.6-win32-x86_64\bin;C:\WINDOWS\SYSTEM32;C:\WINDOWS\WinSxS\amd64_microsoft.windows.common-controls_6595b64144ccf1df_6.0.26100.3323_none_3e088096e3344490;c:\Users\MSI\.vscode\extensions\redhat.java-1.40.0-win32-x64\jre\21.0.6-win32-x86_64\bin\server;C:\Users\MSI\AppData\Roaming\Code\User\globalStorage\redhat.java\1.40.0\config_win\org.eclipse.equinox.launcher\org.eclipse.equinox.launcher.win32.win32.x86_64_1.2.1200.v20250212-0927;C:\Users\MSI\AppData\Local\Temp\jna-76643

VM Arguments:
jvm_args: --add-modules=ALL-SYSTEM --add-opens=java.base/java.util=ALL-UNNAMED --add-opens=java.base/java.lang=ALL-UNNAMED --add-opens=java.base/sun.nio.fs=ALL-UNNAMED -Declipse.application=org.eclipse.jdt.ls.core.id1 -Dosgi.bundles.defaultStartLevel=4 -Declipse.product=org.eclipse.jdt.ls.core.product -Djava.import.generatesMetadataFilesAtProjectRoot=false -DDetectVMInstallationsJob.disabled=true -Dfile.encoding=utf8 -XX:+UseParallelGC -XX:GCTimeRatio=4 -XX:AdaptiveSizePolicyWeight=90 -Dsun.zip.disableMemoryMapping=true -Xmx1G -Xms100m -Xlog:disable -javaagent:c:\Users\MSI\.vscode\extensions\redhat.java-1.40.0-win32-x64\lombok\lombok-1.18.36.jar -XX:+HeapDumpOnOutOfMemoryError -XX:HeapDumpPath=c:\Users\MSI\AppData\Roaming\Code\User\workspaceStorage\6257394aa066ea173b1514d1daa6a82c\redhat.java -Daether.dependencyCollector.impl=bf 
java_command: c:\Users\MSI\.vscode\extensions\redhat.java-1.40.0-win32-x64\server\plugins\org.eclipse.equinox.launcher_1.6.1000.v20250131-0606.jar -configuration c:\Users\MSI\AppData\Roaming\Code\User\globalStorage\redhat.java\1.40.0\config_win -data c:\Users\MSI\AppData\Roaming\Code\User\workspaceStorage\6257394aa066ea173b1514d1daa6a82c\redhat.java\jdt_ws --pipe=\\.\pipe\lsp-2a6d72971a3bd50fa7f0b370f1e03cea-sock
java_class_path (initial): c:\Users\MSI\.vscode\extensions\redhat.java-1.40.0-win32-x64\server\plugins\org.eclipse.equinox.launcher_1.6.1000.v20250131-0606.jar
Launcher Type: SUN_STANDARD

[Global flags]
    uintx AdaptiveSizePolicyWeight                 = 90                                        {product} {command line}
     intx CICompilerCount                          = 12                                        {product} {ergonomic}
    uintx GCTimeRatio                              = 4                                         {product} {command line}
     bool HeapDumpOnOutOfMemoryError               = true                                   {manageable} {command line}
    ccstr HeapDumpPath                             = c:\Users\MSI\AppData\Roaming\Code\User\workspaceStorage\6257394aa066ea173b1514d1daa6a82c\redhat.java         {manageable} {command line}
   size_t InitialHeapSize                          = 104857600                                 {product} {command line}
   size_t MaxHeapSize                              = 1073741824                                {product} {command line}
   size_t MaxNewSize                               = 357564416                                 {product} {ergonomic}
   size_t MinHeapDeltaBytes                        = 524288                                    {product} {ergonomic}
   size_t MinHeapSize                              = 104857600                                 {product} {command line}
   size_t NewSize                                  = 34603008                                  {product} {ergonomic}
    uintx NonNMethodCodeHeapSize                   = 7602480                                {pd product} {ergonomic}
    uintx NonProfiledCodeHeapSize                  = 122027880                              {pd product} {ergonomic}
   size_t OldSize                                  = 70254592                                  {product} {ergonomic}
    uintx ProfiledCodeHeapSize                     = 122027880                              {pd product} {ergonomic}
    uintx ReservedCodeCacheSize                    = 251658240                              {pd product} {ergonomic}
     bool SegmentedCodeCache                       = true                                      {product} {ergonomic}
   size_t SoftMaxHeapSize                          = 1073741824                             {manageable} {ergonomic}
     bool UseCompressedOops                        = true                           {product lp64_product} {ergonomic}
     bool UseLargePagesIndividualAllocation        = false                                  {pd product} {ergonomic}
     bool UseParallelGC                            = true                                      {product} {command line}

Logging:
Log output configuration:
 #0: stdout all=off uptime,level,tags foldmultilines=false
 #1: stderr all=off uptime,level,tags foldmultilines=false

Environment Variables:
PATH=C:\Program Files (x86)\VMware\VMware Workstation\bin\;C:\Program Files\Microsoft MPI\Bin\;C:\WINDOWS\system32;C:\WINDOWS;C:\WINDOWS\System32\Wbem;C:\WINDOWS\System32\WindowsPowerShell\v1.0\;C:\WINDOWS\System32\OpenSSH\;C:\Program Files\nodejs\;C:\Program Files (x86)\Microsoft SQL Server\160\Tools\Binn\;C:\Program Files\Microsoft SQL Server\160\Tools\Binn\;C:\Program Files\Microsoft SQL Server\Client SDK\ODBC\170\Tools\Binn\;C:\Program Files\Microsoft SQL Server\160\DTS\Binn\;C:\Program Files (x86)\Microsoft SQL Server\160\DTS\Binn\;C:\Program Files\Git LFS;C:\Program Files\Git\cmd;C:\Program Files\Java\jdk-17\bin;C:\Program Files\PowerShell\7\;C:\Program Files\MySQL\MySQL Shell 8.0\bin\;C:\Users\MSI\AppData\Local\Programs\Python\Python313;C:\Users\MSI\AppData\Local\Microsoft\WindowsApps;C:\Users\MSI\AppData\Local\Programs\Microsoft VS Code\bin;C:\Users\MSI\AppData\Roaming\npm;C:\Program Files\JetBrains\IntelliJ IDEA 2024.3.1.1\bin;;C:\Program Files\Java\jdk-17\bin;
USERNAME=MSI
OS=Windows_NT
PROCESSOR_IDENTIFIER=AMD64 Family 25 Model 80 Stepping 0, AuthenticAMD
TMP=C:\Users\MSI\AppData\Local\Temp
TEMP=C:\Users\MSI\AppData\Local\Temp




Periodic native trim disabled

---------------  S Y S T E M  ---------------

OS:
 Windows 11 , 64 bit Build 26100 (10.0.26100.3323)
OS uptime: 3 days 17:00 hours
Hyper-V role detected

CPU: total 16 (initial active 16) (16 cores per cpu, 2 threads per core) family 25 model 80 stepping 0 microcode 0xa50000c, cx8, cmov, fxsr, ht, mmx, 3dnowpref, sse, sse2, sse3, ssse3, sse4a, sse4.1, sse4.2, popcnt, lzcnt, tsc, tscinvbit, avx, avx2, aes, erms, clmul, bmi1, bmi2, adx, sha, fma, vzeroupper, clflush, clflushopt, hv, rdtscp, rdpid, fsrm, f16c, cet_ss
Processor Information for the first 16 processors :
  Max Mhz: 3201, Current Mhz: 3201, Mhz Limit: 3201

Memory: 4k page, system-wide physical 15752M (5730M free)
TotalPageFile size 15752M (AvailPageFile size 13M)
current process WorkingSet (physical memory assigned to process): 909M, peak: 909M
current process commit charge ("private bytes"): 833M, peak: 833M

vm_info: OpenJDK 64-Bit Server VM (21.0.6+7-LTS) for windows-amd64 JRE (21.0.6+7-LTS), built on 2025-01-21T00:00:00Z by "admin" with MS VC++ 17.7 (VS2022)

END.
