#
# There is insufficient memory for the Java Runtime Environment to continue.
# Native memory allocation (malloc) failed to allocate 1889936 bytes. Error detail: Chunk::new
# Possible reasons:
#   The system is out of physical RAM or swap space
#   This process is running with CompressedOops enabled, and the Java Heap may be blocking the growth of the native heap
# Possible solutions:
#   Reduce memory load on the system
#   Increase physical memory or swap space
#   Check if swap backing store is full
#   Decrease Java heap size (-Xmx/-Xms)
#   Decrease number of Java threads
#   Decrease Java thread stack sizes (-Xss)
#   Set larger code cache with -XX:ReservedCodeCacheSize=
#   JVM is running with Unscaled Compressed Oops mode in which the Java heap is
#     placed in the first 4GB address space. The Java Heap base address is the
#     maximum limit for the native heap growth. Please use -XX:HeapBaseMinAddress
#     to set the Java Heap base and to place the Java Heap above 4GB virtual address.
# This output file may be truncated or incomplete.
#
#  Out of Memory Error (arena.cpp:168), pid=15916, tid=6580
#
# JRE version: OpenJDK Runtime Environment Temurin-21.0.6+7 (21.0.6+7) (build 21.0.6+7-LTS)
# Java VM: OpenJDK 64-Bit Server VM Temurin-21.0.6+7 (21.0.6+7-LTS, mixed mode, sharing, tiered, compressed oops, compressed class ptrs, parallel gc, windows-amd64)
# No core dump will be written. Minidumps are not enabled by default on client versions of Windows
#

---------------  S U M M A R Y ------------

Command Line: --add-modules=ALL-SYSTEM --add-opens=java.base/java.util=ALL-UNNAMED --add-opens=java.base/java.lang=ALL-UNNAMED --add-opens=java.base/sun.nio.fs=ALL-UNNAMED -Declipse.application=org.eclipse.jdt.ls.core.id1 -Dosgi.bundles.defaultStartLevel=4 -Declipse.product=org.eclipse.jdt.ls.core.product -Djava.import.generatesMetadataFilesAtProjectRoot=false -DDetectVMInstallationsJob.disabled=true -Dfile.encoding=utf8 -XX:+UseParallelGC -XX:GCTimeRatio=4 -XX:AdaptiveSizePolicyWeight=90 -Dsun.zip.disableMemoryMapping=true -Xmx1G -Xms100m -Xlog:disable -javaagent:c:\Users\MSI\.vscode\extensions\redhat.java-1.40.0-win32-x64\lombok\lombok-1.18.36.jar -XX:+HeapDumpOnOutOfMemoryError -XX:HeapDumpPath=c:\Users\MSI\AppData\Roaming\Code\User\workspaceStorage\6257394aa066ea173b1514d1daa6a82c\redhat.java -Daether.dependencyCollector.impl=bf c:\Users\MSI\.vscode\extensions\redhat.java-1.40.0-win32-x64\server\plugins\org.eclipse.equinox.launcher_1.6.1000.v20250131-0606.jar -configuration c:\Users\MSI\AppData\Roaming\Code\User\globalStorage\redhat.java\1.40.0\config_win -data c:\Users\MSI\AppData\Roaming\Code\User\workspaceStorage\6257394aa066ea173b1514d1daa6a82c\redhat.java\jdt_ws --pipe=\\.\pipe\lsp-df3b501d842a87170e14ca7e11981c81-sock

Host: AMD Ryzen 7 5800H with Radeon Graphics         , 16 cores, 15G,  Windows 11 , 64 bit Build 26100 (10.0.26100.3037)
Time: Fri Feb 28 21:14:15 2025 SE Asia Standard Time elapsed time: 10.931115 seconds (0d 0h 0m 10s)

---------------  T H R E A D  ---------------

Current thread (0x0000021deb491320):  JavaThread "C2 CompilerThread4" daemon [_thread_in_native, id=6580, stack(0x00000052f3c00000,0x00000052f3d00000) (1024K)]


Current CompileTask:
C2:10931 11685   !   4       org.eclipse.jdt.internal.core.search.indexing.BinaryIndexer::indexDocument (1204 bytes)

Stack: [0x00000052f3c00000,0x00000052f3d00000]
Native frames: (J=compiled Java code, j=interpreted, Vv=VM code, C=native code)
V  [jvm.dll+0x6cdee9]
V  [jvm.dll+0x8a83d1]
V  [jvm.dll+0x8aa8fe]
V  [jvm.dll+0x8aafe3]
V  [jvm.dll+0x27f706]
V  [jvm.dll+0xc500d]
V  [jvm.dll+0xc5543]
V  [jvm.dll+0x3b6752]
V  [jvm.dll+0x1e0009]
V  [jvm.dll+0x247b42]
V  [jvm.dll+0x246fcf]
V  [jvm.dll+0x1c75ee]
V  [jvm.dll+0x25685a]
V  [jvm.dll+0x254dfa]
V  [jvm.dll+0x3f0256]
V  [jvm.dll+0x851f8b]
V  [jvm.dll+0x6cc5ed]
C  [ucrtbase.dll+0x37b0]
C  [KERNEL32.DLL+0x2e8d7]
C  [ntdll.dll+0xbbf2c]


---------------  P R O C E S S  ---------------

Threads class SMR info:
_java_thread_list=0x0000021dfa531060, length=78, elements={
0x0000021dcb2ca4e0, 0x0000021de1ac5ff0, 0x0000021de3183f50, 0x0000021de3189ce0,
0x0000021de318b720, 0x0000021de318b090, 0x0000021de318a370, 0x0000021de319ad10,
0x0000021de319d3e0, 0x0000021de3189650, 0x0000021de32d6e10, 0x0000021de32d9030,
0x0000021de3309180, 0x0000021de318bdb0, 0x0000021de96b9350, 0x0000021de3188930,
0x0000021de3188fc0, 0x0000021de318aa00, 0x0000021de99fd4a0, 0x0000021de99feee0,
0x0000021de99ffc00, 0x0000021de99fdb30, 0x0000021de99fe850, 0x0000021de99fc780,
0x0000021de9a00290, 0x0000021de99fce10, 0x0000021de9a03da0, 0x0000021debbdeb00,
0x0000021de9a03080, 0x0000021de9a01cd0, 0x0000021de9a03710, 0x0000021de9a01640,
0x0000021de9a02360, 0x0000021de9a029f0, 0x0000021de9a00920, 0x0000021de9a00fb0,
0x0000021deb7052c0, 0x0000021deb703f10, 0x0000021deb705950, 0x0000021deb7045a0,
0x0000021deb703880, 0x0000021deb7031f0, 0x0000021deb704c30, 0x0000021deb705fe0,
0x0000021deb706670, 0x0000021dec752870, 0x0000021dec7521e0, 0x0000021deb491320,
0x0000021dec7542b0, 0x0000021dec754940, 0x0000021dec753590, 0x0000021dec7514c0,
0x0000021dec754fd0, 0x0000021dec753c20, 0x0000021dec751b50, 0x0000021dec7570a0,
0x0000021dec756380, 0x0000021dec756a10, 0x0000021dec755660, 0x0000021dec757730,
0x0000021dec757dc0, 0x0000021dec755cf0, 0x0000021dec758450, 0x0000021dec758ae0,
0x0000021df9112ba0, 0x0000021df9113230, 0x0000021df91138c0, 0x0000021df9110ad0,
0x0000021df9113f50, 0x0000021df91117f0, 0x0000021df9111160, 0x0000021df9115300,
0x0000021df9111e80, 0x0000021df91173d0, 0x0000021df91180f0, 0x0000021df91166b0,
0x0000021df9115990, 0x0000021debe77ed0
}

Java Threads: ( => current thread )
  0x0000021dcb2ca4e0 JavaThread "main"                              [_thread_blocked, id=2496, stack(0x00000052efa00000,0x00000052efb00000) (1024K)]
  0x0000021de1ac5ff0 JavaThread "Reference Handler"          daemon [_thread_blocked, id=11300, stack(0x00000052efe00000,0x00000052eff00000) (1024K)]
  0x0000021de3183f50 JavaThread "Finalizer"                  daemon [_thread_blocked, id=9572, stack(0x00000052eff00000,0x00000052f0000000) (1024K)]
  0x0000021de3189ce0 JavaThread "Signal Dispatcher"          daemon [_thread_blocked, id=17676, stack(0x00000052f0000000,0x00000052f0100000) (1024K)]
  0x0000021de318b720 JavaThread "Attach Listener"            daemon [_thread_blocked, id=18120, stack(0x00000052f0100000,0x00000052f0200000) (1024K)]
  0x0000021de318b090 JavaThread "Service Thread"             daemon [_thread_blocked, id=11668, stack(0x00000052f0200000,0x00000052f0300000) (1024K)]
  0x0000021de318a370 JavaThread "Monitor Deflation Thread"   daemon [_thread_blocked, id=9128, stack(0x00000052f0300000,0x00000052f0400000) (1024K)]
  0x0000021de319ad10 JavaThread "C2 CompilerThread0"         daemon [_thread_blocked, id=3028, stack(0x00000052f0400000,0x00000052f0500000) (1024K)]
  0x0000021de319d3e0 JavaThread "C1 CompilerThread0"         daemon [_thread_blocked, id=20160, stack(0x00000052f0500000,0x00000052f0600000) (1024K)]
  0x0000021de3189650 JavaThread "Common-Cleaner"             daemon [_thread_blocked, id=18656, stack(0x00000052f0600000,0x00000052f0700000) (1024K)]
  0x0000021de32d6e10 JavaThread "C1 CompilerThread1"         daemon [_thread_blocked, id=17644, stack(0x00000052f0700000,0x00000052f0800000) (1024K)]
  0x0000021de32d9030 JavaThread "C1 CompilerThread2"         daemon [_thread_blocked, id=16360, stack(0x00000052f0800000,0x00000052f0900000) (1024K)]
  0x0000021de3309180 JavaThread "C2 CompilerThread1"         daemon [_thread_blocked, id=18660, stack(0x00000052f0900000,0x00000052f0a00000) (1024K)]
  0x0000021de318bdb0 JavaThread "Notification Thread"        daemon [_thread_blocked, id=2928, stack(0x00000052f0b00000,0x00000052f0c00000) (1024K)]
  0x0000021de96b9350 JavaThread "C2 CompilerThread2"         daemon [_thread_in_native, id=21376, stack(0x00000052f0c00000,0x00000052f0d00000) (1024K)]
  0x0000021de3188930 JavaThread "Active Thread: Equinox Container: 35b46f8b-c100-4ef2-8398-91b032c295e2"        [_thread_blocked, id=16992, stack(0x00000052f1300000,0x00000052f1400000) (1024K)]
  0x0000021de3188fc0 JavaThread "Refresh Thread: Equinox Container: 35b46f8b-c100-4ef2-8398-91b032c295e2" daemon [_thread_blocked, id=16328, stack(0x00000052f1600000,0x00000052f1700000) (1024K)]
  0x0000021de318aa00 JavaThread "Framework Event Dispatcher: Equinox Container: 35b46f8b-c100-4ef2-8398-91b032c295e2" daemon [_thread_blocked, id=10980, stack(0x00000052f1700000,0x00000052f1800000) (1024K)]
  0x0000021de99fd4a0 JavaThread "Start Level: Equinox Container: 35b46f8b-c100-4ef2-8398-91b032c295e2" daemon [_thread_blocked, id=17280, stack(0x00000052f1800000,0x00000052f1900000) (1024K)]
  0x0000021de99feee0 JavaThread "Bundle File Closer"         daemon [_thread_blocked, id=4504, stack(0x00000052f1900000,0x00000052f1a00000) (1024K)]
  0x0000021de99ffc00 JavaThread "SCR Component Actor"        daemon [_thread_blocked, id=9856, stack(0x00000052f1c00000,0x00000052f1d00000) (1024K)]
  0x0000021de99fdb30 JavaThread "Worker-JM"                         [_thread_blocked, id=11344, stack(0x00000052f1f00000,0x00000052f2000000) (1024K)]
  0x0000021de99fe850 JavaThread "JNA Cleaner"                daemon [_thread_blocked, id=19528, stack(0x00000052f2100000,0x00000052f2200000) (1024K)]
  0x0000021de99fc780 JavaThread "Worker-0: Java indexing... "        [_thread_blocked, id=9260, stack(0x00000052f2200000,0x00000052f2300000) (1024K)]
  0x0000021de9a00290 JavaThread "Worker-1"                          [_thread_blocked, id=18800, stack(0x00000052f2300000,0x00000052f2400000) (1024K)]
  0x0000021de99fce10 JavaThread "Java indexing"              daemon [_thread_blocked, id=18988, stack(0x00000052f2400000,0x00000052f2500000) (1024K)]
  0x0000021de9a03da0 JavaThread "Worker-2: Initialize workspace"        [_thread_blocked, id=18672, stack(0x00000052f2700000,0x00000052f2800000) (1024K)]
  0x0000021debbdeb00 JavaThread "C2 CompilerThread3"         daemon [_thread_blocked, id=19732, stack(0x00000052f2800000,0x00000052f2900000) (1024K)]
  0x0000021de9a03080 JavaThread "Worker-3"                          [_thread_blocked, id=19972, stack(0x00000052f2900000,0x00000052f2a00000) (1024K)]
  0x0000021de9a01cd0 JavaThread "Thread-2"                   daemon [_thread_in_native, id=9160, stack(0x00000052f2a00000,0x00000052f2b00000) (1024K)]
  0x0000021de9a03710 JavaThread "Thread-3"                   daemon [_thread_in_native, id=14244, stack(0x00000052f2b00000,0x00000052f2c00000) (1024K)]
  0x0000021de9a01640 JavaThread "Thread-4"                   daemon [_thread_in_native, id=8224, stack(0x00000052f2c00000,0x00000052f2d00000) (1024K)]
  0x0000021de9a02360 JavaThread "Thread-5"                   daemon [_thread_in_native, id=16856, stack(0x00000052f2d00000,0x00000052f2e00000) (1024K)]
  0x0000021de9a029f0 JavaThread "Thread-6"                   daemon [_thread_in_native, id=13112, stack(0x00000052f2e00000,0x00000052f2f00000) (1024K)]
  0x0000021de9a00920 JavaThread "Thread-7"                   daemon [_thread_in_native, id=8048, stack(0x00000052f2f00000,0x00000052f3000000) (1024K)]
  0x0000021de9a00fb0 JavaThread "Thread-8"                   daemon [_thread_in_native, id=21996, stack(0x00000052f3000000,0x00000052f3100000) (1024K)]
  0x0000021deb7052c0 JavaThread "Thread-9"                   daemon [_thread_in_native, id=9848, stack(0x00000052f3100000,0x00000052f3200000) (1024K)]
  0x0000021deb703f10 JavaThread "Thread-10"                  daemon [_thread_in_native, id=19916, stack(0x00000052f3200000,0x00000052f3300000) (1024K)]
  0x0000021deb705950 JavaThread "Thread-11"                  daemon [_thread_in_native, id=3104, stack(0x00000052f3300000,0x00000052f3400000) (1024K)]
  0x0000021deb7045a0 JavaThread "Thread-12"                  daemon [_thread_in_native, id=4236, stack(0x00000052f3400000,0x00000052f3500000) (1024K)]
  0x0000021deb703880 JavaThread "Thread-13"                  daemon [_thread_in_native, id=17744, stack(0x00000052f3500000,0x00000052f3600000) (1024K)]
  0x0000021deb7031f0 JavaThread "Thread-14"                  daemon [_thread_in_native, id=18532, stack(0x00000052f3600000,0x00000052f3700000) (1024K)]
  0x0000021deb704c30 JavaThread "Thread-15"                  daemon [_thread_in_native, id=18300, stack(0x00000052f3700000,0x00000052f3800000) (1024K)]
  0x0000021deb705fe0 JavaThread "Thread-16"                  daemon [_thread_in_native, id=11432, stack(0x00000052f3800000,0x00000052f3900000) (1024K)]
  0x0000021deb706670 JavaThread "Thread-17"                  daemon [_thread_in_native, id=11660, stack(0x00000052f3900000,0x00000052f3a00000) (1024K)]
  0x0000021dec752870 JavaThread "Thread-18"                  daemon [_thread_in_native, id=20868, stack(0x00000052f3a00000,0x00000052f3b00000) (1024K)]
  0x0000021dec7521e0 JavaThread "pool-2-thread-1"                   [_thread_blocked, id=8704, stack(0x00000052f3b00000,0x00000052f3c00000) (1024K)]
=>0x0000021deb491320 JavaThread "C2 CompilerThread4"         daemon [_thread_in_native, id=6580, stack(0x00000052f3c00000,0x00000052f3d00000) (1024K)]
  0x0000021dec7542b0 JavaThread "Worker-4"                          [_thread_blocked, id=7368, stack(0x00000052f4000000,0x00000052f4100000) (1024K)]
  0x0000021dec754940 JavaThread "Worker-5: Initialize Workspace"        [_thread_blocked, id=17904, stack(0x00000052f4100000,0x00000052f4200000) (1024K)]
  0x0000021dec753590 JavaThread "WorkspaceEventsHandler"            [_thread_blocked, id=20924, stack(0x00000052f4200000,0x00000052f4300000) (1024K)]
  0x0000021dec7514c0 JavaThread "pool-1-thread-1"                   [_thread_blocked, id=17132, stack(0x00000052f4300000,0x00000052f4400000) (1024K)]
  0x0000021dec754fd0 JavaThread "LocalFile Deleter"          daemon [_thread_blocked, id=12196, stack(0x00000052f4400000,0x00000052f4500000) (1024K)]
  0x0000021dec753c20 JavaThread "LocalFile Deleter"          daemon [_thread_blocked, id=20844, stack(0x00000052f4500000,0x00000052f4600000) (1024K)]
  0x0000021dec751b50 JavaThread "LocalFile Deleter"          daemon [_thread_blocked, id=1640, stack(0x00000052f4600000,0x00000052f4700000) (1024K)]
  0x0000021dec7570a0 JavaThread "LocalFile Deleter"          daemon [_thread_blocked, id=20544, stack(0x00000052f4700000,0x00000052f4800000) (1024K)]
  0x0000021dec756380 JavaThread "LocalFile Deleter"          daemon [_thread_blocked, id=13888, stack(0x00000052f4800000,0x00000052f4900000) (1024K)]
  0x0000021dec756a10 JavaThread "LocalFile Deleter"          daemon [_thread_blocked, id=14684, stack(0x00000052f4900000,0x00000052f4a00000) (1024K)]
  0x0000021dec755660 JavaThread "LocalFile Deleter"          daemon [_thread_blocked, id=17168, stack(0x00000052f4a00000,0x00000052f4b00000) (1024K)]
  0x0000021dec757730 JavaThread "LocalFile Deleter"          daemon [_thread_blocked, id=18760, stack(0x00000052f4b00000,0x00000052f4c00000) (1024K)]
  0x0000021dec757dc0 JavaThread "LocalFile Deleter"          daemon [_thread_blocked, id=2600, stack(0x00000052f4c00000,0x00000052f4d00000) (1024K)]
  0x0000021dec755cf0 JavaThread "LocalFile Deleter"          daemon [_thread_blocked, id=17464, stack(0x00000052f4d00000,0x00000052f4e00000) (1024K)]
  0x0000021dec758450 JavaThread "LocalFile Deleter"          daemon [_thread_blocked, id=6760, stack(0x00000052f4e00000,0x00000052f4f00000) (1024K)]
  0x0000021dec758ae0 JavaThread "Compiler Source File Reader" daemon [_thread_blocked, id=13956, stack(0x00000052f4f00000,0x00000052f5000000) (1024K)]
  0x0000021df9112ba0 JavaThread "Compiler Source File Reader" daemon [_thread_blocked, id=22164, stack(0x00000052f5000000,0x00000052f5100000) (1024K)]
  0x0000021df9113230 JavaThread "Compiler Source File Reader" daemon [_thread_blocked, id=19392, stack(0x00000052f5100000,0x00000052f5200000) (1024K)]
  0x0000021df91138c0 JavaThread "Compiler Source File Reader" daemon [_thread_blocked, id=20092, stack(0x00000052f5200000,0x00000052f5300000) (1024K)]
  0x0000021df9110ad0 JavaThread "Compiler Source File Reader" daemon [_thread_blocked, id=19816, stack(0x00000052f5300000,0x00000052f5400000) (1024K)]
  0x0000021df9113f50 JavaThread "Compiler Source File Reader" daemon [_thread_blocked, id=19084, stack(0x00000052f5400000,0x00000052f5500000) (1024K)]
  0x0000021df91117f0 JavaThread "Compiler Processing Task"   daemon [_thread_blocked, id=6720, stack(0x00000052f5500000,0x00000052f5600000) (1024K)]
  0x0000021df9111160 JavaThread "Compiler Class File Writer" daemon [_thread_blocked, id=17864, stack(0x00000052f5600000,0x00000052f5700000) (1024K)]
  0x0000021df9115300 JavaThread "Compiler Class File Writer" daemon [_thread_blocked, id=9564, stack(0x00000052f5700000,0x00000052f5800000) (1024K)]
  0x0000021df9111e80 JavaThread "Compiler Class File Writer" daemon [_thread_blocked, id=18936, stack(0x00000052f5800000,0x00000052f5900000) (1024K)]
  0x0000021df91173d0 JavaThread "Compiler Class File Writer" daemon [_thread_blocked, id=21812, stack(0x00000052f5900000,0x00000052f5a00000) (1024K)]
  0x0000021df91180f0 JavaThread "Compiler Class File Writer" daemon [_thread_blocked, id=11396, stack(0x00000052f5a00000,0x00000052f5b00000) (1024K)]
  0x0000021df91166b0 JavaThread "Compiler Source File Reader" daemon [_thread_blocked, id=20000, stack(0x00000052f5b00000,0x00000052f5c00000) (1024K)]
  0x0000021df9115990 JavaThread "Compiler Class File Writer" daemon [_thread_blocked, id=21120, stack(0x00000052f5c00000,0x00000052f5d00000) (1024K)]
  0x0000021debe77ed0 JavaThread "C1 CompilerThread3"         daemon [_thread_blocked, id=21620, stack(0x00000052f0a00000,0x00000052f0b00000) (1024K)]
Total: 78

Other Threads:
  0x0000021de1ab49d0 VMThread "VM Thread"                           [id=20488, stack(0x00000052efd00000,0x00000052efe00000) (1024K)]
  0x0000021de19aca00 WatcherThread "VM Periodic Task Thread"        [id=4240, stack(0x00000052efc00000,0x00000052efd00000) (1024K)]
  0x0000021dcd6f98a0 WorkerThread "GC Thread#0"                     [id=10604, stack(0x00000052efb00000,0x00000052efc00000) (1024K)]
  0x0000021de93b71d0 WorkerThread "GC Thread#1"                     [id=18884, stack(0x00000052f0d00000,0x00000052f0e00000) (1024K)]
  0x0000021de944c080 WorkerThread "GC Thread#2"                     [id=20060, stack(0x00000052f0e00000,0x00000052f0f00000) (1024K)]
  0x0000021de9133df0 WorkerThread "GC Thread#3"                     [id=13256, stack(0x00000052f0f00000,0x00000052f1000000) (1024K)]
  0x0000021de9134190 WorkerThread "GC Thread#4"                     [id=13508, stack(0x00000052f1000000,0x00000052f1100000) (1024K)]
  0x0000021de9134530 WorkerThread "GC Thread#5"                     [id=20120, stack(0x00000052f1100000,0x00000052f1200000) (1024K)]
  0x0000021de980ad90 WorkerThread "GC Thread#6"                     [id=22124, stack(0x00000052f1400000,0x00000052f1500000) (1024K)]
  0x0000021de99263e0 WorkerThread "GC Thread#7"                     [id=21116, stack(0x00000052f1500000,0x00000052f1600000) (1024K)]
  0x0000021de9d28f10 WorkerThread "GC Thread#8"                     [id=10136, stack(0x00000052f1a00000,0x00000052f1b00000) (1024K)]
  0x0000021de9d292b0 WorkerThread "GC Thread#9"                     [id=21168, stack(0x00000052f1b00000,0x00000052f1c00000) (1024K)]
  0x0000021de99f41e0 WorkerThread "GC Thread#10"                    [id=1492, stack(0x00000052f1200000,0x00000052f1300000) (1024K)]
  0x0000021de99f4580 WorkerThread "GC Thread#11"                    [id=17976, stack(0x00000052f1e00000,0x00000052f1f00000) (1024K)]
  0x0000021de99f4920 WorkerThread "GC Thread#12"                    [id=19436, stack(0x00000052f2000000,0x00000052f2100000) (1024K)]
Total: 15

Threads with active compile tasks:
C2 CompilerThread1  10984 11773 %     4       org.eclipse.jdt.internal.core.index.DiskIndex::writeAllDocumentNames @ 251 (512 bytes)
C2 CompilerThread4  10984 11685   !   4       org.eclipse.jdt.internal.core.search.indexing.BinaryIndexer::indexDocument (1204 bytes)
Total: 2

VM state: not at safepoint (normal execution)

VM Mutex/Monitor currently owned by a thread: None

Heap address: 0x00000000c0000000, size: 1024 MB, Compressed Oops mode: 32-bit

CDS archive(s) mapped at: [0x0000021d80000000-0x0000021d80ba0000-0x0000021d80ba0000), size 12189696, SharedBaseAddress: 0x0000021d80000000, ArchiveRelocationMode: 1.
Compressed class space mapped at: 0x0000021d81000000-0x0000021dc1000000, reserved size: 1073741824
Narrow klass base: 0x0000021d80000000, Narrow klass shift: 0, Narrow klass range: 0x100000000

GC Precious Log:
 CardTable entry size: 512
 CPUs: 16 total, 16 available
 Memory: 15752M
 Large Page Support: Disabled
 NUMA Support: Disabled
 Compressed Oops: Enabled (32-bit)
 Alignments: Space 512K, Generation 512K, Heap 2M
 Heap Min Capacity: 100M
 Heap Initial Capacity: 100M
 Heap Max Capacity: 1G
 Pre-touch: Disabled
 Parallel Workers: 13

Heap:
 PSYoungGen      total 6144K, used 1316K [0x00000000eab00000, 0x00000000eb200000, 0x0000000100000000)
  eden space 5120K, 8% used [0x00000000eab00000,0x00000000eab73320,0x00000000eb000000)
  from space 1024K, 83% used [0x00000000eb100000,0x00000000eb1d6028,0x00000000eb200000)
  to   space 1024K, 0% used [0x00000000eb000000,0x00000000eb000000,0x00000000eb100000)
 ParOldGen       total 359424K, used 359158K [0x00000000c0000000, 0x00000000d5f00000, 0x00000000eab00000)
  object space 359424K, 99% used [0x00000000c0000000,0x00000000d5ebdaf0,0x00000000d5f00000)
 Metaspace       used 61483K, committed 63040K, reserved 1114112K
  class space    used 6320K, committed 6976K, reserved 1048576K

Card table byte_map: [0x0000021dcd080000,0x0000021dcd290000] _byte_map_base: 0x0000021dcca80000

Marking Bits: (ParMarkBitMap*) 0x00007ffd870d3260
 Begin Bits: [0x0000021ddf8d0000, 0x0000021de08d0000)
 End Bits:   [0x0000021de08d0000, 0x0000021de18d0000)

Polling page: 0x0000021dcb4e0000

Metaspace:

Usage:
  Non-class:     53.87 MB used.
      Class:      6.17 MB used.
       Both:     60.04 MB used.

Virtual space:
  Non-class space:       64.00 MB reserved,      54.75 MB ( 86%) committed,  1 nodes.
      Class space:        1.00 GB reserved,       6.81 MB ( <1%) committed,  1 nodes.
             Both:        1.06 GB reserved,      61.56 MB (  6%) committed. 

Chunk freelists:
   Non-Class:  8.55 MB
       Class:  9.15 MB
        Both:  17.70 MB

MaxMetaspaceSize: unlimited
CompressedClassSpaceSize: 1.00 GB
Initial GC threshold: 21.00 MB
Current GC threshold: 97.31 MB
CDS: on
 - commit_granule_bytes: 65536.
 - commit_granule_words: 8192.
 - virtual_space_node_default_size: 8388608.
 - enlarge_chunks_in_place: 1.
 - use_allocation_guard: 0.


Internal statistics:

num_allocs_failed_limit: 9.
num_arena_births: 1162.
num_arena_deaths: 22.
num_vsnodes_births: 2.
num_vsnodes_deaths: 0.
num_space_committed: 984.
num_space_uncommitted: 0.
num_chunks_returned_to_freelist: 35.
num_chunks_taken_from_freelist: 4115.
num_chunk_merges: 18.
num_chunk_splits: 2462.
num_chunks_enlarged: 1305.
num_inconsistent_stats: 0.

CodeHeap 'non-profiled nmethods': size=119168Kb used=8676Kb max_used=8676Kb free=110492Kb
 bounds [0x0000021dd8470000, 0x0000021dd8cf0000, 0x0000021ddf8d0000]
CodeHeap 'profiled nmethods': size=119104Kb used=23438Kb max_used=23438Kb free=95665Kb
 bounds [0x0000021dd08d0000, 0x0000021dd1fc0000, 0x0000021dd7d20000]
CodeHeap 'non-nmethods': size=7488Kb used=3119Kb max_used=3229Kb free=4368Kb
 bounds [0x0000021dd7d20000, 0x0000021dd8050000, 0x0000021dd8470000]
 total_blobs=11658 nmethods=10912 adapters=649
 compilation: enabled
              stopped_count=0, restarted_count=0
 full_count=0

Compilation events (20 events):
Event: 9.788 Thread 0x0000021de341a480 nmethod 11721 0x0000021dd1f99410 code [0x0000021dd1f99640, 0x0000021dd1f9a048]
Event: 9.799 Thread 0x0000021de32d9030 11722       3       org.eclipse.jdt.internal.compiler.classfmt.FieldInfo::createField (450 bytes)
Event: 9.801 Thread 0x0000021de32d9030 nmethod 11722 0x0000021dd1f9a410 code [0x0000021dd1f9a7c0, 0x0000021dd1f9c500]
Event: 9.802 Thread 0x0000021deb3699c0 nmethod 11715 0x0000021dd8cc8610 code [0x0000021dd8cc8a20, 0x0000021dd8ccb2b8]
Event: 9.802 Thread 0x0000021de96b9350 11723       4       org.eclipse.jdt.internal.compiler.parser.Scanner::internalScanIdentifierOrKeyword (4939 bytes)
Event: 9.803 Thread 0x0000021de32d6e10 11724       3       org.eclipse.jdt.internal.core.search.indexing.BinaryContainer::isIdentifier (44 bytes)
Event: 9.804 Thread 0x0000021de32d6e10 nmethod 11724 0x0000021dd1f9d090 code [0x0000021dd1f9d240, 0x0000021dd1f9d4b0]
Event: 9.806 Thread 0x0000021de32d6e10 11725   !   3       org.eclipse.jdt.internal.core.search.indexing.BinaryContainer::isValidPackageNameForClassOrisModule (158 bytes)
Event: 9.807 Thread 0x0000021de32d6e10 nmethod 11725 0x0000021dd1f9d590 code [0x0000021dd1f9d840, 0x0000021dd1f9e290]
Event: 9.822 Thread 0x0000021de319ad10 11726       4       org.eclipse.jdt.internal.compiler.util.Util::isClassFileName (82 bytes)
Event: 9.826 Thread 0x0000021de319ad10 nmethod 11726 0x0000021dd8ccca10 code [0x0000021dd8cccbc0, 0x0000021dd8cccde0]
Event: 9.843 Thread 0x0000021de3309180 nmethod 11669% 0x0000021dd8ccd010 code [0x0000021dd8ccd7e0, 0x0000021dd8cd59f0]
Event: 9.844 Thread 0x0000021debbdeb00 11727 %     4       org.eclipse.jdt.internal.core.search.indexing.BinaryIndexer::extractReferenceFromConstantPool @ 155 (358 bytes)
Event: 9.889 Thread 0x0000021de96b9350 nmethod 11723 0x0000021dd8cda110 code [0x0000021dd8cda5c0, 0x0000021dd8cdd1b8]
Event: 9.891 Thread 0x0000021deb3699c0 11728       4       org.eclipse.jdt.internal.compiler.classfmt.ClassFileReader::<init> (31 bytes)
Event: 9.892 Thread 0x0000021deb3699c0 nmethod 11728 0x0000021dd8cddc90 code [0x0000021dd8cdde20, 0x0000021dd8cddf20]
Event: 9.894 Thread 0x0000021deb3699c0 11729       4       java.nio.file.attribute.FileTime::from (18 bytes)
Event: 9.895 Thread 0x0000021deb3699c0 nmethod 11729 0x0000021dd8cde010 code [0x0000021dd8cde1a0, 0x0000021dd8cde298]
Event: 9.896 Thread 0x0000021deb3699c0 11730       4       org.eclipse.jdt.internal.compiler.parser.Scanner::setSource (65 bytes)
Event: 9.897 Thread 0x0000021deb3699c0 nmethod 11730 0x0000021dd8cde390 code [0x0000021dd8cde520, 0x0000021dd8cde608]

GC Heap History (20 events):
Event: 9.806 GC heap after
{Heap after GC invocations=283 (full 3):
 PSYoungGen      total 5120K, used 760K [0x00000000eab00000, 0x00000000eb100000, 0x0000000100000000)
  eden space 4096K, 0% used [0x00000000eab00000,0x00000000eab00000,0x00000000eaf00000)
  from space 1024K, 74% used [0x00000000eb000000,0x00000000eb0be0a0,0x00000000eb100000)
  to   space 1024K, 0% used [0x00000000eaf00000,0x00000000eaf00000,0x00000000eb000000)
 ParOldGen       total 352256K, used 352175K [0x00000000c0000000, 0x00000000d5800000, 0x00000000eab00000)
  object space 352256K, 99% used [0x00000000c0000000,0x00000000d57ebcd0,0x00000000d5800000)
 Metaspace       used 61421K, committed 62976K, reserved 1114112K
  class space    used 6319K, committed 6976K, reserved 1048576K
}
Event: 9.814 GC heap before
{Heap before GC invocations=284 (full 3):
 PSYoungGen      total 5120K, used 4856K [0x00000000eab00000, 0x00000000eb100000, 0x0000000100000000)
  eden space 4096K, 100% used [0x00000000eab00000,0x00000000eaf00000,0x00000000eaf00000)
  from space 1024K, 74% used [0x00000000eb000000,0x00000000eb0be0a0,0x00000000eb100000)
  to   space 1024K, 0% used [0x00000000eaf00000,0x00000000eaf00000,0x00000000eb000000)
 ParOldGen       total 352256K, used 352175K [0x00000000c0000000, 0x00000000d5800000, 0x00000000eab00000)
  object space 352256K, 99% used [0x00000000c0000000,0x00000000d57ebcd0,0x00000000d5800000)
 Metaspace       used 61421K, committed 62976K, reserved 1114112K
  class space    used 6319K, committed 6976K, reserved 1048576K
}
Event: 9.815 GC heap after
{Heap after GC invocations=284 (full 3):
 PSYoungGen      total 5120K, used 800K [0x00000000eab00000, 0x00000000eb100000, 0x0000000100000000)
  eden space 4096K, 0% used [0x00000000eab00000,0x00000000eab00000,0x00000000eaf00000)
  from space 1024K, 78% used [0x00000000eaf00000,0x00000000eafc8000,0x00000000eb000000)
  to   space 1024K, 0% used [0x00000000eb000000,0x00000000eb000000,0x00000000eb100000)
 ParOldGen       total 353280K, used 352813K [0x00000000c0000000, 0x00000000d5900000, 0x00000000eab00000)
  object space 353280K, 99% used [0x00000000c0000000,0x00000000d588b4d8,0x00000000d5900000)
 Metaspace       used 61421K, committed 62976K, reserved 1114112K
  class space    used 6319K, committed 6976K, reserved 1048576K
}
Event: 9.824 GC heap before
{Heap before GC invocations=285 (full 3):
 PSYoungGen      total 5120K, used 4896K [0x00000000eab00000, 0x00000000eb100000, 0x0000000100000000)
  eden space 4096K, 100% used [0x00000000eab00000,0x00000000eaf00000,0x00000000eaf00000)
  from space 1024K, 78% used [0x00000000eaf00000,0x00000000eafc8000,0x00000000eb000000)
  to   space 1024K, 0% used [0x00000000eb000000,0x00000000eb000000,0x00000000eb100000)
 ParOldGen       total 353280K, used 352813K [0x00000000c0000000, 0x00000000d5900000, 0x00000000eab00000)
  object space 353280K, 99% used [0x00000000c0000000,0x00000000d588b4d8,0x00000000d5900000)
 Metaspace       used 61421K, committed 62976K, reserved 1114112K
  class space    used 6319K, committed 6976K, reserved 1048576K
}
Event: 9.825 GC heap after
{Heap after GC invocations=285 (full 3):
 PSYoungGen      total 5120K, used 704K [0x00000000eab00000, 0x00000000eb100000, 0x0000000100000000)
  eden space 4096K, 0% used [0x00000000eab00000,0x00000000eab00000,0x00000000eaf00000)
  from space 1024K, 68% used [0x00000000eb000000,0x00000000eb0b0000,0x00000000eb100000)
  to   space 1024K, 0% used [0x00000000eaf00000,0x00000000eaf00000,0x00000000eb000000)
 ParOldGen       total 353792K, used 353445K [0x00000000c0000000, 0x00000000d5980000, 0x00000000eab00000)
  object space 353792K, 99% used [0x00000000c0000000,0x00000000d59294d8,0x00000000d5980000)
 Metaspace       used 61421K, committed 62976K, reserved 1114112K
  class space    used 6319K, committed 6976K, reserved 1048576K
}
Event: 9.838 GC heap before
{Heap before GC invocations=286 (full 3):
 PSYoungGen      total 5120K, used 4800K [0x00000000eab00000, 0x00000000eb100000, 0x0000000100000000)
  eden space 4096K, 100% used [0x00000000eab00000,0x00000000eaf00000,0x00000000eaf00000)
  from space 1024K, 68% used [0x00000000eb000000,0x00000000eb0b0000,0x00000000eb100000)
  to   space 1024K, 0% used [0x00000000eaf00000,0x00000000eaf00000,0x00000000eb000000)
 ParOldGen       total 353792K, used 353445K [0x00000000c0000000, 0x00000000d5980000, 0x00000000eab00000)
  object space 353792K, 99% used [0x00000000c0000000,0x00000000d59294d8,0x00000000d5980000)
 Metaspace       used 61421K, committed 62976K, reserved 1114112K
  class space    used 6319K, committed 6976K, reserved 1048576K
}
Event: 9.839 GC heap after
{Heap after GC invocations=286 (full 3):
 PSYoungGen      total 5120K, used 672K [0x00000000eab00000, 0x00000000eb100000, 0x0000000100000000)
  eden space 4096K, 0% used [0x00000000eab00000,0x00000000eab00000,0x00000000eaf00000)
  from space 1024K, 65% used [0x00000000eaf00000,0x00000000eafa8000,0x00000000eb000000)
  to   space 1024K, 0% used [0x00000000eb000000,0x00000000eb000000,0x00000000eb100000)
 ParOldGen       total 354304K, used 354005K [0x00000000c0000000, 0x00000000d5a00000, 0x00000000eab00000)
  object space 354304K, 99% used [0x00000000c0000000,0x00000000d59b54d8,0x00000000d5a00000)
 Metaspace       used 61421K, committed 62976K, reserved 1114112K
  class space    used 6319K, committed 6976K, reserved 1048576K
}
Event: 9.850 GC heap before
{Heap before GC invocations=287 (full 3):
 PSYoungGen      total 5120K, used 4768K [0x00000000eab00000, 0x00000000eb100000, 0x0000000100000000)
  eden space 4096K, 100% used [0x00000000eab00000,0x00000000eaf00000,0x00000000eaf00000)
  from space 1024K, 65% used [0x00000000eaf00000,0x00000000eafa8000,0x00000000eb000000)
  to   space 1024K, 0% used [0x00000000eb000000,0x00000000eb000000,0x00000000eb100000)
 ParOldGen       total 354304K, used 354005K [0x00000000c0000000, 0x00000000d5a00000, 0x00000000eab00000)
  object space 354304K, 99% used [0x00000000c0000000,0x00000000d59b54d8,0x00000000d5a00000)
 Metaspace       used 61421K, committed 62976K, reserved 1114112K
  class space    used 6319K, committed 6976K, reserved 1048576K
}
Event: 9.851 GC heap after
{Heap after GC invocations=287 (full 3):
 PSYoungGen      total 5120K, used 780K [0x00000000eab00000, 0x00000000eb100000, 0x0000000100000000)
  eden space 4096K, 0% used [0x00000000eab00000,0x00000000eab00000,0x00000000eaf00000)
  from space 1024K, 76% used [0x00000000eb000000,0x00000000eb0c3008,0x00000000eb100000)
  to   space 1024K, 0% used [0x00000000eaf00000,0x00000000eaf00000,0x00000000eb000000)
 ParOldGen       total 354816K, used 354533K [0x00000000c0000000, 0x00000000d5a80000, 0x00000000eab00000)
  object space 354816K, 99% used [0x00000000c0000000,0x00000000d5a394d8,0x00000000d5a80000)
 Metaspace       used 61421K, committed 62976K, reserved 1114112K
  class space    used 6319K, committed 6976K, reserved 1048576K
}
Event: 9.859 GC heap before
{Heap before GC invocations=288 (full 3):
 PSYoungGen      total 5120K, used 4876K [0x00000000eab00000, 0x00000000eb100000, 0x0000000100000000)
  eden space 4096K, 100% used [0x00000000eab00000,0x00000000eaf00000,0x00000000eaf00000)
  from space 1024K, 76% used [0x00000000eb000000,0x00000000eb0c3008,0x00000000eb100000)
  to   space 1024K, 0% used [0x00000000eaf00000,0x00000000eaf00000,0x00000000eb000000)
 ParOldGen       total 354816K, used 354533K [0x00000000c0000000, 0x00000000d5a80000, 0x00000000eab00000)
  object space 354816K, 99% used [0x00000000c0000000,0x00000000d5a394d8,0x00000000d5a80000)
 Metaspace       used 61421K, committed 62976K, reserved 1114112K
  class space    used 6319K, committed 6976K, reserved 1048576K
}
Event: 9.860 GC heap after
{Heap after GC invocations=288 (full 3):
 PSYoungGen      total 5120K, used 736K [0x00000000eab00000, 0x00000000eb100000, 0x0000000100000000)
  eden space 4096K, 0% used [0x00000000eab00000,0x00000000eab00000,0x00000000eaf00000)
  from space 1024K, 71% used [0x00000000eaf00000,0x00000000eafb8000,0x00000000eb000000)
  to   space 1024K, 0% used [0x00000000eb000000,0x00000000eb000000,0x00000000eb100000)
 ParOldGen       total 355328K, used 355169K [0x00000000c0000000, 0x00000000d5b00000, 0x00000000eab00000)
  object space 355328K, 99% used [0x00000000c0000000,0x00000000d5ad84e0,0x00000000d5b00000)
 Metaspace       used 61421K, committed 62976K, reserved 1114112K
  class space    used 6319K, committed 6976K, reserved 1048576K
}
Event: 9.869 GC heap before
{Heap before GC invocations=289 (full 3):
 PSYoungGen      total 5120K, used 4832K [0x00000000eab00000, 0x00000000eb100000, 0x0000000100000000)
  eden space 4096K, 100% used [0x00000000eab00000,0x00000000eaf00000,0x00000000eaf00000)
  from space 1024K, 71% used [0x00000000eaf00000,0x00000000eafb8000,0x00000000eb000000)
  to   space 1024K, 0% used [0x00000000eb000000,0x00000000eb000000,0x00000000eb100000)
 ParOldGen       total 355328K, used 355169K [0x00000000c0000000, 0x00000000d5b00000, 0x00000000eab00000)
  object space 355328K, 99% used [0x00000000c0000000,0x00000000d5ad84e0,0x00000000d5b00000)
 Metaspace       used 61421K, committed 62976K, reserved 1114112K
  class space    used 6319K, committed 6976K, reserved 1048576K
}
Event: 9.870 GC heap after
{Heap after GC invocations=289 (full 3):
 PSYoungGen      total 5120K, used 736K [0x00000000eab00000, 0x00000000eb100000, 0x0000000100000000)
  eden space 4096K, 0% used [0x00000000eab00000,0x00000000eab00000,0x00000000eaf00000)
  from space 1024K, 71% used [0x00000000eb000000,0x00000000eb0b8000,0x00000000eb100000)
  to   space 1024K, 0% used [0x00000000eaf00000,0x00000000eaf00000,0x00000000eb000000)
 ParOldGen       total 355840K, used 355793K [0x00000000c0000000, 0x00000000d5b80000, 0x00000000eab00000)
  object space 355840K, 99% used [0x00000000c0000000,0x00000000d5b744e0,0x00000000d5b80000)
 Metaspace       used 61421K, committed 62976K, reserved 1114112K
  class space    used 6319K, committed 6976K, reserved 1048576K
}
Event: 9.879 GC heap before
{Heap before GC invocations=290 (full 3):
 PSYoungGen      total 5120K, used 4832K [0x00000000eab00000, 0x00000000eb100000, 0x0000000100000000)
  eden space 4096K, 100% used [0x00000000eab00000,0x00000000eaf00000,0x00000000eaf00000)
  from space 1024K, 71% used [0x00000000eb000000,0x00000000eb0b8000,0x00000000eb100000)
  to   space 1024K, 0% used [0x00000000eaf00000,0x00000000eaf00000,0x00000000eb000000)
 ParOldGen       total 355840K, used 355793K [0x00000000c0000000, 0x00000000d5b80000, 0x00000000eab00000)
  object space 355840K, 99% used [0x00000000c0000000,0x00000000d5b744e0,0x00000000d5b80000)
 Metaspace       used 61421K, committed 62976K, reserved 1114112K
  class space    used 6319K, committed 6976K, reserved 1048576K
}
Event: 9.880 GC heap after
{Heap after GC invocations=290 (full 3):
 PSYoungGen      total 5120K, used 768K [0x00000000eab00000, 0x00000000eb100000, 0x0000000100000000)
  eden space 4096K, 0% used [0x00000000eab00000,0x00000000eab00000,0x00000000eaf00000)
  from space 1024K, 75% used [0x00000000eaf00000,0x00000000eafc0000,0x00000000eb000000)
  to   space 1024K, 0% used [0x00000000eb000000,0x00000000eb000000,0x00000000eb100000)
 ParOldGen       total 356352K, used 356345K [0x00000000c0000000, 0x00000000d5c00000, 0x00000000eab00000)
  object space 356352K, 99% used [0x00000000c0000000,0x00000000d5bfe4e0,0x00000000d5c00000)
 Metaspace       used 61421K, committed 62976K, reserved 1114112K
  class space    used 6319K, committed 6976K, reserved 1048576K
}
Event: 9.888 GC heap before
{Heap before GC invocations=291 (full 3):
 PSYoungGen      total 5120K, used 4864K [0x00000000eab00000, 0x00000000eb100000, 0x0000000100000000)
  eden space 4096K, 100% used [0x00000000eab00000,0x00000000eaf00000,0x00000000eaf00000)
  from space 1024K, 75% used [0x00000000eaf00000,0x00000000eafc0000,0x00000000eb000000)
  to   space 1024K, 0% used [0x00000000eb000000,0x00000000eb000000,0x00000000eb100000)
 ParOldGen       total 356352K, used 356345K [0x00000000c0000000, 0x00000000d5c00000, 0x00000000eab00000)
  object space 356352K, 99% used [0x00000000c0000000,0x00000000d5bfe4e0,0x00000000d5c00000)
 Metaspace       used 61421K, committed 62976K, reserved 1114112K
  class space    used 6319K, committed 6976K, reserved 1048576K
}
Event: 9.889 GC heap after
{Heap after GC invocations=291 (full 3):
 PSYoungGen      total 5120K, used 736K [0x00000000eab00000, 0x00000000eb100000, 0x0000000100000000)
  eden space 4096K, 0% used [0x00000000eab00000,0x00000000eab00000,0x00000000eaf00000)
  from space 1024K, 71% used [0x00000000eb000000,0x00000000eb0b8000,0x00000000eb100000)
  to   space 1024K, 0% used [0x00000000eaf00000,0x00000000eaf00000,0x00000000eb000000)
 ParOldGen       total 357376K, used 356945K [0x00000000c0000000, 0x00000000d5d00000, 0x00000000eab00000)
  object space 357376K, 99% used [0x00000000c0000000,0x00000000d5c944e0,0x00000000d5d00000)
 Metaspace       used 61421K, committed 62976K, reserved 1114112K
  class space    used 6319K, committed 6976K, reserved 1048576K
}
Event: 9.898 GC heap before
{Heap before GC invocations=292 (full 3):
 PSYoungGen      total 5120K, used 4832K [0x00000000eab00000, 0x00000000eb100000, 0x0000000100000000)
  eden space 4096K, 100% used [0x00000000eab00000,0x00000000eaf00000,0x00000000eaf00000)
  from space 1024K, 71% used [0x00000000eb000000,0x00000000eb0b8000,0x00000000eb100000)
  to   space 1024K, 0% used [0x00000000eaf00000,0x00000000eaf00000,0x00000000eb000000)
 ParOldGen       total 357376K, used 356945K [0x00000000c0000000, 0x00000000d5d00000, 0x00000000eab00000)
  object space 357376K, 99% used [0x00000000c0000000,0x00000000d5c944e0,0x00000000d5d00000)
 Metaspace       used 61421K, committed 62976K, reserved 1114112K
  class space    used 6319K, committed 6976K, reserved 1048576K
}
Event: 9.898 GC heap after
{Heap after GC invocations=292 (full 3):
 PSYoungGen      total 5120K, used 704K [0x00000000eab00000, 0x00000000eb100000, 0x0000000100000000)
  eden space 4096K, 0% used [0x00000000eab00000,0x00000000eab00000,0x00000000eaf00000)
  from space 1024K, 68% used [0x00000000eaf00000,0x00000000eafb0000,0x00000000eb000000)
  to   space 1024K, 0% used [0x00000000eb000000,0x00000000eb000000,0x00000000eb100000)
 ParOldGen       total 357888K, used 357529K [0x00000000c0000000, 0x00000000d5d80000, 0x00000000eab00000)
  object space 357888K, 99% used [0x00000000c0000000,0x00000000d5d264e0,0x00000000d5d80000)
 Metaspace       used 61421K, committed 62976K, reserved 1114112K
  class space    used 6319K, committed 6976K, reserved 1048576K
}
Event: 9.906 GC heap before
{Heap before GC invocations=293 (full 3):
 PSYoungGen      total 5120K, used 4800K [0x00000000eab00000, 0x00000000eb100000, 0x0000000100000000)
  eden space 4096K, 100% used [0x00000000eab00000,0x00000000eaf00000,0x00000000eaf00000)
  from space 1024K, 68% used [0x00000000eaf00000,0x00000000eafb0000,0x00000000eb000000)
  to   space 1024K, 0% used [0x00000000eb000000,0x00000000eb000000,0x00000000eb100000)
 ParOldGen       total 357888K, used 357529K [0x00000000c0000000, 0x00000000d5d80000, 0x00000000eab00000)
  object space 357888K, 99% used [0x00000000c0000000,0x00000000d5d264e0,0x00000000d5d80000)
 Metaspace       used 61421K, committed 62976K, reserved 1114112K
  class space    used 6319K, committed 6976K, reserved 1048576K
}

Dll operation events (12 events):
Event: 0.007 Loaded shared library c:\Users\MSI\.vscode\extensions\redhat.java-1.40.0-win32-x64\jre\21.0.6-win32-x86_64\bin\java.dll
Event: 0.022 Loaded shared library c:\Users\MSI\.vscode\extensions\redhat.java-1.40.0-win32-x64\jre\21.0.6-win32-x86_64\bin\zip.dll
Event: 0.083 Loaded shared library C:\Users\MSI\.vscode\extensions\redhat.java-1.40.0-win32-x64\jre\21.0.6-win32-x86_64\bin\instrument.dll
Event: 0.087 Loaded shared library C:\Users\MSI\.vscode\extensions\redhat.java-1.40.0-win32-x64\jre\21.0.6-win32-x86_64\bin\net.dll
Event: 0.088 Loaded shared library C:\Users\MSI\.vscode\extensions\redhat.java-1.40.0-win32-x64\jre\21.0.6-win32-x86_64\bin\nio.dll
Event: 0.091 Loaded shared library C:\Users\MSI\.vscode\extensions\redhat.java-1.40.0-win32-x64\jre\21.0.6-win32-x86_64\bin\zip.dll
Event: 0.105 Loaded shared library C:\Users\MSI\.vscode\extensions\redhat.java-1.40.0-win32-x64\jre\21.0.6-win32-x86_64\bin\jimage.dll
Event: 0.224 Loaded shared library c:\Users\MSI\.vscode\extensions\redhat.java-1.40.0-win32-x64\jre\21.0.6-win32-x86_64\bin\verify.dll
Event: 1.192 Loaded shared library C:\Users\MSI\AppData\Roaming\Code\User\globalStorage\redhat.java\1.40.0\config_win\org.eclipse.equinox.launcher\org.eclipse.equinox.launcher.win32.win32.x86_64_1.2.1200.v20250212-0927\eclipse_11909.dll
Event: 2.310 Loaded shared library C:\Users\MSI\AppData\Local\Temp\jna-76643\jna17217774878334496638.dll
Event: 3.135 Loaded shared library C:\Users\MSI\.vscode\extensions\redhat.java-1.40.0-win32-x64\jre\21.0.6-win32-x86_64\bin\management.dll
Event: 3.138 Loaded shared library C:\Users\MSI\.vscode\extensions\redhat.java-1.40.0-win32-x64\jre\21.0.6-win32-x86_64\bin\management_ext.dll

Deoptimization events (20 events):
Event: 9.759 Thread 0x0000021de99fce10 DEOPT PACKING pc=0x0000021dd1f96ccc sp=0x00000052f24fea20
Event: 9.759 Thread 0x0000021de99fce10 DEOPT UNPACKING pc=0x0000021dd7d74242 sp=0x00000052f24fdf20 mode 0
Event: 9.760 Thread 0x0000021de99fce10 DEOPT PACKING pc=0x0000021dd1f96ccc sp=0x00000052f24fea20
Event: 9.760 Thread 0x0000021de99fce10 DEOPT UNPACKING pc=0x0000021dd7d74242 sp=0x00000052f24fdf20 mode 0
Event: 9.782 Thread 0x0000021de99fce10 Uncommon trap: trap_request=0xffffff45 fr.pc=0x0000021dd8aa10c8 relative=0x0000000000000768
Event: 9.782 Thread 0x0000021de99fce10 Uncommon trap: reason=unstable_if action=reinterpret pc=0x0000021dd8aa10c8 method=org.eclipse.jdt.internal.compiler.classfmt.MethodInfo.decodeMethodAnnotations(IZLorg/eclipse/jdt/internal/compiler/classfmt/MethodInfo;)[Lorg/eclipse/jdt/internal/compiler/c
Event: 9.782 Thread 0x0000021de99fce10 DEOPT PACKING pc=0x0000021dd8aa10c8 sp=0x00000052f24fe9b0
Event: 9.782 Thread 0x0000021de99fce10 DEOPT UNPACKING pc=0x0000021dd7d73aa2 sp=0x00000052f24fe948 mode 2
Event: 9.798 Thread 0x0000021de99fce10 Uncommon trap: trap_request=0xffffff45 fr.pc=0x0000021dd89f25d4 relative=0x00000000000010f4
Event: 9.798 Thread 0x0000021de99fce10 Uncommon trap: reason=unstable_if action=reinterpret pc=0x0000021dd89f25d4 method=org.eclipse.jdt.internal.compiler.classfmt.FieldInfo.createField([B[IIJ)Lorg/eclipse/jdt/internal/compiler/classfmt/FieldInfo; @ 254 c2
Event: 9.798 Thread 0x0000021de99fce10 DEOPT PACKING pc=0x0000021dd89f25d4 sp=0x00000052f24fea50
Event: 9.798 Thread 0x0000021de99fce10 DEOPT UNPACKING pc=0x0000021dd7d73aa2 sp=0x00000052f24fe9b8 mode 2
Event: 9.801 Thread 0x0000021de99fce10 Uncommon trap: trap_request=0xffffff45 fr.pc=0x0000021dd8c9bfb0 relative=0x0000000000000090
Event: 9.801 Thread 0x0000021de99fce10 Uncommon trap: reason=unstable_if action=reinterpret pc=0x0000021dd8c9bfb0 method=org.eclipse.jdt.internal.core.search.indexing.BinaryContainer.isIdentifier()Z @ 7 c2
Event: 9.801 Thread 0x0000021de99fce10 DEOPT PACKING pc=0x0000021dd8c9bfb0 sp=0x00000052f24fee40
Event: 9.801 Thread 0x0000021de99fce10 DEOPT UNPACKING pc=0x0000021dd7d73aa2 sp=0x00000052f24fedc8 mode 2
Event: 9.801 Thread 0x0000021de99fce10 Uncommon trap: trap_request=0xffffff45 fr.pc=0x0000021dd8caa124 relative=0x0000000000000d04
Event: 9.801 Thread 0x0000021de99fce10 Uncommon trap: reason=unstable_if action=reinterpret pc=0x0000021dd8caa124 method=org.eclipse.jdt.internal.core.search.indexing.BinaryContainer.isValidPackageNameForClassOrisModule(Ljava/lang/String;)Z @ 131 c2
Event: 9.801 Thread 0x0000021de99fce10 DEOPT PACKING pc=0x0000021dd8caa124 sp=0x00000052f24fee60
Event: 9.801 Thread 0x0000021de99fce10 DEOPT UNPACKING pc=0x0000021dd7d73aa2 sp=0x00000052f24fee50 mode 2

Classes loaded (20 events):
Event: 9.107 Loading class java/util/concurrent/CompletionException
Event: 9.107 Loading class java/util/concurrent/CompletionException done
Event: 9.116 Loading class java/nio/file/FileTreeWalker$1
Event: 9.116 Loading class java/nio/file/FileTreeWalker$1 done
Event: 9.117 Loading class sun/nio/fs/Globs
Event: 9.117 Loading class sun/nio/fs/Globs done
Event: 9.117 Loading class java/util/regex/Pattern$SliceU
Event: 9.117 Loading class java/util/regex/Pattern$SliceU done
Event: 9.117 Loading class sun/nio/fs/WindowsFileSystem$2
Event: 9.117 Loading class java/nio/file/PathMatcher
Event: 9.117 Loading class java/nio/file/PathMatcher done
Event: 9.117 Loading class sun/nio/fs/WindowsFileSystem$2 done
Event: 9.240 Loading class java/util/Collections$SynchronizedRandomAccessList
Event: 9.240 Loading class java/util/Collections$SynchronizedList
Event: 9.241 Loading class java/util/Collections$SynchronizedList done
Event: 9.241 Loading class java/util/Collections$SynchronizedRandomAccessList done
Event: 9.246 Loading class java/util/concurrent/CompletableFuture$Signaller
Event: 9.246 Loading class java/util/concurrent/CompletableFuture$Signaller done
Event: 9.549 Loading class sun/nio/fs/WindowsFileCopy
Event: 9.550 Loading class sun/nio/fs/WindowsFileCopy done

Classes unloaded (11 events):
Event: 2.674 Thread 0x0000021de1ab49d0 Unloading class 0x0000021d81198800 'java/lang/invoke/LambdaForm$MH+0x0000021d81198800'
Event: 2.674 Thread 0x0000021de1ab49d0 Unloading class 0x0000021d81198400 'java/lang/invoke/LambdaForm$MH+0x0000021d81198400'
Event: 2.674 Thread 0x0000021de1ab49d0 Unloading class 0x0000021d81198000 'java/lang/invoke/LambdaForm$MH+0x0000021d81198000'
Event: 2.674 Thread 0x0000021de1ab49d0 Unloading class 0x0000021d81197c00 'java/lang/invoke/LambdaForm$MH+0x0000021d81197c00'
Event: 2.674 Thread 0x0000021de1ab49d0 Unloading class 0x0000021d81197800 'java/lang/invoke/LambdaForm$BMH+0x0000021d81197800'
Event: 2.674 Thread 0x0000021de1ab49d0 Unloading class 0x0000021d81197400 'java/lang/invoke/LambdaForm$DMH+0x0000021d81197400'
Event: 2.674 Thread 0x0000021de1ab49d0 Unloading class 0x0000021d81196400 'java/lang/invoke/LambdaForm$DMH+0x0000021d81196400'
Event: 8.012 Thread 0x0000021de1ab49d0 Unloading class 0x0000021d8168d000 'java/lang/invoke/LambdaForm$DMH+0x0000021d8168d000'
Event: 8.012 Thread 0x0000021de1ab49d0 Unloading class 0x0000021d8168cc00 'java/lang/invoke/LambdaForm$DMH+0x0000021d8168cc00'
Event: 8.012 Thread 0x0000021de1ab49d0 Unloading class 0x0000021d8168c800 'java/lang/invoke/LambdaForm$DMH+0x0000021d8168c800'
Event: 8.012 Thread 0x0000021de1ab49d0 Unloading class 0x0000021d8168c400 'java/lang/invoke/LambdaForm$DMH+0x0000021d8168c400'

Classes redefined (0 events):
No events

Internal exceptions (20 events):
Event: 9.207 Thread 0x0000021dec754940 Exception <a 'sun/nio/fs/WindowsException'{0x00000000eae781f0}> (0x00000000eae781f0) 
thrown [s\src\hotspot\share\prims\jni.cpp, line 520]
Event: 9.207 Thread 0x0000021dec754940 Exception <a 'sun/nio/fs/WindowsException'{0x00000000eae78a30}> (0x00000000eae78a30) 
thrown [s\src\hotspot\share\prims\jni.cpp, line 520]
Event: 9.207 Thread 0x0000021dec754940 Exception <a 'sun/nio/fs/WindowsException'{0x00000000eae79290}> (0x00000000eae79290) 
thrown [s\src\hotspot\share\prims\jni.cpp, line 520]
Event: 9.207 Thread 0x0000021dec754940 Exception <a 'sun/nio/fs/WindowsException'{0x00000000eae7d4f8}> (0x00000000eae7d4f8) 
thrown [s\src\hotspot\share\prims\jni.cpp, line 520]
Event: 9.207 Thread 0x0000021dec754940 Exception <a 'sun/nio/fs/WindowsException'{0x00000000eae7dd08}> (0x00000000eae7dd08) 
thrown [s\src\hotspot\share\prims\jni.cpp, line 520]
Event: 9.207 Thread 0x0000021dec754940 Exception <a 'sun/nio/fs/WindowsException'{0x00000000eae7e518}> (0x00000000eae7e518) 
thrown [s\src\hotspot\share\prims\jni.cpp, line 520]
Event: 9.207 Thread 0x0000021dec754940 Exception <a 'sun/nio/fs/WindowsException'{0x00000000eae7ed48}> (0x00000000eae7ed48) 
thrown [s\src\hotspot\share\prims\jni.cpp, line 520]
Event: 9.208 Thread 0x0000021dec754940 Exception <a 'sun/nio/fs/WindowsException'{0x00000000eae82ed8}> (0x00000000eae82ed8) 
thrown [s\src\hotspot\share\prims\jni.cpp, line 520]
Event: 9.208 Thread 0x0000021dec754940 Exception <a 'sun/nio/fs/WindowsException'{0x00000000eae83708}> (0x00000000eae83708) 
thrown [s\src\hotspot\share\prims\jni.cpp, line 520]
Event: 9.208 Thread 0x0000021dec754940 Exception <a 'sun/nio/fs/WindowsException'{0x00000000eae83f38}> (0x00000000eae83f38) 
thrown [s\src\hotspot\share\prims\jni.cpp, line 520]
Event: 9.208 Thread 0x0000021dec754940 Exception <a 'sun/nio/fs/WindowsException'{0x00000000eae84780}> (0x00000000eae84780) 
thrown [s\src\hotspot\share\prims\jni.cpp, line 520]
Event: 9.208 Thread 0x0000021dec754940 Exception <a 'sun/nio/fs/WindowsException'{0x00000000eae88a68}> (0x00000000eae88a68) 
thrown [s\src\hotspot\share\prims\jni.cpp, line 520]
Event: 9.208 Thread 0x0000021dec754940 Exception <a 'sun/nio/fs/WindowsException'{0x00000000eae892c8}> (0x00000000eae892c8) 
thrown [s\src\hotspot\share\prims\jni.cpp, line 520]
Event: 9.208 Thread 0x0000021dec754940 Exception <a 'sun/nio/fs/WindowsException'{0x00000000eae89b28}> (0x00000000eae89b28) 
thrown [s\src\hotspot\share\prims\jni.cpp, line 520]
Event: 9.208 Thread 0x0000021dec754940 Exception <a 'sun/nio/fs/WindowsException'{0x00000000eae8a3a0}> (0x00000000eae8a3a0) 
thrown [s\src\hotspot\share\prims\jni.cpp, line 520]
Event: 9.243 Thread 0x0000021dec7514c0 Exception <a 'java/lang/IncompatibleClassChangeError'{0x00000000eadfd940}: Found class java.lang.Object, but interface was expected> (0x00000000eadfd940) 
thrown [s\src\hotspot\share\interpreter\linkResolver.cpp, line 840]
Event: 9.550 Thread 0x0000021de99fce10 Exception <a 'sun/nio/fs/WindowsException'{0x00000000eadfda00}> (0x00000000eadfda00) 
thrown [s\src\hotspot\share\prims\jni.cpp, line 520]
Event: 9.561 Thread 0x0000021de99fce10 Exception <a 'sun/nio/fs/WindowsException'{0x00000000eae2c168}> (0x00000000eae2c168) 
thrown [s\src\hotspot\share\prims\jni.cpp, line 520]
Event: 9.674 Thread 0x0000021de99fce10 Exception <a 'sun/nio/fs/WindowsException'{0x00000000eae10b08}> (0x00000000eae10b08) 
thrown [s\src\hotspot\share\prims\jni.cpp, line 520]
Event: 9.774 Thread 0x0000021de99fce10 Exception <a 'sun/nio/fs/WindowsException'{0x00000000eadb0470}> (0x00000000eadb0470) 
thrown [s\src\hotspot\share\prims\jni.cpp, line 520]

ZGC Phase Switch (0 events):
No events

VM Operations (20 events):
Event: 9.806 Executing VM operation: ParallelGCFailedAllocation (Allocation Failure) done
Event: 9.814 Executing VM operation: ParallelGCFailedAllocation (Allocation Failure)
Event: 9.815 Executing VM operation: ParallelGCFailedAllocation (Allocation Failure) done
Event: 9.824 Executing VM operation: ParallelGCFailedAllocation (Allocation Failure)
Event: 9.825 Executing VM operation: ParallelGCFailedAllocation (Allocation Failure) done
Event: 9.838 Executing VM operation: ParallelGCFailedAllocation (Allocation Failure)
Event: 9.839 Executing VM operation: ParallelGCFailedAllocation (Allocation Failure) done
Event: 9.850 Executing VM operation: ParallelGCFailedAllocation (Allocation Failure)
Event: 9.851 Executing VM operation: ParallelGCFailedAllocation (Allocation Failure) done
Event: 9.859 Executing VM operation: ParallelGCFailedAllocation (Allocation Failure)
Event: 9.860 Executing VM operation: ParallelGCFailedAllocation (Allocation Failure) done
Event: 9.869 Executing VM operation: ParallelGCFailedAllocation (Allocation Failure)
Event: 9.870 Executing VM operation: ParallelGCFailedAllocation (Allocation Failure) done
Event: 9.879 Executing VM operation: ParallelGCFailedAllocation (Allocation Failure)
Event: 9.880 Executing VM operation: ParallelGCFailedAllocation (Allocation Failure) done
Event: 9.888 Executing VM operation: ParallelGCFailedAllocation (Allocation Failure)
Event: 9.889 Executing VM operation: ParallelGCFailedAllocation (Allocation Failure) done
Event: 9.898 Executing VM operation: ParallelGCFailedAllocation (Allocation Failure)
Event: 9.898 Executing VM operation: ParallelGCFailedAllocation (Allocation Failure) done
Event: 9.906 Executing VM operation: ParallelGCFailedAllocation (Allocation Failure)

Memory protections (0 events):
No events

Nmethod flushes (20 events):
Event: 8.028 Thread 0x0000021de1ab49d0 flushing  nmethod 0x0000021dd1298490
Event: 8.028 Thread 0x0000021de1ab49d0 flushing  nmethod 0x0000021dd1299090
Event: 8.028 Thread 0x0000021de1ab49d0 flushing  nmethod 0x0000021dd1299690
Event: 8.028 Thread 0x0000021de1ab49d0 flushing  nmethod 0x0000021dd129a610
Event: 8.028 Thread 0x0000021de1ab49d0 flushing  nmethod 0x0000021dd129ae90
Event: 8.028 Thread 0x0000021de1ab49d0 flushing  nmethod 0x0000021dd129ce90
Event: 8.028 Thread 0x0000021de1ab49d0 flushing  nmethod 0x0000021dd12c8410
Event: 8.028 Thread 0x0000021de1ab49d0 flushing  nmethod 0x0000021dd1321110
Event: 8.028 Thread 0x0000021de1ab49d0 flushing  nmethod 0x0000021dd134c290
Event: 8.028 Thread 0x0000021de1ab49d0 flushing  nmethod 0x0000021dd1355e90
Event: 8.028 Thread 0x0000021de1ab49d0 flushing  nmethod 0x0000021dd135a410
Event: 8.028 Thread 0x0000021de1ab49d0 flushing  nmethod 0x0000021dd135ae10
Event: 8.028 Thread 0x0000021de1ab49d0 flushing  nmethod 0x0000021dd135c710
Event: 8.028 Thread 0x0000021de1ab49d0 flushing  nmethod 0x0000021dd135e210
Event: 8.028 Thread 0x0000021de1ab49d0 flushing  nmethod 0x0000021dd135e690
Event: 8.028 Thread 0x0000021de1ab49d0 flushing  nmethod 0x0000021dd135ef90
Event: 8.028 Thread 0x0000021de1ab49d0 flushing  nmethod 0x0000021dd1360e10
Event: 8.028 Thread 0x0000021de1ab49d0 flushing  nmethod 0x0000021dd136eb10
Event: 8.028 Thread 0x0000021de1ab49d0 flushing  nmethod 0x0000021dd13c1190
Event: 8.028 Thread 0x0000021de1ab49d0 flushing  nmethod 0x0000021dd13c4d90

Events (20 events):
Event: 7.969 Thread 0x0000021dec754940 Thread added: 0x0000021dfb324660
Event: 7.969 Thread 0x0000021dec754940 Thread added: 0x0000021dfb323940
Event: 7.969 Thread 0x0000021dec754940 Thread added: 0x0000021dfb324cf0
Event: 8.315 Thread 0x0000021dfb323940 Thread exited: 0x0000021dfb323940
Event: 8.315 Thread 0x0000021dfb324cf0 Thread exited: 0x0000021dfb324cf0
Event: 8.315 Thread 0x0000021dfb324660 Thread exited: 0x0000021dfb324660
Event: 8.315 Thread 0x0000021dfb325380 Thread exited: 0x0000021dfb325380
Event: 8.316 Thread 0x0000021dfb323fd0 Thread exited: 0x0000021dfb323fd0
Event: 8.682 Thread 0x0000021dec754940 Thread added: 0x0000021dfb323fd0
Event: 8.682 Thread 0x0000021dec754940 Thread added: 0x0000021dfb324660
Event: 8.683 Thread 0x0000021dec754940 Thread added: 0x0000021dfb324cf0
Event: 8.683 Thread 0x0000021dec754940 Thread added: 0x0000021dfb325380
Event: 8.683 Thread 0x0000021dec754940 Thread added: 0x0000021dfb321f00
Event: 8.763 Thread 0x0000021dfb323fd0 Thread exited: 0x0000021dfb323fd0
Event: 8.764 Thread 0x0000021dfb321f00 Thread exited: 0x0000021dfb321f00
Event: 8.764 Thread 0x0000021dfb324660 Thread exited: 0x0000021dfb324660
Event: 8.764 Thread 0x0000021dfb325380 Thread exited: 0x0000021dfb325380
Event: 8.764 Thread 0x0000021dfb324cf0 Thread exited: 0x0000021dfb324cf0
Event: 9.567 Thread 0x0000021deba53790 Thread exited: 0x0000021deba53790
Event: 9.567 Thread 0x0000021debe64180 Thread exited: 0x0000021debe64180


Dynamic libraries:
0x00007ff6f3f20000 - 0x00007ff6f3f2e000 	c:\Users\MSI\.vscode\extensions\redhat.java-1.40.0-win32-x64\jre\21.0.6-win32-x86_64\bin\java.exe
0x00007ffdf3020000 - 0x00007ffdf3283000 	C:\WINDOWS\SYSTEM32\ntdll.dll
0x00007ffdf1ec0000 - 0x00007ffdf1f87000 	C:\WINDOWS\System32\KERNEL32.DLL
0x00007ffdf07e0000 - 0x00007ffdf0ba7000 	C:\WINDOWS\System32\KERNELBASE.dll
0x00007ffdf0be0000 - 0x00007ffdf0d2c000 	C:\WINDOWS\System32\ucrtbase.dll
0x00007ffde3bb0000 - 0x00007ffde3bc8000 	c:\Users\MSI\.vscode\extensions\redhat.java-1.40.0-win32-x64\jre\21.0.6-win32-x86_64\bin\jli.dll
0x00007ffdeb300000 - 0x00007ffdeb31e000 	c:\Users\MSI\.vscode\extensions\redhat.java-1.40.0-win32-x64\jre\21.0.6-win32-x86_64\bin\VCRUNTIME140.dll
0x00007ffdf28b0000 - 0x00007ffdf2a79000 	C:\WINDOWS\System32\USER32.dll
0x00007ffddc510000 - 0x00007ffddc7a0000 	C:\WINDOWS\WinSxS\amd64_microsoft.windows.common-controls_6595b64144ccf1df_6.0.26100.3037_none_3e09262ce333c378\COMCTL32.dll
0x00007ffdf0bb0000 - 0x00007ffdf0bd7000 	C:\WINDOWS\System32\win32u.dll
0x00007ffdf2f10000 - 0x00007ffdf2fb9000 	C:\WINDOWS\System32\msvcrt.dll
0x00007ffdf27f0000 - 0x00007ffdf281a000 	C:\WINDOWS\System32\GDI32.dll
0x00007ffdf0530000 - 0x00007ffdf065b000 	C:\WINDOWS\System32\gdi32full.dll
0x00007ffdf03c0000 - 0x00007ffdf0463000 	C:\WINDOWS\System32\msvcp_win.dll
0x00007ffdf16e0000 - 0x00007ffdf170f000 	C:\WINDOWS\System32\IMM32.DLL
0x00007ffde3ef0000 - 0x00007ffde3efc000 	c:\Users\MSI\.vscode\extensions\redhat.java-1.40.0-win32-x64\jre\21.0.6-win32-x86_64\bin\vcruntime140_1.dll
0x00007ffda03b0000 - 0x00007ffda043d000 	c:\Users\MSI\.vscode\extensions\redhat.java-1.40.0-win32-x64\jre\21.0.6-win32-x86_64\bin\msvcp140.dll
0x00007ffd86420000 - 0x00007ffd871b0000 	c:\Users\MSI\.vscode\extensions\redhat.java-1.40.0-win32-x64\jre\21.0.6-win32-x86_64\bin\server\jvm.dll
0x00007ffdf1bc0000 - 0x00007ffdf1c74000 	C:\WINDOWS\System32\ADVAPI32.dll
0x00007ffdf2740000 - 0x00007ffdf27e6000 	C:\WINDOWS\System32\sechost.dll
0x00007ffdf0e60000 - 0x00007ffdf0f76000 	C:\WINDOWS\System32\RPCRT4.dll
0x00007ffdf1f90000 - 0x00007ffdf2004000 	C:\WINDOWS\System32\WS2_32.dll
0x00007ffdf0250000 - 0x00007ffdf029e000 	C:\WINDOWS\SYSTEM32\POWRPROF.dll
0x00007ffdea3c0000 - 0x00007ffdea3cb000 	C:\WINDOWS\SYSTEM32\VERSION.dll
0x00007ffdea380000 - 0x00007ffdea3b6000 	C:\WINDOWS\SYSTEM32\WINMM.dll
0x00007ffdf0230000 - 0x00007ffdf0244000 	C:\WINDOWS\SYSTEM32\UMPDC.dll
0x00007ffdef1f0000 - 0x00007ffdef20a000 	C:\WINDOWS\SYSTEM32\kernel.appcore.dll
0x00007ffde3ba0000 - 0x00007ffde3baa000 	c:\Users\MSI\.vscode\extensions\redhat.java-1.40.0-win32-x64\jre\21.0.6-win32-x86_64\bin\jimage.dll
0x00007ffde4f90000 - 0x00007ffde51d1000 	C:\WINDOWS\SYSTEM32\DBGHELP.DLL
0x00007ffdf2260000 - 0x00007ffdf25de000 	C:\WINDOWS\System32\combase.dll
0x00007ffdf18f0000 - 0x00007ffdf19c6000 	C:\WINDOWS\System32\OLEAUT32.dll
0x00007ffdd77f0000 - 0x00007ffdd7829000 	C:\WINDOWS\SYSTEM32\dbgcore.DLL
0x00007ffdf0d30000 - 0x00007ffdf0dc9000 	C:\WINDOWS\System32\bcryptPrimitives.dll
0x00007ffde3b90000 - 0x00007ffde3b9f000 	c:\Users\MSI\.vscode\extensions\redhat.java-1.40.0-win32-x64\jre\21.0.6-win32-x86_64\bin\instrument.dll
0x00007ffddf4c0000 - 0x00007ffddf4df000 	c:\Users\MSI\.vscode\extensions\redhat.java-1.40.0-win32-x64\jre\21.0.6-win32-x86_64\bin\java.dll
0x00007ffdf0f90000 - 0x00007ffdf1694000 	C:\WINDOWS\System32\SHELL32.dll
0x00007ffdee090000 - 0x00007ffdee8c7000 	C:\WINDOWS\SYSTEM32\windows.storage.dll
0x00007ffdf2650000 - 0x00007ffdf2739000 	C:\WINDOWS\System32\SHCORE.dll
0x00007ffdf21f0000 - 0x00007ffdf224d000 	C:\WINDOWS\System32\shlwapi.dll
0x00007ffdf02d0000 - 0x00007ffdf02fe000 	C:\WINDOWS\SYSTEM32\profapi.dll
0x00007ffddf4a0000 - 0x00007ffddf4b8000 	c:\Users\MSI\.vscode\extensions\redhat.java-1.40.0-win32-x64\jre\21.0.6-win32-x86_64\bin\zip.dll
0x00007ffde3b70000 - 0x00007ffde3b80000 	C:\Users\MSI\.vscode\extensions\redhat.java-1.40.0-win32-x64\jre\21.0.6-win32-x86_64\bin\net.dll
0x00007ffde79d0000 - 0x00007ffde7aee000 	C:\WINDOWS\SYSTEM32\WINHTTP.dll
0x00007ffdef700000 - 0x00007ffdef76a000 	C:\WINDOWS\system32\mswsock.dll
0x00007ffdcf9c0000 - 0x00007ffdcf9d6000 	C:\Users\MSI\.vscode\extensions\redhat.java-1.40.0-win32-x64\jre\21.0.6-win32-x86_64\bin\nio.dll
0x00007ffde0ae0000 - 0x00007ffde0af0000 	c:\Users\MSI\.vscode\extensions\redhat.java-1.40.0-win32-x64\jre\21.0.6-win32-x86_64\bin\verify.dll
0x00007ffd95630000 - 0x00007ffd95675000 	C:\Users\MSI\AppData\Roaming\Code\User\globalStorage\redhat.java\1.40.0\config_win\org.eclipse.equinox.launcher\org.eclipse.equinox.launcher.win32.win32.x86_64_1.2.1200.v20250212-0927\eclipse_11909.dll
0x00007ffdf19d0000 - 0x00007ffdf1b65000 	C:\WINDOWS\System32\ole32.dll
0x00007ffdef9a0000 - 0x00007ffdef9bc000 	C:\WINDOWS\SYSTEM32\CRYPTSP.dll
0x00007ffdef150000 - 0x00007ffdef188000 	C:\WINDOWS\system32\rsaenh.dll
0x00007ffdef7a0000 - 0x00007ffdef7cb000 	C:\WINDOWS\SYSTEM32\USERENV.dll
0x00007ffdefbe0000 - 0x00007ffdefc06000 	C:\WINDOWS\SYSTEM32\bcrypt.dll
0x00007ffdef9c0000 - 0x00007ffdef9cc000 	C:\WINDOWS\SYSTEM32\CRYPTBASE.dll
0x00007ffdeec40000 - 0x00007ffdeec72000 	C:\WINDOWS\SYSTEM32\IPHLPAPI.DLL
0x00007ffdf1e00000 - 0x00007ffdf1e0a000 	C:\WINDOWS\System32\NSI.dll
0x00007ffdccba0000 - 0x00007ffdccbe9000 	C:\Users\MSI\AppData\Local\Temp\jna-76643\jna17217774878334496638.dll
0x00007ffdf16d0000 - 0x00007ffdf16d8000 	C:\WINDOWS\System32\PSAPI.DLL
0x00007ffddf790000 - 0x00007ffddf79a000 	C:\Users\MSI\.vscode\extensions\redhat.java-1.40.0-win32-x64\jre\21.0.6-win32-x86_64\bin\management.dll
0x00007ffddd420000 - 0x00007ffddd42b000 	C:\Users\MSI\.vscode\extensions\redhat.java-1.40.0-win32-x64\jre\21.0.6-win32-x86_64\bin\management_ext.dll
0x00007ffdea3d0000 - 0x00007ffdea3ef000 	C:\WINDOWS\SYSTEM32\dhcpcsvc6.DLL
0x00007ffdea350000 - 0x00007ffdea375000 	C:\WINDOWS\SYSTEM32\dhcpcsvc.DLL

dbghelp: loaded successfully - version: 4.0.5 - missing functions: none
symbol engine: initialized successfully - sym options: 0x614 - pdb path: .;c:\Users\MSI\.vscode\extensions\redhat.java-1.40.0-win32-x64\jre\21.0.6-win32-x86_64\bin;C:\WINDOWS\SYSTEM32;C:\WINDOWS\WinSxS\amd64_microsoft.windows.common-controls_6595b64144ccf1df_6.0.26100.3037_none_3e09262ce333c378;c:\Users\MSI\.vscode\extensions\redhat.java-1.40.0-win32-x64\jre\21.0.6-win32-x86_64\bin\server;C:\Users\MSI\AppData\Roaming\Code\User\globalStorage\redhat.java\1.40.0\config_win\org.eclipse.equinox.launcher\org.eclipse.equinox.launcher.win32.win32.x86_64_1.2.1200.v20250212-0927;C:\Users\MSI\AppData\Local\Temp\jna-76643

VM Arguments:
jvm_args: --add-modules=ALL-SYSTEM --add-opens=java.base/java.util=ALL-UNNAMED --add-opens=java.base/java.lang=ALL-UNNAMED --add-opens=java.base/sun.nio.fs=ALL-UNNAMED -Declipse.application=org.eclipse.jdt.ls.core.id1 -Dosgi.bundles.defaultStartLevel=4 -Declipse.product=org.eclipse.jdt.ls.core.product -Djava.import.generatesMetadataFilesAtProjectRoot=false -DDetectVMInstallationsJob.disabled=true -Dfile.encoding=utf8 -XX:+UseParallelGC -XX:GCTimeRatio=4 -XX:AdaptiveSizePolicyWeight=90 -Dsun.zip.disableMemoryMapping=true -Xmx1G -Xms100m -Xlog:disable -javaagent:c:\Users\MSI\.vscode\extensions\redhat.java-1.40.0-win32-x64\lombok\lombok-1.18.36.jar -XX:+HeapDumpOnOutOfMemoryError -XX:HeapDumpPath=c:\Users\MSI\AppData\Roaming\Code\User\workspaceStorage\6257394aa066ea173b1514d1daa6a82c\redhat.java -Daether.dependencyCollector.impl=bf 
java_command: c:\Users\MSI\.vscode\extensions\redhat.java-1.40.0-win32-x64\server\plugins\org.eclipse.equinox.launcher_1.6.1000.v20250131-0606.jar -configuration c:\Users\MSI\AppData\Roaming\Code\User\globalStorage\redhat.java\1.40.0\config_win -data c:\Users\MSI\AppData\Roaming\Code\User\workspaceStorage\6257394aa066ea173b1514d1daa6a82c\redhat.java\jdt_ws --pipe=\\.\pipe\lsp-df3b501d842a87170e14ca7e11981c81-sock
java_class_path (initial): c:\Users\MSI\.vscode\extensions\redhat.java-1.40.0-win32-x64\server\plugins\org.eclipse.equinox.launcher_1.6.1000.v20250131-0606.jar
Launcher Type: SUN_STANDARD

[Global flags]
    uintx AdaptiveSizePolicyWeight                 = 90                                        {product} {command line}
     intx CICompilerCount                          = 12                                        {product} {ergonomic}
    uintx GCTimeRatio                              = 4                                         {product} {command line}
     bool HeapDumpOnOutOfMemoryError               = true                                   {manageable} {command line}
    ccstr HeapDumpPath                             = c:\Users\MSI\AppData\Roaming\Code\User\workspaceStorage\6257394aa066ea173b1514d1daa6a82c\redhat.java         {manageable} {command line}
   size_t InitialHeapSize                          = 104857600                                 {product} {command line}
   size_t MaxHeapSize                              = 1073741824                                {product} {command line}
   size_t MaxNewSize                               = 357564416                                 {product} {ergonomic}
   size_t MinHeapDeltaBytes                        = 524288                                    {product} {ergonomic}
   size_t MinHeapSize                              = 104857600                                 {product} {command line}
   size_t NewSize                                  = 34603008                                  {product} {ergonomic}
    uintx NonNMethodCodeHeapSize                   = 7602480                                {pd product} {ergonomic}
    uintx NonProfiledCodeHeapSize                  = 122027880                              {pd product} {ergonomic}
   size_t OldSize                                  = 70254592                                  {product} {ergonomic}
    uintx ProfiledCodeHeapSize                     = 122027880                              {pd product} {ergonomic}
    uintx ReservedCodeCacheSize                    = 251658240                              {pd product} {ergonomic}
     bool SegmentedCodeCache                       = true                                      {product} {ergonomic}
   size_t SoftMaxHeapSize                          = 1073741824                             {manageable} {ergonomic}
     bool UseCompressedOops                        = true                           {product lp64_product} {ergonomic}
     bool UseLargePagesIndividualAllocation        = false                                  {pd product} {ergonomic}
     bool UseParallelGC                            = true                                      {product} {command line}

Logging:
Log output configuration:
 #0: stdout all=off uptime,level,tags foldmultilines=false
 #1: stderr all=off uptime,level,tags foldmultilines=false

Environment Variables:
PATH=C:\Program Files\Microsoft MPI\Bin\;C:\WINDOWS\system32;C:\WINDOWS;C:\WINDOWS\System32\Wbem;C:\WINDOWS\System32\WindowsPowerShell\v1.0\;C:\WINDOWS\System32\OpenSSH\;C:\Program Files\nodejs\;C:\Program Files (x86)\Microsoft SQL Server\160\Tools\Binn\;C:\Program Files\Microsoft SQL Server\160\Tools\Binn\;C:\Program Files\Microsoft SQL Server\Client SDK\ODBC\170\Tools\Binn\;C:\Program Files\Microsoft SQL Server\160\DTS\Binn\;C:\Program Files (x86)\Microsoft SQL Server\160\DTS\Binn\;C:\Program Files\PowerShell\7\;C:\Program Files\Git LFS;C:\Program Files\Git\cmd;C:\Program Files\Java\jdk-17\bin;C:\Program Files\MySQL\MySQL Shell 8.0\bin\;C:\Users\MSI\AppData\Local\Programs\Python\Python313;C:\Users\MSI\AppData\Local\Microsoft\WindowsApps;C:\Users\MSI\AppData\Local\Programs\Microsoft VS Code\bin;C:\Users\MSI\AppData\Roaming\npm;C:\Program Files\JetBrains\IntelliJ IDEA 2024.3.1.1\bin;;C:\Program Files\Java\jdk-17\bin;
USERNAME=MSI
OS=Windows_NT
PROCESSOR_IDENTIFIER=AMD64 Family 25 Model 80 Stepping 0, AuthenticAMD
TMP=C:\Users\MSI\AppData\Local\Temp
TEMP=C:\Users\MSI\AppData\Local\Temp




Periodic native trim disabled

---------------  S Y S T E M  ---------------

OS:
 Windows 11 , 64 bit Build 26100 (10.0.26100.3037)
OS uptime: 1 days 3:45 hours
Hyper-V role detected

CPU: total 16 (initial active 16) (16 cores per cpu, 2 threads per core) family 25 model 80 stepping 0 microcode 0xa50000c, cx8, cmov, fxsr, ht, mmx, 3dnowpref, sse, sse2, sse3, ssse3, sse4a, sse4.1, sse4.2, popcnt, lzcnt, tsc, tscinvbit, avx, avx2, aes, erms, clmul, bmi1, bmi2, adx, sha, fma, vzeroupper, clflush, clflushopt, hv, rdtscp, rdpid, fsrm, f16c, cet_ss
Processor Information for the first 16 processors :
  Max Mhz: 3201, Current Mhz: 3201, Mhz Limit: 3201

Memory: 4k page, system-wide physical 15752M (6653M free)
TotalPageFile size 15752M (AvailPageFile size 471M)
current process WorkingSet (physical memory assigned to process): 716M, peak: 805M
current process commit charge ("private bytes"): 651M, peak: 738M

vm_info: OpenJDK 64-Bit Server VM (21.0.6+7-LTS) for windows-amd64 JRE (21.0.6+7-LTS), built on 2025-01-21T00:00:00Z by "admin" with MS VC++ 17.7 (VS2022)

END.
