#
# There is insufficient memory for the Java Runtime Environment to continue.
# Native memory allocation (malloc) failed to allocate 1060176 bytes. Error detail: Chunk::new
# Possible reasons:
#   The system is out of physical RAM or swap space
#   This process is running with CompressedOops enabled, and the Java Heap may be blocking the growth of the native heap
# Possible solutions:
#   Reduce memory load on the system
#   Increase physical memory or swap space
#   Check if swap backing store is full
#   Decrease Java heap size (-Xmx/-Xms)
#   Decrease number of Java threads
#   Decrease Java thread stack sizes (-Xss)
#   Set larger code cache with -XX:ReservedCodeCacheSize=
#   JVM is running with Unscaled Compressed Oops mode in which the Java heap is
#     placed in the first 4GB address space. The Java Heap base address is the
#     maximum limit for the native heap growth. Please use -XX:HeapBaseMinAddress
#     to set the Java Heap base and to place the Java Heap above 4GB virtual address.
# This output file may be truncated or incomplete.
#
#  Out of Memory Error (arena.cpp:168), pid=23176, tid=5672
#
# JRE version: OpenJDK Runtime Environment Temurin-21.0.6+7 (21.0.6+7) (build 21.0.6+7-LTS)
# Java VM: OpenJDK 64-Bit Server VM Temurin-21.0.6+7 (21.0.6+7-LTS, mixed mode, sharing, tiered, compressed oops, compressed class ptrs, parallel gc, windows-amd64)
# No core dump will be written. Minidumps are not enabled by default on client versions of Windows
#

---------------  S U M M A R Y ------------

Command Line: --add-modules=ALL-SYSTEM --add-opens=java.base/java.util=ALL-UNNAMED --add-opens=java.base/java.lang=ALL-UNNAMED --add-opens=java.base/sun.nio.fs=ALL-UNNAMED -Declipse.application=org.eclipse.jdt.ls.core.id1 -Dosgi.bundles.defaultStartLevel=4 -Declipse.product=org.eclipse.jdt.ls.core.product -Djava.import.generatesMetadataFilesAtProjectRoot=false -DDetectVMInstallationsJob.disabled=true -Dfile.encoding=utf8 -XX:+UseParallelGC -XX:GCTimeRatio=4 -XX:AdaptiveSizePolicyWeight=90 -Dsun.zip.disableMemoryMapping=true -Xmx1G -Xms100m -Xlog:disable -javaagent:c:\Users\MSI\.vscode\extensions\redhat.java-1.40.0-win32-x64\lombok\lombok-1.18.36.jar -XX:+HeapDumpOnOutOfMemoryError -XX:HeapDumpPath=c:\Users\MSI\AppData\Roaming\Code\User\workspaceStorage\6257394aa066ea173b1514d1daa6a82c\redhat.java -Daether.dependencyCollector.impl=bf c:\Users\MSI\.vscode\extensions\redhat.java-1.40.0-win32-x64\server\plugins\org.eclipse.equinox.launcher_1.6.1000.v20250131-0606.jar -configuration c:\Users\MSI\AppData\Roaming\Code\User\globalStorage\redhat.java\1.40.0\config_win -data c:\Users\MSI\AppData\Roaming\Code\User\workspaceStorage\6257394aa066ea173b1514d1daa6a82c\redhat.java\jdt_ws --pipe=\\.\pipe\lsp-4276c8fbb85352f922d26af2b40be0a4-sock

Host: AMD Ryzen 7 5800H with Radeon Graphics         , 16 cores, 15G,  Windows 11 , 64 bit Build 26100 (10.0.26100.3323)
Time: Sat Mar 22 16:18:31 2025 SE Asia Standard Time elapsed time: 12.011482 seconds (0d 0h 0m 12s)

---------------  T H R E A D  ---------------

Current thread (0x00000224e302ce70):  JavaThread "C2 CompilerThread1" daemon [_thread_in_native, id=5672, stack(0x000000f63d900000,0x000000f63da00000) (1024K)]


Current CompileTask:
C2:12011 11348 %     4       java.util.Properties::load0 @ 29 (249 bytes)

Stack: [0x000000f63d900000,0x000000f63da00000]
Native frames: (J=compiled Java code, j=interpreted, Vv=VM code, C=native code)
V  [jvm.dll+0x6cdee9]
V  [jvm.dll+0x8a83d1]
V  [jvm.dll+0x8aa8fe]
V  [jvm.dll+0x8aafe3]
V  [jvm.dll+0x27f706]
V  [jvm.dll+0xc500d]
V  [jvm.dll+0xc5543]
V  [jvm.dll+0x2f2acd]
V  [jvm.dll+0x5f6a2a]
V  [jvm.dll+0x250bb2]
V  [jvm.dll+0x250f6f]
V  [jvm.dll+0x249834]
V  [jvm.dll+0x246ec4]
V  [jvm.dll+0x1c75ee]
V  [jvm.dll+0x25685a]
V  [jvm.dll+0x254dfa]
V  [jvm.dll+0x3f0256]
V  [jvm.dll+0x851f8b]
V  [jvm.dll+0x6cc5ed]
C  [ucrtbase.dll+0x37b0]
C  [KERNEL32.DLL+0x2e8d7]
C  [ntdll.dll+0xbbf6c]


---------------  P R O C E S S  ---------------

Threads class SMR info:
_java_thread_list=0x00000224fa6e18c0, length=99, elements={
0x00000224ccc71a40, 0x00000224e17f5040, 0x00000224e17fa270, 0x00000224e2ec4fa0,
0x00000224e2ec6990, 0x00000224e2ec8aa0, 0x00000224e2ecee70, 0x00000224e2ed8f80,
0x00000224e2edc360, 0x00000224cccdef20, 0x00000224e2fddec0, 0x00000224e302ce70,
0x00000224e45c1cf0, 0x00000224e45eace0, 0x00000224e479a550, 0x00000224e917a430,
0x00000224e9335f50, 0x00000224e9148520, 0x00000224e9060010, 0x00000224e9900990,
0x00000224e9805e50, 0x00000224e9349180, 0x00000224e97a5a30, 0x00000224e91590c0,
0x00000224e9156960, 0x00000224e9159de0, 0x00000224eacc01f0, 0x00000224e9157680,
0x00000224e9157d10, 0x00000224e91583a0, 0x00000224eae17bf0, 0x00000224eae161b0,
0x00000224eae16840, 0x00000224eae16ed0, 0x00000224eae17560, 0x00000224eae14e00,
0x00000224eae18280, 0x00000224eae18910, 0x00000224eae15490, 0x00000224eae15b20,
0x00000224eae19630, 0x00000224eae1c420, 0x00000224eae1a350, 0x00000224eae1b700,
0x00000224eae1a9e0, 0x00000224eae1b070, 0x00000224eae18fa0, 0x00000224eaf99c80,
0x00000224eae1bd90, 0x00000224ebc71fc0, 0x00000224ebc72ce0, 0x00000224ebc70580,
0x00000224ebc6fef0, 0x00000224ebc73a00, 0x00000224ebc74090, 0x00000224ebc74720,
0x00000224ebc71930, 0x00000224ebc77510, 0x00000224ebc74db0, 0x00000224ebc767f0,
0x00000224ebc76160, 0x00000224ebc76e80, 0x00000224ebc75440, 0x00000224ebc75ad0,
0x00000224eba107b0, 0x00000224eba10e40, 0x00000224eba114d0, 0x00000224eba11b60,
0x00000224eba121f0, 0x00000224eba12880, 0x00000224eba12f10, 0x00000224eba14950,
0x00000224eba15d00, 0x00000224eba14fe0, 0x00000224eba16390, 0x00000224eba16a20,
0x00000224eba170b0, 0x00000224eba17740, 0x00000224eba142c0, 0x00000224f62e1830,
0x00000224f62e1ec0, 0x00000224f62e3f90, 0x00000224f62e2550, 0x00000224f62e2be0,
0x00000224f62e3270, 0x00000224f62e3900, 0x00000224f62e0b10, 0x00000224f62e4620,
0x00000224f62e11a0, 0x00000224f62e7410, 0x00000224f62e59d0, 0x00000224f62e8130,
0x00000224f62e6d80, 0x00000224f62e4cb0, 0x00000224f62e5340, 0x00000224e92b6040,
0x00000224eaf9aa20, 0x00000224eaf98810, 0x00000224ece9fbb0
}

Java Threads: ( => current thread )
  0x00000224ccc71a40 JavaThread "main"                              [_thread_blocked, id=18816, stack(0x000000f63ca00000,0x000000f63cb00000) (1024K)]
  0x00000224e17f5040 JavaThread "Reference Handler"          daemon [_thread_blocked, id=13316, stack(0x000000f63ce00000,0x000000f63cf00000) (1024K)]
  0x00000224e17fa270 JavaThread "Finalizer"                  daemon [_thread_blocked, id=22796, stack(0x000000f63cf00000,0x000000f63d000000) (1024K)]
  0x00000224e2ec4fa0 JavaThread "Signal Dispatcher"          daemon [_thread_blocked, id=18452, stack(0x000000f63d000000,0x000000f63d100000) (1024K)]
  0x00000224e2ec6990 JavaThread "Attach Listener"            daemon [_thread_blocked, id=14112, stack(0x000000f63d100000,0x000000f63d200000) (1024K)]
  0x00000224e2ec8aa0 JavaThread "Service Thread"             daemon [_thread_blocked, id=16168, stack(0x000000f63d200000,0x000000f63d300000) (1024K)]
  0x00000224e2ecee70 JavaThread "Monitor Deflation Thread"   daemon [_thread_blocked, id=13204, stack(0x000000f63d300000,0x000000f63d400000) (1024K)]
  0x00000224e2ed8f80 JavaThread "C2 CompilerThread0"         daemon [_thread_in_native, id=22080, stack(0x000000f63d400000,0x000000f63d500000) (1024K)]
  0x00000224e2edc360 JavaThread "C1 CompilerThread0"         daemon [_thread_blocked, id=23596, stack(0x000000f63d500000,0x000000f63d600000) (1024K)]
  0x00000224cccdef20 JavaThread "Common-Cleaner"             daemon [_thread_blocked, id=22788, stack(0x000000f63d600000,0x000000f63d700000) (1024K)]
  0x00000224e2fddec0 JavaThread "C1 CompilerThread1"         daemon [_thread_blocked, id=22808, stack(0x000000f63d700000,0x000000f63d800000) (1024K)]
=>0x00000224e302ce70 JavaThread "C2 CompilerThread1"         daemon [_thread_in_native, id=5672, stack(0x000000f63d900000,0x000000f63da00000) (1024K)]
  0x00000224e45c1cf0 JavaThread "Notification Thread"        daemon [_thread_blocked, id=20884, stack(0x000000f63db00000,0x000000f63dc00000) (1024K)]
  0x00000224e45eace0 JavaThread "C2 CompilerThread2"         daemon [_thread_blocked, id=21880, stack(0x000000f63dc00000,0x000000f63dd00000) (1024K)]
  0x00000224e479a550 JavaThread "C2 CompilerThread3"         daemon [_thread_in_native, id=20248, stack(0x000000f63e200000,0x000000f63e300000) (1024K)]
  0x00000224e917a430 JavaThread "Active Thread: Equinox Container: a2815b2a-75b3-43f9-8618-2fbddcd4837e"        [_thread_blocked, id=21420, stack(0x000000f63e400000,0x000000f63e500000) (1024K)]
  0x00000224e9335f50 JavaThread "Refresh Thread: Equinox Container: a2815b2a-75b3-43f9-8618-2fbddcd4837e" daemon [_thread_blocked, id=22416, stack(0x000000f63e700000,0x000000f63e800000) (1024K)]
  0x00000224e9148520 JavaThread "Framework Event Dispatcher: Equinox Container: a2815b2a-75b3-43f9-8618-2fbddcd4837e" daemon [_thread_blocked, id=24076, stack(0x000000f63e800000,0x000000f63e900000) (1024K)]
  0x00000224e9060010 JavaThread "Start Level: Equinox Container: a2815b2a-75b3-43f9-8618-2fbddcd4837e" daemon [_thread_blocked, id=20864, stack(0x000000f63e900000,0x000000f63ea00000) (1024K)]
  0x00000224e9900990 JavaThread "Bundle File Closer"         daemon [_thread_blocked, id=23856, stack(0x000000f63ea00000,0x000000f63eb00000) (1024K)]
  0x00000224e9805e50 JavaThread "SCR Component Actor"        daemon [_thread_blocked, id=22864, stack(0x000000f63ed00000,0x000000f63ee00000) (1024K)]
  0x00000224e9349180 JavaThread "Worker-JM"                         [_thread_blocked, id=19044, stack(0x000000f63f200000,0x000000f63f300000) (1024K)]
  0x00000224e97a5a30 JavaThread "JNA Cleaner"                daemon [_thread_blocked, id=22984, stack(0x000000f63f300000,0x000000f63f400000) (1024K)]
  0x00000224e91590c0 JavaThread "Worker-0"                          [_thread_blocked, id=22840, stack(0x000000f63e300000,0x000000f63e400000) (1024K)]
  0x00000224e9156960 JavaThread "Worker-1"                          [_thread_blocked, id=22988, stack(0x000000f63f400000,0x000000f63f500000) (1024K)]
  0x00000224e9159de0 JavaThread "Java indexing"              daemon [_thread_in_Java, id=4520, stack(0x000000f63f500000,0x000000f63f600000) (1024K)]
  0x00000224eacc01f0 JavaThread "C2 CompilerThread4"         daemon [_thread_blocked, id=4576, stack(0x000000f63f600000,0x000000f63f700000) (1024K)]
  0x00000224e9157680 JavaThread "Worker-2: Java indexing... "        [_thread_blocked, id=20108, stack(0x000000f63f900000,0x000000f63fa00000) (1024K)]
  0x00000224e9157d10 JavaThread "Worker-3"                          [_thread_blocked, id=11008, stack(0x000000f63fa00000,0x000000f63fb00000) (1024K)]
  0x00000224e91583a0 JavaThread "Thread-2"                   daemon [_thread_in_native, id=24116, stack(0x000000f63fb00000,0x000000f63fc00000) (1024K)]
  0x00000224eae17bf0 JavaThread "Thread-3"                   daemon [_thread_in_native, id=13992, stack(0x000000f63fc00000,0x000000f63fd00000) (1024K)]
  0x00000224eae161b0 JavaThread "Thread-4"                   daemon [_thread_in_native, id=1680, stack(0x000000f63fd00000,0x000000f63fe00000) (1024K)]
  0x00000224eae16840 JavaThread "Thread-5"                   daemon [_thread_in_native, id=9624, stack(0x000000f63fe00000,0x000000f63ff00000) (1024K)]
  0x00000224eae16ed0 JavaThread "Thread-6"                   daemon [_thread_in_native, id=22992, stack(0x000000f63ff00000,0x000000f640000000) (1024K)]
  0x00000224eae17560 JavaThread "Thread-7"                   daemon [_thread_in_native, id=21868, stack(0x000000f640000000,0x000000f640100000) (1024K)]
  0x00000224eae14e00 JavaThread "Thread-8"                   daemon [_thread_in_native, id=17768, stack(0x000000f640100000,0x000000f640200000) (1024K)]
  0x00000224eae18280 JavaThread "Thread-9"                   daemon [_thread_in_native, id=11524, stack(0x000000f640200000,0x000000f640300000) (1024K)]
  0x00000224eae18910 JavaThread "Thread-10"                  daemon [_thread_in_native, id=19732, stack(0x000000f640300000,0x000000f640400000) (1024K)]
  0x00000224eae15490 JavaThread "Thread-11"                  daemon [_thread_in_native, id=8244, stack(0x000000f640400000,0x000000f640500000) (1024K)]
  0x00000224eae15b20 JavaThread "Thread-12"                  daemon [_thread_in_native, id=22552, stack(0x000000f640500000,0x000000f640600000) (1024K)]
  0x00000224eae19630 JavaThread "Thread-13"                  daemon [_thread_in_native, id=10556, stack(0x000000f640600000,0x000000f640700000) (1024K)]
  0x00000224eae1c420 JavaThread "Thread-14"                  daemon [_thread_in_native, id=22360, stack(0x000000f640700000,0x000000f640800000) (1024K)]
  0x00000224eae1a350 JavaThread "Thread-15"                  daemon [_thread_in_native, id=20488, stack(0x000000f640800000,0x000000f640900000) (1024K)]
  0x00000224eae1b700 JavaThread "Thread-16"                  daemon [_thread_in_native, id=19720, stack(0x000000f640900000,0x000000f640a00000) (1024K)]
  0x00000224eae1a9e0 JavaThread "Thread-17"                  daemon [_thread_in_native, id=6208, stack(0x000000f640a00000,0x000000f640b00000) (1024K)]
  0x00000224eae1b070 JavaThread "Thread-18"                  daemon [_thread_in_native, id=18640, stack(0x000000f640b00000,0x000000f640c00000) (1024K)]
  0x00000224eae18fa0 JavaThread "pool-2-thread-1"                   [_thread_blocked, id=6364, stack(0x000000f640c00000,0x000000f640d00000) (1024K)]
  0x00000224eaf99c80 JavaThread "C2 CompilerThread5"         daemon [_thread_in_native, id=7504, stack(0x000000f640d00000,0x000000f640e00000) (1024K)]
  0x00000224eae1bd90 JavaThread "Worker-4"                          [_thread_blocked, id=23192, stack(0x000000f640e00000,0x000000f640f00000) (1024K)]
  0x00000224ebc71fc0 JavaThread "Worker-5: Building"                [_thread_in_native, id=23928, stack(0x000000f640f00000,0x000000f641000000) (1024K)]
  0x00000224ebc72ce0 JavaThread "WorkspaceEventsHandler"            [_thread_blocked, id=21620, stack(0x000000f641000000,0x000000f641100000) (1024K)]
  0x00000224ebc70580 JavaThread "pool-1-thread-1"                   [_thread_blocked, id=24296, stack(0x000000f641100000,0x000000f641200000) (1024K)]
  0x00000224ebc6fef0 JavaThread "LocalFile Deleter"          daemon [_thread_blocked, id=16996, stack(0x000000f641400000,0x000000f641500000) (1024K)]
  0x00000224ebc73a00 JavaThread "LocalFile Deleter"          daemon [_thread_blocked, id=11084, stack(0x000000f641500000,0x000000f641600000) (1024K)]
  0x00000224ebc74090 JavaThread "LocalFile Deleter"          daemon [_thread_blocked, id=6468, stack(0x000000f641600000,0x000000f641700000) (1024K)]
  0x00000224ebc74720 JavaThread "LocalFile Deleter"          daemon [_thread_blocked, id=24492, stack(0x000000f641700000,0x000000f641800000) (1024K)]
  0x00000224ebc71930 JavaThread "LocalFile Deleter"          daemon [_thread_blocked, id=22920, stack(0x000000f641800000,0x000000f641900000) (1024K)]
  0x00000224ebc77510 JavaThread "LocalFile Deleter"          daemon [_thread_blocked, id=21228, stack(0x000000f641900000,0x000000f641a00000) (1024K)]
  0x00000224ebc74db0 JavaThread "LocalFile Deleter"          daemon [_thread_blocked, id=14248, stack(0x000000f641a00000,0x000000f641b00000) (1024K)]
  0x00000224ebc767f0 JavaThread "LocalFile Deleter"          daemon [_thread_blocked, id=22652, stack(0x000000f641b00000,0x000000f641c00000) (1024K)]
  0x00000224ebc76160 JavaThread "LocalFile Deleter"          daemon [_thread_blocked, id=20192, stack(0x000000f641c00000,0x000000f641d00000) (1024K)]
  0x00000224ebc76e80 JavaThread "LocalFile Deleter"          daemon [_thread_blocked, id=20444, stack(0x000000f641d00000,0x000000f641e00000) (1024K)]
  0x00000224ebc75440 JavaThread "LocalFile Deleter"          daemon [_thread_blocked, id=20416, stack(0x000000f641e00000,0x000000f641f00000) (1024K)]
  0x00000224ebc75ad0 JavaThread "LocalFile Deleter"          daemon [_thread_blocked, id=20440, stack(0x000000f641f00000,0x000000f642000000) (1024K)]
  0x00000224eba107b0 JavaThread "LocalFile Deleter"          daemon [_thread_blocked, id=20968, stack(0x000000f642000000,0x000000f642100000) (1024K)]
  0x00000224eba10e40 JavaThread "Compiler Source File Reader" daemon [_thread_blocked, id=19796, stack(0x000000f642100000,0x000000f642200000) (1024K)]
  0x00000224eba114d0 JavaThread "Compiler Source File Reader" daemon [_thread_blocked, id=24496, stack(0x000000f642200000,0x000000f642300000) (1024K)]
  0x00000224eba11b60 JavaThread "Compiler Source File Reader" daemon [_thread_blocked, id=23456, stack(0x000000f642300000,0x000000f642400000) (1024K)]
  0x00000224eba121f0 JavaThread "Compiler Source File Reader" daemon [_thread_blocked, id=16196, stack(0x000000f642400000,0x000000f642500000) (1024K)]
  0x00000224eba12880 JavaThread "Compiler Source File Reader" daemon [_thread_blocked, id=22492, stack(0x000000f642500000,0x000000f642600000) (1024K)]
  0x00000224eba12f10 JavaThread "Compiler Source File Reader" daemon [_thread_blocked, id=18848, stack(0x000000f642600000,0x000000f642700000) (1024K)]
  0x00000224eba14950 JavaThread "Compiler Processing Task"   daemon [_thread_blocked, id=10368, stack(0x000000f642700000,0x000000f642800000) (1024K)]
  0x00000224eba15d00 JavaThread "Compiler Class File Writer" daemon [_thread_blocked, id=17564, stack(0x000000f642800000,0x000000f642900000) (1024K)]
  0x00000224eba14fe0 JavaThread "Equinox resolver thread - Equinox Container: a2815b2a-75b3-43f9-8618-2fbddcd4837e" daemon [_thread_blocked, id=20544, stack(0x000000f642900000,0x000000f642a00000) (1024K)]
  0x00000224eba16390 JavaThread "Equinox resolver thread - Equinox Container: a2815b2a-75b3-43f9-8618-2fbddcd4837e" daemon [_thread_blocked, id=16800, stack(0x000000f642a00000,0x000000f642b00000) (1024K)]
  0x00000224eba16a20 JavaThread "Equinox resolver thread - Equinox Container: a2815b2a-75b3-43f9-8618-2fbddcd4837e" daemon [_thread_blocked, id=5844, stack(0x000000f642b00000,0x000000f642c00000) (1024K)]
  0x00000224eba170b0 JavaThread "Equinox resolver thread - Equinox Container: a2815b2a-75b3-43f9-8618-2fbddcd4837e" daemon [_thread_blocked, id=9604, stack(0x000000f642c00000,0x000000f642d00000) (1024K)]
  0x00000224eba17740 JavaThread "Equinox resolver thread - Equinox Container: a2815b2a-75b3-43f9-8618-2fbddcd4837e" daemon [_thread_blocked, id=3000, stack(0x000000f642d00000,0x000000f642e00000) (1024K)]
  0x00000224eba142c0 JavaThread "Equinox resolver thread - Equinox Container: a2815b2a-75b3-43f9-8618-2fbddcd4837e" daemon [_thread_blocked, id=6420, stack(0x000000f642e00000,0x000000f642f00000) (1024K)]
  0x00000224f62e1830 JavaThread "Equinox resolver thread - Equinox Container: a2815b2a-75b3-43f9-8618-2fbddcd4837e" daemon [_thread_blocked, id=4060, stack(0x000000f642f00000,0x000000f643000000) (1024K)]
  0x00000224f62e1ec0 JavaThread "Equinox resolver thread - Equinox Container: a2815b2a-75b3-43f9-8618-2fbddcd4837e" daemon [_thread_blocked, id=3400, stack(0x000000f643000000,0x000000f643100000) (1024K)]
  0x00000224f62e3f90 JavaThread "Equinox resolver thread - Equinox Container: a2815b2a-75b3-43f9-8618-2fbddcd4837e" daemon [_thread_blocked, id=11108, stack(0x000000f643100000,0x000000f643200000) (1024K)]
  0x00000224f62e2550 JavaThread "Equinox resolver thread - Equinox Container: a2815b2a-75b3-43f9-8618-2fbddcd4837e" daemon [_thread_blocked, id=19904, stack(0x000000f643200000,0x000000f643300000) (1024K)]
  0x00000224f62e2be0 JavaThread "Equinox resolver thread - Equinox Container: a2815b2a-75b3-43f9-8618-2fbddcd4837e" daemon [_thread_blocked, id=21500, stack(0x000000f643300000,0x000000f643400000) (1024K)]
  0x00000224f62e3270 JavaThread "Equinox resolver thread - Equinox Container: a2815b2a-75b3-43f9-8618-2fbddcd4837e" daemon [_thread_blocked, id=10916, stack(0x000000f643400000,0x000000f643500000) (1024K)]
  0x00000224f62e3900 JavaThread "Equinox resolver thread - Equinox Container: a2815b2a-75b3-43f9-8618-2fbddcd4837e" daemon [_thread_blocked, id=22264, stack(0x000000f643500000,0x000000f643600000) (1024K)]
  0x00000224f62e0b10 JavaThread "Equinox resolver thread - Equinox Container: a2815b2a-75b3-43f9-8618-2fbddcd4837e" daemon [_thread_blocked, id=20388, stack(0x000000f643600000,0x000000f643700000) (1024K)]
  0x00000224f62e4620 JavaThread "Equinox resolver thread - Equinox Container: a2815b2a-75b3-43f9-8618-2fbddcd4837e" daemon [_thread_blocked, id=10068, stack(0x000000f643700000,0x000000f643800000) (1024K)]
  0x00000224f62e11a0 JavaThread "Equinox resolver thread - Equinox Container: a2815b2a-75b3-43f9-8618-2fbddcd4837e" daemon [_thread_blocked, id=22164, stack(0x000000f643800000,0x000000f643900000) (1024K)]
  0x00000224f62e7410 JavaThread "Compiler Class File Writer" daemon [_thread_blocked, id=23012, stack(0x000000f643900000,0x000000f643a00000) (1024K)]
  0x00000224f62e59d0 JavaThread "Compiler Class File Writer" daemon [_thread_blocked, id=5908, stack(0x000000f643a00000,0x000000f643b00000) (1024K)]
  0x00000224f62e8130 JavaThread "Compiler Class File Writer" daemon [_thread_blocked, id=21576, stack(0x000000f643b00000,0x000000f643c00000) (1024K)]
  0x00000224f62e6d80 JavaThread "Compiler Class File Writer" daemon [_thread_blocked, id=19300, stack(0x000000f643c00000,0x000000f643d00000) (1024K)]
  0x00000224f62e4cb0 JavaThread "Compiler Class File Writer" daemon [_thread_blocked, id=22740, stack(0x000000f643d00000,0x000000f643e00000) (1024K)]
  0x00000224f62e5340 JavaThread "Compiler Source File Reader" daemon [_thread_blocked, id=9172, stack(0x000000f643e00000,0x000000f643f00000) (1024K)]
  0x00000224e92b6040 JavaThread "Compiler Class File Writer" daemon [_thread_blocked, id=3144, stack(0x000000f643f00000,0x000000f644000000) (1024K)]
  0x00000224eaf9aa20 JavaThread "C2 CompilerThread6"         daemon [_thread_blocked, id=8588, stack(0x000000f644000000,0x000000f644100000) (1024K)]
  0x00000224eaf98810 JavaThread "C1 CompilerThread2"         daemon [_thread_blocked, id=10936, stack(0x000000f644100000,0x000000f644200000) (1024K)]
  0x00000224ece9fbb0 JavaThread "C2 CompilerThread7"         daemon [_thread_blocked, id=21728, stack(0x000000f644200000,0x000000f644300000) (1024K)]
Total: 99

Other Threads:
  0x00000224cb1ceb70 VMThread "VM Thread"                           [id=19360, stack(0x000000f63cd00000,0x000000f63ce00000) (1024K)]
  0x00000224e16dca00 WatcherThread "VM Periodic Task Thread"        [id=2052, stack(0x000000f63cc00000,0x000000f63cd00000) (1024K)]
  0x00000224ccc90cb0 WorkerThread "GC Thread#0"                     [id=17960, stack(0x000000f63cb00000,0x000000f63cc00000) (1024K)]
  0x00000224e931d1d0 WorkerThread "GC Thread#1"                     [id=16516, stack(0x000000f63dd00000,0x000000f63de00000) (1024K)]
  0x00000224e931d980 WorkerThread "GC Thread#2"                     [id=17552, stack(0x000000f63de00000,0x000000f63df00000) (1024K)]
  0x00000224e91cf830 WorkerThread "GC Thread#3"                     [id=22924, stack(0x000000f63df00000,0x000000f63e000000) (1024K)]
  0x00000224e91cfbd0 WorkerThread "GC Thread#4"                     [id=22884, stack(0x000000f63e000000,0x000000f63e100000) (1024K)]
  0x00000224e4b9a830 WorkerThread "GC Thread#5"                     [id=10096, stack(0x000000f63e100000,0x000000f63e200000) (1024K)]
  0x00000224e909b2c0 WorkerThread "GC Thread#6"                     [id=7132, stack(0x000000f63e500000,0x000000f63e600000) (1024K)]
  0x00000224e9325ff0 WorkerThread "GC Thread#7"                     [id=3760, stack(0x000000f63e600000,0x000000f63e700000) (1024K)]
  0x00000224e930c2b0 WorkerThread "GC Thread#8"                     [id=24064, stack(0x000000f63eb00000,0x000000f63ec00000) (1024K)]
  0x00000224e930c650 WorkerThread "GC Thread#9"                     [id=11304, stack(0x000000f63ec00000,0x000000f63ed00000) (1024K)]
  0x00000224e930b430 WorkerThread "GC Thread#10"                    [id=23040, stack(0x000000f63ef00000,0x000000f63f000000) (1024K)]
  0x00000224e930b7d0 WorkerThread "GC Thread#11"                    [id=22880, stack(0x000000f63f000000,0x000000f63f100000) (1024K)]
  0x00000224e930bb70 WorkerThread "GC Thread#12"                    [id=5984, stack(0x000000f63f100000,0x000000f63f200000) (1024K)]
Total: 15

Threads with active compile tasks:
C2 CompilerThread0  12033 11456       4       org.codehaus.plexus.util.xml.Xpp3DomBuilder::build (413 bytes)
C2 CompilerThread1  12033 11348 %     4       java.util.Properties::load0 @ 29 (249 bytes)
C2 CompilerThread3  12033 10810   !   4       org.eclipse.osgi.internal.weaving.WovenClassImpl::callHooks (410 bytes)
C2 CompilerThread5  12033 10803   !   4       org.eclipse.osgi.internal.loader.classpath.ClasspathManager::defineClass (636 bytes)
Total: 4

VM state: not at safepoint (normal execution)

VM Mutex/Monitor currently owned by a thread: None

Heap address: 0x00000000c0000000, size: 1024 MB, Compressed Oops mode: 32-bit

CDS archive(s) mapped at: [0x0000022480000000-0x0000022480ba0000-0x0000022480ba0000), size 12189696, SharedBaseAddress: 0x0000022480000000, ArchiveRelocationMode: 1.
Compressed class space mapped at: 0x0000022481000000-0x00000224c1000000, reserved size: 1073741824
Narrow klass base: 0x0000022480000000, Narrow klass shift: 0, Narrow klass range: 0x100000000

GC Precious Log:
 CardTable entry size: 512
 CPUs: 16 total, 16 available
 Memory: 15752M
 Large Page Support: Disabled
 NUMA Support: Disabled
 Compressed Oops: Enabled (32-bit)
 Alignments: Space 512K, Generation 512K, Heap 2M
 Heap Min Capacity: 100M
 Heap Initial Capacity: 100M
 Heap Max Capacity: 1G
 Pre-touch: Disabled
 Parallel Workers: 13

Heap:
 PSYoungGen      total 18432K, used 8920K [0x00000000eab00000, 0x00000000ec580000, 0x0000000100000000)
  eden space 10752K, 13% used [0x00000000eab00000,0x00000000eac6c930,0x00000000eb580000)
  from space 7680K, 97% used [0x00000000ebe00000,0x00000000ec5499b8,0x00000000ec580000)
  to   space 8192K, 0% used [0x00000000eb580000,0x00000000eb580000,0x00000000ebd80000)
 ParOldGen       total 353280K, used 320814K [0x00000000c0000000, 0x00000000d5900000, 0x00000000eab00000)
  object space 353280K, 90% used [0x00000000c0000000,0x00000000d394bb68,0x00000000d5900000)
 Metaspace       used 59769K, committed 61184K, reserved 1114112K
  class space    used 6122K, committed 6720K, reserved 1048576K

Card table byte_map: [0x00000224df090000,0x00000224df2a0000] _byte_map_base: 0x00000224dea90000

Marking Bits: (ParMarkBitMap*) 0x00007ff9b7da3260
 Begin Bits: [0x00000224df400000, 0x00000224e0400000)
 End Bits:   [0x00000224e0400000, 0x00000224e1400000)

Polling page: 0x00000224cb470000

Metaspace:

Usage:
  Non-class:     52.39 MB used.
      Class:      5.98 MB used.
       Both:     58.37 MB used.

Virtual space:
  Non-class space:       64.00 MB reserved,      53.19 MB ( 83%) committed,  1 nodes.
      Class space:        1.00 GB reserved,       6.56 MB ( <1%) committed,  1 nodes.
             Both:        1.06 GB reserved,      59.75 MB (  5%) committed. 

Chunk freelists:
   Non-Class:  10.36 MB
       Class:  9.33 MB
        Both:  19.69 MB

MaxMetaspaceSize: unlimited
CompressedClassSpaceSize: 1.00 GB
Initial GC threshold: 21.00 MB
Current GC threshold: 97.31 MB
CDS: on
 - commit_granule_bytes: 65536.
 - commit_granule_words: 8192.
 - virtual_space_node_default_size: 8388608.
 - enlarge_chunks_in_place: 1.
 - use_allocation_guard: 0.


Internal statistics:

num_allocs_failed_limit: 9.
num_arena_births: 1104.
num_arena_deaths: 14.
num_vsnodes_births: 2.
num_vsnodes_deaths: 0.
num_space_committed: 955.
num_space_uncommitted: 0.
num_chunks_returned_to_freelist: 23.
num_chunks_taken_from_freelist: 4002.
num_chunk_merges: 13.
num_chunk_splits: 2391.
num_chunks_enlarged: 1198.
num_inconsistent_stats: 0.

CodeHeap 'non-profiled nmethods': size=119168Kb used=7340Kb max_used=7340Kb free=111827Kb
 bounds [0x00000224d7a50000, 0x00000224d8180000, 0x00000224deeb0000]
CodeHeap 'profiled nmethods': size=119104Kb used=23699Kb max_used=23699Kb free=95404Kb
 bounds [0x00000224cfeb0000, 0x00000224d15e0000, 0x00000224d7300000]
CodeHeap 'non-nmethods': size=7488Kb used=2548Kb max_used=3246Kb free=4939Kb
 bounds [0x00000224d7300000, 0x00000224d7640000, 0x00000224d7a50000]
 total_blobs=11354 nmethods=10621 adapters=637
 compilation: enabled
              stopped_count=0, restarted_count=0
 full_count=0

Compilation events (20 events):
Event: 10.988 Thread 0x00000224ecea0950 11479       1       org.apache.maven.plugin.descriptor.Parameter::setEditable (6 bytes)
Event: 10.988 Thread 0x00000224e2edc360 11480       1       org.apache.maven.plugin.descriptor.Parameter::setDescription (6 bytes)
Event: 10.988 Thread 0x00000224eaf98810 nmethod 11478 0x00000224d8177990 code [0x00000224d8177b20, 0x00000224d8177bf0]
Event: 10.988 Thread 0x00000224e2fddec0 11481       1       org.apache.maven.plugin.descriptor.Parameter::setDeprecated (6 bytes)
Event: 10.989 Thread 0x00000224eaf98810 11482       1       org.apache.maven.plugin.descriptor.Parameter::setImplementation (6 bytes)
Event: 10.989 Thread 0x00000224ecea0950 nmethod 11479 0x00000224d8177c90 code [0x00000224d8177e20, 0x00000224d8177ef0]
Event: 10.989 Thread 0x00000224e2edc360 nmethod 11480 0x00000224d8177f90 code [0x00000224d8178120, 0x00000224d8178200]
Event: 10.989 Thread 0x00000224e2fddec0 nmethod 11481 0x00000224d8178290 code [0x00000224d8178420, 0x00000224d8178500]
Event: 10.989 Thread 0x00000224ecea0950 11483       1       org.apache.maven.plugin.descriptor.Parameter::setSince (6 bytes)
Event: 10.989 Thread 0x00000224e2edc360 11484       1       org.apache.maven.plugin.descriptor.Parameter::setExpression (6 bytes)
Event: 10.989 Thread 0x00000224eaf98810 nmethod 11482 0x00000224d8178590 code [0x00000224d8178720, 0x00000224d8178800]
Event: 10.989 Thread 0x00000224e2fddec0 11485       1       org.apache.maven.plugin.descriptor.Parameter::setDefaultValue (6 bytes)
Event: 10.989 Thread 0x00000224ecea0950 nmethod 11483 0x00000224d8178890 code [0x00000224d8178a20, 0x00000224d8178b00]
Event: 10.989 Thread 0x00000224e2edc360 nmethod 11484 0x00000224d8178b90 code [0x00000224d8178d20, 0x00000224d8178e00]
Event: 10.989 Thread 0x00000224e2fddec0 nmethod 11485 0x00000224d8178e90 code [0x00000224d8179020, 0x00000224d8179100]
Event: 10.993 Thread 0x00000224eaf98810 11486       1       org.eclipse.sisu.inject.LazyBeanEntry::getKey (5 bytes)
Event: 10.993 Thread 0x00000224e2edc360 11487       1       org.eclipse.sisu.inject.LazyBeanEntry$JsrNamed::value (5 bytes)
Event: 10.994 Thread 0x00000224e2fddec0 11488       1       org.apache.maven.plugin.descriptor.MojoDescriptor::getGoal (5 bytes)
Event: 10.994 Thread 0x00000224eacc01f0 11489       4       java.lang.invoke.DirectMethodHandle$Holder::invokeStatic (20 bytes)
Event: 10.994 Thread 0x00000224e45eace0 11490       4       java.lang.invoke.MethodTypeForm::cachedLambdaForm (23 bytes)

GC Heap History (20 events):
Event: 8.152 GC heap before
{Heap before GC invocations=269 (full 2):
 PSYoungGen      total 17920K, used 10630K [0x00000000eab00000, 0x00000000ec100000, 0x0000000100000000)
  eden space 14336K, 51% used [0x00000000eab00000,0x00000000eb244ab0,0x00000000eb900000)
  from space 3584K, 88% used [0x00000000ebd80000,0x00000000ec09ce50,0x00000000ec100000)
  to   space 4096K, 0% used [0x00000000eb900000,0x00000000eb900000,0x00000000ebd00000)
 ParOldGen       total 350720K, used 350317K [0x00000000c0000000, 0x00000000d5680000, 0x00000000eab00000)
  object space 350720K, 99% used [0x00000000c0000000,0x00000000d561b548,0x00000000d5680000)
 Metaspace       used 58396K, committed 59776K, reserved 1114112K
  class space    used 6013K, committed 6592K, reserved 1048576K
}
Event: 8.155 GC heap after
{Heap after GC invocations=269 (full 2):
 PSYoungGen      total 16384K, used 1794K [0x00000000eab00000, 0x00000000ebe00000, 0x0000000100000000)
  eden space 14336K, 0% used [0x00000000eab00000,0x00000000eab00000,0x00000000eb900000)
  from space 2048K, 87% used [0x00000000eb900000,0x00000000ebac0880,0x00000000ebb00000)
  to   space 2560K, 0% used [0x00000000ebb80000,0x00000000ebb80000,0x00000000ebe00000)
 ParOldGen       total 353280K, used 353175K [0x00000000c0000000, 0x00000000d5900000, 0x00000000eab00000)
  object space 353280K, 99% used [0x00000000c0000000,0x00000000d58e5d30,0x00000000d5900000)
 Metaspace       used 58396K, committed 59776K, reserved 1114112K
  class space    used 6013K, committed 6592K, reserved 1048576K
}
Event: 8.155 GC heap before
{Heap before GC invocations=270 (full 3):
 PSYoungGen      total 16384K, used 1794K [0x00000000eab00000, 0x00000000ebe00000, 0x0000000100000000)
  eden space 14336K, 0% used [0x00000000eab00000,0x00000000eab00000,0x00000000eb900000)
  from space 2048K, 87% used [0x00000000eb900000,0x00000000ebac0880,0x00000000ebb00000)
  to   space 2560K, 0% used [0x00000000ebb80000,0x00000000ebb80000,0x00000000ebe00000)
 ParOldGen       total 353280K, used 353175K [0x00000000c0000000, 0x00000000d5900000, 0x00000000eab00000)
  object space 353280K, 99% used [0x00000000c0000000,0x00000000d58e5d30,0x00000000d5900000)
 Metaspace       used 58396K, committed 59776K, reserved 1114112K
  class space    used 6013K, committed 6592K, reserved 1048576K
}
Event: 8.290 GC heap after
{Heap after GC invocations=270 (full 3):
 PSYoungGen      total 16384K, used 0K [0x00000000eab00000, 0x00000000ebe00000, 0x0000000100000000)
  eden space 14336K, 0% used [0x00000000eab00000,0x00000000eab00000,0x00000000eb900000)
  from space 2048K, 0% used [0x00000000eb900000,0x00000000eb900000,0x00000000ebb00000)
  to   space 2560K, 0% used [0x00000000ebb80000,0x00000000ebb80000,0x00000000ebe00000)
 ParOldGen       total 353280K, used 279376K [0x00000000c0000000, 0x00000000d5900000, 0x00000000eab00000)
  object space 353280K, 79% used [0x00000000c0000000,0x00000000d10d4220,0x00000000d5900000)
 Metaspace       used 58396K, committed 59776K, reserved 1114112K
  class space    used 6013K, committed 6592K, reserved 1048576K
}
Event: 8.369 GC heap before
{Heap before GC invocations=271 (full 3):
 PSYoungGen      total 16384K, used 14336K [0x00000000eab00000, 0x00000000ebe00000, 0x0000000100000000)
  eden space 14336K, 100% used [0x00000000eab00000,0x00000000eb900000,0x00000000eb900000)
  from space 2048K, 0% used [0x00000000eb900000,0x00000000eb900000,0x00000000ebb00000)
  to   space 2560K, 0% used [0x00000000ebb80000,0x00000000ebb80000,0x00000000ebe00000)
 ParOldGen       total 353280K, used 279376K [0x00000000c0000000, 0x00000000d5900000, 0x00000000eab00000)
  object space 353280K, 79% used [0x00000000c0000000,0x00000000d10d4220,0x00000000d5900000)
 Metaspace       used 58493K, committed 59904K, reserved 1114112K
  class space    used 6013K, committed 6592K, reserved 1048576K
}
Event: 10.378 GC heap after
{Heap after GC invocations=271 (full 3):
 PSYoungGen      total 16896K, used 2555K [0x00000000eab00000, 0x00000000ebe00000, 0x0000000100000000)
  eden space 14336K, 0% used [0x00000000eab00000,0x00000000eab00000,0x00000000eb900000)
  from space 2560K, 99% used [0x00000000ebb80000,0x00000000ebdfef40,0x00000000ebe00000)
  to   space 2048K, 0% used [0x00000000eb900000,0x00000000eb900000,0x00000000ebb00000)
 ParOldGen       total 353280K, used 283400K [0x00000000c0000000, 0x00000000d5900000, 0x00000000eab00000)
  object space 353280K, 80% used [0x00000000c0000000,0x00000000d14c2360,0x00000000d5900000)
 Metaspace       used 58493K, committed 59904K, reserved 1114112K
  class space    used 6013K, committed 6592K, reserved 1048576K
}
Event: 10.441 GC heap before
{Heap before GC invocations=272 (full 3):
 PSYoungGen      total 16896K, used 16891K [0x00000000eab00000, 0x00000000ebe00000, 0x0000000100000000)
  eden space 14336K, 100% used [0x00000000eab00000,0x00000000eb900000,0x00000000eb900000)
  from space 2560K, 99% used [0x00000000ebb80000,0x00000000ebdfef40,0x00000000ebe00000)
  to   space 2048K, 0% used [0x00000000eb900000,0x00000000eb900000,0x00000000ebb00000)
 ParOldGen       total 353280K, used 283400K [0x00000000c0000000, 0x00000000d5900000, 0x00000000eab00000)
  object space 353280K, 80% used [0x00000000c0000000,0x00000000d14c2360,0x00000000d5900000)
 Metaspace       used 58611K, committed 59968K, reserved 1114112K
  class space    used 6026K, committed 6592K, reserved 1048576K
}
Event: 10.444 GC heap after
{Heap after GC invocations=272 (full 3):
 PSYoungGen      total 16384K, used 2017K [0x00000000eab00000, 0x00000000ece00000, 0x0000000100000000)
  eden space 14336K, 0% used [0x00000000eab00000,0x00000000eab00000,0x00000000eb900000)
  from space 2048K, 98% used [0x00000000eb900000,0x00000000ebaf8600,0x00000000ebb00000)
  to   space 10752K, 0% used [0x00000000ec380000,0x00000000ec380000,0x00000000ece00000)
 ParOldGen       total 353280K, used 290977K [0x00000000c0000000, 0x00000000d5900000, 0x00000000eab00000)
  object space 353280K, 82% used [0x00000000c0000000,0x00000000d1c28558,0x00000000d5900000)
 Metaspace       used 58611K, committed 59968K, reserved 1114112K
  class space    used 6026K, committed 6592K, reserved 1048576K
}
Event: 10.502 GC heap before
{Heap before GC invocations=273 (full 3):
 PSYoungGen      total 16384K, used 16353K [0x00000000eab00000, 0x00000000ece00000, 0x0000000100000000)
  eden space 14336K, 100% used [0x00000000eab00000,0x00000000eb900000,0x00000000eb900000)
  from space 2048K, 98% used [0x00000000eb900000,0x00000000ebaf8600,0x00000000ebb00000)
  to   space 10752K, 0% used [0x00000000ec380000,0x00000000ec380000,0x00000000ece00000)
 ParOldGen       total 353280K, used 290977K [0x00000000c0000000, 0x00000000d5900000, 0x00000000eab00000)
  object space 353280K, 82% used [0x00000000c0000000,0x00000000d1c28558,0x00000000d5900000)
 Metaspace       used 58865K, committed 60224K, reserved 1114112K
  class space    used 6063K, committed 6656K, reserved 1048576K
}
Event: 10.505 GC heap after
{Heap after GC invocations=273 (full 3):
 PSYoungGen      total 19968K, used 5607K [0x00000000eab00000, 0x00000000ec900000, 0x0000000100000000)
  eden space 14336K, 0% used [0x00000000eab00000,0x00000000eab00000,0x00000000eb900000)
  from space 5632K, 99% used [0x00000000ec380000,0x00000000ec8f9e30,0x00000000ec900000)
  to   space 7168K, 0% used [0x00000000ebb00000,0x00000000ebb00000,0x00000000ec200000)
 ParOldGen       total 353280K, used 292996K [0x00000000c0000000, 0x00000000d5900000, 0x00000000eab00000)
  object space 353280K, 82% used [0x00000000c0000000,0x00000000d1e213e0,0x00000000d5900000)
 Metaspace       used 58865K, committed 60224K, reserved 1114112K
  class space    used 6063K, committed 6656K, reserved 1048576K
}
Event: 10.557 GC heap before
{Heap before GC invocations=274 (full 3):
 PSYoungGen      total 19968K, used 19799K [0x00000000eab00000, 0x00000000ec900000, 0x0000000100000000)
  eden space 14336K, 98% used [0x00000000eab00000,0x00000000eb8dc060,0x00000000eb900000)
  from space 5632K, 99% used [0x00000000ec380000,0x00000000ec8f9e30,0x00000000ec900000)
  to   space 7168K, 0% used [0x00000000ebb00000,0x00000000ebb00000,0x00000000ec200000)
 ParOldGen       total 353280K, used 292996K [0x00000000c0000000, 0x00000000d5900000, 0x00000000eab00000)
  object space 353280K, 82% used [0x00000000c0000000,0x00000000d1e213e0,0x00000000d5900000)
 Metaspace       used 58939K, committed 60352K, reserved 1114112K
  class space    used 6063K, committed 6656K, reserved 1048576K
}
Event: 10.561 GC heap after
{Heap after GC invocations=274 (full 3):
 PSYoungGen      total 18432K, used 3599K [0x00000000eab00000, 0x00000000ec400000, 0x0000000100000000)
  eden space 14336K, 0% used [0x00000000eab00000,0x00000000eab00000,0x00000000eb900000)
  from space 4096K, 87% used [0x00000000ebb00000,0x00000000ebe83fc8,0x00000000ebf00000)
  to   space 4608K, 0% used [0x00000000ebf80000,0x00000000ebf80000,0x00000000ec400000)
 ParOldGen       total 353280K, used 298430K [0x00000000c0000000, 0x00000000d5900000, 0x00000000eab00000)
  object space 353280K, 84% used [0x00000000c0000000,0x00000000d236f958,0x00000000d5900000)
 Metaspace       used 58939K, committed 60352K, reserved 1114112K
  class space    used 6063K, committed 6656K, reserved 1048576K
}
Event: 10.598 GC heap before
{Heap before GC invocations=275 (full 3):
 PSYoungGen      total 18432K, used 17935K [0x00000000eab00000, 0x00000000ec400000, 0x0000000100000000)
  eden space 14336K, 100% used [0x00000000eab00000,0x00000000eb900000,0x00000000eb900000)
  from space 4096K, 87% used [0x00000000ebb00000,0x00000000ebe83fc8,0x00000000ebf00000)
  to   space 4608K, 0% used [0x00000000ebf80000,0x00000000ebf80000,0x00000000ec400000)
 ParOldGen       total 353280K, used 298430K [0x00000000c0000000, 0x00000000d5900000, 0x00000000eab00000)
  object space 353280K, 84% used [0x00000000c0000000,0x00000000d236f958,0x00000000d5900000)
 Metaspace       used 59042K, committed 60480K, reserved 1114112K
  class space    used 6063K, committed 6656K, reserved 1048576K
}
Event: 10.603 GC heap after
{Heap after GC invocations=275 (full 3):
 PSYoungGen      total 17920K, used 3235K [0x00000000eab00000, 0x00000000ec300000, 0x0000000100000000)
  eden space 14336K, 0% used [0x00000000eab00000,0x00000000eab00000,0x00000000eb900000)
  from space 3584K, 90% used [0x00000000ebf80000,0x00000000ec2a8fd0,0x00000000ec300000)
  to   space 3584K, 0% used [0x00000000ebc00000,0x00000000ebc00000,0x00000000ebf80000)
 ParOldGen       total 353280K, used 301219K [0x00000000c0000000, 0x00000000d5900000, 0x00000000eab00000)
  object space 353280K, 85% used [0x00000000c0000000,0x00000000d2628de0,0x00000000d5900000)
 Metaspace       used 59042K, committed 60480K, reserved 1114112K
  class space    used 6063K, committed 6656K, reserved 1048576K
}
Event: 10.643 GC heap before
{Heap before GC invocations=276 (full 3):
 PSYoungGen      total 17920K, used 17571K [0x00000000eab00000, 0x00000000ec300000, 0x0000000100000000)
  eden space 14336K, 100% used [0x00000000eab00000,0x00000000eb900000,0x00000000eb900000)
  from space 3584K, 90% used [0x00000000ebf80000,0x00000000ec2a8fd0,0x00000000ec300000)
  to   space 3584K, 0% used [0x00000000ebc00000,0x00000000ebc00000,0x00000000ebf80000)
 ParOldGen       total 353280K, used 301219K [0x00000000c0000000, 0x00000000d5900000, 0x00000000eab00000)
  object space 353280K, 85% used [0x00000000c0000000,0x00000000d2628de0,0x00000000d5900000)
 Metaspace       used 59145K, committed 60544K, reserved 1114112K
  class space    used 6065K, committed 6656K, reserved 1048576K
}
Event: 10.646 GC heap after
{Heap after GC invocations=276 (full 3):
 PSYoungGen      total 17408K, used 2907K [0x00000000eab00000, 0x00000000ec000000, 0x0000000100000000)
  eden space 14336K, 0% used [0x00000000eab00000,0x00000000eab00000,0x00000000eb900000)
  from space 3072K, 94% used [0x00000000ebc00000,0x00000000ebed6e60,0x00000000ebf00000)
  to   space 1024K, 0% used [0x00000000ebf00000,0x00000000ebf00000,0x00000000ec000000)
 ParOldGen       total 353280K, used 303993K [0x00000000c0000000, 0x00000000d5900000, 0x00000000eab00000)
  object space 353280K, 86% used [0x00000000c0000000,0x00000000d28de7f0,0x00000000d5900000)
 Metaspace       used 59145K, committed 60544K, reserved 1114112K
  class space    used 6065K, committed 6656K, reserved 1048576K
}
Event: 10.757 GC heap before
{Heap before GC invocations=277 (full 3):
 PSYoungGen      total 17408K, used 17243K [0x00000000eab00000, 0x00000000ec000000, 0x0000000100000000)
  eden space 14336K, 100% used [0x00000000eab00000,0x00000000eb900000,0x00000000eb900000)
  from space 3072K, 94% used [0x00000000ebc00000,0x00000000ebed6e60,0x00000000ebf00000)
  to   space 1024K, 0% used [0x00000000ebf00000,0x00000000ebf00000,0x00000000ec000000)
 ParOldGen       total 353280K, used 303993K [0x00000000c0000000, 0x00000000d5900000, 0x00000000eab00000)
  object space 353280K, 86% used [0x00000000c0000000,0x00000000d28de7f0,0x00000000d5900000)
 Metaspace       used 59280K, committed 60672K, reserved 1114112K
  class space    used 6067K, committed 6656K, reserved 1048576K
}
Event: 10.761 GC heap after
{Heap after GC invocations=277 (full 3):
 PSYoungGen      total 11776K, used 1023K [0x00000000eab00000, 0x00000000ecc00000, 0x0000000100000000)
  eden space 10752K, 0% used [0x00000000eab00000,0x00000000eab00000,0x00000000eb580000)
  from space 1024K, 99% used [0x00000000ebf00000,0x00000000ebfffe30,0x00000000ec000000)
  to   space 9728K, 0% used [0x00000000eb580000,0x00000000eb580000,0x00000000ebf00000)
 ParOldGen       total 353280K, used 311599K [0x00000000c0000000, 0x00000000d5900000, 0x00000000eab00000)
  object space 353280K, 88% used [0x00000000c0000000,0x00000000d304bd08,0x00000000d5900000)
 Metaspace       used 59280K, committed 60672K, reserved 1114112K
  class space    used 6067K, committed 6656K, reserved 1048576K
}
Event: 10.917 GC heap before
{Heap before GC invocations=278 (full 3):
 PSYoungGen      total 11776K, used 11775K [0x00000000eab00000, 0x00000000ecc00000, 0x0000000100000000)
  eden space 10752K, 100% used [0x00000000eab00000,0x00000000eb580000,0x00000000eb580000)
  from space 1024K, 99% used [0x00000000ebf00000,0x00000000ebfffe30,0x00000000ec000000)
  to   space 9728K, 0% used [0x00000000eb580000,0x00000000eb580000,0x00000000ebf00000)
 ParOldGen       total 353280K, used 311599K [0x00000000c0000000, 0x00000000d5900000, 0x00000000eab00000)
  object space 353280K, 88% used [0x00000000c0000000,0x00000000d304bd08,0x00000000d5900000)
 Metaspace       used 59426K, committed 60864K, reserved 1114112K
  class space    used 6082K, committed 6720K, reserved 1048576K
}
Event: 10.922 GC heap after
{Heap after GC invocations=278 (full 3):
 PSYoungGen      total 19456K, used 8343K [0x00000000eab00000, 0x00000000ec680000, 0x0000000100000000)
  eden space 10752K, 0% used [0x00000000eab00000,0x00000000eab00000,0x00000000eb580000)
  from space 8704K, 95% used [0x00000000eb580000,0x00000000ebda5c00,0x00000000ebe00000)
  to   space 8704K, 0% used [0x00000000ebe00000,0x00000000ebe00000,0x00000000ec680000)
 ParOldGen       total 353280K, used 312669K [0x00000000c0000000, 0x00000000d5900000, 0x00000000eab00000)
  object space 353280K, 88% used [0x00000000c0000000,0x00000000d3157598,0x00000000d5900000)
 Metaspace       used 59426K, committed 60864K, reserved 1114112K
  class space    used 6082K, committed 6720K, reserved 1048576K
}

Dll operation events (12 events):
Event: 0.010 Loaded shared library c:\Users\MSI\.vscode\extensions\redhat.java-1.40.0-win32-x64\jre\21.0.6-win32-x86_64\bin\java.dll
Event: 0.039 Loaded shared library c:\Users\MSI\.vscode\extensions\redhat.java-1.40.0-win32-x64\jre\21.0.6-win32-x86_64\bin\zip.dll
Event: 0.102 Loaded shared library C:\Users\MSI\.vscode\extensions\redhat.java-1.40.0-win32-x64\jre\21.0.6-win32-x86_64\bin\instrument.dll
Event: 0.106 Loaded shared library C:\Users\MSI\.vscode\extensions\redhat.java-1.40.0-win32-x64\jre\21.0.6-win32-x86_64\bin\net.dll
Event: 0.107 Loaded shared library C:\Users\MSI\.vscode\extensions\redhat.java-1.40.0-win32-x64\jre\21.0.6-win32-x86_64\bin\nio.dll
Event: 0.109 Loaded shared library C:\Users\MSI\.vscode\extensions\redhat.java-1.40.0-win32-x64\jre\21.0.6-win32-x86_64\bin\zip.dll
Event: 0.120 Loaded shared library C:\Users\MSI\.vscode\extensions\redhat.java-1.40.0-win32-x64\jre\21.0.6-win32-x86_64\bin\jimage.dll
Event: 0.162 Loaded shared library c:\Users\MSI\.vscode\extensions\redhat.java-1.40.0-win32-x64\jre\21.0.6-win32-x86_64\bin\verify.dll
Event: 0.854 Loaded shared library C:\Users\MSI\AppData\Roaming\Code\User\globalStorage\redhat.java\1.40.0\config_win\org.eclipse.equinox.launcher\org.eclipse.equinox.launcher.win32.win32.x86_64_1.2.1200.v20250212-0927\eclipse_11909.dll
Event: 1.851 Loaded shared library C:\Users\MSI\AppData\Local\Temp\jna-76643\jna1034083711082599059.dll
Event: 2.650 Loaded shared library C:\Users\MSI\.vscode\extensions\redhat.java-1.40.0-win32-x64\jre\21.0.6-win32-x86_64\bin\management.dll
Event: 2.652 Loaded shared library C:\Users\MSI\.vscode\extensions\redhat.java-1.40.0-win32-x64\jre\21.0.6-win32-x86_64\bin\management_ext.dll

Deoptimization events (20 events):
Event: 10.895 Thread 0x00000224ebc71fc0 DEOPT PACKING pc=0x00000224d7ca5308 sp=0x000000f640ffe4f0
Event: 10.895 Thread 0x00000224ebc71fc0 DEOPT UNPACKING pc=0x00000224d7353aa2 sp=0x000000f640ffe478 mode 2
Event: 10.896 Thread 0x00000224ebc71fc0 Uncommon trap: trap_request=0xffffffbe fr.pc=0x00000224d8133944 relative=0x0000000000000ba4
Event: 10.896 Thread 0x00000224ebc71fc0 Uncommon trap: reason=profile_predicate action=maybe_recompile pc=0x00000224d8133944 method=java.util.concurrent.ConcurrentHashMap.putAll(Ljava/util/Map;)V @ 28 c2
Event: 10.896 Thread 0x00000224ebc71fc0 DEOPT PACKING pc=0x00000224d8133944 sp=0x000000f640ffe720
Event: 10.896 Thread 0x00000224ebc71fc0 DEOPT UNPACKING pc=0x00000224d7353aa2 sp=0x000000f640ffe6d0 mode 2
Event: 10.896 Thread 0x00000224ebc71fc0 Uncommon trap: trap_request=0xffffffbe fr.pc=0x00000224d8133944 relative=0x0000000000000ba4
Event: 10.896 Thread 0x00000224ebc71fc0 Uncommon trap: reason=profile_predicate action=maybe_recompile pc=0x00000224d8133944 method=java.util.concurrent.ConcurrentHashMap.putAll(Ljava/util/Map;)V @ 28 c2
Event: 10.896 Thread 0x00000224ebc71fc0 DEOPT PACKING pc=0x00000224d8133944 sp=0x000000f640ffe6b0
Event: 10.896 Thread 0x00000224ebc71fc0 DEOPT UNPACKING pc=0x00000224d7353aa2 sp=0x000000f640ffe660 mode 2
Event: 10.899 Thread 0x00000224ebc71fc0 DEOPT PACKING pc=0x00000224d10b465e sp=0x000000f640ffe530
Event: 10.899 Thread 0x00000224ebc71fc0 DEOPT UNPACKING pc=0x00000224d7354242 sp=0x000000f640ffda30 mode 0
Event: 10.968 Thread 0x00000224ebc71fc0 Uncommon trap: trap_request=0xffffffbe fr.pc=0x00000224d8133944 relative=0x0000000000000ba4
Event: 10.968 Thread 0x00000224ebc71fc0 Uncommon trap: reason=profile_predicate action=maybe_recompile pc=0x00000224d8133944 method=java.util.concurrent.ConcurrentHashMap.putAll(Ljava/util/Map;)V @ 28 c2
Event: 10.968 Thread 0x00000224ebc71fc0 DEOPT PACKING pc=0x00000224d8133944 sp=0x000000f640ffd280
Event: 10.968 Thread 0x00000224ebc71fc0 DEOPT UNPACKING pc=0x00000224d7353aa2 sp=0x000000f640ffd230 mode 2
Event: 10.987 Thread 0x00000224ebc71fc0 Uncommon trap: trap_request=0xffffffcc fr.pc=0x00000224d817649c relative=0x000000000000025c
Event: 10.987 Thread 0x00000224ebc71fc0 Uncommon trap: reason=intrinsic_or_type_checked_inlining action=make_not_entrant pc=0x00000224d817649c method=java.util.ArrayList.toArray([Ljava/lang/Object;)[Ljava/lang/Object; @ 36 c2
Event: 10.987 Thread 0x00000224ebc71fc0 DEOPT PACKING pc=0x00000224d817649c sp=0x000000f640ffd2f0
Event: 10.987 Thread 0x00000224ebc71fc0 DEOPT UNPACKING pc=0x00000224d7353aa2 sp=0x000000f640ffd2d0 mode 2

Classes loaded (20 events):
Event: 5.995 Loading class java/util/stream/IntStream done
Event: 5.995 Loading class java/util/stream/IntPipeline done
Event: 5.995 Loading class java/util/stream/IntPipeline$StatelessOp done
Event: 5.995 Loading class java/util/stream/ReferencePipeline$4 done
Event: 5.998 Loading class java/util/stream/Nodes$IntFixedNodeBuilder
Event: 5.999 Loading class java/util/stream/Node$Builder$OfInt
Event: 5.999 Loading class java/util/stream/Sink$OfInt
Event: 5.999 Loading class java/util/stream/Sink$OfInt done
Event: 5.999 Loading class java/util/stream/Node$Builder$OfInt done
Event: 5.999 Loading class java/util/stream/Nodes$IntArrayNode
Event: 5.999 Loading class java/util/stream/Nodes$IntArrayNode done
Event: 5.999 Loading class java/util/stream/Nodes$IntFixedNodeBuilder done
Event: 5.999 Loading class java/util/stream/ReferencePipeline$4$1
Event: 6.000 Loading class java/util/stream/ReferencePipeline$4$1 done
Event: 6.590 Loading class java/util/stream/IntPipeline$Head
Event: 6.591 Loading class java/util/stream/IntPipeline$Head done
Event: 6.635 Loading class java/util/stream/Streams$RangeIntSpliterator
Event: 6.636 Loading class java/util/stream/Streams$RangeIntSpliterator done
Event: 10.604 Loading class sun/nio/cs/ISO_8859_1$Decoder
Event: 10.605 Loading class sun/nio/cs/ISO_8859_1$Decoder done

Classes unloaded (7 events):
Event: 2.173 Thread 0x00000224cb1ceb70 Unloading class 0x0000022481194000 'java/lang/invoke/LambdaForm$MH+0x0000022481194000'
Event: 2.173 Thread 0x00000224cb1ceb70 Unloading class 0x0000022481193c00 'java/lang/invoke/LambdaForm$MH+0x0000022481193c00'
Event: 2.173 Thread 0x00000224cb1ceb70 Unloading class 0x0000022481193800 'java/lang/invoke/LambdaForm$MH+0x0000022481193800'
Event: 2.173 Thread 0x00000224cb1ceb70 Unloading class 0x0000022481193400 'java/lang/invoke/LambdaForm$MH+0x0000022481193400'
Event: 2.173 Thread 0x00000224cb1ceb70 Unloading class 0x0000022481193000 'java/lang/invoke/LambdaForm$BMH+0x0000022481193000'
Event: 2.173 Thread 0x00000224cb1ceb70 Unloading class 0x0000022481192c00 'java/lang/invoke/LambdaForm$DMH+0x0000022481192c00'
Event: 2.173 Thread 0x00000224cb1ceb70 Unloading class 0x0000022481191c00 'java/lang/invoke/LambdaForm$DMH+0x0000022481191c00'

Classes redefined (0 events):
No events

Internal exceptions (20 events):
Event: 5.545 Thread 0x00000224ebc71fc0 Exception <a 'java/lang/NoSuchMethodError'{0x00000000ead38030}: 'java.lang.Object java.lang.invoke.DirectMethodHandle$Holder.newInvokeSpecial(java.lang.Object, java.lang.Object, int, int, java.lang.Object)'> (0x00000000ead38030) 
thrown [s\src\hotspot\share\interpreter\linkResolver.cpp, line 773]
Event: 5.774 Thread 0x00000224e9157d10 Implicit null exception at 0x00000224d7c08182 to 0x00000224d7c0827c
Event: 5.944 Thread 0x00000224ebc70580 Exception <a 'java/lang/IncompatibleClassChangeError'{0x00000000eada2918}: Found class java.lang.Object, but interface was expected> (0x00000000eada2918) 
thrown [s\src\hotspot\share\interpreter\linkResolver.cpp, line 840]
Event: 6.078 Thread 0x00000224ebc71fc0 Exception <a 'sun/nio/fs/WindowsException'{0x00000000eab0f3d0}> (0x00000000eab0f3d0) 
thrown [s\src\hotspot\share\prims\jni.cpp, line 520]
Event: 6.081 Thread 0x00000224ebc6fef0 Exception <a 'sun/nio/fs/WindowsException'{0x00000000ead075f0}> (0x00000000ead075f0) 
thrown [s\src\hotspot\share\prims\jni.cpp, line 520]
Event: 6.085 Thread 0x00000224ebc73a00 Exception <a 'sun/nio/fs/WindowsException'{0x00000000eab85288}> (0x00000000eab85288) 
thrown [s\src\hotspot\share\prims\jni.cpp, line 520]
Event: 6.168 Thread 0x00000224ebc71fc0 Exception <a 'sun/nio/fs/WindowsException'{0x00000000eadb3e78}> (0x00000000eadb3e78) 
thrown [s\src\hotspot\share\prims\jni.cpp, line 520]
Event: 6.168 Thread 0x00000224ebc71fc0 Exception <a 'sun/nio/fs/WindowsException'{0x00000000eadb44a8}> (0x00000000eadb44a8) 
thrown [s\src\hotspot\share\prims\jni.cpp, line 520]
Event: 6.591 Thread 0x00000224ebc71fc0 Exception <a 'java/lang/NoSuchMethodError'{0x00000000eac0e910}: 'void java.lang.invoke.DirectMethodHandle$Holder.invokeStatic(java.lang.Object, java.lang.Object, java.lang.Object, int)'> (0x00000000eac0e910) 
thrown [s\src\hotspot\share\interpreter\linkResolver.cpp, line 773]
Event: 6.602 Thread 0x00000224ebc71fc0 Exception <a 'java/lang/NoSuchMethodError'{0x00000000eabcb758}: 'void java.lang.invoke.DirectMethodHandle$Holder.invokeVirtual(java.lang.Object, java.lang.Object, int)'> (0x00000000eabcb758) 
thrown [s\src\hotspot\share\interpreter\linkResolver.cpp, line 773]
Event: 10.448 Thread 0x00000224ebc71fc0 Exception <a 'java/lang/NoSuchMethodError'{0x00000000eabb7ae8}: 'void java.lang.invoke.DirectMethodHandle$Holder.invokeInterface(java.lang.Object, java.lang.Object)'> (0x00000000eabb7ae8) 
thrown [s\src\hotspot\share\interpreter\linkResolver.cpp, line 773]
Event: 10.460 Thread 0x00000224e92b8110 Exception <a 'java/lang/NoSuchMethodError'{0x00000000ead58048}: 'void java.lang.invoke.DirectMethodHandle$Holder.invokeSpecial(java.lang.Object, java.lang.Object, java.lang.Object, java.lang.Object, java.lang.Object, java.lang.Object, java.lang.Object, java.lang.Object)'> (0x00000000ead58048) 
thrown [s\src\hotspot\share\interpreter\linkResolver.cpp, line 773]
Event: 10.492 Thread 0x00000224e92b8e30 Implicit null exception at 0x00000224d7c27f73 to 0x00000224d7c2835c
Event: 10.682 Thread 0x00000224ebc71fc0 Implicit null exception at 0x00000224d812a2a2 to 0x00000224d812a458
Event: 10.682 Thread 0x00000224ebc71fc0 Implicit null exception at 0x00000224d8128f22 to 0x00000224d81290d8
Event: 10.898 Thread 0x00000224ebc71fc0 Exception <a 'java/lang/NoSuchMethodError'{0x00000000eb449fe0}: 'java.lang.Object java.lang.invoke.DirectMethodHandle$Holder.newInvokeSpecial(java.lang.Object, java.lang.Object, int, java.lang.Object, java.lang.Object)'> (0x00000000eb449fe0) 
thrown [s\src\hotspot\share\interpreter\linkResolver.cpp, line 773]
Event: 10.907 Thread 0x00000224ebc71fc0 Exception <a 'java/lang/NoSuchMethodError'{0x00000000eb4a2e38}: 'java.lang.Object java.lang.invoke.DirectMethodHandle$Holder.invokeSpecial(java.lang.Object, java.lang.Object, java.lang.Object, int, java.lang.Object, java.lang.Object, java.lang.Object)'> (0x00000000eb4a2e38) 
thrown [s\src\hotspot\share\interpreter\linkResolver.cpp, line 773]
Event: 10.948 Thread 0x00000224ebc71fc0 Exception <a 'java/lang/NoSuchMethodError'{0x00000000ead41bf0}: 'java.lang.Object java.lang.invoke.DirectMethodHandle$Holder.invokeStatic(java.lang.Object, java.lang.Object, int, java.lang.Object, java.lang.Object)'> (0x00000000ead41bf0) 
thrown [s\src\hotspot\share\interpreter\linkResolver.cpp, line 773]
Event: 10.949 Thread 0x00000224ebc71fc0 Exception <a 'java/lang/NoSuchMethodError'{0x00000000ead60c40}: 'java.lang.Object java.lang.invoke.DirectMethodHandle$Holder.newInvokeSpecial(java.lang.Object, java.lang.Object, int)'> (0x00000000ead60c40) 
thrown [s\src\hotspot\share\interpreter\linkResolver.cpp, line 773]
Event: 10.962 Thread 0x00000224ebc71fc0 Exception <a 'java/lang/NoSuchMethodError'{0x00000000eae76590}: 'void java.lang.invoke.DirectMethodHandle$Holder.invokeStatic(java.lang.Object, int)'> (0x00000000eae76590) 
thrown [s\src\hotspot\share\interpreter\linkResolver.cpp, line 773]

ZGC Phase Switch (0 events):
No events

VM Operations (20 events):
Event: 8.290 Executing VM operation: CollectForMetadataAllocation (Metadata GC Threshold) done
Event: 8.369 Executing VM operation: ParallelGCFailedAllocation (Allocation Failure)
Event: 10.378 Executing VM operation: ParallelGCFailedAllocation (Allocation Failure) done
Event: 10.441 Executing VM operation: ParallelGCFailedAllocation (Allocation Failure)
Event: 10.444 Executing VM operation: ParallelGCFailedAllocation (Allocation Failure) done
Event: 10.470 Executing VM operation: HandshakeAllThreads (Deoptimize)
Event: 10.470 Executing VM operation: HandshakeAllThreads (Deoptimize) done
Event: 10.501 Executing VM operation: ParallelGCFailedAllocation (Allocation Failure)
Event: 10.506 Executing VM operation: ParallelGCFailedAllocation (Allocation Failure) done
Event: 10.557 Executing VM operation: ParallelGCFailedAllocation (Allocation Failure)
Event: 10.561 Executing VM operation: ParallelGCFailedAllocation (Allocation Failure) done
Event: 10.598 Executing VM operation: ParallelGCFailedAllocation (Allocation Failure)
Event: 10.603 Executing VM operation: ParallelGCFailedAllocation (Allocation Failure) done
Event: 10.643 Executing VM operation: ParallelGCFailedAllocation (Allocation Failure)
Event: 10.646 Executing VM operation: ParallelGCFailedAllocation (Allocation Failure) done
Event: 10.757 Executing VM operation: ParallelGCFailedAllocation (Allocation Failure)
Event: 10.761 Executing VM operation: ParallelGCFailedAllocation (Allocation Failure) done
Event: 10.917 Executing VM operation: ParallelGCFailedAllocation (Allocation Failure)
Event: 10.922 Executing VM operation: ParallelGCFailedAllocation (Allocation Failure) done
Event: 11.021 Executing VM operation: ParallelGCFailedAllocation (Allocation Failure)

Memory protections (0 events):
No events

Nmethod flushes (20 events):
Event: 8.192 Thread 0x00000224cb1ceb70 flushing  nmethod 0x00000224d0887010
Event: 8.192 Thread 0x00000224cb1ceb70 flushing  nmethod 0x00000224d0887710
Event: 8.192 Thread 0x00000224cb1ceb70 flushing  nmethod 0x00000224d0888610
Event: 8.192 Thread 0x00000224cb1ceb70 flushing  nmethod 0x00000224d0888c10
Event: 8.192 Thread 0x00000224cb1ceb70 flushing  nmethod 0x00000224d0888f90
Event: 8.192 Thread 0x00000224cb1ceb70 flushing  nmethod 0x00000224d0889810
Event: 8.192 Thread 0x00000224cb1ceb70 flushing  nmethod 0x00000224d088b490
Event: 8.192 Thread 0x00000224cb1ceb70 flushing  nmethod 0x00000224d0895610
Event: 8.192 Thread 0x00000224cb1ceb70 flushing  nmethod 0x00000224d0899d10
Event: 8.192 Thread 0x00000224cb1ceb70 flushing  nmethod 0x00000224d08ed510
Event: 8.192 Thread 0x00000224cb1ceb70 flushing  nmethod 0x00000224d093e510
Event: 8.192 Thread 0x00000224cb1ceb70 flushing  nmethod 0x00000224d093fe10
Event: 8.192 Thread 0x00000224cb1ceb70 flushing  nmethod 0x00000224d0941910
Event: 8.192 Thread 0x00000224cb1ceb70 flushing  nmethod 0x00000224d0941d90
Event: 8.192 Thread 0x00000224cb1ceb70 flushing  nmethod 0x00000224d0942790
Event: 8.192 Thread 0x00000224cb1ceb70 flushing  nmethod 0x00000224d0944f10
Event: 8.192 Thread 0x00000224cb1ceb70 flushing  nmethod 0x00000224d0945290
Event: 8.192 Thread 0x00000224cb1ceb70 flushing  nmethod 0x00000224d0950690
Event: 8.192 Thread 0x00000224cb1ceb70 flushing  nmethod 0x00000224d09a3590
Event: 8.192 Thread 0x00000224cb1ceb70 flushing  nmethod 0x00000224d09a7890

Events (20 events):
Event: 8.123 Thread 0x00000224e3140460 Thread exited: 0x00000224e3140460
Event: 8.123 Thread 0x00000224eaf9aa20 Thread exited: 0x00000224eaf9aa20
Event: 8.123 Thread 0x00000224e94d4750 Thread exited: 0x00000224e94d4750
Event: 8.127 Thread 0x00000224e2fe2d00 Thread exited: 0x00000224e2fe2d00
Event: 8.314 Thread 0x00000224e2fddec0 Thread added: 0x00000224eaf9aa20
Event: 10.378 Thread 0x00000224eaf9aa20 Thread exited: 0x00000224eaf9aa20
Event: 10.457 Thread 0x00000224ebc71fc0 Thread added: 0x00000224e92b5320
Event: 10.457 Thread 0x00000224ebc71fc0 Thread added: 0x00000224e92b8110
Event: 10.457 Thread 0x00000224ebc71fc0 Thread added: 0x00000224e92b87a0
Event: 10.458 Thread 0x00000224ebc71fc0 Thread added: 0x00000224e92b7a80
Event: 10.458 Thread 0x00000224ebc71fc0 Thread added: 0x00000224e92b8e30
Event: 10.494 Thread 0x00000224e2fddec0 Thread added: 0x00000224eaf9aa20
Event: 10.509 Thread 0x00000224e2fddec0 Thread added: 0x00000224eaf98810
Event: 10.510 Thread 0x00000224e2edc360 Thread added: 0x00000224ece9fbb0
Event: 10.595 Thread 0x00000224eaf98810 Thread added: 0x00000224ecea0950
Event: 10.672 Thread 0x00000224e92b8110 Thread exited: 0x00000224e92b8110
Event: 10.672 Thread 0x00000224e92b5320 Thread exited: 0x00000224e92b5320
Event: 10.672 Thread 0x00000224e92b87a0 Thread exited: 0x00000224e92b87a0
Event: 10.672 Thread 0x00000224e92b7a80 Thread exited: 0x00000224e92b7a80
Event: 10.672 Thread 0x00000224e92b8e30 Thread exited: 0x00000224e92b8e30


Dynamic libraries:
0x00007ff747e10000 - 0x00007ff747e1e000 	c:\Users\MSI\.vscode\extensions\redhat.java-1.40.0-win32-x64\jre\21.0.6-win32-x86_64\bin\java.exe
0x00007ffa12a40000 - 0x00007ffa12ca3000 	C:\WINDOWS\SYSTEM32\ntdll.dll
0x00007ffa11b30000 - 0x00007ffa11bf7000 	C:\WINDOWS\System32\KERNEL32.DLL
0x00007ffa10310000 - 0x00007ffa106d9000 	C:\WINDOWS\System32\KERNELBASE.dll
0x00007ffa0fc40000 - 0x00007ffa0fd8c000 	C:\WINDOWS\System32\ucrtbase.dll
0x00007ff9fe460000 - 0x00007ff9fe47e000 	c:\Users\MSI\.vscode\extensions\redhat.java-1.40.0-win32-x64\jre\21.0.6-win32-x86_64\bin\VCRUNTIME140.dll
0x00007ffa01050000 - 0x00007ffa01068000 	c:\Users\MSI\.vscode\extensions\redhat.java-1.40.0-win32-x64\jre\21.0.6-win32-x86_64\bin\jli.dll
0x00007ffa11f90000 - 0x00007ffa1215a000 	C:\WINDOWS\System32\USER32.dll
0x00007ff9f3080000 - 0x00007ff9f3310000 	C:\WINDOWS\WinSxS\amd64_microsoft.windows.common-controls_6595b64144ccf1df_6.0.26100.3323_none_3e088096e3344490\COMCTL32.dll
0x00007ffa10170000 - 0x00007ffa10197000 	C:\WINDOWS\System32\win32u.dll
0x00007ffa11a70000 - 0x00007ffa11a9a000 	C:\WINDOWS\System32\GDI32.dll
0x00007ffa114c0000 - 0x00007ffa11569000 	C:\WINDOWS\System32\msvcrt.dll
0x00007ffa10030000 - 0x00007ffa10161000 	C:\WINDOWS\System32\gdi32full.dll
0x00007ffa0fe30000 - 0x00007ffa0fed3000 	C:\WINDOWS\System32\msvcp_win.dll
0x00007ffa108f0000 - 0x00007ffa1091f000 	C:\WINDOWS\System32\IMM32.DLL
0x00007ffa01cb0000 - 0x00007ffa01cbc000 	c:\Users\MSI\.vscode\extensions\redhat.java-1.40.0-win32-x64\jre\21.0.6-win32-x86_64\bin\vcruntime140_1.dll
0x00007ff9d28e0000 - 0x00007ff9d296d000 	c:\Users\MSI\.vscode\extensions\redhat.java-1.40.0-win32-x64\jre\21.0.6-win32-x86_64\bin\msvcp140.dll
0x00007ff9b70f0000 - 0x00007ff9b7e80000 	c:\Users\MSI\.vscode\extensions\redhat.java-1.40.0-win32-x64\jre\21.0.6-win32-x86_64\bin\server\jvm.dll
0x00007ffa111f0000 - 0x00007ffa112a2000 	C:\WINDOWS\System32\ADVAPI32.dll
0x00007ffa109a0000 - 0x00007ffa10a46000 	C:\WINDOWS\System32\sechost.dll
0x00007ffa11950000 - 0x00007ffa11a66000 	C:\WINDOWS\System32\RPCRT4.dll
0x00007ffa10870000 - 0x00007ffa108e4000 	C:\WINDOWS\System32\WS2_32.dll
0x00007ffa098e0000 - 0x00007ffa098eb000 	C:\WINDOWS\SYSTEM32\VERSION.dll
0x00007ffa0fad0000 - 0x00007ffa0fb1e000 	C:\WINDOWS\SYSTEM32\POWRPROF.dll
0x00007ffa09830000 - 0x00007ffa09866000 	C:\WINDOWS\SYSTEM32\WINMM.dll
0x00007ffa0fab0000 - 0x00007ffa0fac4000 	C:\WINDOWS\SYSTEM32\UMPDC.dll
0x00007ffa0ea60000 - 0x00007ffa0ea7a000 	C:\WINDOWS\SYSTEM32\kernel.appcore.dll
0x00007ffa018a0000 - 0x00007ffa018aa000 	c:\Users\MSI\.vscode\extensions\redhat.java-1.40.0-win32-x64\jre\21.0.6-win32-x86_64\bin\jimage.dll
0x00007ffa02740000 - 0x00007ffa02981000 	C:\WINDOWS\SYSTEM32\DBGHELP.DLL
0x00007ffa115c0000 - 0x00007ffa11942000 	C:\WINDOWS\System32\combase.dll
0x00007ffa12920000 - 0x00007ffa129f6000 	C:\WINDOWS\System32\OLEAUT32.dll
0x00007ff9f8420000 - 0x00007ff9f8459000 	C:\WINDOWS\SYSTEM32\dbgcore.DLL
0x00007ffa0fd90000 - 0x00007ffa0fe29000 	C:\WINDOWS\System32\bcryptPrimitives.dll
0x00007ffa01850000 - 0x00007ffa0185f000 	c:\Users\MSI\.vscode\extensions\redhat.java-1.40.0-win32-x64\jre\21.0.6-win32-x86_64\bin\instrument.dll
0x00007ff9fe320000 - 0x00007ff9fe33f000 	c:\Users\MSI\.vscode\extensions\redhat.java-1.40.0-win32-x64\jre\21.0.6-win32-x86_64\bin\java.dll
0x00007ffa10a50000 - 0x00007ffa11165000 	C:\WINDOWS\System32\SHELL32.dll
0x00007ffa101a0000 - 0x00007ffa10308000 	C:\WINDOWS\System32\wintypes.dll
0x00007ffa0d8f0000 - 0x00007ffa0e135000 	C:\WINDOWS\SYSTEM32\windows.storage.dll
0x00007ffa11e80000 - 0x00007ffa11f6b000 	C:\WINDOWS\System32\SHCORE.dll
0x00007ffa128c0000 - 0x00007ffa1291d000 	C:\WINDOWS\System32\shlwapi.dll
0x00007ffa0fb50000 - 0x00007ffa0fb7f000 	C:\WINDOWS\SYSTEM32\profapi.dll
0x00007ff9fe040000 - 0x00007ff9fe058000 	c:\Users\MSI\.vscode\extensions\redhat.java-1.40.0-win32-x64\jre\21.0.6-win32-x86_64\bin\zip.dll
0x00007ffa01690000 - 0x00007ffa016a0000 	C:\Users\MSI\.vscode\extensions\redhat.java-1.40.0-win32-x64\jre\21.0.6-win32-x86_64\bin\net.dll
0x00007ffa06cc0000 - 0x00007ffa06dde000 	C:\WINDOWS\SYSTEM32\WINHTTP.dll
0x00007ffa0ef80000 - 0x00007ffa0efea000 	C:\WINDOWS\system32\mswsock.dll
0x00007ff9fdf30000 - 0x00007ff9fdf46000 	C:\Users\MSI\.vscode\extensions\redhat.java-1.40.0-win32-x64\jre\21.0.6-win32-x86_64\bin\nio.dll
0x00007ffa00ab0000 - 0x00007ffa00ac0000 	c:\Users\MSI\.vscode\extensions\redhat.java-1.40.0-win32-x64\jre\21.0.6-win32-x86_64\bin\verify.dll
0x00007ff9ee7d0000 - 0x00007ff9ee815000 	C:\Users\MSI\AppData\Roaming\Code\User\globalStorage\redhat.java\1.40.0\config_win\org.eclipse.equinox.launcher\org.eclipse.equinox.launcher.win32.win32.x86_64_1.2.1200.v20250212-0927\eclipse_11909.dll
0x00007ffa12160000 - 0x00007ffa122f5000 	C:\WINDOWS\System32\ole32.dll
0x00007ffa0f220000 - 0x00007ffa0f23c000 	C:\WINDOWS\SYSTEM32\CRYPTSP.dll
0x00007ffa0e9c0000 - 0x00007ffa0e9fa000 	C:\WINDOWS\system32\rsaenh.dll
0x00007ffa0f020000 - 0x00007ffa0f04b000 	C:\WINDOWS\SYSTEM32\USERENV.dll
0x00007ffa0f460000 - 0x00007ffa0f486000 	C:\WINDOWS\SYSTEM32\bcrypt.dll
0x00007ffa0f240000 - 0x00007ffa0f24c000 	C:\WINDOWS\SYSTEM32\CRYPTBASE.dll
0x00007ffa0e4b0000 - 0x00007ffa0e4e3000 	C:\WINDOWS\SYSTEM32\IPHLPAPI.DLL
0x00007ffa10990000 - 0x00007ffa1099a000 	C:\WINDOWS\System32\NSI.dll
0x00007ff9dc970000 - 0x00007ff9dc9b9000 	C:\Users\MSI\AppData\Local\Temp\jna-76643\jna1034083711082599059.dll
0x00007ffa10860000 - 0x00007ffa10868000 	C:\WINDOWS\System32\PSAPI.DLL
0x00007ffa00a50000 - 0x00007ffa00a5a000 	C:\Users\MSI\.vscode\extensions\redhat.java-1.40.0-win32-x64\jre\21.0.6-win32-x86_64\bin\management.dll
0x00007ff9fe2b0000 - 0x00007ff9fe2bb000 	C:\Users\MSI\.vscode\extensions\redhat.java-1.40.0-win32-x64\jre\21.0.6-win32-x86_64\bin\management_ext.dll
0x00007ffa098f0000 - 0x00007ffa0990f000 	C:\WINDOWS\SYSTEM32\dhcpcsvc6.DLL
0x00007ffa09400000 - 0x00007ffa09425000 	C:\WINDOWS\SYSTEM32\dhcpcsvc.DLL

dbghelp: loaded successfully - version: 4.0.5 - missing functions: none
symbol engine: initialized successfully - sym options: 0x614 - pdb path: .;c:\Users\MSI\.vscode\extensions\redhat.java-1.40.0-win32-x64\jre\21.0.6-win32-x86_64\bin;C:\WINDOWS\SYSTEM32;C:\WINDOWS\WinSxS\amd64_microsoft.windows.common-controls_6595b64144ccf1df_6.0.26100.3323_none_3e088096e3344490;c:\Users\MSI\.vscode\extensions\redhat.java-1.40.0-win32-x64\jre\21.0.6-win32-x86_64\bin\server;C:\Users\MSI\AppData\Roaming\Code\User\globalStorage\redhat.java\1.40.0\config_win\org.eclipse.equinox.launcher\org.eclipse.equinox.launcher.win32.win32.x86_64_1.2.1200.v20250212-0927;C:\Users\MSI\AppData\Local\Temp\jna-76643

VM Arguments:
jvm_args: --add-modules=ALL-SYSTEM --add-opens=java.base/java.util=ALL-UNNAMED --add-opens=java.base/java.lang=ALL-UNNAMED --add-opens=java.base/sun.nio.fs=ALL-UNNAMED -Declipse.application=org.eclipse.jdt.ls.core.id1 -Dosgi.bundles.defaultStartLevel=4 -Declipse.product=org.eclipse.jdt.ls.core.product -Djava.import.generatesMetadataFilesAtProjectRoot=false -DDetectVMInstallationsJob.disabled=true -Dfile.encoding=utf8 -XX:+UseParallelGC -XX:GCTimeRatio=4 -XX:AdaptiveSizePolicyWeight=90 -Dsun.zip.disableMemoryMapping=true -Xmx1G -Xms100m -Xlog:disable -javaagent:c:\Users\MSI\.vscode\extensions\redhat.java-1.40.0-win32-x64\lombok\lombok-1.18.36.jar -XX:+HeapDumpOnOutOfMemoryError -XX:HeapDumpPath=c:\Users\MSI\AppData\Roaming\Code\User\workspaceStorage\6257394aa066ea173b1514d1daa6a82c\redhat.java -Daether.dependencyCollector.impl=bf 
java_command: c:\Users\MSI\.vscode\extensions\redhat.java-1.40.0-win32-x64\server\plugins\org.eclipse.equinox.launcher_1.6.1000.v20250131-0606.jar -configuration c:\Users\MSI\AppData\Roaming\Code\User\globalStorage\redhat.java\1.40.0\config_win -data c:\Users\MSI\AppData\Roaming\Code\User\workspaceStorage\6257394aa066ea173b1514d1daa6a82c\redhat.java\jdt_ws --pipe=\\.\pipe\lsp-4276c8fbb85352f922d26af2b40be0a4-sock
java_class_path (initial): c:\Users\MSI\.vscode\extensions\redhat.java-1.40.0-win32-x64\server\plugins\org.eclipse.equinox.launcher_1.6.1000.v20250131-0606.jar
Launcher Type: SUN_STANDARD

[Global flags]
    uintx AdaptiveSizePolicyWeight                 = 90                                        {product} {command line}
     intx CICompilerCount                          = 12                                        {product} {ergonomic}
    uintx GCTimeRatio                              = 4                                         {product} {command line}
     bool HeapDumpOnOutOfMemoryError               = true                                   {manageable} {command line}
    ccstr HeapDumpPath                             = c:\Users\MSI\AppData\Roaming\Code\User\workspaceStorage\6257394aa066ea173b1514d1daa6a82c\redhat.java         {manageable} {command line}
   size_t InitialHeapSize                          = 104857600                                 {product} {command line}
   size_t MaxHeapSize                              = 1073741824                                {product} {command line}
   size_t MaxNewSize                               = 357564416                                 {product} {ergonomic}
   size_t MinHeapDeltaBytes                        = 524288                                    {product} {ergonomic}
   size_t MinHeapSize                              = 104857600                                 {product} {command line}
   size_t NewSize                                  = 34603008                                  {product} {ergonomic}
    uintx NonNMethodCodeHeapSize                   = 7602480                                {pd product} {ergonomic}
    uintx NonProfiledCodeHeapSize                  = 122027880                              {pd product} {ergonomic}
   size_t OldSize                                  = 70254592                                  {product} {ergonomic}
    uintx ProfiledCodeHeapSize                     = 122027880                              {pd product} {ergonomic}
    uintx ReservedCodeCacheSize                    = 251658240                              {pd product} {ergonomic}
     bool SegmentedCodeCache                       = true                                      {product} {ergonomic}
   size_t SoftMaxHeapSize                          = 1073741824                             {manageable} {ergonomic}
     bool UseCompressedOops                        = true                           {product lp64_product} {ergonomic}
     bool UseLargePagesIndividualAllocation        = false                                  {pd product} {ergonomic}
     bool UseParallelGC                            = true                                      {product} {command line}

Logging:
Log output configuration:
 #0: stdout all=off uptime,level,tags foldmultilines=false
 #1: stderr all=off uptime,level,tags foldmultilines=false

Environment Variables:
PATH=C:\Program Files (x86)\VMware\VMware Workstation\bin\;C:\Program Files\Microsoft MPI\Bin\;C:\WINDOWS\system32;C:\WINDOWS;C:\WINDOWS\System32\Wbem;C:\WINDOWS\System32\WindowsPowerShell\v1.0\;C:\WINDOWS\System32\OpenSSH\;C:\Program Files\nodejs\;C:\Program Files (x86)\Microsoft SQL Server\160\Tools\Binn\;C:\Program Files\Microsoft SQL Server\160\Tools\Binn\;C:\Program Files\Microsoft SQL Server\Client SDK\ODBC\170\Tools\Binn\;C:\Program Files\Microsoft SQL Server\160\DTS\Binn\;C:\Program Files (x86)\Microsoft SQL Server\160\DTS\Binn\;C:\Program Files\Git LFS;C:\Program Files\Git\cmd;C:\Program Files\Java\jdk-17\bin;C:\Program Files\PowerShell\7\;C:\Program Files\MySQL\MySQL Shell 8.0\bin\;C:\Users\MSI\AppData\Local\Programs\Python\Python313;C:\Users\MSI\AppData\Local\Microsoft\WindowsApps;C:\Users\MSI\AppData\Local\Programs\Microsoft VS Code\bin;C:\Users\MSI\AppData\Roaming\npm;C:\Program Files\JetBrains\IntelliJ IDEA 2024.3.1.1\bin;;C:\Program Files\Java\jdk-17\bin;
USERNAME=MSI
OS=Windows_NT
PROCESSOR_IDENTIFIER=AMD64 Family 25 Model 80 Stepping 0, AuthenticAMD
TMP=C:\Users\MSI\AppData\Local\Temp
TEMP=C:\Users\MSI\AppData\Local\Temp




Periodic native trim disabled

---------------  S Y S T E M  ---------------

OS:
 Windows 11 , 64 bit Build 26100 (10.0.26100.3323)
OS uptime: 3 days 17:19 hours
Hyper-V role detected

CPU: total 16 (initial active 16) (16 cores per cpu, 2 threads per core) family 25 model 80 stepping 0 microcode 0xa50000c, cx8, cmov, fxsr, ht, mmx, 3dnowpref, sse, sse2, sse3, ssse3, sse4a, sse4.1, sse4.2, popcnt, lzcnt, tsc, tscinvbit, avx, avx2, aes, erms, clmul, bmi1, bmi2, adx, sha, fma, vzeroupper, clflush, clflushopt, hv, rdtscp, rdpid, fsrm, f16c, cet_ss
Processor Information for the first 16 processors :
  Max Mhz: 3201, Current Mhz: 3201, Mhz Limit: 3201

Memory: 4k page, system-wide physical 15752M (5879M free)
TotalPageFile size 15752M (AvailPageFile size 13M)
current process WorkingSet (physical memory assigned to process): 793M, peak: 802M
current process commit charge ("private bytes"): 722M, peak: 743M

vm_info: OpenJDK 64-Bit Server VM (21.0.6+7-LTS) for windows-amd64 JRE (21.0.6+7-LTS), built on 2025-01-21T00:00:00Z by "admin" with MS VC++ 17.7 (VS2022)

END.
